0:0:0:0:0:0:0:1 - - [16/Nov/2025:12:34:07 +0700] "GET /swagger-ui/index.html HTTP/1.1" 200 734 147980
0:0:0:0:0:0:0:1 - - [16/Nov/2025:12:34:07 +0700] "GET /swagger-ui/index.css HTTP/1.1" 200 202 10350
0:0:0:0:0:0:0:1 - - [16/Nov/2025:12:34:07 +0700] "GET /swagger-ui/swagger-ui.css HTTP/1.1" 200 154986 15316
0:0:0:0:0:0:0:1 - - [16/Nov/2025:12:34:07 +0700] "GET /swagger-ui/swagger-ui-standalone-preset.js HTTP/1.1" 200 229223 15670
0:0:0:0:0:0:0:1 - - [16/Nov/2025:12:34:07 +0700] "GET /swagger-ui/swagger-ui-bundle.js HTTP/1.1" 200 1468326 31788
0:0:0:0:0:0:0:1 - - [16/Nov/2025:12:34:07 +0700] "GET /swagger-ui/swagger-initializer.js HTTP/1.1" 200 612 49787
0:0:0:0:0:0:0:1 - - [16/Nov/2025:12:34:08 +0700] "GET /swagger-ui/favicon-32x32.png HTTP/1.1" 200 628 27107
0:0:0:0:0:0:0:1 - - [16/Nov/2025:12:34:08 +0700] "GET /api-docs/swagger-config HTTP/1.1" 200 163 169516
0:0:0:0:0:0:0:1 - - [16/Nov/2025:12:34:11 +0700] "GET /api-docs HTTP/1.1" 200 122638 3461291
0:0:0:0:0:0:0:1 - - [16/Nov/2025:12:35:14 +0700] "POST /api/v1/auth/register HTTP/1.1" 409 134 100245
0:0:0:0:0:0:0:1 - - [16/Nov/2025:12:35:34 +0700] "POST /api/v1/auth/register HTTP/1.1" 400 149 24228
0:0:0:0:0:0:0:1 - - [16/Nov/2025:12:35:56 +0700] "POST /api/v1/auth/register HTTP/1.1" 400 149 19073
0:0:0:0:0:0:0:1 - - [16/Nov/2025:12:37:07 +0700] "POST /api/v1/auth/register HTTP/1.1" 200 386 1442133
0:0:0:0:0:0:0:1 - - [16/Nov/2025:12:38:38 +0700] "GET /api/v1/auth/verify-otp?email=2251120145%40ut.edu.vn&otpCode=794980 HTTP/1.1" 200 63 62954
0:0:0:0:0:0:0:1 - - [16/Nov/2025:12:39:16 +0700] "POST /api/v1/auth/login HTTP/1.1" 404 158 588866
0:0:0:0:0:0:0:1 - - [16/Nov/2025:12:52:17 +0700] "POST /api/v1/auth/login HTTP/1.1" 404 158 857669
0:0:0:0:0:0:0:1 - - [16/Nov/2025:12:53:36 +0700] "POST /api/v1/auth/login HTTP/1.1" 200 865 161051
0:0:0:0:0:0:0:1 - - [16/Nov/2025:12:58:40 +0700] "GET /swagger-ui/index.html HTTP/1.1" 200 734 149667
0:0:0:0:0:0:0:1 - - [16/Nov/2025:12:58:40 +0700] "GET /swagger-ui/index.css HTTP/1.1" 200 202 10098
0:0:0:0:0:0:0:1 - - [16/Nov/2025:12:58:40 +0700] "GET /swagger-ui/swagger-ui.css HTTP/1.1" 200 154986 14387
0:0:0:0:0:0:0:1 - - [16/Nov/2025:12:58:40 +0700] "GET /swagger-ui/swagger-ui-standalone-preset.js HTTP/1.1" 200 229223 16563
0:0:0:0:0:0:0:1 - - [16/Nov/2025:12:58:40 +0700] "GET /swagger-ui/swagger-ui-bundle.js HTTP/1.1" 200 1468326 38670
0:0:0:0:0:0:0:1 - - [16/Nov/2025:12:58:40 +0700] "GET /swagger-ui/swagger-initializer.js HTTP/1.1" 200 612 54894
0:0:0:0:0:0:0:1 - - [16/Nov/2025:12:58:40 +0700] "GET /swagger-ui/favicon-32x32.png HTTP/1.1" 200 628 9371
0:0:0:0:0:0:0:1 - - [16/Nov/2025:12:58:40 +0700] "GET /api-docs/swagger-config HTTP/1.1" 200 163 69336
0:0:0:0:0:0:0:1 - - [16/Nov/2025:12:58:43 +0700] "GET /api-docs HTTP/1.1" 200 122641 3269256
0:0:0:0:0:0:0:1 - - [16/Nov/2025:13:04:14 +0700] "GET /api/v1/auth/refresh?refreshToken=eyJhbGciOiJIUzI1NiJ9.eyJqdGkiOiJhYWJiMmVmMC1hMmYyLTQ0MTQtYjljYy1jYzNiMTRmYjE4MzEiLCJzdWIiOiJ4dWFuZHVvbmcxIiwiaWF0IjoxNzYzMjcyNDE2LCJpc3MiOiJob3RjaW5lbWFzIiwiZXhwIjoxNzYzODc3MjE2fQ.agbzfwhW1gikEEw2OrswibqfIDPYohEzcnZ9lCjpJQo HTTP/1.1" 200 871 326837
0:0:0:0:0:0:0:1 - - [16/Nov/2025:16:34:42 +0700] "GET /api/v1/rooms?page=0&size=10 HTTP/1.1" 200 680 300978
0:0:0:0:0:0:0:1 - - [16/Nov/2025:16:35:22 +0700] "GET /api/v1/cinemas?page=0&size=10 HTTP/1.1" 200 3208 101273
0:0:0:0:0:0:0:1 - - [16/Nov/2025:21:28:34 +0700] "GET /swagger-ui/index.html HTTP/1.1" 200 734 176784
0:0:0:0:0:0:0:1 - - [16/Nov/2025:21:28:34 +0700] "GET /swagger-ui/index.css HTTP/1.1" 200 202 15216
0:0:0:0:0:0:0:1 - - [16/Nov/2025:21:28:34 +0700] "GET /swagger-ui/swagger-ui.css HTTP/1.1" 200 154986 19195
0:0:0:0:0:0:0:1 - - [16/Nov/2025:21:28:34 +0700] "GET /swagger-ui/swagger-ui-standalone-preset.js HTTP/1.1" 200 229223 19508
0:0:0:0:0:0:0:1 - - [16/Nov/2025:21:28:34 +0700] "GET /swagger-ui/swagger-ui-bundle.js HTTP/1.1" 200 1468326 39860
0:0:0:0:0:0:0:1 - - [16/Nov/2025:21:28:34 +0700] "GET /swagger-ui/swagger-initializer.js HTTP/1.1" 200 612 67614
0:0:0:0:0:0:0:1 - - [16/Nov/2025:21:28:35 +0700] "GET /swagger-ui/favicon-32x32.png HTTP/1.1" 200 628 11455
0:0:0:0:0:0:0:1 - - [16/Nov/2025:21:28:35 +0700] "GET /api-docs/swagger-config HTTP/1.1" 200 163 97856
0:0:0:0:0:0:0:1 - - [16/Nov/2025:21:28:38 +0700] "GET /api-docs HTTP/1.1" 200 122995 3450390
0:0:0:0:0:0:0:1 - - [16/Nov/2025:21:32:28 +0700] "GET /api/v1/movies/search?keyword=L%C3%A0m%20gi%C3%A0u%20v%E1%BB%9Bi&page=0&size=10 HTTP/1.1" 200 927 136378
0:0:0:0:0:0:0:1 - - [16/Nov/2025:21:37:30 +0700] "GET /api/v1/showtime?page=0&size=10 HTTP/1.1" 200 469 30140
0:0:0:0:0:0:0:1 - - [16/Nov/2025:21:39:57 +0700] "OPTIONS /api/v1/auth/refresh HTTP/1.1" 200 - 19164
0:0:0:0:0:0:0:1 - - [16/Nov/2025:21:39:57 +0700] "POST /api/v1/auth/refresh HTTP/1.1" 500 131 27237
0:0:0:0:0:0:0:1 - - [16/Nov/2025:21:44:02 +0700] "GET /api/v1/cinema-clusters/all HTTP/1.1" 200 2821 48643
0:0:0:0:0:0:0:1 - - [16/Nov/2025:21:44:02 +0700] "GET /api/v1/cinema-clusters/all HTTP/1.1" 200 2823 19675
0:0:0:0:0:0:0:1 - - [16/Nov/2025:21:44:02 +0700] "GET /api/v1/movies/coming-soon?size=12 HTTP/1.1" 200 3245 83288
0:0:0:0:0:0:0:1 - - [16/Nov/2025:21:44:02 +0700] "GET /api/v1/movies/top-rated?size=10 HTTP/1.1" 200 5702 109531
0:0:0:0:0:0:0:1 - - [16/Nov/2025:21:44:02 +0700] "GET /api/v1/movies/now-showing?size=12 HTTP/1.1" 200 6159 122044
0:0:0:0:0:0:0:1 - - [16/Nov/2025:21:44:03 +0700] "GET /api/v1/movies/coming-soon?size=12 HTTP/1.1" 200 3245 49554
0:0:0:0:0:0:0:1 - - [16/Nov/2025:21:44:03 +0700] "GET /api/v1/movies?size=20 HTTP/1.1" 200 10046 163260
0:0:0:0:0:0:0:1 - - [16/Nov/2025:21:44:03 +0700] "GET /api/v1/movies/top-rated?size=10 HTTP/1.1" 200 5702 70963
0:0:0:0:0:0:0:1 - - [16/Nov/2025:21:44:03 +0700] "GET /api/v1/movies/now-showing?size=12 HTTP/1.1" 200 6159 73472
0:0:0:0:0:0:0:1 - - [16/Nov/2025:21:44:03 +0700] "GET /api/v1/movies?size=20 HTTP/1.1" 200 10046 87320
0:0:0:0:0:0:0:1 - - [16/Nov/2025:21:58:38 +0700] "GET /api/v1/cinema-clusters/all HTTP/1.1" 200 2823 32174
0:0:0:0:0:0:0:1 - - [16/Nov/2025:21:58:38 +0700] "GET /api/v1/cinema-clusters/all HTTP/1.1" 200 2823 13333
0:0:0:0:0:0:0:1 - - [16/Nov/2025:21:58:38 +0700] "GET /api/v1/movies/coming-soon?size=12 HTTP/1.1" 200 3245 56374
0:0:0:0:0:0:0:1 - - [16/Nov/2025:21:58:38 +0700] "GET /api/v1/movies/top-rated?size=10 HTTP/1.1" 200 5702 68934
0:0:0:0:0:0:0:1 - - [16/Nov/2025:21:58:38 +0700] "GET /api/v1/movies/now-showing?size=12 HTTP/1.1" 200 6159 86564
0:0:0:0:0:0:0:1 - - [16/Nov/2025:21:58:38 +0700] "GET /api/v1/movies/coming-soon?size=12 HTTP/1.1" 200 3245 38156
0:0:0:0:0:0:0:1 - - [16/Nov/2025:21:58:38 +0700] "GET /api/v1/movies/top-rated?size=10 HTTP/1.1" 200 5702 54103
0:0:0:0:0:0:0:1 - - [16/Nov/2025:21:58:38 +0700] "GET /api/v1/movies?size=20 HTTP/1.1" 200 10046 125072
0:0:0:0:0:0:0:1 - - [16/Nov/2025:21:58:38 +0700] "GET /api/v1/movies/now-showing?size=12 HTTP/1.1" 200 6159 62800
0:0:0:0:0:0:0:1 - - [16/Nov/2025:21:58:38 +0700] "GET /api/v1/movies?size=20 HTTP/1.1" 200 10046 67474
0:0:0:0:0:0:0:1 - - [16/Nov/2025:22:02:37 +0700] "GET /api/v1/movies/42 HTTP/1.1" 200 864 50081
0:0:0:0:0:0:0:1 - - [16/Nov/2025:22:02:37 +0700] "GET /api/v1/movies/42 HTTP/1.1" 200 864 14901
0:0:0:0:0:0:0:1 - - [16/Nov/2025:22:02:37 +0700] "GET /api/v1/showtime?movieId=42 HTTP/1.1" 200 470 10030
0:0:0:0:0:0:0:1 - - [16/Nov/2025:22:02:37 +0700] "GET /api/v1/showtime?movieId=42 HTTP/1.1" 200 470 11794
0:0:0:0:0:0:0:1 - - [16/Nov/2025:22:16:24 +0700] "GET /api/v1/movies/coming-soon?size=12 HTTP/1.1" 200 3245 33107
0:0:0:0:0:0:0:1 - - [16/Nov/2025:22:16:24 +0700] "GET /api/v1/movies/top-rated?size=10 HTTP/1.1" 200 5702 47405
0:0:0:0:0:0:0:1 - - [16/Nov/2025:22:16:24 +0700] "GET /api/v1/movies/now-showing?size=12 HTTP/1.1" 200 6159 52674
0:0:0:0:0:0:0:1 - - [16/Nov/2025:22:16:24 +0700] "GET /api/v1/movies/coming-soon?size=12 HTTP/1.1" 200 3245 19529
0:0:0:0:0:0:0:1 - - [16/Nov/2025:22:16:24 +0700] "GET /api/v1/movies?size=20 HTTP/1.1" 200 10046 66712
0:0:0:0:0:0:0:1 - - [16/Nov/2025:22:16:24 +0700] "GET /api/v1/movies/top-rated?size=10 HTTP/1.1" 200 5702 26926
0:0:0:0:0:0:0:1 - - [16/Nov/2025:22:16:24 +0700] "GET /api/v1/movies/now-showing?size=12 HTTP/1.1" 200 6159 40380
0:0:0:0:0:0:0:1 - - [16/Nov/2025:22:16:25 +0700] "GET /api/v1/movies?size=20 HTTP/1.1" 200 10046 50071
0:0:0:0:0:0:0:1 - - [16/Nov/2025:22:19:28 +0700] "OPTIONS /api/v1/auth/login HTTP/1.1" 200 - 3018
0:0:0:0:0:0:0:1 - - [16/Nov/2025:22:19:30 +0700] "POST /api/v1/auth/login HTTP/1.1" 200 877 1265140
0:0:0:0:0:0:0:1 - - [16/Nov/2025:22:19:35 +0700] "OPTIONS /api/v1/movies/now-showing HTTP/1.1" 200 - 1541
0:0:0:0:0:0:0:1 - - [16/Nov/2025:22:19:35 +0700] "OPTIONS /api/v1/showtime HTTP/1.1" 200 - 2097
0:0:0:0:0:0:0:1 - - [16/Nov/2025:22:19:35 +0700] "OPTIONS /api/v1/showtime HTTP/1.1" 200 - 1833
0:0:0:0:0:0:0:1 - - [16/Nov/2025:22:19:35 +0700] "OPTIONS /api/v1/movies/now-showing HTTP/1.1" 200 - 1702
0:0:0:0:0:0:0:1 - - [16/Nov/2025:22:19:35 +0700] "OPTIONS /api/v1/cinemas HTTP/1.1" 200 - 2002
0:0:0:0:0:0:0:1 - - [16/Nov/2025:22:19:35 +0700] "OPTIONS /api/v1/cinemas HTTP/1.1" 200 - 1850
0:0:0:0:0:0:0:1 - - [16/Nov/2025:22:19:36 +0700] "GET /api/v1/showtime HTTP/1.1" 200 469 1021025
0:0:0:0:0:0:0:1 - - [16/Nov/2025:22:19:36 +0700] "GET /api/v1/showtime HTTP/1.1" 200 470 20956
0:0:0:0:0:0:0:1 - - [16/Nov/2025:22:19:36 +0700] "GET /api/v1/movies/now-showing HTTP/1.1" 200 5320 1047962
0:0:0:0:0:0:0:1 - - [16/Nov/2025:22:19:36 +0700] "GET /api/v1/movies/now-showing HTTP/1.1" 200 5320 31404
0:0:0:0:0:0:0:1 - - [16/Nov/2025:22:19:36 +0700] "GET /api/v1/cinemas HTTP/1.1" 200 5903 1103923
0:0:0:0:0:0:0:1 - - [16/Nov/2025:22:19:36 +0700] "GET /api/v1/cinemas HTTP/1.1" 200 5903 86385
0:0:0:0:0:0:0:1 - - [16/Nov/2025:22:19:42 +0700] "OPTIONS /api/v1/rooms/cinema/1 HTTP/1.1" 200 - 1555
0:0:0:0:0:0:0:1 - - [16/Nov/2025:22:19:42 +0700] "GET /api/v1/rooms/cinema/1 HTTP/1.1" 200 345 27189
0:0:0:0:0:0:0:1 - - [16/Nov/2025:22:20:10 +0700] "OPTIONS /api/v1/showtime HTTP/1.1" 200 - 1221
0:0:0:0:0:0:0:1 - - [16/Nov/2025:22:20:10 +0700] "POST /api/v1/showtime HTTP/1.1" 500 284 38291
0:0:0:0:0:0:0:1 - - [16/Nov/2025:22:20:14 +0700] "POST /api/v1/showtime HTTP/1.1" 500 284 22399
0:0:0:0:0:0:0:1 - - [16/Nov/2025:22:34:09 +0700] "OPTIONS /api/v1/showtime HTTP/1.1" 200 - 1630
0:0:0:0:0:0:0:1 - - [16/Nov/2025:22:34:09 +0700] "OPTIONS /api/v1/movies/now-showing HTTP/1.1" 200 - 881
0:0:0:0:0:0:0:1 - - [16/Nov/2025:22:34:09 +0700] "OPTIONS /api/v1/cinemas HTTP/1.1" 200 - 1032
0:0:0:0:0:0:0:1 - - [16/Nov/2025:22:34:09 +0700] "OPTIONS /api/v1/showtime HTTP/1.1" 200 - 1000
0:0:0:0:0:0:0:1 - - [16/Nov/2025:22:34:09 +0700] "OPTIONS /api/v1/cinemas HTTP/1.1" 200 - 843
0:0:0:0:0:0:0:1 - - [16/Nov/2025:22:34:09 +0700] "OPTIONS /api/v1/movies/now-showing HTTP/1.1" 200 - 3763
0:0:0:0:0:0:0:1 - - [16/Nov/2025:22:34:09 +0700] "GET /api/v1/showtime HTTP/1.1" 200 470 44800
0:0:0:0:0:0:0:1 - - [16/Nov/2025:22:34:09 +0700] "GET /api/v1/showtime HTTP/1.1" 200 470 27313
0:0:0:0:0:0:0:1 - - [16/Nov/2025:22:34:09 +0700] "GET /api/v1/movies/now-showing HTTP/1.1" 200 5320 76215
0:0:0:0:0:0:0:1 - - [16/Nov/2025:22:34:09 +0700] "GET /api/v1/movies/now-showing HTTP/1.1" 200 5320 64115
0:0:0:0:0:0:0:1 - - [16/Nov/2025:22:34:09 +0700] "GET /api/v1/cinemas HTTP/1.1" 200 5902 148317
0:0:0:0:0:0:0:1 - - [16/Nov/2025:22:34:09 +0700] "GET /api/v1/cinemas HTTP/1.1" 200 5903 106987
0:0:0:0:0:0:0:1 - - [16/Nov/2025:22:45:09 +0700] "OPTIONS /api/v1/movies/now-showing HTTP/1.1" 200 - 3393
0:0:0:0:0:0:0:1 - - [16/Nov/2025:22:45:09 +0700] "OPTIONS /api/v1/showtime HTTP/1.1" 200 - 3715
0:0:0:0:0:0:0:1 - - [16/Nov/2025:22:45:09 +0700] "OPTIONS /api/v1/movies/now-showing HTTP/1.1" 200 - 1446
0:0:0:0:0:0:0:1 - - [16/Nov/2025:22:45:09 +0700] "OPTIONS /api/v1/cinemas HTTP/1.1" 200 - 1454
0:0:0:0:0:0:0:1 - - [16/Nov/2025:22:45:09 +0700] "OPTIONS /api/v1/showtime HTTP/1.1" 200 - 1413
0:0:0:0:0:0:0:1 - - [16/Nov/2025:22:45:09 +0700] "OPTIONS /api/v1/cinemas HTTP/1.1" 200 - 1374
0:0:0:0:0:0:0:1 - - [16/Nov/2025:22:45:09 +0700] "GET /api/v1/showtime HTTP/1.1" 200 470 36690
0:0:0:0:0:0:0:1 - - [16/Nov/2025:22:45:09 +0700] "GET /api/v1/showtime HTTP/1.1" 200 470 26651
0:0:0:0:0:0:0:1 - - [16/Nov/2025:22:45:09 +0700] "GET /api/v1/movies/now-showing HTTP/1.1" 200 5320 67650
0:0:0:0:0:0:0:1 - - [16/Nov/2025:22:45:09 +0700] "GET /api/v1/movies/now-showing HTTP/1.1" 200 5320 56330
0:0:0:0:0:0:0:1 - - [16/Nov/2025:22:45:09 +0700] "GET /api/v1/cinemas HTTP/1.1" 200 5903 138641
0:0:0:0:0:0:0:1 - - [16/Nov/2025:22:45:09 +0700] "GET /api/v1/cinemas HTTP/1.1" 200 5903 83350
0:0:0:0:0:0:0:1 - - [16/Nov/2025:22:45:24 +0700] "OPTIONS /api/v1/cinemas HTTP/1.1" 200 - 799
0:0:0:0:0:0:0:1 - - [16/Nov/2025:22:45:24 +0700] "OPTIONS /api/v1/showtime HTTP/1.1" 200 - 1123
0:0:0:0:0:0:0:1 - - [16/Nov/2025:22:45:24 +0700] "OPTIONS /api/v1/showtime HTTP/1.1" 200 - 915
0:0:0:0:0:0:0:1 - - [16/Nov/2025:22:45:24 +0700] "OPTIONS /api/v1/movies/now-showing HTTP/1.1" 200 - 1251
0:0:0:0:0:0:0:1 - - [16/Nov/2025:22:45:24 +0700] "OPTIONS /api/v1/movies/now-showing HTTP/1.1" 200 - 1073
0:0:0:0:0:0:0:1 - - [16/Nov/2025:22:45:24 +0700] "OPTIONS /api/v1/cinemas HTTP/1.1" 200 - 1292
0:0:0:0:0:0:0:1 - - [16/Nov/2025:22:45:24 +0700] "GET /api/v1/showtime HTTP/1.1" 200 470 28591
0:0:0:0:0:0:0:1 - - [16/Nov/2025:22:45:24 +0700] "GET /api/v1/showtime HTTP/1.1" 200 470 23261
0:0:0:0:0:0:0:1 - - [16/Nov/2025:22:45:24 +0700] "GET /api/v1/movies/now-showing HTTP/1.1" 200 5320 55221
0:0:0:0:0:0:0:1 - - [16/Nov/2025:22:45:24 +0700] "GET /api/v1/movies/now-showing HTTP/1.1" 200 5320 38160
0:0:0:0:0:0:0:1 - - [16/Nov/2025:22:45:24 +0700] "GET /api/v1/cinemas HTTP/1.1" 200 5903 110186
0:0:0:0:0:0:0:1 - - [16/Nov/2025:22:45:24 +0700] "GET /api/v1/cinemas HTTP/1.1" 200 5903 117376
0:0:0:0:0:0:0:1 - - [16/Nov/2025:22:45:29 +0700] "OPTIONS /api/v1/movies/now-showing HTTP/1.1" 200 - 615
0:0:0:0:0:0:0:1 - - [16/Nov/2025:22:45:29 +0700] "OPTIONS /api/v1/cinemas HTTP/1.1" 200 - 1159
0:0:0:0:0:0:0:1 - - [16/Nov/2025:22:45:29 +0700] "OPTIONS /api/v1/movies/now-showing HTTP/1.1" 200 - 1217
0:0:0:0:0:0:0:1 - - [16/Nov/2025:22:45:29 +0700] "OPTIONS /api/v1/showtime HTTP/1.1" 200 - 790
0:0:0:0:0:0:0:1 - - [16/Nov/2025:22:45:29 +0700] "OPTIONS /api/v1/showtime HTTP/1.1" 200 - 1243
0:0:0:0:0:0:0:1 - - [16/Nov/2025:22:45:29 +0700] "OPTIONS /api/v1/cinemas HTTP/1.1" 200 - 779
0:0:0:0:0:0:0:1 - - [16/Nov/2025:22:45:29 +0700] "GET /api/v1/showtime HTTP/1.1" 200 470 25167
0:0:0:0:0:0:0:1 - - [16/Nov/2025:22:45:29 +0700] "GET /api/v1/movies/now-showing HTTP/1.1" 200 5320 49617
0:0:0:0:0:0:0:1 - - [16/Nov/2025:22:45:29 +0700] "GET /api/v1/showtime HTTP/1.1" 200 470 24211
0:0:0:0:0:0:0:1 - - [16/Nov/2025:22:45:29 +0700] "GET /api/v1/movies/now-showing HTTP/1.1" 200 5320 34315
0:0:0:0:0:0:0:1 - - [16/Nov/2025:22:45:29 +0700] "GET /api/v1/cinemas HTTP/1.1" 200 5903 85630
0:0:0:0:0:0:0:1 - - [16/Nov/2025:22:45:29 +0700] "GET /api/v1/cinemas HTTP/1.1" 200 5903 95540
0:0:0:0:0:0:0:1 - - [16/Nov/2025:22:46:02 +0700] "OPTIONS /api/v1/showtime HTTP/1.1" 200 - 969
0:0:0:0:0:0:0:1 - - [16/Nov/2025:22:46:02 +0700] "OPTIONS /api/v1/movies/now-showing HTTP/1.1" 200 - 1108
0:0:0:0:0:0:0:1 - - [16/Nov/2025:22:46:02 +0700] "OPTIONS /api/v1/showtime HTTP/1.1" 200 - 1556
0:0:0:0:0:0:0:1 - - [16/Nov/2025:22:46:02 +0700] "OPTIONS /api/v1/movies/now-showing HTTP/1.1" 200 - 961
0:0:0:0:0:0:0:1 - - [16/Nov/2025:22:46:02 +0700] "OPTIONS /api/v1/cinemas HTTP/1.1" 200 - 1107
0:0:0:0:0:0:0:1 - - [16/Nov/2025:22:46:02 +0700] "OPTIONS /api/v1/cinemas HTTP/1.1" 200 - 945
0:0:0:0:0:0:0:1 - - [16/Nov/2025:22:46:02 +0700] "GET /api/v1/showtime HTTP/1.1" 200 469 33036
0:0:0:0:0:0:0:1 - - [16/Nov/2025:22:46:02 +0700] "GET /api/v1/showtime HTTP/1.1" 200 470 13673
0:0:0:0:0:0:0:1 - - [16/Nov/2025:22:46:02 +0700] "GET /api/v1/movies/now-showing HTTP/1.1" 200 5320 46635
0:0:0:0:0:0:0:1 - - [16/Nov/2025:22:46:02 +0700] "GET /api/v1/movies/now-showing HTTP/1.1" 200 5320 28680
0:0:0:0:0:0:0:1 - - [16/Nov/2025:22:46:02 +0700] "GET /api/v1/cinemas HTTP/1.1" 200 5903 81257
0:0:0:0:0:0:0:1 - - [16/Nov/2025:22:46:02 +0700] "GET /api/v1/cinemas HTTP/1.1" 200 5903 77051
0:0:0:0:0:0:0:1 - - [16/Nov/2025:22:46:05 +0700] "OPTIONS /api/v1/cinema-clusters/all HTTP/1.1" 200 - 1056
0:0:0:0:0:0:0:1 - - [16/Nov/2025:22:46:05 +0700] "OPTIONS /api/v1/cinema-clusters/all HTTP/1.1" 200 - 1149
0:0:0:0:0:0:0:1 - - [16/Nov/2025:22:46:05 +0700] "GET /api/v1/cinema-clusters/all HTTP/1.1" 200 2823 19646
0:0:0:0:0:0:0:1 - - [16/Nov/2025:22:46:05 +0700] "OPTIONS /api/v1/cinemas/cluster/1 HTTP/1.1" 200 - 1745
0:0:0:0:0:0:0:1 - - [16/Nov/2025:22:46:05 +0700] "GET /api/v1/cinema-clusters/all HTTP/1.1" 200 2823 23875
0:0:0:0:0:0:0:1 - - [16/Nov/2025:22:46:05 +0700] "GET /api/v1/cinemas/cluster/1 HTTP/1.1" 200 3412 101175
0:0:0:0:0:0:0:1 - - [16/Nov/2025:22:46:05 +0700] "GET /api/v1/cinemas/cluster/1 HTTP/1.1" 200 3411 86442
0:0:0:0:0:0:0:1 - - [16/Nov/2025:22:46:06 +0700] "OPTIONS /api/v1/movies?page=0&size=10&sort=releaseDate,desc HTTP/1.1" 200 - 3896
0:0:0:0:0:0:0:1 - - [16/Nov/2025:22:46:06 +0700] "OPTIONS /api/v1/movies?page=0&size=10&sort=releaseDate,desc HTTP/1.1" 200 - 6341
0:0:0:0:0:0:0:1 - - [16/Nov/2025:22:46:06 +0700] "GET /api/v1/movies?page=0&size=10&sort=releaseDate,desc HTTP/1.1" 200 5259 51822
0:0:0:0:0:0:0:1 - - [16/Nov/2025:22:46:06 +0700] "GET /api/v1/movies?page=0&size=10&sort=releaseDate,desc HTTP/1.1" 200 5259 33121
0:0:0:0:0:0:0:1 - - [16/Nov/2025:22:46:23 +0700] "OPTIONS /api/v1/cinema-clusters/all HTTP/1.1" 200 - 1364
0:0:0:0:0:0:0:1 - - [16/Nov/2025:22:46:23 +0700] "OPTIONS /api/v1/cinema-clusters/all HTTP/1.1" 200 - 1389
0:0:0:0:0:0:0:1 - - [16/Nov/2025:22:46:23 +0700] "GET /api/v1/cinema-clusters/all HTTP/1.1" 200 2823 17600
0:0:0:0:0:0:0:1 - - [16/Nov/2025:22:46:23 +0700] "OPTIONS /api/v1/cinemas/cluster/1 HTTP/1.1" 200 - 1128
0:0:0:0:0:0:0:1 - - [16/Nov/2025:22:46:23 +0700] "GET /api/v1/cinema-clusters/all HTTP/1.1" 200 2823 14958
0:0:0:0:0:0:0:1 - - [16/Nov/2025:22:46:23 +0700] "GET /api/v1/cinemas/cluster/1 HTTP/1.1" 200 3412 53665
0:0:0:0:0:0:0:1 - - [16/Nov/2025:22:46:23 +0700] "GET /api/v1/cinemas/cluster/1 HTTP/1.1" 200 3412 43135
0:0:0:0:0:0:0:1 - - [16/Nov/2025:22:46:25 +0700] "OPTIONS /api/v1/showtime HTTP/1.1" 200 - 1091
0:0:0:0:0:0:0:1 - - [16/Nov/2025:22:46:25 +0700] "OPTIONS /api/v1/showtime HTTP/1.1" 200 - 1329
0:0:0:0:0:0:0:1 - - [16/Nov/2025:22:46:25 +0700] "OPTIONS /api/v1/cinemas HTTP/1.1" 200 - 1375
0:0:0:0:0:0:0:1 - - [16/Nov/2025:22:46:25 +0700] "OPTIONS /api/v1/movies/now-showing HTTP/1.1" 200 - 1902
0:0:0:0:0:0:0:1 - - [16/Nov/2025:22:46:25 +0700] "OPTIONS /api/v1/movies/now-showing HTTP/1.1" 200 - 1575
0:0:0:0:0:0:0:1 - - [16/Nov/2025:22:46:25 +0700] "OPTIONS /api/v1/cinemas HTTP/1.1" 200 - 1788
0:0:0:0:0:0:0:1 - - [16/Nov/2025:22:46:26 +0700] "GET /api/v1/showtime HTTP/1.1" 200 470 23363
0:0:0:0:0:0:0:1 - - [16/Nov/2025:22:46:26 +0700] "GET /api/v1/showtime HTTP/1.1" 200 470 17726
0:0:0:0:0:0:0:1 - - [16/Nov/2025:22:46:26 +0700] "GET /api/v1/movies/now-showing HTTP/1.1" 200 5320 43727
0:0:0:0:0:0:0:1 - - [16/Nov/2025:22:46:26 +0700] "GET /api/v1/cinemas HTTP/1.1" 200 5902 64357
0:0:0:0:0:0:0:1 - - [16/Nov/2025:22:46:26 +0700] "GET /api/v1/movies/now-showing HTTP/1.1" 200 5320 29146
0:0:0:0:0:0:0:1 - - [16/Nov/2025:22:46:26 +0700] "GET /api/v1/cinemas HTTP/1.1" 200 5903 53725
0:0:0:0:0:0:0:1 - - [16/Nov/2025:22:46:30 +0700] "OPTIONS /api/v1/rooms/cinema/1 HTTP/1.1" 200 - 1863
0:0:0:0:0:0:0:1 - - [16/Nov/2025:22:46:30 +0700] "GET /api/v1/rooms/cinema/1 HTTP/1.1" 200 345 16395
0:0:0:0:0:0:0:1 - - [16/Nov/2025:22:50:01 +0700] "OPTIONS /api/v1/auth/refresh HTTP/1.1" 200 - 1205
0:0:0:0:0:0:0:1 - - [16/Nov/2025:22:50:01 +0700] "POST /api/v1/auth/refresh HTTP/1.1" 500 130 5240
0:0:0:0:0:0:0:1 - - [16/Nov/2025:22:50:01 +0700] "GET /api/v1/movies?page=0&size=12&sort=id,desc HTTP/1.1" 200 6427 53928
0:0:0:0:0:0:0:1 - - [16/Nov/2025:22:50:01 +0700] "GET /api/v1/movies?page=0&size=12&sort=id,desc HTTP/1.1" 200 6427 29987
0:0:0:0:0:0:0:1 - - [16/Nov/2025:22:50:18 +0700] "OPTIONS /api/v1/auth/login HTTP/1.1" 200 - 972
0:0:0:0:0:0:0:1 - - [16/Nov/2025:22:50:18 +0700] "POST /api/v1/auth/login HTTP/1.1" 500 153 165803
0:0:0:0:0:0:0:1 - - [16/Nov/2025:22:50:19 +0700] "POST /api/v1/auth/login HTTP/1.1" 500 153 147458
0:0:0:0:0:0:0:1 - - [16/Nov/2025:23:11:42 +0700] "OPTIONS /api/v1/cinema-clusters/all HTTP/1.1" 200 - 1081
0:0:0:0:0:0:0:1 - - [16/Nov/2025:23:11:42 +0700] "OPTIONS /api/v1/auth/verify HTTP/1.1" 200 - 1482
0:0:0:0:0:0:0:1 - - [16/Nov/2025:23:11:42 +0700] "OPTIONS /api/v1/movies?size=20 HTTP/1.1" 200 - 1133
0:0:0:0:0:0:0:1 - - [16/Nov/2025:23:11:42 +0700] "OPTIONS /api/v1/movies/now-showing?size=12 HTTP/1.1" 200 - 956
0:0:0:0:0:0:0:1 - - [16/Nov/2025:23:11:42 +0700] "OPTIONS /api/v1/movies/coming-soon?size=12 HTTP/1.1" 200 - 1031
0:0:0:0:0:0:0:1 - - [16/Nov/2025:23:11:42 +0700] "OPTIONS /api/v1/movies/top-rated?size=10 HTTP/1.1" 200 - 1210
0:0:0:0:0:0:0:1 - - [16/Nov/2025:23:11:42 +0700] "OPTIONS /api/v1/cinema-clusters/all HTTP/1.1" 200 - 1424
0:0:0:0:0:0:0:1 - - [16/Nov/2025:23:11:42 +0700] "OPTIONS /api/v1/movies?size=20 HTTP/1.1" 200 - 964
0:0:0:0:0:0:0:1 - - [16/Nov/2025:23:11:42 +0700] "OPTIONS /api/v1/movies/coming-soon?size=12 HTTP/1.1" 200 - 1148
0:0:0:0:0:0:0:1 - - [16/Nov/2025:23:11:42 +0700] "OPTIONS /api/v1/movies/now-showing?size=12 HTTP/1.1" 200 - 1054
0:0:0:0:0:0:0:1 - - [16/Nov/2025:23:11:42 +0700] "OPTIONS /api/v1/movies/top-rated?size=10 HTTP/1.1" 200 - 965
0:0:0:0:0:0:0:1 - - [16/Nov/2025:23:11:42 +0700] "GET /api/v1/auth/verify HTTP/1.1" 200 262 29917
0:0:0:0:0:0:0:1 - - [16/Nov/2025:23:11:42 +0700] "GET /api/v1/cinema-clusters/all HTTP/1.1" 200 2823 31248
0:0:0:0:0:0:0:1 - - [16/Nov/2025:23:11:42 +0700] "GET /api/v1/movies/coming-soon?size=12 HTTP/1.1" 200 3245 39689
0:0:0:0:0:0:0:1 - - [16/Nov/2025:23:11:42 +0700] "GET /api/v1/cinema-clusters/all HTTP/1.1" 200 2823 16468
0:0:0:0:0:0:0:1 - - [16/Nov/2025:23:11:42 +0700] "GET /api/v1/movies/top-rated?size=10 HTTP/1.1" 200 5702 48179
0:0:0:0:0:0:0:1 - - [16/Nov/2025:23:11:42 +0700] "GET /api/v1/movies/now-showing?size=12 HTTP/1.1" 200 6159 51352
0:0:0:0:0:0:0:1 - - [16/Nov/2025:23:11:42 +0700] "GET /api/v1/movies?size=20 HTTP/1.1" 200 10046 67255
0:0:0:0:0:0:0:1 - - [16/Nov/2025:23:11:42 +0700] "GET /api/v1/movies/coming-soon?size=12 HTTP/1.1" 200 3245 27697
0:0:0:0:0:0:0:1 - - [16/Nov/2025:23:11:42 +0700] "GET /api/v1/movies/top-rated?size=10 HTTP/1.1" 200 5702 34284
0:0:0:0:0:0:0:1 - - [16/Nov/2025:23:11:42 +0700] "GET /api/v1/movies/now-showing?size=12 HTTP/1.1" 200 6159 32081
0:0:0:0:0:0:0:1 - - [16/Nov/2025:23:11:42 +0700] "GET /api/v1/movies?size=20 HTTP/1.1" 200 10046 39894
0:0:0:0:0:0:0:1 - - [16/Nov/2025:23:11:45 +0700] "POST /api/v1/auth/logout HTTP/1.1" 500 129 4512
0:0:0:0:0:0:0:1 - - [16/Nov/2025:23:11:48 +0700] "OPTIONS /api/v1/auth/login HTTP/1.1" 200 - 1010
0:0:0:0:0:0:0:1 - - [16/Nov/2025:23:11:49 +0700] "POST /api/v1/auth/login HTTP/1.1" 200 877 178508
0:0:0:0:0:0:0:1 - - [16/Nov/2025:23:11:55 +0700] "OPTIONS /api/v1/auth/login HTTP/1.1" 200 - 2202
0:0:0:0:0:0:0:1 - - [16/Nov/2025:23:11:55 +0700] "POST /api/v1/auth/login HTTP/1.1" 200 877 168648
0:0:0:0:0:0:0:1 - - [16/Nov/2025:23:12:01 +0700] "OPTIONS /api/v1/showtime HTTP/1.1" 200 - 1460
0:0:0:0:0:0:0:1 - - [16/Nov/2025:23:12:01 +0700] "OPTIONS /api/v1/showtime HTTP/1.1" 200 - 2909
0:0:0:0:0:0:0:1 - - [16/Nov/2025:23:12:01 +0700] "OPTIONS /api/v1/cinemas HTTP/1.1" 200 - 1469
0:0:0:0:0:0:0:1 - - [16/Nov/2025:23:12:01 +0700] "OPTIONS /api/v1/movies/now-showing HTTP/1.1" 200 - 1127
0:0:0:0:0:0:0:1 - - [16/Nov/2025:23:12:01 +0700] "OPTIONS /api/v1/movies/now-showing HTTP/1.1" 200 - 1659
0:0:0:0:0:0:0:1 - - [16/Nov/2025:23:12:01 +0700] "OPTIONS /api/v1/cinemas HTTP/1.1" 200 - 2172
0:0:0:0:0:0:0:1 - - [16/Nov/2025:23:12:01 +0700] "GET /api/v1/showtime HTTP/1.1" 200 470 26376
0:0:0:0:0:0:0:1 - - [16/Nov/2025:23:12:01 +0700] "GET /api/v1/showtime HTTP/1.1" 200 470 30193
0:0:0:0:0:0:0:1 - - [16/Nov/2025:23:12:01 +0700] "GET /api/v1/movies/now-showing HTTP/1.1" 200 5320 56759
0:0:0:0:0:0:0:1 - - [16/Nov/2025:23:12:01 +0700] "GET /api/v1/cinemas HTTP/1.1" 200 5903 104124
0:0:0:0:0:0:0:1 - - [16/Nov/2025:23:12:01 +0700] "GET /api/v1/movies/now-showing HTTP/1.1" 200 5320 48973
0:0:0:0:0:0:0:1 - - [16/Nov/2025:23:12:01 +0700] "GET /api/v1/cinemas HTTP/1.1" 200 5903 71624
0:0:0:0:0:0:0:1 - - [16/Nov/2025:23:18:31 +0700] "OPTIONS /api/v1/showtime HTTP/1.1" 200 - 1267
0:0:0:0:0:0:0:1 - - [16/Nov/2025:23:18:31 +0700] "OPTIONS /api/v1/movies/now-showing HTTP/1.1" 200 - 1274
0:0:0:0:0:0:0:1 - - [16/Nov/2025:23:18:31 +0700] "OPTIONS /api/v1/movies/now-showing HTTP/1.1" 200 - 1075
0:0:0:0:0:0:0:1 - - [16/Nov/2025:23:18:31 +0700] "OPTIONS /api/v1/cinemas HTTP/1.1" 200 - 12185
0:0:0:0:0:0:0:1 - - [16/Nov/2025:23:18:31 +0700] "OPTIONS /api/v1/cinemas HTTP/1.1" 200 - 11386
0:0:0:0:0:0:0:1 - - [16/Nov/2025:23:18:31 +0700] "OPTIONS /api/v1/showtime HTTP/1.1" 200 - 13498
0:0:0:0:0:0:0:1 - - [16/Nov/2025:23:18:31 +0700] "GET /api/v1/showtime HTTP/1.1" 200 470 19213
0:0:0:0:0:0:0:1 - - [16/Nov/2025:23:18:31 +0700] "GET /api/v1/showtime HTTP/1.1" 200 469 16258
0:0:0:0:0:0:0:1 - - [16/Nov/2025:23:18:31 +0700] "GET /api/v1/movies/now-showing HTTP/1.1" 200 5320 40001
0:0:0:0:0:0:0:1 - - [16/Nov/2025:23:18:31 +0700] "GET /api/v1/movies/now-showing HTTP/1.1" 200 5320 27902
0:0:0:0:0:0:0:1 - - [16/Nov/2025:23:18:31 +0700] "GET /api/v1/cinemas HTTP/1.1" 200 5903 64219
0:0:0:0:0:0:0:1 - - [16/Nov/2025:23:18:31 +0700] "GET /api/v1/cinemas HTTP/1.1" 200 5903 60974
0:0:0:0:0:0:0:1 - - [16/Nov/2025:23:42:03 +0700] "OPTIONS /api/v1/rooms/cinema/1 HTTP/1.1" 200 - 1598
0:0:0:0:0:0:0:1 - - [16/Nov/2025:23:42:03 +0700] "GET /api/v1/rooms/cinema/1 HTTP/1.1" 200 345 25458
0:0:0:0:0:0:0:1 - - [16/Nov/2025:23:42:20 +0700] "OPTIONS /api/v1/showtime HTTP/1.1" 200 - 882
0:0:0:0:0:0:0:1 - - [16/Nov/2025:23:42:20 +0700] "POST /api/v1/showtime HTTP/1.1" 500 284 14678
