0:0:0:0:0:0:0:1 - - [24/Nov/2025:11:54:28 +0700] "GET /api/v1/cinema-clusters/all HTTP/1.1" 200 2086 335045
0:0:0:0:0:0:0:1 - - [24/Nov/2025:11:54:28 +0700] "GET /api/v1/cinema-clusters/all HTTP/1.1" 200 2086 14177
0:0:0:0:0:0:0:1 - - [24/Nov/2025:11:54:28 +0700] "GET /api/v1/movies?page=0&size=12&sort=id,desc HTTP/1.1" 200 6408 149664
0:0:0:0:0:0:0:1 - - [24/Nov/2025:11:54:29 +0700] "GET /api/v1/movies?page=0&size=12&sort=id,desc HTTP/1.1" 200 6408 53115
0:0:0:0:0:0:0:1 - - [24/Nov/2025:11:54:31 +0700] "GET /api/v1/cities/active HTTP/1.1" 200 1151 21956
0:0:0:0:0:0:0:1 - - [24/Nov/2025:11:54:31 +0700] "GET /api/v1/cities/active HTTP/1.1" 200 1151 14144
0:0:0:0:0:0:0:1 - - [24/Nov/2025:11:54:31 +0700] "GET /api/v1/cinema-clusters/all HTTP/1.1" 200 2086 14409
0:0:0:0:0:0:0:1 - - [24/Nov/2025:11:54:31 +0700] "GET /api/v1/cinema-clusters/all HTTP/1.1" 200 2086 12402
0:0:0:0:0:0:0:1 - - [24/Nov/2025:11:54:31 +0700] "GET /api/v1/cinemas?cityId=1&page=0&size=20 HTTP/1.1" 200 6809 105196
0:0:0:0:0:0:0:1 - - [24/Nov/2025:11:54:31 +0700] "GET /api/v1/showtime/cinema/1/date/2025-11-24 HTTP/1.1" 200 2461 73154
0:0:0:0:0:0:0:1 - - [24/Nov/2025:11:54:31 +0700] "GET /api/v1/cinemas?cityId=1&page=0&size=20 HTTP/1.1" 200 6809 98863
0:0:0:0:0:0:0:1 - - [24/Nov/2025:11:54:31 +0700] "GET /api/v1/showtime/cinema/1/date/2025-11-24 HTTP/1.1" 200 2462 29202
0:0:0:0:0:0:0:1 - - [24/Nov/2025:11:54:31 +0700] "GET /api/v1/showtime/cinema/1/date/2025-11-24 HTTP/1.1" 200 2462 24439
0:0:0:0:0:0:0:1 - - [24/Nov/2025:11:54:31 +0700] "GET /api/v1/cinemas?cityId=1&page=0&size=20 HTTP/1.1" 200 6809 93180
0:0:0:0:0:0:0:1 - - [24/Nov/2025:11:54:31 +0700] "GET /api/v1/showtime/cinema/1/date/2025-11-24 HTTP/1.1" 200 2462 19645
0:0:0:0:0:0:0:1 - - [24/Nov/2025:11:54:33 +0700] "GET /api/v1/showtime/7 HTTP/1.1" 200 488 346501
0:0:0:0:0:0:0:1 - - [24/Nov/2025:11:54:33 +0700] "GET /api/v1/showtime/7 HTTP/1.1" 200 488 93969
0:0:0:0:0:0:0:1 - - [24/Nov/2025:11:54:33 +0700] "GET /api/v1/showtime-seats/showtime/7 HTTP/1.1" 200 22546 598492
0:0:0:0:0:0:0:1 - - [24/Nov/2025:11:54:34 +0700] "GET /api/v1/showtime-seats/showtime/7 HTTP/1.1" 200 22546 217056
0:0:0:0:0:0:0:1 - - [24/Nov/2025:14:12:25 +0700] "GET /api/v1/movies?page=0&size=12&sort=id,desc HTTP/1.1" 200 6408 362997
0:0:0:0:0:0:0:1 - - [24/Nov/2025:14:12:25 +0700] "GET /api/v1/movies?page=0&size=12&sort=id,desc HTTP/1.1" 200 6408 58569
0:0:0:0:0:0:0:1 - - [24/Nov/2025:14:13:41 +0700] "GET /api/v1/movies/42 HTTP/1.1" 200 864 45973
0:0:0:0:0:0:0:1 - - [24/Nov/2025:14:13:41 +0700] "GET /api/v1/movies/42 HTTP/1.1" 200 864 15746
0:0:0:0:0:0:0:1 - - [24/Nov/2025:14:13:42 +0700] "GET /api/v1/showtime?movieId=42 HTTP/1.1" 200 4387 760352
0:0:0:0:0:0:0:1 - - [24/Nov/2025:14:13:43 +0700] "GET /api/v1/showtime?movieId=42 HTTP/1.1" 200 4386 458978
0:0:0:0:0:0:0:1 - - [24/Nov/2025:14:13:45 +0700] "GET /api/v1/movies?page=0&size=12&sort=id,desc HTTP/1.1" 200 6408 53209
0:0:0:0:0:0:0:1 - - [24/Nov/2025:14:13:45 +0700] "GET /api/v1/movies?page=0&size=12&sort=id,desc HTTP/1.1" 200 6408 45910
0:0:0:0:0:0:0:1 - - [24/Nov/2025:14:13:56 +0700] "GET /api/v1/movies/42 HTTP/1.1" 200 864 14934
0:0:0:0:0:0:0:1 - - [24/Nov/2025:14:13:56 +0700] "GET /api/v1/movies/42 HTTP/1.1" 200 864 11885
0:0:0:0:0:0:0:1 - - [24/Nov/2025:14:13:56 +0700] "GET /api/v1/showtime?movieId=42 HTTP/1.1" 200 4387 453200
0:0:0:0:0:0:0:1 - - [24/Nov/2025:14:13:57 +0700] "GET /api/v1/showtime?movieId=42 HTTP/1.1" 200 4387 417106
0:0:0:0:0:0:0:1 - - [24/Nov/2025:14:14:04 +0700] "GET /api/v1/movies?page=0&size=12&sort=id,desc HTTP/1.1" 200 6408 41679
0:0:0:0:0:0:0:1 - - [24/Nov/2025:14:14:04 +0700] "GET /api/v1/movies?page=0&size=12&sort=id,desc HTTP/1.1" 200 6408 34309
0:0:0:0:0:0:0:1 - - [24/Nov/2025:14:19:32 +0700] "GET /api/v1/cinema-clusters/all HTTP/1.1" 200 2086 47874
0:0:0:0:0:0:0:1 - - [24/Nov/2025:14:19:32 +0700] "GET /api/v1/cinema-clusters/all HTTP/1.1" 200 2086 19108
0:0:0:0:0:0:0:1 - - [24/Nov/2025:14:19:32 +0700] "GET /api/v1/movies?page=0&size=12&sort=id,desc HTTP/1.1" 200 6408 90092
0:0:0:0:0:0:0:1 - - [24/Nov/2025:14:19:32 +0700] "GET /api/v1/movies?page=0&size=12&sort=id,desc HTTP/1.1" 200 6408 67721
0:0:0:0:0:0:0:1 - - [24/Nov/2025:14:33:08 +0700] "GET /api/v1/movies?page=0&size=12&sort=id,desc HTTP/1.1" 200 6408 59231
0:0:0:0:0:0:0:1 - - [24/Nov/2025:14:33:08 +0700] "GET /api/v1/movies?page=0&size=12&sort=id,desc HTTP/1.1" 200 6408 45554
0:0:0:0:0:0:0:1 - - [24/Nov/2025:14:33:20 +0700] "GET /api/v1/movies/coming-soon?size=12 HTTP/1.1" 200 2247 42851
0:0:0:0:0:0:0:1 - - [24/Nov/2025:14:33:20 +0700] "GET /api/v1/movies/coming-soon?size=12 HTTP/1.1" 200 2247 21539
0:0:0:0:0:0:0:1 - - [24/Nov/2025:14:33:20 +0700] "GET /api/v1/movies/now-showing?size=12 HTTP/1.1" 200 6159 71630
0:0:0:0:0:0:0:1 - - [24/Nov/2025:14:33:20 +0700] "GET /api/v1/movies?size=20 HTTP/1.1" 200 10171 82713
0:0:0:0:0:0:0:1 - - [24/Nov/2025:14:33:20 +0700] "GET /api/v1/movies/top-rated?size=10 HTTP/1.1" 200 5702 88637
0:0:0:0:0:0:0:1 - - [24/Nov/2025:14:33:20 +0700] "GET /api/v1/movies/now-showing?size=12 HTTP/1.1" 200 6159 40209
0:0:0:0:0:0:0:1 - - [24/Nov/2025:14:33:20 +0700] "GET /api/v1/movies/top-rated?size=10 HTTP/1.1" 200 5702 31863
0:0:0:0:0:0:0:1 - - [24/Nov/2025:14:33:20 +0700] "GET /api/v1/movies?size=20 HTTP/1.1" 200 10171 53870
0:0:0:0:0:0:0:1 - - [24/Nov/2025:14:33:58 +0700] "GET /api/v1/movies/coming-soon?size=12 HTTP/1.1" 200 2247 22970
0:0:0:0:0:0:0:1 - - [24/Nov/2025:14:33:58 +0700] "GET /api/v1/movies/coming-soon?size=12 HTTP/1.1" 200 2247 18064
0:0:0:0:0:0:0:1 - - [24/Nov/2025:14:33:58 +0700] "GET /api/v1/movies/top-rated?size=10 HTTP/1.1" 200 5702 37926
0:0:0:0:0:0:0:1 - - [24/Nov/2025:14:33:58 +0700] "GET /api/v1/movies/now-showing?size=12 HTTP/1.1" 200 6159 45361
0:0:0:0:0:0:0:1 - - [24/Nov/2025:14:33:58 +0700] "GET /api/v1/movies?size=20 HTTP/1.1" 200 10171 62123
0:0:0:0:0:0:0:1 - - [24/Nov/2025:14:33:58 +0700] "GET /api/v1/movies/top-rated?size=10 HTTP/1.1" 200 5702 28215
0:0:0:0:0:0:0:1 - - [24/Nov/2025:14:33:58 +0700] "GET /api/v1/movies/now-showing?size=12 HTTP/1.1" 200 6159 29965
0:0:0:0:0:0:0:1 - - [24/Nov/2025:14:33:58 +0700] "GET /api/v1/movies?size=20 HTTP/1.1" 200 10171 37573
0:0:0:0:0:0:0:1 - - [24/Nov/2025:14:42:06 +0700] "GET /api/v1/cinema-clusters/all HTTP/1.1" 200 2086 23507
0:0:0:0:0:0:0:1 - - [24/Nov/2025:14:42:06 +0700] "GET /api/v1/movies/coming-soon?size=12 HTTP/1.1" 200 2247 39457
0:0:0:0:0:0:0:1 - - [24/Nov/2025:14:42:06 +0700] "GET /api/v1/cinema-clusters/all HTTP/1.1" 200 2086 20987
0:0:0:0:0:0:0:1 - - [24/Nov/2025:14:42:06 +0700] "GET /api/v1/movies/top-rated?size=10 HTTP/1.1" 200 5702 51689
0:0:0:0:0:0:0:1 - - [24/Nov/2025:14:42:06 +0700] "GET /api/v1/movies/coming-soon?size=12 HTTP/1.1" 200 2247 38481
0:0:0:0:0:0:0:1 - - [24/Nov/2025:14:42:06 +0700] "GET /api/v1/movies/now-showing?size=12 HTTP/1.1" 200 6159 113181
0:0:0:0:0:0:0:1 - - [24/Nov/2025:14:42:06 +0700] "GET /api/v1/movies?size=20 HTTP/1.1" 200 10171 119993
0:0:0:0:0:0:0:1 - - [24/Nov/2025:14:42:06 +0700] "GET /api/v1/movies/top-rated?size=10 HTTP/1.1" 200 5702 92107
0:0:0:0:0:0:0:1 - - [24/Nov/2025:14:42:06 +0700] "GET /api/v1/movies/now-showing?size=12 HTTP/1.1" 200 6159 95808
0:0:0:0:0:0:0:1 - - [24/Nov/2025:14:42:06 +0700] "GET /api/v1/movies?size=20 HTTP/1.1" 200 10171 134368
0:0:0:0:0:0:0:1 - - [24/Nov/2025:14:48:35 +0700] "GET /api/v1/cinema-clusters/all HTTP/1.1" 200 2086 32482
0:0:0:0:0:0:0:1 - - [24/Nov/2025:14:48:35 +0700] "GET /api/v1/cinema-clusters/all HTTP/1.1" 200 2085 20089
0:0:0:0:0:0:0:1 - - [24/Nov/2025:14:48:35 +0700] "GET /api/v1/movies/coming-soon?size=12 HTTP/1.1" 200 2247 44215
0:0:0:0:0:0:0:1 - - [24/Nov/2025:14:48:35 +0700] "GET /api/v1/movies/top-rated?size=10 HTTP/1.1" 200 5702 62065
0:0:0:0:0:0:0:1 - - [24/Nov/2025:14:48:35 +0700] "GET /api/v1/movies/coming-soon?size=12 HTTP/1.1" 200 2247 27247
0:0:0:0:0:0:0:1 - - [24/Nov/2025:14:48:35 +0700] "GET /api/v1/movies/now-showing?size=12 HTTP/1.1" 200 6159 73101
0:0:0:0:0:0:0:1 - - [24/Nov/2025:14:48:35 +0700] "GET /api/v1/movies?size=20 HTTP/1.1" 200 10171 93384
0:0:0:0:0:0:0:1 - - [24/Nov/2025:14:48:35 +0700] "GET /api/v1/movies/top-rated?size=10 HTTP/1.1" 200 5702 41759
0:0:0:0:0:0:0:1 - - [24/Nov/2025:14:48:35 +0700] "GET /api/v1/movies/now-showing?size=12 HTTP/1.1" 200 6159 44735
0:0:0:0:0:0:0:1 - - [24/Nov/2025:14:48:35 +0700] "GET /api/v1/movies?size=20 HTTP/1.1" 200 10171 72128
0:0:0:0:0:0:0:1 - - [24/Nov/2025:14:48:47 +0700] "OPTIONS /api/v1/auth/login HTTP/1.1" 200 - 11350
0:0:0:0:0:0:0:1 - - [24/Nov/2025:14:48:48 +0700] "POST /api/v1/auth/login HTTP/1.1" 200 877 1362758
0:0:0:0:0:0:0:1 - - [24/Nov/2025:14:48:58 +0700] "OPTIONS /api/v1/movies/45 HTTP/1.1" 200 - 3047
0:0:0:0:0:0:0:1 - - [24/Nov/2025:14:48:58 +0700] "OPTIONS /api/v1/movies/45 HTTP/1.1" 200 - 3335
0:0:0:0:0:0:0:1 - - [24/Nov/2025:14:49:00 +0700] "GET /api/v1/movies/45 HTTP/1.1" 200 886 1275438
0:0:0:0:0:0:0:1 - - [24/Nov/2025:14:49:00 +0700] "GET /api/v1/movies/45 HTTP/1.1" 200 886 27941
0:0:0:0:0:0:0:1 - - [24/Nov/2025:14:49:00 +0700] "OPTIONS /api/v1/showtime?movieId=45 HTTP/1.1" 200 - 1988
0:0:0:0:0:0:0:1 - - [24/Nov/2025:14:49:00 +0700] "GET /api/v1/showtime?movieId=45 HTTP/1.1" 200 4387 572525
0:0:0:0:0:0:0:1 - - [24/Nov/2025:14:49:01 +0700] "GET /api/v1/showtime?movieId=45 HTTP/1.1" 200 4387 472847
0:0:0:0:0:0:0:1 - - [24/Nov/2025:14:49:49 +0700] "OPTIONS /api/v1/auth/verify HTTP/1.1" 200 - 2747
0:0:0:0:0:0:0:1 - - [24/Nov/2025:14:49:49 +0700] "OPTIONS /api/v1/cinema-clusters/all HTTP/1.1" 200 - 5294
0:0:0:0:0:0:0:1 - - [24/Nov/2025:14:49:49 +0700] "OPTIONS /api/v1/movies/top-rated?size=10 HTTP/1.1" 200 - 1319
0:0:0:0:0:0:0:1 - - [24/Nov/2025:14:49:49 +0700] "OPTIONS /api/v1/movies?size=20 HTTP/1.1" 200 - 3548
0:0:0:0:0:0:0:1 - - [24/Nov/2025:14:49:49 +0700] "OPTIONS /api/v1/movies/coming-soon?size=12 HTTP/1.1" 200 - 1387
0:0:0:0:0:0:0:1 - - [24/Nov/2025:14:49:49 +0700] "OPTIONS /api/v1/movies/now-showing?size=12 HTTP/1.1" 200 - 1677
0:0:0:0:0:0:0:1 - - [24/Nov/2025:14:49:49 +0700] "OPTIONS /api/v1/cinema-clusters/all HTTP/1.1" 200 - 1841
0:0:0:0:0:0:0:1 - - [24/Nov/2025:14:49:49 +0700] "OPTIONS /api/v1/movies?size=20 HTTP/1.1" 200 - 2955
0:0:0:0:0:0:0:1 - - [24/Nov/2025:14:49:49 +0700] "OPTIONS /api/v1/movies/coming-soon?size=12 HTTP/1.1" 200 - 1524
0:0:0:0:0:0:0:1 - - [24/Nov/2025:14:49:49 +0700] "OPTIONS /api/v1/movies/top-rated?size=10 HTTP/1.1" 200 - 1577
0:0:0:0:0:0:0:1 - - [24/Nov/2025:14:49:49 +0700] "OPTIONS /api/v1/movies/now-showing?size=12 HTTP/1.1" 200 - 1663
0:0:0:0:0:0:0:1 - - [24/Nov/2025:14:49:49 +0700] "GET /api/v1/auth/verify HTTP/1.1" 200 262 66674
0:0:0:0:0:0:0:1 - - [24/Nov/2025:14:49:49 +0700] "GET /api/v1/cinema-clusters/all HTTP/1.1" 200 2085 60644
0:0:0:0:0:0:0:1 - - [24/Nov/2025:14:49:49 +0700] "GET /api/v1/movies/coming-soon?size=12 HTTP/1.1" 200 2247 63066
0:0:0:0:0:0:0:1 - - [24/Nov/2025:14:49:49 +0700] "GET /api/v1/movies/top-rated?size=10 HTTP/1.1" 200 5702 86178
0:0:0:0:0:0:0:1 - - [24/Nov/2025:14:49:49 +0700] "GET /api/v1/cinema-clusters/all HTTP/1.1" 200 2086 38257
0:0:0:0:0:0:0:1 - - [24/Nov/2025:14:49:49 +0700] "GET /api/v1/movies/now-showing?size=12 HTTP/1.1" 200 6159 97821
0:0:0:0:0:0:0:1 - - [24/Nov/2025:14:49:49 +0700] "GET /api/v1/movies/coming-soon?size=12 HTTP/1.1" 200 2247 46752
0:0:0:0:0:0:0:1 - - [24/Nov/2025:14:49:49 +0700] "GET /api/v1/movies?size=20 HTTP/1.1" 200 10171 117733
0:0:0:0:0:0:0:1 - - [24/Nov/2025:14:49:49 +0700] "GET /api/v1/movies/top-rated?size=10 HTTP/1.1" 200 5702 56881
0:0:0:0:0:0:0:1 - - [24/Nov/2025:14:49:49 +0700] "GET /api/v1/movies/now-showing?size=12 HTTP/1.1" 200 6159 56983
0:0:0:0:0:0:0:1 - - [24/Nov/2025:14:49:49 +0700] "GET /api/v1/movies?size=20 HTTP/1.1" 200 10171 78683
0:0:0:0:0:0:0:1 - - [24/Nov/2025:14:49:54 +0700] "OPTIONS /api/v1/movies/45 HTTP/1.1" 200 - 1659
0:0:0:0:0:0:0:1 - - [24/Nov/2025:14:49:54 +0700] "OPTIONS /api/v1/movies/45 HTTP/1.1" 200 - 1809
0:0:0:0:0:0:0:1 - - [24/Nov/2025:14:49:54 +0700] "GET /api/v1/movies/45 HTTP/1.1" 200 886 58416
0:0:0:0:0:0:0:1 - - [24/Nov/2025:14:49:54 +0700] "GET /api/v1/movies/45 HTTP/1.1" 200 886 32120
0:0:0:0:0:0:0:1 - - [24/Nov/2025:14:49:54 +0700] "OPTIONS /api/v1/showtime?movieId=45 HTTP/1.1" 200 - 1538
0:0:0:0:0:0:0:1 - - [24/Nov/2025:14:49:55 +0700] "GET /api/v1/showtime?movieId=45 HTTP/1.1" 200 4387 634157
0:0:0:0:0:0:0:1 - - [24/Nov/2025:14:49:55 +0700] "GET /api/v1/showtime?movieId=45 HTTP/1.1" 200 4386 558157
0:0:0:0:0:0:0:1 - - [24/Nov/2025:15:19:51 +0700] "GET /api/v1/movies?page=0&size=12&sort=id,desc HTTP/1.1" 200 6408 130100
0:0:0:0:0:0:0:1 - - [24/Nov/2025:15:19:51 +0700] "GET /api/v1/movies?page=0&size=12&sort=id,desc HTTP/1.1" 200 6408 36199
0:0:0:0:0:0:0:1 - - [24/Nov/2025:15:19:57 +0700] "GET /api/v1/cinemas/1 HTTP/1.1" 200 464 86200
0:0:0:0:0:0:0:1 - - [24/Nov/2025:15:19:57 +0700] "GET /api/v1/cinemas/1 HTTP/1.1" 200 464 15251
0:0:0:0:0:0:0:1 - - [24/Nov/2025:15:20:17 +0700] "GET /api/v1/cities/active HTTP/1.1" 200 1151 34388
0:0:0:0:0:0:0:1 - - [24/Nov/2025:15:20:17 +0700] "GET /api/v1/cities/active HTTP/1.1" 200 1151 9772
0:0:0:0:0:0:0:1 - - [24/Nov/2025:15:20:17 +0700] "GET /api/v1/cinema-clusters/all HTTP/1.1" 200 2086 12023
0:0:0:0:0:0:0:1 - - [24/Nov/2025:15:20:17 +0700] "GET /api/v1/cinema-clusters/all HTTP/1.1" 200 2086 7473
0:0:0:0:0:0:0:1 - - [24/Nov/2025:15:20:17 +0700] "GET /api/v1/cinemas?cityId=1&page=0&size=20 HTTP/1.1" 200 6809 66661
0:0:0:0:0:0:0:1 - - [24/Nov/2025:15:20:17 +0700] "GET /api/v1/cinemas?cityId=1&page=0&size=20 HTTP/1.1" 200 6809 61650
0:0:0:0:0:0:0:1 - - [24/Nov/2025:15:20:17 +0700] "GET /api/v1/showtime/cinema/1/date/2025-11-24 HTTP/1.1" 200 2462 85171
0:0:0:0:0:0:0:1 - - [24/Nov/2025:15:20:17 +0700] "GET /api/v1/showtime/cinema/1/date/2025-11-24 HTTP/1.1" 200 2462 24114
0:0:0:0:0:0:0:1 - - [24/Nov/2025:15:20:17 +0700] "GET /api/v1/cinemas?cityId=1&page=0&size=20 HTTP/1.1" 200 6809 64936
0:0:0:0:0:0:0:1 - - [24/Nov/2025:15:20:17 +0700] "GET /api/v1/showtime/cinema/1/date/2025-11-24 HTTP/1.1" 200 2462 20429
0:0:0:0:0:0:0:1 - - [24/Nov/2025:15:20:17 +0700] "GET /api/v1/showtime/cinema/1/date/2025-11-24 HTTP/1.1" 200 2462 26147
0:0:0:0:0:0:0:1 - - [24/Nov/2025:15:20:21 +0700] "GET /api/v1/showtime/53 HTTP/1.1" 200 489 101060
0:0:0:0:0:0:0:1 - - [24/Nov/2025:15:20:21 +0700] "GET /api/v1/showtime/53 HTTP/1.1" 200 489 41128
0:0:0:0:0:0:0:1 - - [24/Nov/2025:15:20:21 +0700] "GET /api/v1/showtime-seats/showtime/53 HTTP/1.1" 200 22895 236928
0:0:0:0:0:0:0:1 - - [24/Nov/2025:15:20:21 +0700] "GET /api/v1/showtime-seats/showtime/53 HTTP/1.1" 200 22894 187024
0:0:0:0:0:0:0:1 - - [24/Nov/2025:15:20:37 +0700] "GET /api/v1/movies?page=0&size=12&sort=id,desc HTTP/1.1" 200 6408 40949
0:0:0:0:0:0:0:1 - - [24/Nov/2025:15:20:37 +0700] "GET /api/v1/movies?page=0&size=12&sort=id,desc HTTP/1.1" 200 6408 32110
0:0:0:0:0:0:0:1 - - [24/Nov/2025:15:21:49 +0700] "GET /api/v1/cities/active HTTP/1.1" 200 1151 7525
0:0:0:0:0:0:0:1 - - [24/Nov/2025:15:21:49 +0700] "GET /api/v1/cities/active HTTP/1.1" 200 1151 5786
0:0:0:0:0:0:0:1 - - [24/Nov/2025:15:21:49 +0700] "GET /api/v1/cinema-clusters/all HTTP/1.1" 200 2086 6734
0:0:0:0:0:0:0:1 - - [24/Nov/2025:15:21:49 +0700] "GET /api/v1/cinema-clusters/all HTTP/1.1" 200 2086 5806
0:0:0:0:0:0:0:1 - - [24/Nov/2025:15:21:49 +0700] "GET /api/v1/cinemas?cityId=1&page=0&size=20 HTTP/1.1" 200 6809 41689
0:0:0:0:0:0:0:1 - - [24/Nov/2025:15:21:49 +0700] "GET /api/v1/showtime/cinema/1/date/2025-11-24 HTTP/1.1" 200 2462 12508
0:0:0:0:0:0:0:1 - - [24/Nov/2025:15:21:49 +0700] "GET /api/v1/showtime/cinema/1/date/2025-11-24 HTTP/1.1" 200 2462 14189
0:0:0:0:0:0:0:1 - - [24/Nov/2025:15:21:49 +0700] "GET /api/v1/cinemas?cityId=1&page=0&size=20 HTTP/1.1" 200 6809 46731
0:0:0:0:0:0:0:1 - - [24/Nov/2025:15:21:49 +0700] "GET /api/v1/showtime/cinema/1/date/2025-11-24 HTTP/1.1" 200 2462 14393
0:0:0:0:0:0:0:1 - - [24/Nov/2025:15:21:49 +0700] "GET /api/v1/cinemas?cityId=1&page=0&size=20 HTTP/1.1" 200 6809 46395
0:0:0:0:0:0:0:1 - - [24/Nov/2025:15:21:49 +0700] "GET /api/v1/showtime/cinema/1/date/2025-11-24 HTTP/1.1" 200 2462 14302
0:0:0:0:0:0:0:1 - - [24/Nov/2025:15:21:54 +0700] "GET /api/v1/cinemas/cluster/1 HTTP/1.1" 200 3671 63990
0:0:0:0:0:0:0:1 - - [24/Nov/2025:15:21:54 +0700] "GET /api/v1/showtime/cinema/1/date/2025-11-24 HTTP/1.1" 200 2462 15318
0:0:0:0:0:0:0:1 - - [24/Nov/2025:15:21:54 +0700] "GET /api/v1/showtime/cinema/1/date/2025-11-24 HTTP/1.1" 200 2462 15737
0:0:0:0:0:0:0:1 - - [24/Nov/2025:15:21:56 +0700] "GET /api/v1/cinemas/cluster/2 HTTP/1.1" 200 2313 32877
0:0:0:0:0:0:0:1 - - [24/Nov/2025:15:21:56 +0700] "GET /api/v1/showtime/cinema/12/date/2025-11-24 HTTP/1.1" 200 2495 19061
0:0:0:0:0:0:0:1 - - [24/Nov/2025:15:21:56 +0700] "GET /api/v1/showtime/cinema/12/date/2025-11-24 HTTP/1.1" 200 2495 20285
0:0:0:0:0:0:0:1 - - [24/Nov/2025:15:21:57 +0700] "GET /api/v1/cinemas/cluster/3 HTTP/1.1" 200 2628 39844
0:0:0:0:0:0:0:1 - - [24/Nov/2025:15:21:57 +0700] "GET /api/v1/showtime/cinema/19/date/2025-11-24 HTTP/1.1" 200 2501 15075
0:0:0:0:0:0:0:1 - - [24/Nov/2025:15:21:57 +0700] "GET /api/v1/showtime/cinema/19/date/2025-11-24 HTTP/1.1" 200 2501 11779
0:0:0:0:0:0:0:1 - - [24/Nov/2025:15:25:04 +0700] "GET /api/v1/showtime/1603 HTTP/1.1" 200 484 46530
0:0:0:0:0:0:0:1 - - [24/Nov/2025:15:25:04 +0700] "GET /api/v1/showtime/1603 HTTP/1.1" 200 484 37937
0:0:0:0:0:0:0:1 - - [24/Nov/2025:15:25:04 +0700] "GET /api/v1/showtime-seats/showtime/1603 HTTP/1.1" 200 23497 162120
0:0:0:0:0:0:0:1 - - [24/Nov/2025:15:25:04 +0700] "GET /api/v1/showtime-seats/showtime/1603 HTTP/1.1" 200 23497 191368
