0:0:0:0:0:0:0:1 - - [07/Dec/2025:00:08:17 +0700] "GET /api/v1/cities?page=0&size=20 HTTP/1.1" 200 1495 15811
0:0:0:0:0:0:0:1 - - [07/Dec/2025:00:08:17 +0700] "GET /api/v1/cities?page=0&size=20 HTTP/1.1" 200 1495 8386
0:0:0:0:0:0:0:1 - - [07/Dec/2025:00:08:17 +0700] "GET /api/v1/cinemas?size=1000 HTTP/1.1" 200 6588 58522
0:0:0:0:0:0:0:1 - - [07/Dec/2025:00:08:17 +0700] "GET /api/v1/cinemas?size=1000 HTTP/1.1" 200 6588 39095
0:0:0:0:0:0:0:1 - - [07/Dec/2025:00:08:20 +0700] "GET /api/v1/movies/coming-soon?size=12 HTTP/1.1" 200 2510 36929
0:0:0:0:0:0:0:1 - - [07/Dec/2025:00:08:20 +0700] "GET /api/v1/movies/top-rated?size=10 HTTP/1.1" 200 8244 52972
0:0:0:0:0:0:0:1 - - [07/Dec/2025:00:08:20 +0700] "GET /api/v1/movies/now-showing?size=12 HTTP/1.1" 200 7882 59408
0:0:0:0:0:0:0:1 - - [07/Dec/2025:00:08:20 +0700] "GET /api/v1/movies/coming-soon?size=12 HTTP/1.1" 200 2510 21726
0:0:0:0:0:0:0:1 - - [07/Dec/2025:00:08:20 +0700] "GET /api/v1/movies?size=20 HTTP/1.1" 200 15267 96390
0:0:0:0:0:0:0:1 - - [07/Dec/2025:00:08:20 +0700] "GET /api/v1/movies/top-rated?size=10 HTTP/1.1" 200 8244 50129
0:0:0:0:0:0:0:1 - - [07/Dec/2025:00:08:20 +0700] "GET /api/v1/movies/now-showing?size=12 HTTP/1.1" 200 7882 60292
0:0:0:0:0:0:0:1 - - [07/Dec/2025:00:08:20 +0700] "GET /api/v1/movies?size=20 HTTP/1.1" 200 15267 96002
0:0:0:0:0:0:0:1 - - [07/Dec/2025:00:08:24 +0700] "GET /api/v1/genres HTTP/1.1" 200 840 13707
0:0:0:0:0:0:0:1 - - [07/Dec/2025:00:08:24 +0700] "GET /api/v1/genres HTTP/1.1" 200 840 9110
0:0:0:0:0:0:0:1 - - [07/Dec/2025:00:08:24 +0700] "GET /api/v1/movies/search?page=0&size=15&sort=id,desc HTTP/1.1" 200 9694 81316
0:0:0:0:0:0:0:1 - - [07/Dec/2025:00:08:24 +0700] "GET /api/v1/movies/search?page=0&size=15&sort=id,desc HTTP/1.1" 200 9694 75668
0:0:0:0:0:0:0:1 - - [07/Dec/2025:00:08:25 +0700] "GET /api/v1/cities/all-no-page HTTP/1.1" 200 1151 18491
0:0:0:0:0:0:0:1 - - [07/Dec/2025:00:08:25 +0700] "GET /api/v1/cities/all-no-page HTTP/1.1" 200 1151 28623
0:0:0:0:0:0:0:1 - - [07/Dec/2025:00:08:25 +0700] "GET /api/v1/cinemas?cityId=1&page=0&size=20 HTTP/1.1" 200 6584 96029
0:0:0:0:0:0:0:1 - - [07/Dec/2025:00:08:25 +0700] "GET /api/v1/showtime/cinema/1/date/2025-12-07?page=0&size=20 HTTP/1.1" 200 470 10799
0:0:0:0:0:0:0:1 - - [07/Dec/2025:00:08:25 +0700] "GET /api/v1/showtime/cinema/1/date/2025-12-07?page=0&size=20 HTTP/1.1" 200 470 16942
0:0:0:0:0:0:0:1 - - [07/Dec/2025:00:08:25 +0700] "GET /api/v1/cinemas?cityId=1&page=0&size=20 HTTP/1.1" 200 6584 54601
0:0:0:0:0:0:0:1 - - [07/Dec/2025:00:08:25 +0700] "GET /api/v1/showtime/cinema/1/date/2025-12-07?page=0&size=20 HTTP/1.1" 200 470 15490
0:0:0:0:0:0:0:1 - - [07/Dec/2025:00:08:25 +0700] "GET /api/v1/cinemas?cityId=1&page=0&size=20 HTTP/1.1" 200 6583 48024
0:0:0:0:0:0:0:1 - - [07/Dec/2025:00:08:25 +0700] "GET /api/v1/showtime/cinema/1/date/2025-12-07?page=0&size=20 HTTP/1.1" 200 469 13526
0:0:0:0:0:0:0:1 - - [07/Dec/2025:00:08:26 +0700] "GET /api/v1/cities?page=0&size=20 HTTP/1.1" 200 1495 9464
0:0:0:0:0:0:0:1 - - [07/Dec/2025:00:08:26 +0700] "GET /api/v1/cities?page=0&size=20 HTTP/1.1" 200 1495 11334
0:0:0:0:0:0:0:1 - - [07/Dec/2025:00:08:26 +0700] "GET /api/v1/cinemas?size=1000 HTTP/1.1" 200 6588 54798
0:0:0:0:0:0:0:1 - - [07/Dec/2025:00:08:26 +0700] "GET /api/v1/cinemas?size=1000 HTTP/1.1" 200 6588 48282
0:0:0:0:0:0:0:1 - - [07/Dec/2025:00:09:45 +0700] "GET /api/v1/movies/coming-soon?size=12 HTTP/1.1" 200 2510 32554
0:0:0:0:0:0:0:1 - - [07/Dec/2025:00:09:45 +0700] "GET /api/v1/movies/coming-soon?size=12 HTTP/1.1" 200 2510 20433
0:0:0:0:0:0:0:1 - - [07/Dec/2025:00:09:45 +0700] "GET /api/v1/movies/top-rated?size=10 HTTP/1.1" 200 8244 55315
0:0:0:0:0:0:0:1 - - [07/Dec/2025:00:09:45 +0700] "GET /api/v1/movies/now-showing?size=12 HTTP/1.1" 200 7882 73963
0:0:0:0:0:0:0:1 - - [07/Dec/2025:00:09:45 +0700] "GET /api/v1/movies?size=20 HTTP/1.1" 200 15267 99519
0:0:0:0:0:0:0:1 - - [07/Dec/2025:00:09:45 +0700] "GET /api/v1/movies/top-rated?size=10 HTTP/1.1" 200 8244 49415
0:0:0:0:0:0:0:1 - - [07/Dec/2025:00:09:45 +0700] "GET /api/v1/movies/now-showing?size=12 HTTP/1.1" 200 7882 59384
0:0:0:0:0:0:0:1 - - [07/Dec/2025:00:09:45 +0700] "GET /api/v1/movies?size=20 HTTP/1.1" 200 15267 102204
0:0:0:0:0:0:0:1 - - [07/Dec/2025:00:09:47 +0700] "GET /api/v1/cities?page=0&size=20 HTTP/1.1" 200 1495 13386
0:0:0:0:0:0:0:1 - - [07/Dec/2025:00:09:47 +0700] "GET /api/v1/cities?page=0&size=20 HTTP/1.1" 200 1495 14327
0:0:0:0:0:0:0:1 - - [07/Dec/2025:00:09:47 +0700] "GET /api/v1/cinemas?size=1000 HTTP/1.1" 200 6588 58591
0:0:0:0:0:0:0:1 - - [07/Dec/2025:00:09:47 +0700] "GET /api/v1/cinemas?size=1000 HTTP/1.1" 200 6588 43223
0:0:0:0:0:0:0:1 - - [07/Dec/2025:00:09:48 +0700] "GET /api/v1/cities/all-no-page HTTP/1.1" 200 1151 11094
0:0:0:0:0:0:0:1 - - [07/Dec/2025:00:09:48 +0700] "GET /api/v1/cities/all-no-page HTTP/1.1" 200 1150 7284
0:0:0:0:0:0:0:1 - - [07/Dec/2025:00:09:48 +0700] "GET /api/v1/cinemas?cityId=1&page=0&size=20 HTTP/1.1" 200 6583 41388
0:0:0:0:0:0:0:1 - - [07/Dec/2025:00:09:48 +0700] "GET /api/v1/showtime/cinema/1/date/2025-12-07?page=0&size=20 HTTP/1.1" 200 469 15043
0:0:0:0:0:0:0:1 - - [07/Dec/2025:00:09:48 +0700] "GET /api/v1/showtime/cinema/1/date/2025-12-07?page=0&size=20 HTTP/1.1" 200 470 13474
0:0:0:0:0:0:0:1 - - [07/Dec/2025:00:09:48 +0700] "GET /api/v1/cinemas?cityId=1&page=0&size=20 HTTP/1.1" 200 6584 72076
0:0:0:0:0:0:0:1 - - [07/Dec/2025:00:09:48 +0700] "GET /api/v1/showtime/cinema/1/date/2025-12-07?page=0&size=20 HTTP/1.1" 200 470 14307
0:0:0:0:0:0:0:1 - - [07/Dec/2025:00:09:48 +0700] "GET /api/v1/cinemas?cityId=1&page=0&size=20 HTTP/1.1" 200 6584 75453
0:0:0:0:0:0:0:1 - - [07/Dec/2025:00:09:48 +0700] "GET /api/v1/showtime/cinema/1/date/2025-12-07?page=0&size=20 HTTP/1.1" 200 470 11602
0:0:0:0:0:0:0:1 - - [07/Dec/2025:00:09:50 +0700] "GET /api/v1/genres HTTP/1.1" 200 839 7447
0:0:0:0:0:0:0:1 - - [07/Dec/2025:00:09:50 +0700] "GET /api/v1/genres HTTP/1.1" 200 840 4695
0:0:0:0:0:0:0:1 - - [07/Dec/2025:00:09:50 +0700] "GET /api/v1/movies/search?page=0&size=15&sort=id,desc HTTP/1.1" 200 9694 58280
0:0:0:0:0:0:0:1 - - [07/Dec/2025:00:09:50 +0700] "GET /api/v1/movies/search?page=0&size=15&sort=id,desc HTTP/1.1" 200 9694 53065
0:0:0:0:0:0:0:1 - - [07/Dec/2025:00:11:00 +0700] "GET /api/v1/cities/all-no-page HTTP/1.1" 200 1151 13371
0:0:0:0:0:0:0:1 - - [07/Dec/2025:00:11:00 +0700] "GET /api/v1/cities/all-no-page HTTP/1.1" 200 1151 6952
0:0:0:0:0:0:0:1 - - [07/Dec/2025:00:11:00 +0700] "GET /api/v1/cinemas?cityId=1&page=0&size=20 HTTP/1.1" 200 6583 50740
0:0:0:0:0:0:0:1 - - [07/Dec/2025:00:11:00 +0700] "GET /api/v1/showtime/cinema/1/date/2025-12-07?page=0&size=20 HTTP/1.1" 200 470 14059
0:0:0:0:0:0:0:1 - - [07/Dec/2025:00:11:00 +0700] "GET /api/v1/showtime/cinema/1/date/2025-12-07?page=0&size=20 HTTP/1.1" 200 469 13192
0:0:0:0:0:0:0:1 - - [07/Dec/2025:00:11:00 +0700] "GET /api/v1/cinemas?cityId=1&page=0&size=20 HTTP/1.1" 200 6584 59824
0:0:0:0:0:0:0:1 - - [07/Dec/2025:00:11:01 +0700] "GET /api/v1/showtime/cinema/1/date/2025-12-07?page=0&size=20 HTTP/1.1" 200 469 12319
0:0:0:0:0:0:0:1 - - [07/Dec/2025:00:11:01 +0700] "GET /api/v1/cinemas?cityId=1&page=0&size=20 HTTP/1.1" 200 6584 48531
0:0:0:0:0:0:0:1 - - [07/Dec/2025:00:11:01 +0700] "GET /api/v1/showtime/cinema/1/date/2025-12-07?page=0&size=20 HTTP/1.1" 200 470 12214
0:0:0:0:0:0:0:1 - - [07/Dec/2025:00:11:03 +0700] "GET /api/v1/movies/coming-soon?size=12 HTTP/1.1" 200 2510 23434
0:0:0:0:0:0:0:1 - - [07/Dec/2025:00:11:03 +0700] "GET /api/v1/movies/coming-soon?size=12 HTTP/1.1" 200 2510 16461
0:0:0:0:0:0:0:1 - - [07/Dec/2025:00:11:03 +0700] "GET /api/v1/movies/top-rated?size=10 HTTP/1.1" 200 8244 47411
0:0:0:0:0:0:0:1 - - [07/Dec/2025:00:11:03 +0700] "GET /api/v1/movies/now-showing?size=12 HTTP/1.1" 200 7882 59136
0:0:0:0:0:0:0:1 - - [07/Dec/2025:00:11:03 +0700] "GET /api/v1/movies?size=20 HTTP/1.1" 200 15267 81043
0:0:0:0:0:0:0:1 - - [07/Dec/2025:00:11:03 +0700] "GET /api/v1/movies/top-rated?size=10 HTTP/1.1" 200 8244 41757
0:0:0:0:0:0:0:1 - - [07/Dec/2025:00:11:03 +0700] "GET /api/v1/movies/now-showing?size=12 HTTP/1.1" 200 7882 51943
0:0:0:0:0:0:0:1 - - [07/Dec/2025:00:11:03 +0700] "GET /api/v1/movies?size=20 HTTP/1.1" 200 15267 81642
