0:0:0:0:0:0:0:1 - - [11/Oct/2025:00:36:51 +0700] "OPTIONS /api/v1/cinema-clusters/all HTTP/1.1" 200 - 27380
0:0:0:0:0:0:0:1 - - [11/Oct/2025:00:36:51 +0700] "OPTIONS /api/v1/cities/active HTTP/1.1" 200 - 27387
0:0:0:0:0:0:0:1 - - [11/Oct/2025:00:36:51 +0700] "OPTIONS /api/v1/cinema-clusters/all HTTP/1.1" 200 - 27382
0:0:0:0:0:0:0:1 - - [11/Oct/2025:00:36:51 +0700] "OPTIONS /api/v1/cities/active HTTP/1.1" 200 - 27386
0:0:0:0:0:0:0:1 - - [11/Oct/2025:00:36:51 +0700] "GET /api/v1/cities/active HTTP/1.1" 200 1029 106603
0:0:0:0:0:0:0:1 - - [11/Oct/2025:00:36:51 +0700] "GET /api/v1/cinema-clusters/all HTTP/1.1" 200 2702 106555
0:0:0:0:0:0:0:1 - - [11/Oct/2025:00:36:51 +0700] "OPTIONS /api/v1/cinemas/cluster/1 HTTP/1.1" 200 - 3960
0:0:0:0:0:0:0:1 - - [11/Oct/2025:00:36:51 +0700] "GET /api/v1/cities/active HTTP/1.1" 200 1029 37806
0:0:0:0:0:0:0:1 - - [11/Oct/2025:00:36:51 +0700] "GET /api/v1/cinema-clusters/all HTTP/1.1" 200 2703 37881
0:0:0:0:0:0:0:1 - - [11/Oct/2025:00:36:51 +0700] "GET /api/v1/cinemas/cluster/1 HTTP/1.1" 200 3411 276610
0:0:0:0:0:0:0:1 - - [11/Oct/2025:00:36:51 +0700] "GET /api/v1/cinemas/cluster/1 HTTP/1.1" 200 3411 89548
0:0:0:0:0:0:0:1 - - [11/Oct/2025:00:44:24 +0700] "OPTIONS /api/v1/cinema-clusters/all HTTP/1.1" 200 - 1740
0:0:0:0:0:0:0:1 - - [11/Oct/2025:00:44:24 +0700] "OPTIONS /api/v1/cinema-clusters/all HTTP/1.1" 200 - 1715
0:0:0:0:0:0:0:1 - - [11/Oct/2025:00:44:24 +0700] "GET /api/v1/cinema-clusters/all HTTP/1.1" 200 2703 28618
0:0:0:0:0:0:0:1 - - [11/Oct/2025:00:44:24 +0700] "OPTIONS /api/v1/cinemas/cluster/1 HTTP/1.1" 200 - 1601
0:0:0:0:0:0:0:1 - - [11/Oct/2025:00:44:24 +0700] "GET /api/v1/cinema-clusters/all HTTP/1.1" 200 2703 22650
0:0:0:0:0:0:0:1 - - [11/Oct/2025:00:44:24 +0700] "GET /api/v1/cinemas/cluster/1 HTTP/1.1" 200 3412 87105
0:0:0:0:0:0:0:1 - - [11/Oct/2025:00:44:24 +0700] "GET /api/v1/cinemas/cluster/1 HTTP/1.1" 200 3412 108707
0:0:0:0:0:0:0:1 - - [11/Oct/2025:00:44:32 +0700] "OPTIONS /api/v1/cinema-clusters/all HTTP/1.1" 200 - 1628
0:0:0:0:0:0:0:1 - - [11/Oct/2025:00:44:32 +0700] "OPTIONS /api/v1/cinema-clusters/all HTTP/1.1" 200 - 1702
0:0:0:0:0:0:0:1 - - [11/Oct/2025:00:44:32 +0700] "GET /api/v1/cinema-clusters/all HTTP/1.1" 200 2701 33950
0:0:0:0:0:0:0:1 - - [11/Oct/2025:00:44:32 +0700] "OPTIONS /api/v1/cinemas/cluster/1 HTTP/1.1" 200 - 1723
0:0:0:0:0:0:0:1 - - [11/Oct/2025:00:44:32 +0700] "GET /api/v1/cinema-clusters/all HTTP/1.1" 200 2703 27741
0:0:0:0:0:0:0:1 - - [11/Oct/2025:00:44:32 +0700] "GET /api/v1/cinemas/cluster/1 HTTP/1.1" 200 3412 83215
0:0:0:0:0:0:0:1 - - [11/Oct/2025:00:44:32 +0700] "GET /api/v1/cinemas/cluster/1 HTTP/1.1" 200 3412 98992
0:0:0:0:0:0:0:1 - - [11/Oct/2025:00:44:44 +0700] "OPTIONS /api/v1/cities/active HTTP/1.1" 200 - 1432
0:0:0:0:0:0:0:1 - - [11/Oct/2025:00:44:44 +0700] "GET /api/v1/cities/active HTTP/1.1" 200 1029 27052
0:0:0:0:0:0:0:1 - - [11/Oct/2025:00:45:59 +0700] "OPTIONS /api/v1/cinemas/cluster/8 HTTP/1.1" 200 - 1491
0:0:0:0:0:0:0:1 - - [11/Oct/2025:00:45:59 +0700] "GET /api/v1/cinemas/cluster/8 HTTP/1.1" 200 3323 77404
0:0:0:0:0:0:0:1 - - [11/Oct/2025:00:46:38 +0700] "OPTIONS /api/v1/cinema-clusters/all HTTP/1.1" 200 - 1528
0:0:0:0:0:0:0:1 - - [11/Oct/2025:00:46:38 +0700] "OPTIONS /api/v1/cinema-clusters/all HTTP/1.1" 200 - 1069
0:0:0:0:0:0:0:1 - - [11/Oct/2025:00:46:38 +0700] "OPTIONS /api/v1/cinema-clusters/all HTTP/1.1" 200 - 936
0:0:0:0:0:0:0:1 - - [11/Oct/2025:00:46:39 +0700] "GET /api/v1/cinema-clusters/all HTTP/1.1" 200 2703 22636
0:0:0:0:0:0:0:1 - - [11/Oct/2025:00:46:39 +0700] "OPTIONS /api/v1/cinemas/cluster/1 HTTP/1.1" 200 - 1503
0:0:0:0:0:0:0:1 - - [11/Oct/2025:00:46:39 +0700] "GET /api/v1/cinema-clusters/all HTTP/1.1" 200 2703 24821
0:0:0:0:0:0:0:1 - - [11/Oct/2025:00:46:39 +0700] "GET /api/v1/cinema-clusters/all HTTP/1.1" 200 2703 18363
0:0:0:0:0:0:0:1 - - [11/Oct/2025:00:46:39 +0700] "GET /api/v1/cinemas/cluster/1 HTTP/1.1" 200 3412 54909
0:0:0:0:0:0:0:1 - - [11/Oct/2025:00:46:39 +0700] "GET /api/v1/cinemas/cluster/1 HTTP/1.1" 200 3412 67274
0:0:0:0:0:0:0:1 - - [11/Oct/2025:00:46:39 +0700] "GET /api/v1/cinemas/cluster/1 HTTP/1.1" 200 3412 58464
0:0:0:0:0:0:0:1 - - [11/Oct/2025:00:46:40 +0700] "OPTIONS /api/v1/cinema-clusters/all HTTP/1.1" 200 - 1647
0:0:0:0:0:0:0:1 - - [11/Oct/2025:00:46:40 +0700] "OPTIONS /api/v1/cinema-clusters/all HTTP/1.1" 200 - 1396
0:0:0:0:0:0:0:1 - - [11/Oct/2025:00:46:40 +0700] "OPTIONS /api/v1/cinema-clusters/all HTTP/1.1" 200 - 2083
0:0:0:0:0:0:0:1 - - [11/Oct/2025:00:46:40 +0700] "GET /api/v1/cinema-clusters/all HTTP/1.1" 200 2703 28417
0:0:0:0:0:0:0:1 - - [11/Oct/2025:00:46:40 +0700] "OPTIONS /api/v1/cinemas/cluster/1 HTTP/1.1" 200 - 2507
0:0:0:0:0:0:0:1 - - [11/Oct/2025:00:46:40 +0700] "GET /api/v1/cinema-clusters/all HTTP/1.1" 200 2703 26816
0:0:0:0:0:0:0:1 - - [11/Oct/2025:00:46:40 +0700] "GET /api/v1/cinema-clusters/all HTTP/1.1" 200 2703 19109
0:0:0:0:0:0:0:1 - - [11/Oct/2025:00:46:40 +0700] "GET /api/v1/cinemas/cluster/1 HTTP/1.1" 200 3412 55479
0:0:0:0:0:0:0:1 - - [11/Oct/2025:00:46:40 +0700] "GET /api/v1/cinemas/cluster/1 HTTP/1.1" 200 3412 54909
0:0:0:0:0:0:0:1 - - [11/Oct/2025:00:46:40 +0700] "GET /api/v1/cinemas/cluster/1 HTTP/1.1" 200 3412 49699
0:0:0:0:0:0:0:1 - - [11/Oct/2025:00:49:03 +0700] "OPTIONS /api/v1/cities/active HTTP/1.1" 200 - 1328
0:0:0:0:0:0:0:1 - - [11/Oct/2025:00:49:03 +0700] "GET /api/v1/cities/active HTTP/1.1" 200 1029 13378
0:0:0:0:0:0:0:1 - - [11/Oct/2025:00:58:09 +0700] "OPTIONS /api/v1/cinemas/1 HTTP/1.1" 200 - 134387
0:0:0:0:0:0:0:1 - - [11/Oct/2025:00:58:09 +0700] "OPTIONS /api/v1/cinemas/1 HTTP/1.1" 200 - 134912
0:0:0:0:0:0:0:1 - - [11/Oct/2025:00:58:10 +0700] "GET /api/v1/cinemas/1 HTTP/1.1" 200 391 1040516
0:0:0:0:0:0:0:1 - - [11/Oct/2025:00:58:10 +0700] "OPTIONS /api/v1/rooms/cinema/1 HTTP/1.1" 200 - 7393
0:0:0:0:0:0:0:1 - - [11/Oct/2025:00:58:10 +0700] "GET /api/v1/cinemas/1 HTTP/1.1" 200 391 53679
0:0:0:0:0:0:0:1 - - [11/Oct/2025:00:58:10 +0700] "GET /api/v1/rooms/cinema/1 HTTP/1.1" 200 344 55191
0:0:0:0:0:0:0:1 - - [11/Oct/2025:00:58:10 +0700] "GET /api/v1/rooms/cinema/1 HTTP/1.1" 200 344 28135
0:0:0:0:0:0:0:1 - - [11/Oct/2025:00:58:59 +0700] "OPTIONS /api/v1/cinema-clusters/all HTTP/1.1" 200 - 1722
0:0:0:0:0:0:0:1 - - [11/Oct/2025:00:58:59 +0700] "OPTIONS /api/v1/cinema-clusters/all HTTP/1.1" 200 - 1713
0:0:0:0:0:0:0:1 - - [11/Oct/2025:00:58:59 +0700] "GET /api/v1/cinema-clusters/all HTTP/1.1" 200 2822 40447
0:0:0:0:0:0:0:1 - - [11/Oct/2025:00:58:59 +0700] "OPTIONS /api/v1/cinemas/cluster/1 HTTP/1.1" 200 - 3310
0:0:0:0:0:0:0:1 - - [11/Oct/2025:00:58:59 +0700] "GET /api/v1/cinema-clusters/all HTTP/1.1" 200 2823 48092
0:0:0:0:0:0:0:1 - - [11/Oct/2025:00:58:59 +0700] "GET /api/v1/cinemas/cluster/1 HTTP/1.1" 200 3412 155480
0:0:0:0:0:0:0:1 - - [11/Oct/2025:00:58:59 +0700] "GET /api/v1/cinemas/cluster/1 HTTP/1.1" 200 3412 112095
0:0:0:0:0:0:0:1 - - [11/Oct/2025:01:01:47 +0700] "OPTIONS /api/v1/cinema-clusters/all HTTP/1.1" 200 - 1939
0:0:0:0:0:0:0:1 - - [11/Oct/2025:01:01:47 +0700] "OPTIONS /api/v1/cinema-clusters/all HTTP/1.1" 200 - 1945
0:0:0:0:0:0:0:1 - - [11/Oct/2025:01:01:47 +0700] "GET /api/v1/cinema-clusters/all HTTP/1.1" 200 2823 36965
0:0:0:0:0:0:0:1 - - [11/Oct/2025:01:01:47 +0700] "OPTIONS /api/v1/cinemas/cluster/1 HTTP/1.1" 200 - 3233
0:0:0:0:0:0:0:1 - - [11/Oct/2025:01:01:47 +0700] "GET /api/v1/cinema-clusters/all HTTP/1.1" 200 2823 29297
0:0:0:0:0:0:0:1 - - [11/Oct/2025:01:01:47 +0700] "GET /api/v1/cinemas/cluster/1 HTTP/1.1" 200 3412 95607
0:0:0:0:0:0:0:1 - - [11/Oct/2025:01:01:47 +0700] "GET /api/v1/cinemas/cluster/1 HTTP/1.1" 200 3411 86171
0:0:0:0:0:0:0:1 - - [11/Oct/2025:01:06:24 +0700] "OPTIONS /api/v1/showtime HTTP/1.1" 200 - 2113
0:0:0:0:0:0:0:1 - - [11/Oct/2025:01:06:24 +0700] "OPTIONS /api/v1/movies HTTP/1.1" 200 - 1559
0:0:0:0:0:0:0:1 - - [11/Oct/2025:01:06:24 +0700] "OPTIONS /api/v1/cinemas HTTP/1.1" 200 - 1168
0:0:0:0:0:0:0:1 - - [11/Oct/2025:01:06:24 +0700] "GET /api/v1/showtime HTTP/1.1" 200 470 73368
0:0:0:0:0:0:0:1 - - [11/Oct/2025:01:06:24 +0700] "GET /api/v1/movies HTTP/1.1" 200 5366 122180
0:0:0:0:0:0:0:1 - - [11/Oct/2025:01:06:24 +0700] "GET /api/v1/cinemas HTTP/1.1" 200 5903 144297
0:0:0:0:0:0:0:1 - - [11/Oct/2025:01:06:24 +0700] "OPTIONS /api/v1/movies HTTP/1.1" 200 - 2279
0:0:0:0:0:0:0:1 - - [11/Oct/2025:01:06:24 +0700] "OPTIONS /api/v1/showtime HTTP/1.1" 200 - 2880
0:0:0:0:0:0:0:1 - - [11/Oct/2025:01:06:24 +0700] "OPTIONS /api/v1/cinemas HTTP/1.1" 200 - 1562
0:0:0:0:0:0:0:1 - - [11/Oct/2025:01:06:25 +0700] "GET /api/v1/showtime HTTP/1.1" 200 470 30239
0:0:0:0:0:0:0:1 - - [11/Oct/2025:01:06:25 +0700] "GET /api/v1/movies HTTP/1.1" 200 5366 58710
0:0:0:0:0:0:0:1 - - [11/Oct/2025:01:06:25 +0700] "GET /api/v1/cinemas HTTP/1.1" 200 5903 98836
0:0:0:0:0:0:0:1 - - [11/Oct/2025:01:11:08 +0700] "OPTIONS /api/v1/showtime HTTP/1.1" 200 - 1489
0:0:0:0:0:0:0:1 - - [11/Oct/2025:01:11:08 +0700] "OPTIONS /api/v1/movies HTTP/1.1" 200 - 789
0:0:0:0:0:0:0:1 - - [11/Oct/2025:01:11:08 +0700] "OPTIONS /api/v1/cinemas HTTP/1.1" 200 - 1232
0:0:0:0:0:0:0:1 - - [11/Oct/2025:01:11:08 +0700] "OPTIONS /api/v1/showtime HTTP/1.1" 200 - 1003
0:0:0:0:0:0:0:1 - - [11/Oct/2025:01:11:08 +0700] "OPTIONS /api/v1/movies HTTP/1.1" 200 - 922
0:0:0:0:0:0:0:1 - - [11/Oct/2025:01:11:08 +0700] "OPTIONS /api/v1/showtime HTTP/1.1" 200 - 1333
0:0:0:0:0:0:0:1 - - [11/Oct/2025:01:11:08 +0700] "OPTIONS /api/v1/cinemas HTTP/1.1" 200 - 1234
0:0:0:0:0:0:0:1 - - [11/Oct/2025:01:11:08 +0700] "OPTIONS /api/v1/movies HTTP/1.1" 200 - 1306
0:0:0:0:0:0:0:1 - - [11/Oct/2025:01:11:08 +0700] "OPTIONS /api/v1/cinemas HTTP/1.1" 200 - 1345
0:0:0:0:0:0:0:1 - - [11/Oct/2025:01:11:08 +0700] "GET /api/v1/showtime HTTP/1.1" 200 470 27631
0:0:0:0:0:0:0:1 - - [11/Oct/2025:01:11:08 +0700] "GET /api/v1/showtime HTTP/1.1" 200 470 27260
0:0:0:0:0:0:0:1 - - [11/Oct/2025:01:11:08 +0700] "GET /api/v1/movies HTTP/1.1" 200 5366 65886
0:0:0:0:0:0:0:1 - - [11/Oct/2025:01:11:08 +0700] "GET /api/v1/showtime HTTP/1.1" 200 470 22381
0:0:0:0:0:0:0:1 - - [11/Oct/2025:01:11:08 +0700] "GET /api/v1/cinemas HTTP/1.1" 200 5903 107136
0:0:0:0:0:0:0:1 - - [11/Oct/2025:01:11:08 +0700] "GET /api/v1/movies HTTP/1.1" 200 5366 45934
0:0:0:0:0:0:0:1 - - [11/Oct/2025:01:11:08 +0700] "GET /api/v1/movies HTTP/1.1" 200 5366 38608
0:0:0:0:0:0:0:1 - - [11/Oct/2025:01:11:08 +0700] "GET /api/v1/cinemas HTTP/1.1" 200 5902 74526
0:0:0:0:0:0:0:1 - - [11/Oct/2025:01:11:08 +0700] "GET /api/v1/cinemas HTTP/1.1" 200 5903 69036
0:0:0:0:0:0:0:1 - - [11/Oct/2025:01:11:08 +0700] "OPTIONS /api/v1/showtime HTTP/1.1" 200 - 2933
0:0:0:0:0:0:0:1 - - [11/Oct/2025:01:11:08 +0700] "OPTIONS /api/v1/movies HTTP/1.1" 200 - 2226
0:0:0:0:0:0:0:1 - - [11/Oct/2025:01:11:08 +0700] "OPTIONS /api/v1/cinemas HTTP/1.1" 200 - 3000
0:0:0:0:0:0:0:1 - - [11/Oct/2025:01:11:08 +0700] "OPTIONS /api/v1/showtime HTTP/1.1" 200 - 2369
0:0:0:0:0:0:0:1 - - [11/Oct/2025:01:11:08 +0700] "OPTIONS /api/v1/movies HTTP/1.1" 200 - 1841
0:0:0:0:0:0:0:1 - - [11/Oct/2025:01:11:08 +0700] "OPTIONS /api/v1/cinemas HTTP/1.1" 200 - 1568
0:0:0:0:0:0:0:1 - - [11/Oct/2025:01:11:08 +0700] "OPTIONS /api/v1/showtime HTTP/1.1" 200 - 2361
0:0:0:0:0:0:0:1 - - [11/Oct/2025:01:11:08 +0700] "OPTIONS /api/v1/movies HTTP/1.1" 200 - 2011
0:0:0:0:0:0:0:1 - - [11/Oct/2025:01:11:08 +0700] "OPTIONS /api/v1/cinemas HTTP/1.1" 200 - 1996
0:0:0:0:0:0:0:1 - - [11/Oct/2025:01:11:08 +0700] "GET /api/v1/showtime HTTP/1.1" 200 470 29551
0:0:0:0:0:0:0:1 - - [11/Oct/2025:01:11:08 +0700] "GET /api/v1/showtime HTTP/1.1" 200 470 17708
0:0:0:0:0:0:0:1 - - [11/Oct/2025:01:11:08 +0700] "GET /api/v1/movies HTTP/1.1" 200 5366 54148
0:0:0:0:0:0:0:1 - - [11/Oct/2025:01:11:08 +0700] "GET /api/v1/showtime HTTP/1.1" 200 470 15423
0:0:0:0:0:0:0:1 - - [11/Oct/2025:01:11:08 +0700] "GET /api/v1/cinemas HTTP/1.1" 200 5903 77538
0:0:0:0:0:0:0:1 - - [11/Oct/2025:01:11:08 +0700] "GET /api/v1/movies HTTP/1.1" 200 5366 32532
0:0:0:0:0:0:0:1 - - [11/Oct/2025:01:11:09 +0700] "GET /api/v1/movies HTTP/1.1" 200 5366 30743
0:0:0:0:0:0:0:1 - - [11/Oct/2025:01:11:09 +0700] "GET /api/v1/cinemas HTTP/1.1" 200 5903 53552
0:0:0:0:0:0:0:1 - - [11/Oct/2025:01:11:09 +0700] "GET /api/v1/cinemas HTTP/1.1" 200 5903 49763
0:0:0:0:0:0:0:1 - - [11/Oct/2025:19:22:00 +0700] "OPTIONS /api/v1/movies/coming-soon?size=12 HTTP/1.1" 200 - 119962
0:0:0:0:0:0:0:1 - - [11/Oct/2025:19:22:00 +0700] "OPTIONS /api/v1/movies?size=20 HTTP/1.1" 200 - 119696
0:0:0:0:0:0:0:1 - - [11/Oct/2025:19:22:00 +0700] "OPTIONS /api/v1/cinema-clusters/all HTTP/1.1" 200 - 119941
0:0:0:0:0:0:0:1 - - [11/Oct/2025:19:22:00 +0700] "OPTIONS /api/v1/movies/now-showing?size=12 HTTP/1.1" 200 - 119697
0:0:0:0:0:0:0:1 - - [11/Oct/2025:19:22:00 +0700] "OPTIONS /api/v1/movies/top-rated?size=10 HTTP/1.1" 200 - 119891
0:0:0:0:0:0:0:1 - - [11/Oct/2025:19:22:00 +0700] "OPTIONS /api/v1/auth/verify HTTP/1.1" 200 - 119792
0:0:0:0:0:0:0:1 - - [11/Oct/2025:19:22:00 +0700] "OPTIONS /api/v1/movies?size=20 HTTP/1.1" 200 - 1327
0:0:0:0:0:0:0:1 - - [11/Oct/2025:19:22:00 +0700] "OPTIONS /api/v1/cinema-clusters/all HTTP/1.1" 200 - 1806
0:0:0:0:0:0:0:1 - - [11/Oct/2025:19:22:00 +0700] "OPTIONS /api/v1/movies/coming-soon?size=12 HTTP/1.1" 200 - 2346
0:0:0:0:0:0:0:1 - - [11/Oct/2025:19:22:00 +0700] "OPTIONS /api/v1/movies/top-rated?size=10 HTTP/1.1" 200 - 1277
0:0:0:0:0:0:0:1 - - [11/Oct/2025:19:22:00 +0700] "OPTIONS /api/v1/movies/now-showing?size=12 HTTP/1.1" 200 - 1932
0:0:0:0:0:0:0:1 - - [11/Oct/2025:19:22:01 +0700] "GET /api/v1/cinema-clusters/all HTTP/1.1" 200 2823 1295565
0:0:0:0:0:0:0:1 - - [11/Oct/2025:19:22:01 +0700] "GET /api/v1/auth/verify HTTP/1.1" 200 262 1303268
0:0:0:0:0:0:0:1 - - [11/Oct/2025:19:22:01 +0700] "GET /api/v1/movies/coming-soon?size=12 HTTP/1.1" 200 3121 1332439
0:0:0:0:0:0:0:1 - - [11/Oct/2025:19:22:01 +0700] "GET /api/v1/movies/top-rated?size=10 HTTP/1.1" 200 5625 1332998
0:0:0:0:0:0:0:1 - - [11/Oct/2025:19:22:01 +0700] "GET /api/v1/movies/now-showing?size=12 HTTP/1.1" 200 5967 1335212
0:0:0:0:0:0:0:1 - - [11/Oct/2025:19:22:01 +0700] "GET /api/v1/movies?size=20 HTTP/1.1" 200 9726 1376152
0:0:0:0:0:0:0:1 - - [11/Oct/2025:19:22:01 +0700] "GET /api/v1/cinema-clusters/all HTTP/1.1" 200 2823 132372
0:0:0:0:0:0:0:1 - - [11/Oct/2025:19:22:01 +0700] "GET /api/v1/movies/coming-soon?size=12 HTTP/1.1" 200 3121 137114
0:0:0:0:0:0:0:1 - - [11/Oct/2025:19:22:01 +0700] "GET /api/v1/movies/top-rated?size=10 HTTP/1.1" 200 5625 169036
0:0:0:0:0:0:0:1 - - [11/Oct/2025:19:22:01 +0700] "GET /api/v1/movies/now-showing?size=12 HTTP/1.1" 200 5967 190785
0:0:0:0:0:0:0:1 - - [11/Oct/2025:19:22:01 +0700] "GET /api/v1/movies?size=20 HTTP/1.1" 200 9726 215959
0:0:0:0:0:0:0:1 - - [11/Oct/2025:19:24:35 +0700] "OPTIONS /api/v1/showtime HTTP/1.1" 200 - 1018
0:0:0:0:0:0:0:1 - - [11/Oct/2025:19:24:35 +0700] "OPTIONS /api/v1/cinemas HTTP/1.1" 200 - 1194
0:0:0:0:0:0:0:1 - - [11/Oct/2025:19:24:35 +0700] "OPTIONS /api/v1/cinemas HTTP/1.1" 200 - 989
0:0:0:0:0:0:0:1 - - [11/Oct/2025:19:24:35 +0700] "OPTIONS /api/v1/movies HTTP/1.1" 200 - 1157
0:0:0:0:0:0:0:1 - - [11/Oct/2025:19:24:35 +0700] "OPTIONS /api/v1/movies HTTP/1.1" 200 - 1003
0:0:0:0:0:0:0:1 - - [11/Oct/2025:19:24:35 +0700] "OPTIONS /api/v1/showtime HTTP/1.1" 200 - 1159
0:0:0:0:0:0:0:1 - - [11/Oct/2025:19:24:35 +0700] "GET /api/v1/showtime HTTP/1.1" 200 470 32759
0:0:0:0:0:0:0:1 - - [11/Oct/2025:19:24:35 +0700] "GET /api/v1/showtime HTTP/1.1" 200 470 27513
0:0:0:0:0:0:0:1 - - [11/Oct/2025:19:24:35 +0700] "GET /api/v1/movies HTTP/1.1" 200 5366 63148
0:0:0:0:0:0:0:1 - - [11/Oct/2025:19:24:35 +0700] "GET /api/v1/movies HTTP/1.1" 200 5366 52905
0:0:0:0:0:0:0:1 - - [11/Oct/2025:19:24:35 +0700] "GET /api/v1/cinemas HTTP/1.1" 200 5903 157093
0:0:0:0:0:0:0:1 - - [11/Oct/2025:19:24:35 +0700] "GET /api/v1/cinemas HTTP/1.1" 200 5902 122168
0:0:0:0:0:0:0:1 - - [11/Oct/2025:19:24:37 +0700] "OPTIONS /api/v1/cinema-clusters/all HTTP/1.1" 200 - 1072
0:0:0:0:0:0:0:1 - - [11/Oct/2025:19:24:37 +0700] "OPTIONS /api/v1/cinema-clusters/all HTTP/1.1" 200 - 1075
0:0:0:0:0:0:0:1 - - [11/Oct/2025:19:24:37 +0700] "GET /api/v1/cinema-clusters/all HTTP/1.1" 200 2823 35501
0:0:0:0:0:0:0:1 - - [11/Oct/2025:19:24:37 +0700] "OPTIONS /api/v1/cinemas/cluster/1 HTTP/1.1" 200 - 2640
0:0:0:0:0:0:0:1 - - [11/Oct/2025:19:24:37 +0700] "GET /api/v1/cinema-clusters/all HTTP/1.1" 200 2823 25869
0:0:0:0:0:0:0:1 - - [11/Oct/2025:19:24:37 +0700] "GET /api/v1/cinemas/cluster/1 HTTP/1.1" 200 3412 104184
0:0:0:0:0:0:0:1 - - [11/Oct/2025:19:24:37 +0700] "GET /api/v1/cinemas/cluster/1 HTTP/1.1" 200 3412 55076
0:0:0:0:0:0:0:1 - - [11/Oct/2025:19:24:44 +0700] "OPTIONS /api/v1/cinemas/1 HTTP/1.1" 200 - 2031
0:0:0:0:0:0:0:1 - - [11/Oct/2025:19:24:44 +0700] "OPTIONS /api/v1/cinemas/1 HTTP/1.1" 200 - 1981
0:0:0:0:0:0:0:1 - - [11/Oct/2025:19:24:44 +0700] "GET /api/v1/cinemas/1 HTTP/1.1" 200 391 36758
0:0:0:0:0:0:0:1 - - [11/Oct/2025:19:24:44 +0700] "OPTIONS /api/v1/rooms/cinema/1 HTTP/1.1" 200 - 1080
0:0:0:0:0:0:0:1 - - [11/Oct/2025:19:24:44 +0700] "GET /api/v1/cinemas/1 HTTP/1.1" 200 391 29544
0:0:0:0:0:0:0:1 - - [11/Oct/2025:19:24:44 +0700] "GET /api/v1/rooms/cinema/1 HTTP/1.1" 200 344 27204
0:0:0:0:0:0:0:1 - - [11/Oct/2025:19:24:44 +0700] "GET /api/v1/rooms/cinema/1 HTTP/1.1" 200 344 19265
0:0:0:0:0:0:0:1 - - [11/Oct/2025:19:24:46 +0700] "OPTIONS /api/v1/seats/room/1 HTTP/1.1" 200 - 2681
0:0:0:0:0:0:0:1 - - [11/Oct/2025:19:24:46 +0700] "OPTIONS /api/v1/seats/room/1 HTTP/1.1" 200 - 2526
0:0:0:0:0:0:0:1 - - [11/Oct/2025:19:24:46 +0700] "GET /api/v1/seats/room/1 HTTP/1.1" 200 11339 51545
0:0:0:0:0:0:0:1 - - [11/Oct/2025:19:24:46 +0700] "GET /api/v1/seats/room/1 HTTP/1.1" 200 11339 25014
0:0:0:0:0:0:0:1 - - [11/Oct/2025:19:26:40 +0700] "OPTIONS /api/v1/cinema-clusters/all HTTP/1.1" 200 - 3327
0:0:0:0:0:0:0:1 - - [11/Oct/2025:19:26:40 +0700] "OPTIONS /api/v1/cinema-clusters/all HTTP/1.1" 200 - 3486
0:0:0:0:0:0:0:1 - - [11/Oct/2025:19:26:41 +0700] "GET /api/v1/cinema-clusters/all HTTP/1.1" 200 2822 23056
0:0:0:0:0:0:0:1 - - [11/Oct/2025:19:26:41 +0700] "OPTIONS /api/v1/cinemas/cluster/1 HTTP/1.1" 200 - 1308
0:0:0:0:0:0:0:1 - - [11/Oct/2025:19:26:41 +0700] "GET /api/v1/cinema-clusters/all HTTP/1.1" 200 2823 38744
0:0:0:0:0:0:0:1 - - [11/Oct/2025:19:26:41 +0700] "GET /api/v1/cinemas/cluster/1 HTTP/1.1" 200 3412 169943
0:0:0:0:0:0:0:1 - - [11/Oct/2025:19:26:41 +0700] "GET /api/v1/cinemas/cluster/1 HTTP/1.1" 200 3412 94536
0:0:0:0:0:0:0:1 - - [11/Oct/2025:19:26:43 +0700] "OPTIONS /api/v1/showtime HTTP/1.1" 200 - 1838
0:0:0:0:0:0:0:1 - - [11/Oct/2025:19:26:43 +0700] "OPTIONS /api/v1/movies HTTP/1.1" 200 - 1418
0:0:0:0:0:0:0:1 - - [11/Oct/2025:19:26:43 +0700] "OPTIONS /api/v1/cinemas HTTP/1.1" 200 - 1105
0:0:0:0:0:0:0:1 - - [11/Oct/2025:19:26:43 +0700] "OPTIONS /api/v1/cinemas HTTP/1.1" 200 - 1455
0:0:0:0:0:0:0:1 - - [11/Oct/2025:19:26:43 +0700] "OPTIONS /api/v1/showtime HTTP/1.1" 200 - 1378
0:0:0:0:0:0:0:1 - - [11/Oct/2025:19:26:43 +0700] "OPTIONS /api/v1/movies HTTP/1.1" 200 - 1612
0:0:0:0:0:0:0:1 - - [11/Oct/2025:19:26:44 +0700] "GET /api/v1/showtime HTTP/1.1" 200 470 29211
0:0:0:0:0:0:0:1 - - [11/Oct/2025:19:26:44 +0700] "GET /api/v1/showtime HTTP/1.1" 200 470 17771
0:0:0:0:0:0:0:1 - - [11/Oct/2025:19:26:44 +0700] "GET /api/v1/movies HTTP/1.1" 200 5366 50834
0:0:0:0:0:0:0:1 - - [11/Oct/2025:19:26:44 +0700] "GET /api/v1/cinemas HTTP/1.1" 200 5901 85122
0:0:0:0:0:0:0:1 - - [11/Oct/2025:19:26:44 +0700] "GET /api/v1/movies HTTP/1.1" 200 5366 41747
0:0:0:0:0:0:0:1 - - [11/Oct/2025:19:26:44 +0700] "GET /api/v1/cinemas HTTP/1.1" 200 5903 66366
0:0:0:0:0:0:0:1 - - [11/Oct/2025:19:27:00 +0700] "OPTIONS /api/v1/auth/verify HTTP/1.1" 200 - 840
0:0:0:0:0:0:0:1 - - [11/Oct/2025:19:27:00 +0700] "OPTIONS /api/v1/cinema-clusters/all HTTP/1.1" 200 - 591
0:0:0:0:0:0:0:1 - - [11/Oct/2025:19:27:00 +0700] "OPTIONS /api/v1/movies?size=20 HTTP/1.1" 200 - 1094
0:0:0:0:0:0:0:1 - - [11/Oct/2025:19:27:00 +0700] "OPTIONS /api/v1/movies/coming-soon?size=12 HTTP/1.1" 200 - 833
0:0:0:0:0:0:0:1 - - [11/Oct/2025:19:27:00 +0700] "OPTIONS /api/v1/movies/now-showing?size=12 HTTP/1.1" 200 - 1522
0:0:0:0:0:0:0:1 - - [11/Oct/2025:19:27:00 +0700] "OPTIONS /api/v1/movies/top-rated?size=10 HTTP/1.1" 200 - 1289
0:0:0:0:0:0:0:1 - - [11/Oct/2025:19:27:00 +0700] "OPTIONS /api/v1/cinema-clusters/all HTTP/1.1" 200 - 1614
0:0:0:0:0:0:0:1 - - [11/Oct/2025:19:27:00 +0700] "OPTIONS /api/v1/movies?size=20 HTTP/1.1" 200 - 1089
0:0:0:0:0:0:0:1 - - [11/Oct/2025:19:27:00 +0700] "OPTIONS /api/v1/movies/now-showing?size=12 HTTP/1.1" 200 - 684
0:0:0:0:0:0:0:1 - - [11/Oct/2025:19:27:00 +0700] "OPTIONS /api/v1/movies/coming-soon?size=12 HTTP/1.1" 200 - 1120
0:0:0:0:0:0:0:1 - - [11/Oct/2025:19:27:00 +0700] "OPTIONS /api/v1/movies/top-rated?size=10 HTTP/1.1" 200 - 649
0:0:0:0:0:0:0:1 - - [11/Oct/2025:19:27:00 +0700] "GET /api/v1/auth/verify HTTP/1.1" 200 262 19171
0:0:0:0:0:0:0:1 - - [11/Oct/2025:19:27:00 +0700] "GET /api/v1/cinema-clusters/all HTTP/1.1" 200 2823 29031
0:0:0:0:0:0:0:1 - - [11/Oct/2025:19:27:00 +0700] "GET /api/v1/movies/coming-soon?size=12 HTTP/1.1" 200 3121 44823
0:0:0:0:0:0:0:1 - - [11/Oct/2025:19:27:00 +0700] "GET /api/v1/cinema-clusters/all HTTP/1.1" 200 2823 24737
0:0:0:0:0:0:0:1 - - [11/Oct/2025:19:27:00 +0700] "GET /api/v1/movies/now-showing?size=12 HTTP/1.1" 200 5967 68199
0:0:0:0:0:0:0:1 - - [11/Oct/2025:19:27:00 +0700] "GET /api/v1/movies/top-rated?size=10 HTTP/1.1" 200 5625 70047
0:0:0:0:0:0:0:1 - - [11/Oct/2025:19:27:00 +0700] "GET /api/v1/movies/coming-soon?size=12 HTTP/1.1" 200 3121 40544
0:0:0:0:0:0:0:1 - - [11/Oct/2025:19:27:00 +0700] "GET /api/v1/movies?size=20 HTTP/1.1" 200 9726 100231
0:0:0:0:0:0:0:1 - - [11/Oct/2025:19:27:00 +0700] "GET /api/v1/movies/top-rated?size=10 HTTP/1.1" 200 5625 72591
0:0:0:0:0:0:0:1 - - [11/Oct/2025:19:27:00 +0700] "GET /api/v1/movies/now-showing?size=12 HTTP/1.1" 200 5967 82295
0:0:0:0:0:0:0:1 - - [11/Oct/2025:19:27:00 +0700] "GET /api/v1/movies?size=20 HTTP/1.1" 200 9726 126764
0:0:0:0:0:0:0:1 - - [11/Oct/2025:19:28:44 +0700] "OPTIONS /api/v1/users HTTP/1.1" 200 - 1133
0:0:0:0:0:0:0:1 - - [11/Oct/2025:19:28:44 +0700] "OPTIONS /api/v1/users HTTP/1.1" 200 - 1693
0:0:0:0:0:0:0:1 - - [11/Oct/2025:19:28:44 +0700] "OPTIONS /api/v1/users HTTP/1.1" 200 - 1151
0:0:0:0:0:0:0:1 - - [11/Oct/2025:19:28:44 +0700] "GET /api/v1/users HTTP/1.1" 500 175 37663
0:0:0:0:0:0:0:1 - - [11/Oct/2025:19:28:44 +0700] "GET /api/v1/users HTTP/1.1" 500 175 11185
0:0:0:0:0:0:0:1 - - [11/Oct/2025:19:28:44 +0700] "GET /api/v1/users HTTP/1.1" 500 175 10908
0:0:0:0:0:0:0:1 - - [11/Oct/2025:19:28:44 +0700] "OPTIONS /api/v1/users HTTP/1.1" 200 - 784
0:0:0:0:0:0:0:1 - - [11/Oct/2025:19:28:44 +0700] "OPTIONS /api/v1/users HTTP/1.1" 200 - 692
0:0:0:0:0:0:0:1 - - [11/Oct/2025:19:28:44 +0700] "OPTIONS /api/v1/users HTTP/1.1" 200 - 783
0:0:0:0:0:0:0:1 - - [11/Oct/2025:19:28:44 +0700] "GET /api/v1/users HTTP/1.1" 500 175 11621
0:0:0:0:0:0:0:1 - - [11/Oct/2025:19:28:44 +0700] "GET /api/v1/users HTTP/1.1" 500 174 10374
0:0:0:0:0:0:0:1 - - [11/Oct/2025:19:28:44 +0700] "GET /api/v1/users HTTP/1.1" 500 175 9274
0:0:0:0:0:0:0:1 - - [11/Oct/2025:20:38:12 +0700] "OPTIONS /api/v1/users HTTP/1.1" 200 - 3645
0:0:0:0:0:0:0:1 - - [11/Oct/2025:20:38:12 +0700] "OPTIONS /api/v1/users HTTP/1.1" 200 - 3645
0:0:0:0:0:0:0:1 - - [11/Oct/2025:20:38:12 +0700] "GET /api/v1/users HTTP/1.1" 200 - 10825
0:0:0:0:0:0:0:1 - - [11/Oct/2025:20:38:12 +0700] "GET /api/v1/users HTTP/1.1" 200 - 6108
0:0:0:0:0:0:0:1 - - [11/Oct/2025:20:38:51 +0700] "OPTIONS /api/v1/users HTTP/1.1" 200 - 4339
0:0:0:0:0:0:0:1 - - [11/Oct/2025:20:38:51 +0700] "OPTIONS /api/v1/users HTTP/1.1" 200 - 4273
0:0:0:0:0:0:0:1 - - [11/Oct/2025:20:38:51 +0700] "GET /api/v1/users HTTP/1.1" 200 - 12486
0:0:0:0:0:0:0:1 - - [11/Oct/2025:20:38:51 +0700] "GET /api/v1/users HTTP/1.1" 200 - 12746
0:0:0:0:0:0:0:1 - - [11/Oct/2025:21:20:32 +0700] "OPTIONS /api/v1/users?page=0&size=10&sortBy=userId&sortDir=asc HTTP/1.1" 200 - 12821
0:0:0:0:0:0:0:1 - - [11/Oct/2025:21:20:32 +0700] "OPTIONS /api/v1/users?page=0&size=10&sortBy=userId&sortDir=asc HTTP/1.1" 200 - 12868
0:0:0:0:0:0:0:1 - - [11/Oct/2025:21:20:32 +0700] "GET /api/v1/users?page=0&size=10&sortBy=userId&sortDir=asc HTTP/1.1" 200 - 21646
0:0:0:0:0:0:0:1 - - [11/Oct/2025:21:20:32 +0700] "GET /api/v1/users?page=0&size=10&sortBy=userId&sortDir=asc HTTP/1.1" 200 - 9027
0:0:0:0:0:0:0:1 - - [11/Oct/2025:21:21:37 +0700] "OPTIONS /api/v1/users?page=0&size=10&sortBy=userId&sortDir=desc HTTP/1.1" 200 - 2183
0:0:0:0:0:0:0:1 - - [11/Oct/2025:21:21:37 +0700] "OPTIONS /api/v1/users?page=0&size=10&sortBy=userId&sortDir=desc HTTP/1.1" 200 - 3073
0:0:0:0:0:0:0:1 - - [11/Oct/2025:21:21:37 +0700] "OPTIONS /api/v1/users?page=0&size=10&sortBy=userId&sortDir=desc HTTP/1.1" 200 - 2188
0:0:0:0:0:0:0:1 - - [11/Oct/2025:21:21:37 +0700] "GET /api/v1/users?page=0&size=10&sortBy=userId&sortDir=desc HTTP/1.1" 200 - 8202
0:0:0:0:0:0:0:1 - - [11/Oct/2025:21:21:37 +0700] "GET /api/v1/users?page=0&size=10&sortBy=userId&sortDir=desc HTTP/1.1" 200 - 7372
0:0:0:0:0:0:0:1 - - [11/Oct/2025:21:21:37 +0700] "GET /api/v1/users?page=0&size=10&sortBy=userId&sortDir=desc HTTP/1.1" 200 - 6010
0:0:0:0:0:0:0:1 - - [11/Oct/2025:21:21:38 +0700] "OPTIONS /api/v1/users?page=0&size=10&sortBy=userId&sortDir=desc HTTP/1.1" 200 - 966
0:0:0:0:0:0:0:1 - - [11/Oct/2025:21:21:38 +0700] "OPTIONS /api/v1/users?page=0&size=10&sortBy=userId&sortDir=desc HTTP/1.1" 200 - 1021
0:0:0:0:0:0:0:1 - - [11/Oct/2025:21:21:38 +0700] "OPTIONS /api/v1/users?page=0&size=10&sortBy=userId&sortDir=desc HTTP/1.1" 200 - 719
0:0:0:0:0:0:0:1 - - [11/Oct/2025:21:21:38 +0700] "GET /api/v1/users?page=0&size=10&sortBy=userId&sortDir=desc HTTP/1.1" 200 - 4467
0:0:0:0:0:0:0:1 - - [11/Oct/2025:21:21:38 +0700] "GET /api/v1/users?page=0&size=10&sortBy=userId&sortDir=desc HTTP/1.1" 200 - 5737
0:0:0:0:0:0:0:1 - - [11/Oct/2025:21:21:38 +0700] "GET /api/v1/users?page=0&size=10&sortBy=userId&sortDir=desc HTTP/1.1" 200 - 5977
0:0:0:0:0:0:0:1 - - [11/Oct/2025:21:34:40 +0700] "OPTIONS /api/v1/users?page=0&size=10&sortBy=userId&sortDir=desc HTTP/1.1" 200 - 2009
0:0:0:0:0:0:0:1 - - [11/Oct/2025:21:34:40 +0700] "OPTIONS /api/v1/users?page=0&size=10&sortBy=userId&sortDir=desc HTTP/1.1" 200 - 2009
0:0:0:0:0:0:0:1 - - [11/Oct/2025:21:34:40 +0700] "GET /api/v1/users?page=0&size=10&sortBy=userId&sortDir=desc HTTP/1.1" 200 - 8969
0:0:0:0:0:0:0:1 - - [11/Oct/2025:21:34:40 +0700] "GET /api/v1/users?page=0&size=10&sortBy=userId&sortDir=desc HTTP/1.1" 200 - 10530
0:0:0:0:0:0:0:1 - - [11/Oct/2025:21:36:06 +0700] "OPTIONS /api/v1/users?page=0&size=10&sortBy=userId&sortDir=desc HTTP/1.1" 200 - 1521
0:0:0:0:0:0:0:1 - - [11/Oct/2025:21:36:06 +0700] "OPTIONS /api/v1/users?page=0&size=10&sortBy=userId&sortDir=desc HTTP/1.1" 200 - 1727
0:0:0:0:0:0:0:1 - - [11/Oct/2025:21:36:06 +0700] "GET /api/v1/users?page=0&size=10&sortBy=userId&sortDir=desc HTTP/1.1" 200 - 8178
0:0:0:0:0:0:0:1 - - [11/Oct/2025:21:36:06 +0700] "GET /api/v1/users?page=0&size=10&sortBy=userId&sortDir=desc HTTP/1.1" 200 - 4776
0:0:0:0:0:0:0:1 - - [11/Oct/2025:21:47:34 +0700] "OPTIONS /api/v1/auth/refresh HTTP/1.1" 200 - 25999
0:0:0:0:0:0:0:1 - - [11/Oct/2025:21:47:35 +0700] "POST /api/v1/auth/refresh HTTP/1.1" 500 131 95062
0:0:0:0:0:0:0:1 - - [11/Oct/2025:21:47:36 +0700] "GET /api/v1/cinema-clusters/all HTTP/1.1" 200 2823 34087
0:0:0:0:0:0:0:1 - - [11/Oct/2025:21:47:36 +0700] "GET /api/v1/cinema-clusters/all HTTP/1.1" 200 2823 9306
0:0:0:0:0:0:0:1 - - [11/Oct/2025:21:59:13 +0700] "OPTIONS /api/v1/auth/login HTTP/1.1" 200 - 2295
0:0:0:0:0:0:0:1 - - [11/Oct/2025:21:59:14 +0700] "POST /api/v1/auth/login HTTP/1.1" 200 877 569532
0:0:0:0:0:0:0:1 - - [11/Oct/2025:21:59:16 +0700] "OPTIONS /api/v1/movies?size=20 HTTP/1.1" 200 - 4192
0:0:0:0:0:0:0:1 - - [11/Oct/2025:21:59:16 +0700] "OPTIONS /api/v1/movies/top-rated?size=10 HTTP/1.1" 200 - 944
0:0:0:0:0:0:0:1 - - [11/Oct/2025:21:59:16 +0700] "OPTIONS /api/v1/movies/now-showing?size=12 HTTP/1.1" 200 - 984
0:0:0:0:0:0:0:1 - - [11/Oct/2025:21:59:16 +0700] "OPTIONS /api/v1/movies?size=20 HTTP/1.1" 200 - 1042
0:0:0:0:0:0:0:1 - - [11/Oct/2025:21:59:16 +0700] "OPTIONS /api/v1/movies/coming-soon?size=12 HTTP/1.1" 200 - 1000
0:0:0:0:0:0:0:1 - - [11/Oct/2025:21:59:16 +0700] "OPTIONS /api/v1/movies/coming-soon?size=12 HTTP/1.1" 200 - 1920
0:0:0:0:0:0:0:1 - - [11/Oct/2025:21:59:16 +0700] "OPTIONS /api/v1/movies/now-showing?size=12 HTTP/1.1" 200 - 1222
0:0:0:0:0:0:0:1 - - [11/Oct/2025:21:59:16 +0700] "OPTIONS /api/v1/movies/top-rated?size=10 HTTP/1.1" 200 - 810
0:0:0:0:0:0:0:1 - - [11/Oct/2025:21:59:16 +0700] "GET /api/v1/movies/coming-soon?size=12 HTTP/1.1" 200 3121 39557
0:0:0:0:0:0:0:1 - - [11/Oct/2025:21:59:16 +0700] "GET /api/v1/movies/top-rated?size=10 HTTP/1.1" 200 5625 50447
0:0:0:0:0:0:0:1 - - [11/Oct/2025:21:59:16 +0700] "GET /api/v1/movies/now-showing?size=12 HTTP/1.1" 200 5967 59068
0:0:0:0:0:0:0:1 - - [11/Oct/2025:21:59:16 +0700] "GET /api/v1/movies/coming-soon?size=12 HTTP/1.1" 200 3121 35219
0:0:0:0:0:0:0:1 - - [11/Oct/2025:21:59:16 +0700] "GET /api/v1/movies?size=20 HTTP/1.1" 200 9726 86570
0:0:0:0:0:0:0:1 - - [11/Oct/2025:21:59:16 +0700] "GET /api/v1/movies/top-rated?size=10 HTTP/1.1" 200 5625 50306
0:0:0:0:0:0:0:1 - - [11/Oct/2025:21:59:16 +0700] "GET /api/v1/movies/now-showing?size=12 HTTP/1.1" 200 5967 50290
0:0:0:0:0:0:0:1 - - [11/Oct/2025:21:59:16 +0700] "GET /api/v1/movies?size=20 HTTP/1.1" 200 9726 45628
0:0:0:0:0:0:0:1 - - [11/Oct/2025:22:19:03 +0700] "OPTIONS /api/v1/users?page=0&size=10&sortBy=userId&sortDir=desc HTTP/1.1" 200 - 2390
0:0:0:0:0:0:0:1 - - [11/Oct/2025:22:19:03 +0700] "OPTIONS /api/v1/users?page=0&size=10&sortBy=userId&sortDir=desc HTTP/1.1" 200 - 3463
0:0:0:0:0:0:0:1 - - [11/Oct/2025:22:19:03 +0700] "GET /api/v1/users?page=0&size=10&sortBy=userId&sortDir=desc HTTP/1.1" 500 175 26798
0:0:0:0:0:0:0:1 - - [11/Oct/2025:22:19:03 +0700] "GET /api/v1/users?page=0&size=10&sortBy=userId&sortDir=desc HTTP/1.1" 500 174 20222
0:0:0:0:0:0:0:1 - - [11/Oct/2025:22:44:59 +0700] "OPTIONS /api/v1/users?page=0&size=10&sortBy=userId&sortDir=desc HTTP/1.1" 200 - 1825
0:0:0:0:0:0:0:1 - - [11/Oct/2025:22:44:59 +0700] "OPTIONS /api/v1/users?page=0&size=10&sortBy=userId&sortDir=desc HTTP/1.1" 200 - 1679
0:0:0:0:0:0:0:1 - - [11/Oct/2025:22:45:00 +0700] "GET /api/v1/users?page=0&size=10&sortBy=userId&sortDir=desc HTTP/1.1" 500 175 31075
0:0:0:0:0:0:0:1 - - [11/Oct/2025:22:45:00 +0700] "GET /api/v1/users?page=0&size=10&sortBy=userId&sortDir=desc HTTP/1.1" 500 175 20669
0:0:0:0:0:0:0:1 - - [11/Oct/2025:23:15:55 +0700] "GET /api/v1/users?page=0&size=10 HTTP/1.1" 200 - 6889
0:0:0:0:0:0:0:1 - - [11/Oct/2025:23:19:58 +0700] "GET /api/v1/users?page=0&size=10 HTTP/1.1" 500 175 32228
0:0:0:0:0:0:0:1 - - [11/Oct/2025:23:20:12 +0700] "GET /api/v1/users?page=0&size=10 HTTP/1.1" 500 175 21473
0:0:0:0:0:0:0:1 - - [11/Oct/2025:23:25:20 +0700] "GET /api/v1/users?page=0&size=10 HTTP/1.1" 500 175 31186
0:0:0:0:0:0:0:1 - - [11/Oct/2025:23:25:21 +0700] "GET /api/v1/users?page=0&size=10 HTTP/1.1" 500 175 22899
0:0:0:0:0:0:0:1 - - [11/Oct/2025:23:25:22 +0700] "GET /api/v1/users?page=0&size=10 HTTP/1.1" 500 175 17549
0:0:0:0:0:0:0:1 - - [11/Oct/2025:23:25:22 +0700] "GET /api/v1/users?page=0&size=10 HTTP/1.1" 500 175 24388
0:0:0:0:0:0:0:1 - - [11/Oct/2025:23:34:42 +0700] "GET /api/v1/users?page=0&size=10 HTTP/1.1" 200 1039 590343
0:0:0:0:0:0:0:1 - - [11/Oct/2025:23:34:50 +0700] "OPTIONS /api/v1/users?page=0&size=10&sortBy=createdAt&sortDir=desc HTTP/1.1" 200 - 32340
0:0:0:0:0:0:0:1 - - [11/Oct/2025:23:34:50 +0700] "OPTIONS /api/v1/users?page=0&size=10&sortBy=createdAt&sortDir=desc HTTP/1.1" 200 - 32330
0:0:0:0:0:0:0:1 - - [11/Oct/2025:23:34:50 +0700] "GET /api/v1/users?page=0&size=10&sortBy=createdAt&sortDir=desc HTTP/1.1" 200 1041 40099
0:0:0:0:0:0:0:1 - - [11/Oct/2025:23:34:50 +0700] "GET /api/v1/users?page=0&size=10&sortBy=createdAt&sortDir=desc HTTP/1.1" 200 1041 36628
