0:0:0:0:0:0:0:1 - - [05/Nov/2025:21:30:02 +0700] "GET /api/v1/cinema-clusters/all HTTP/1.1" 200 2823 297989
0:0:0:0:0:0:0:1 - - [05/Nov/2025:21:30:02 +0700] "GET /api/v1/cinema-clusters/all HTTP/1.1" 200 2823 18273
0:0:0:0:0:0:0:1 - - [05/Nov/2025:21:30:02 +0700] "GET /api/v1/movies?size=20 HTTP/1.1" 200 9726 320362
0:0:0:0:0:0:0:1 - - [05/Nov/2025:21:30:02 +0700] "GET /api/v1/movies/now-showing?size=12 HTTP/1.1" 200 5967 319706
0:0:0:0:0:0:0:1 - - [05/Nov/2025:21:30:02 +0700] "GET /api/v1/movies/coming-soon?size=12 HTTP/1.1" 200 3121 321584
0:0:0:0:0:0:0:1 - - [05/Nov/2025:21:30:02 +0700] "GET /api/v1/movies/top-rated?size=10 HTTP/1.1" 200 5625 319688
0:0:0:0:0:0:0:1 - - [05/Nov/2025:21:30:02 +0700] "GET /api/v1/movies/coming-soon?size=12 HTTP/1.1" 200 3121 33861
0:0:0:0:0:0:0:1 - - [05/Nov/2025:21:30:02 +0700] "GET /api/v1/movies/top-rated?size=10 HTTP/1.1" 200 5625 46888
0:0:0:0:0:0:0:1 - - [05/Nov/2025:21:30:02 +0700] "GET /api/v1/movies/now-showing?size=12 HTTP/1.1" 200 5967 50301
0:0:0:0:0:0:0:1 - - [05/Nov/2025:21:30:02 +0700] "GET /api/v1/movies?size=20 HTTP/1.1" 200 9726 75674
0:0:0:0:0:0:0:1 - - [05/Nov/2025:21:30:51 +0700] "GET /api/v1/movies/44 HTTP/1.1" 200 1202 29030
0:0:0:0:0:0:0:1 - - [05/Nov/2025:21:30:51 +0700] "GET /api/v1/movies/44 HTTP/1.1" 200 1202 13344
0:0:0:0:0:0:0:1 - - [05/Nov/2025:21:30:51 +0700] "GET /api/v1/showtime?movieId=44 HTTP/1.1" 200 470 23450
0:0:0:0:0:0:0:1 - - [05/Nov/2025:21:30:51 +0700] "GET /api/v1/showtime?movieId=44 HTTP/1.1" 200 470 12574
0:0:0:0:0:0:0:1 - - [05/Nov/2025:21:32:16 +0700] "GET /api/v1/movies/coming-soon?size=12 HTTP/1.1" 200 3121 27355
0:0:0:0:0:0:0:1 - - [05/Nov/2025:21:32:16 +0700] "GET /api/v1/movies/top-rated?size=10 HTTP/1.1" 200 5625 36548
0:0:0:0:0:0:0:1 - - [05/Nov/2025:21:32:16 +0700] "GET /api/v1/movies/now-showing?size=12 HTTP/1.1" 200 5967 43026
0:0:0:0:0:0:0:1 - - [05/Nov/2025:21:32:16 +0700] "GET /api/v1/movies/coming-soon?size=12 HTTP/1.1" 200 3121 20806
0:0:0:0:0:0:0:1 - - [05/Nov/2025:21:32:16 +0700] "GET /api/v1/movies?size=20 HTTP/1.1" 200 9726 64981
0:0:0:0:0:0:0:1 - - [05/Nov/2025:21:32:16 +0700] "GET /api/v1/movies/top-rated?size=10 HTTP/1.1" 200 5625 28250
0:0:0:0:0:0:0:1 - - [05/Nov/2025:21:32:16 +0700] "GET /api/v1/movies/now-showing?size=12 HTTP/1.1" 200 5967 30847
0:0:0:0:0:0:0:1 - - [05/Nov/2025:21:32:16 +0700] "GET /api/v1/movies?size=20 HTTP/1.1" 200 9726 44791
0:0:0:0:0:0:0:1 - - [05/Nov/2025:21:32:22 +0700] "GET /api/v1/movies HTTP/1.1" 200 5366 32499
0:0:0:0:0:0:0:1 - - [05/Nov/2025:21:32:22 +0700] "GET /api/v1/movies HTTP/1.1" 200 5366 29464
0:0:0:0:0:0:0:1 - - [05/Nov/2025:21:32:24 +0700] "GET /api/v1/cinema-clusters/all HTTP/1.1" 200 2823 18629
0:0:0:0:0:0:0:1 - - [05/Nov/2025:21:32:24 +0700] "GET /api/v1/movies/coming-soon?size=12 HTTP/1.1" 200 3121 28084
0:0:0:0:0:0:0:1 - - [05/Nov/2025:21:32:24 +0700] "GET /api/v1/cinema-clusters/all HTTP/1.1" 200 2822 14106
0:0:0:0:0:0:0:1 - - [05/Nov/2025:21:32:24 +0700] "GET /api/v1/movies/top-rated?size=10 HTTP/1.1" 200 5625 41099
0:0:0:0:0:0:0:1 - - [05/Nov/2025:21:32:24 +0700] "GET /api/v1/movies/now-showing?size=12 HTTP/1.1" 200 5967 50287
0:0:0:0:0:0:0:1 - - [05/Nov/2025:21:32:24 +0700] "GET /api/v1/movies/coming-soon?size=12 HTTP/1.1" 200 3121 24187
0:0:0:0:0:0:0:1 - - [05/Nov/2025:21:32:24 +0700] "GET /api/v1/movies?size=20 HTTP/1.1" 200 9726 70737
0:0:0:0:0:0:0:1 - - [05/Nov/2025:21:32:24 +0700] "GET /api/v1/movies/top-rated?size=10 HTTP/1.1" 200 5625 35352
0:0:0:0:0:0:0:1 - - [05/Nov/2025:21:32:24 +0700] "GET /api/v1/movies/now-showing?size=12 HTTP/1.1" 200 5967 35320
0:0:0:0:0:0:0:1 - - [05/Nov/2025:21:32:24 +0700] "GET /api/v1/movies?size=20 HTTP/1.1" 200 9726 33874
0:0:0:0:0:0:0:1 - - [05/Nov/2025:21:32:34 +0700] "GET /api/v1/movies/coming-soon?size=12 HTTP/1.1" 200 3121 12634
0:0:0:0:0:0:0:1 - - [05/Nov/2025:21:32:34 +0700] "GET /api/v1/movies/top-rated?size=10 HTTP/1.1" 200 5625 18188
0:0:0:0:0:0:0:1 - - [05/Nov/2025:21:32:34 +0700] "GET /api/v1/movies/now-showing?size=12 HTTP/1.1" 200 5967 22899
0:0:0:0:0:0:0:1 - - [05/Nov/2025:21:32:34 +0700] "GET /api/v1/movies/coming-soon?size=12 HTTP/1.1" 200 3121 16237
0:0:0:0:0:0:0:1 - - [05/Nov/2025:21:32:34 +0700] "GET /api/v1/movies?size=20 HTTP/1.1" 200 9726 35330
0:0:0:0:0:0:0:1 - - [05/Nov/2025:21:32:34 +0700] "GET /api/v1/movies/top-rated?size=10 HTTP/1.1" 200 5625 19416
0:0:0:0:0:0:0:1 - - [05/Nov/2025:21:32:34 +0700] "GET /api/v1/movies/now-showing?size=12 HTTP/1.1" 200 5967 23806
0:0:0:0:0:0:0:1 - - [05/Nov/2025:21:32:34 +0700] "GET /api/v1/movies?size=20 HTTP/1.1" 200 9726 30783
0:0:0:0:0:0:0:1 - - [05/Nov/2025:21:32:40 +0700] "GET /api/v1/cinema-clusters/all HTTP/1.1" 200 2823 22892
0:0:0:0:0:0:0:1 - - [05/Nov/2025:21:32:40 +0700] "GET /api/v1/movies/coming-soon?size=12 HTTP/1.1" 200 3121 32175
0:0:0:0:0:0:0:1 - - [05/Nov/2025:21:32:40 +0700] "GET /api/v1/cinema-clusters/all HTTP/1.1" 200 2823 11159
0:0:0:0:0:0:0:1 - - [05/Nov/2025:21:32:40 +0700] "GET /api/v1/movies/top-rated?size=10 HTTP/1.1" 200 5625 42368
0:0:0:0:0:0:0:1 - - [05/Nov/2025:21:32:40 +0700] "GET /api/v1/movies/now-showing?size=12 HTTP/1.1" 200 5967 60632
0:0:0:0:0:0:0:1 - - [05/Nov/2025:21:32:40 +0700] "GET /api/v1/movies/coming-soon?size=12 HTTP/1.1" 200 3121 32804
0:0:0:0:0:0:0:1 - - [05/Nov/2025:21:32:40 +0700] "GET /api/v1/movies?size=20 HTTP/1.1" 200 9726 83081
0:0:0:0:0:0:0:1 - - [05/Nov/2025:21:32:40 +0700] "GET /api/v1/movies/top-rated?size=10 HTTP/1.1" 200 5625 56934
0:0:0:0:0:0:0:1 - - [05/Nov/2025:21:32:40 +0700] "GET /api/v1/movies/now-showing?size=12 HTTP/1.1" 200 5967 68516
0:0:0:0:0:0:0:1 - - [05/Nov/2025:21:32:40 +0700] "GET /api/v1/movies?size=20 HTTP/1.1" 200 9726 74011
0:0:0:0:0:0:0:1 - - [05/Nov/2025:21:36:51 +0700] "GET /api/v1/movies/45 HTTP/1.1" 200 886 21896
0:0:0:0:0:0:0:1 - - [05/Nov/2025:21:36:51 +0700] "GET /api/v1/movies/45 HTTP/1.1" 200 886 20971
0:0:0:0:0:0:0:1 - - [05/Nov/2025:21:36:51 +0700] "GET /api/v1/showtime?movieId=45 HTTP/1.1" 200 470 9187
0:0:0:0:0:0:0:1 - - [05/Nov/2025:21:36:51 +0700] "GET /api/v1/showtime?movieId=45 HTTP/1.1" 200 470 11909
0:0:0:0:0:0:0:1 - - [05/Nov/2025:21:43:29 +0700] "GET /api/v1/movies/coming-soon?size=12 HTTP/1.1" 200 3121 18295
0:0:0:0:0:0:0:1 - - [05/Nov/2025:21:43:29 +0700] "GET /api/v1/movies/top-rated?size=10 HTTP/1.1" 200 5625 24841
0:0:0:0:0:0:0:1 - - [05/Nov/2025:21:43:29 +0700] "GET /api/v1/movies/now-showing?size=12 HTTP/1.1" 200 5967 26176
0:0:0:0:0:0:0:1 - - [05/Nov/2025:21:43:29 +0700] "GET /api/v1/movies/coming-soon?size=12 HTTP/1.1" 200 3121 16974
0:0:0:0:0:0:0:1 - - [05/Nov/2025:21:43:29 +0700] "GET /api/v1/movies?size=20 HTTP/1.1" 200 9726 43795
0:0:0:0:0:0:0:1 - - [05/Nov/2025:21:43:29 +0700] "GET /api/v1/movies/top-rated?size=10 HTTP/1.1" 200 5625 29322
0:0:0:0:0:0:0:1 - - [05/Nov/2025:21:43:29 +0700] "GET /api/v1/movies/now-showing?size=12 HTTP/1.1" 200 5967 34389
0:0:0:0:0:0:0:1 - - [05/Nov/2025:21:43:29 +0700] "GET /api/v1/movies?size=20 HTTP/1.1" 200 9726 41766
0:0:0:0:0:0:0:1 - - [05/Nov/2025:21:43:37 +0700] "GET /api/v1/cinema-clusters/all HTTP/1.1" 200 2823 12310
0:0:0:0:0:0:0:1 - - [05/Nov/2025:21:43:37 +0700] "GET /api/v1/movies/coming-soon?size=12 HTTP/1.1" 200 3121 21828
0:0:0:0:0:0:0:1 - - [05/Nov/2025:21:43:37 +0700] "GET /api/v1/cinema-clusters/all HTTP/1.1" 200 2823 12688
0:0:0:0:0:0:0:1 - - [05/Nov/2025:21:43:37 +0700] "GET /api/v1/movies/top-rated?size=10 HTTP/1.1" 200 5625 30763
0:0:0:0:0:0:0:1 - - [05/Nov/2025:21:43:37 +0700] "GET /api/v1/movies/now-showing?size=12 HTTP/1.1" 200 5967 35628
0:0:0:0:0:0:0:1 - - [05/Nov/2025:21:43:37 +0700] "GET /api/v1/movies/coming-soon?size=12 HTTP/1.1" 200 3121 17488
0:0:0:0:0:0:0:1 - - [05/Nov/2025:21:43:37 +0700] "GET /api/v1/movies?size=20 HTTP/1.1" 200 9726 55214
0:0:0:0:0:0:0:1 - - [05/Nov/2025:21:43:37 +0700] "GET /api/v1/movies/top-rated?size=10 HTTP/1.1" 200 5625 31133
0:0:0:0:0:0:0:1 - - [05/Nov/2025:21:43:37 +0700] "GET /api/v1/movies/now-showing?size=12 HTTP/1.1" 200 5967 35309
0:0:0:0:0:0:0:1 - - [05/Nov/2025:21:43:37 +0700] "GET /api/v1/movies?size=20 HTTP/1.1" 200 9726 39097
0:0:0:0:0:0:0:1 - - [05/Nov/2025:21:43:48 +0700] "GET /api/v1/movies/13 HTTP/1.1" 200 1524 17005
0:0:0:0:0:0:0:1 - - [05/Nov/2025:21:43:48 +0700] "GET /api/v1/movies/13 HTTP/1.1" 200 1524 11150
0:0:0:0:0:0:0:1 - - [05/Nov/2025:21:43:48 +0700] "GET /api/v1/showtime?movieId=13 HTTP/1.1" 200 470 6161
0:0:0:0:0:0:0:1 - - [05/Nov/2025:21:43:48 +0700] "GET /api/v1/showtime?movieId=13 HTTP/1.1" 200 470 9679
0:0:0:0:0:0:0:1 - - [05/Nov/2025:21:45:35 +0700] "OPTIONS /api/v1/auth/refresh HTTP/1.1" 200 - 2711
0:0:0:0:0:0:0:1 - - [05/Nov/2025:21:45:35 +0700] "POST /api/v1/auth/refresh HTTP/1.1" 500 130 10763
0:0:0:0:0:0:0:1 - - [05/Nov/2025:21:45:42 +0700] "GET /api/v1/cinema-clusters/all HTTP/1.1" 200 2823 12493
0:0:0:0:0:0:0:1 - - [05/Nov/2025:21:45:42 +0700] "GET /api/v1/movies/coming-soon?size=12 HTTP/1.1" 200 3121 23173
0:0:0:0:0:0:0:1 - - [05/Nov/2025:21:45:42 +0700] "GET /api/v1/cinema-clusters/all HTTP/1.1" 200 2823 17052
0:0:0:0:0:0:0:1 - - [05/Nov/2025:21:45:42 +0700] "GET /api/v1/movies/top-rated?size=10 HTTP/1.1" 200 5625 37945
0:0:0:0:0:0:0:1 - - [05/Nov/2025:21:45:42 +0700] "GET /api/v1/movies/now-showing?size=12 HTTP/1.1" 200 5967 40346
0:0:0:0:0:0:0:1 - - [05/Nov/2025:21:45:42 +0700] "GET /api/v1/movies/coming-soon?size=12 HTTP/1.1" 200 3121 22646
0:0:0:0:0:0:0:1 - - [05/Nov/2025:21:45:42 +0700] "GET /api/v1/movies?size=20 HTTP/1.1" 200 9726 57398
0:0:0:0:0:0:0:1 - - [05/Nov/2025:21:45:42 +0700] "GET /api/v1/movies/top-rated?size=10 HTTP/1.1" 200 5625 26772
0:0:0:0:0:0:0:1 - - [05/Nov/2025:21:45:42 +0700] "GET /api/v1/movies/now-showing?size=12 HTTP/1.1" 200 5967 29579
0:0:0:0:0:0:0:1 - - [05/Nov/2025:21:45:42 +0700] "GET /api/v1/movies?size=20 HTTP/1.1" 200 9726 37102
0:0:0:0:0:0:0:1 - - [05/Nov/2025:21:51:00 +0700] "GET /api/v1/cinema-clusters/all HTTP/1.1" 200 2823 8304
0:0:0:0:0:0:0:1 - - [05/Nov/2025:21:51:00 +0700] "GET /api/v1/movies/coming-soon?size=12 HTTP/1.1" 200 3121 15459
0:0:0:0:0:0:0:1 - - [05/Nov/2025:21:51:00 +0700] "GET /api/v1/cinema-clusters/all HTTP/1.1" 200 2823 10576
0:0:0:0:0:0:0:1 - - [05/Nov/2025:21:51:00 +0700] "GET /api/v1/movies/top-rated?size=10 HTTP/1.1" 200 5625 29578
0:0:0:0:0:0:0:1 - - [05/Nov/2025:21:51:00 +0700] "GET /api/v1/movies/now-showing?size=12 HTTP/1.1" 200 5967 34073
0:0:0:0:0:0:0:1 - - [05/Nov/2025:21:51:00 +0700] "GET /api/v1/movies/coming-soon?size=12 HTTP/1.1" 200 3121 17801
0:0:0:0:0:0:0:1 - - [05/Nov/2025:21:51:00 +0700] "GET /api/v1/movies?size=20 HTTP/1.1" 200 9726 45278
0:0:0:0:0:0:0:1 - - [05/Nov/2025:21:51:00 +0700] "GET /api/v1/movies/top-rated?size=10 HTTP/1.1" 200 5625 23124
0:0:0:0:0:0:0:1 - - [05/Nov/2025:21:51:00 +0700] "GET /api/v1/movies/now-showing?size=12 HTTP/1.1" 200 5967 25455
0:0:0:0:0:0:0:1 - - [05/Nov/2025:21:51:00 +0700] "GET /api/v1/movies?size=20 HTTP/1.1" 200 9726 33321
0:0:0:0:0:0:0:1 - - [05/Nov/2025:22:43:59 +0700] "GET /api/v1/movies/coming-soon?size=12 HTTP/1.1" 200 3121 44925
0:0:0:0:0:0:0:1 - - [05/Nov/2025:22:43:59 +0700] "GET /api/v1/movies/top-rated?size=10 HTTP/1.1" 200 5625 48318
0:0:0:0:0:0:0:1 - - [05/Nov/2025:22:43:59 +0700] "GET /api/v1/movies/now-showing?size=12 HTTP/1.1" 200 5967 50766
0:0:0:0:0:0:0:1 - - [05/Nov/2025:22:43:59 +0700] "GET /api/v1/movies/coming-soon?size=12 HTTP/1.1" 200 3121 14228
0:0:0:0:0:0:0:1 - - [05/Nov/2025:22:43:59 +0700] "GET /api/v1/movies?size=20 HTTP/1.1" 200 9726 64084
0:0:0:0:0:0:0:1 - - [05/Nov/2025:22:43:59 +0700] "GET /api/v1/movies/top-rated?size=10 HTTP/1.1" 200 5625 21087
0:0:0:0:0:0:0:1 - - [05/Nov/2025:22:43:59 +0700] "GET /api/v1/movies/now-showing?size=12 HTTP/1.1" 200 5967 25010
0:0:0:0:0:0:0:1 - - [05/Nov/2025:22:43:59 +0700] "GET /api/v1/movies?size=20 HTTP/1.1" 200 9726 33498
0:0:0:0:0:0:0:1 - - [05/Nov/2025:22:44:13 +0700] "GET /api/v1/movies HTTP/1.1" 200 5366 38897
0:0:0:0:0:0:0:1 - - [05/Nov/2025:22:44:13 +0700] "GET /api/v1/movies HTTP/1.1" 200 5366 54337
0:0:0:0:0:0:0:1 - - [05/Nov/2025:22:50:25 +0700] "GET /api/v1/cinema-clusters/all HTTP/1.1" 200 2823 8753
0:0:0:0:0:0:0:1 - - [05/Nov/2025:22:50:25 +0700] "GET /api/v1/movies HTTP/1.1" 200 5366 29065
0:0:0:0:0:0:0:1 - - [05/Nov/2025:22:51:33 +0700] "GET /api/v1/cinema-clusters/all HTTP/1.1" 200 2823 11908
0:0:0:0:0:0:0:1 - - [05/Nov/2025:22:51:33 +0700] "GET /api/v1/movies HTTP/1.1" 200 5366 35267
0:0:0:0:0:0:0:1 - - [05/Nov/2025:22:51:36 +0700] "GET /api/v1/cinema-clusters/all HTTP/1.1" 200 2823 12711
0:0:0:0:0:0:0:1 - - [05/Nov/2025:22:51:36 +0700] "GET /api/v1/cinema-clusters/all HTTP/1.1" 200 2823 15445
0:0:0:0:0:0:0:1 - - [05/Nov/2025:22:51:36 +0700] "GET /api/v1/movies/coming-soon?size=12 HTTP/1.1" 200 3121 26178
0:0:0:0:0:0:0:1 - - [05/Nov/2025:22:51:36 +0700] "GET /api/v1/movies/top-rated?size=10 HTTP/1.1" 200 5625 39766
0:0:0:0:0:0:0:1 - - [05/Nov/2025:22:51:36 +0700] "GET /api/v1/movies/coming-soon?size=12 HTTP/1.1" 200 3121 19218
0:0:0:0:0:0:0:1 - - [05/Nov/2025:22:51:36 +0700] "GET /api/v1/movies/now-showing?size=12 HTTP/1.1" 200 5967 45632
0:0:0:0:0:0:0:1 - - [05/Nov/2025:22:51:36 +0700] "GET /api/v1/movies?size=20 HTTP/1.1" 200 9726 59069
0:0:0:0:0:0:0:1 - - [05/Nov/2025:22:51:36 +0700] "GET /api/v1/movies/top-rated?size=10 HTTP/1.1" 200 5625 28432
0:0:0:0:0:0:0:1 - - [05/Nov/2025:22:51:36 +0700] "GET /api/v1/movies/now-showing?size=12 HTTP/1.1" 200 5967 31725
0:0:0:0:0:0:0:1 - - [05/Nov/2025:22:51:36 +0700] "GET /api/v1/movies?size=20 HTTP/1.1" 200 9726 37037
0:0:0:0:0:0:0:1 - - [05/Nov/2025:22:51:38 +0700] "GET /api/v1/movies HTTP/1.1" 200 5366 41942
0:0:0:0:0:0:0:1 - - [05/Nov/2025:22:51:38 +0700] "GET /api/v1/movies HTTP/1.1" 200 5366 31173
0:0:0:0:0:0:0:1 - - [05/Nov/2025:22:55:18 +0700] "GET /api/v1/cinema-clusters/all HTTP/1.1" 200 2823 11425
0:0:0:0:0:0:0:1 - - [05/Nov/2025:22:55:18 +0700] "GET /api/v1/cinema-clusters/all HTTP/1.1" 200 2823 11146
0:0:0:0:0:0:0:1 - - [05/Nov/2025:22:55:19 +0700] "GET /api/v1/movies HTTP/1.1" 200 5366 44398
0:0:0:0:0:0:0:1 - - [05/Nov/2025:22:55:19 +0700] "GET /api/v1/movies HTTP/1.1" 200 5366 52283
0:0:0:0:0:0:0:1 - - [05/Nov/2025:22:55:32 +0700] "GET /api/v1/movies HTTP/1.1" 200 5366 45468
0:0:0:0:0:0:0:1 - - [05/Nov/2025:22:55:32 +0700] "GET /api/v1/movies HTTP/1.1" 200 5366 34715
0:0:0:0:0:0:0:1 - - [05/Nov/2025:22:58:19 +0700] "GET /api/v1/cinema-clusters/all HTTP/1.1" 200 2823 11669
0:0:0:0:0:0:0:1 - - [05/Nov/2025:22:58:19 +0700] "GET /api/v1/movies HTTP/1.1" 200 5366 28999
0:0:0:0:0:0:0:1 - - [05/Nov/2025:22:59:02 +0700] "GET /api/v1/cinema-clusters/all HTTP/1.1" 200 2823 9392
0:0:0:0:0:0:0:1 - - [05/Nov/2025:22:59:02 +0700] "GET /api/v1/movies HTTP/1.1" 200 5366 23248
0:0:0:0:0:0:0:1 - - [05/Nov/2025:23:02:03 +0700] "GET /api/v1/cinema-clusters/all HTTP/1.1" 200 2823 12748
0:0:0:0:0:0:0:1 - - [05/Nov/2025:23:02:03 +0700] "GET /api/v1/cinema-clusters/all HTTP/1.1" 200 2823 10360
0:0:0:0:0:0:0:1 - - [05/Nov/2025:23:02:04 +0700] "GET /api/v1/movies HTTP/1.1" 200 5366 48471
0:0:0:0:0:0:0:1 - - [05/Nov/2025:23:02:04 +0700] "GET /api/v1/movies HTTP/1.1" 200 5366 30130
0:0:0:0:0:0:0:1 - - [05/Nov/2025:23:03:18 +0700] "GET /api/v1/cinema-clusters/all HTTP/1.1" 200 2823 9979
0:0:0:0:0:0:0:1 - - [05/Nov/2025:23:03:18 +0700] "GET /api/v1/cinema-clusters/all HTTP/1.1" 200 2823 21424
0:0:0:0:0:0:0:1 - - [05/Nov/2025:23:03:18 +0700] "GET /api/v1/movies HTTP/1.1" 200 5366 37064
0:0:0:0:0:0:0:1 - - [05/Nov/2025:23:03:18 +0700] "GET /api/v1/movies HTTP/1.1" 200 5366 24453
0:0:0:0:0:0:0:1 - - [05/Nov/2025:23:03:35 +0700] "GET /api/v1/cinema-clusters/all HTTP/1.1" 200 2823 10089
0:0:0:0:0:0:0:1 - - [05/Nov/2025:23:03:35 +0700] "GET /api/v1/cinema-clusters/all HTTP/1.1" 200 2823 9012
0:0:0:0:0:0:0:1 - - [05/Nov/2025:23:03:35 +0700] "GET /api/v1/movies HTTP/1.1" 200 5366 34913
0:0:0:0:0:0:0:1 - - [05/Nov/2025:23:03:35 +0700] "GET /api/v1/movies HTTP/1.1" 200 5366 28147
0:0:0:0:0:0:0:1 - - [05/Nov/2025:23:04:56 +0700] "GET /api/v1/movies/19 HTTP/1.1" 200 1178 15126
0:0:0:0:0:0:0:1 - - [05/Nov/2025:23:04:56 +0700] "GET /api/v1/movies/19 HTTP/1.1" 200 1178 15073
0:0:0:0:0:0:0:1 - - [05/Nov/2025:23:04:56 +0700] "GET /api/v1/showtime?movieId=19 HTTP/1.1" 200 470 8636
0:0:0:0:0:0:0:1 - - [05/Nov/2025:23:04:57 +0700] "GET /api/v1/showtime?movieId=19 HTTP/1.1" 200 469 9284
0:0:0:0:0:0:0:1 - - [05/Nov/2025:23:04:58 +0700] "GET /api/v1/movies HTTP/1.1" 200 5366 25149
0:0:0:0:0:0:0:1 - - [05/Nov/2025:23:04:58 +0700] "GET /api/v1/movies HTTP/1.1" 200 5366 18611
0:0:0:0:0:0:0:1 - - [05/Nov/2025:23:08:09 +0700] "GET /api/v1/cinema-clusters/all HTTP/1.1" 200 2823 6939
0:0:0:0:0:0:0:1 - - [05/Nov/2025:23:08:09 +0700] "GET /api/v1/cinema-clusters/all HTTP/1.1" 200 2823 8855
0:0:0:0:0:0:0:1 - - [05/Nov/2025:23:08:09 +0700] "GET /api/v1/movies HTTP/1.1" 200 5366 25971
0:0:0:0:0:0:0:1 - - [05/Nov/2025:23:08:09 +0700] "GET /api/v1/movies HTTP/1.1" 200 5366 29205
0:0:0:0:0:0:0:1 - - [05/Nov/2025:23:16:23 +0700] "GET /api/v1/cinema-clusters/all HTTP/1.1" 200 2823 9317
0:0:0:0:0:0:0:1 - - [05/Nov/2025:23:16:23 +0700] "GET /api/v1/cinema-clusters/all HTTP/1.1" 200 2823 8992
0:0:0:0:0:0:0:1 - - [05/Nov/2025:23:16:23 +0700] "GET /api/v1/movies HTTP/1.1" 200 5366 38182
0:0:0:0:0:0:0:1 - - [05/Nov/2025:23:16:23 +0700] "GET /api/v1/movies HTTP/1.1" 200 5366 30684
0:0:0:0:0:0:0:1 - - [05/Nov/2025:23:27:37 +0700] "GET /api/v1/movies?page=0&size=12&sort=popularity,desc HTTP/1.1" 500 168 31889
0:0:0:0:0:0:0:1 - - [05/Nov/2025:23:27:37 +0700] "GET /api/v1/movies?page=0&size=12&sort=popularity,desc HTTP/1.1" 500 168 42683
0:0:0:0:0:0:0:1 - - [05/Nov/2025:23:27:37 +0700] "GET /api/v1/movies?page=0&size=12&sort=popularity,desc HTTP/1.1" 500 168 4498
0:0:0:0:0:0:0:1 - - [05/Nov/2025:23:27:37 +0700] "GET /api/v1/movies?page=0&size=12&sort=popularity,desc HTTP/1.1" 500 168 5256
0:0:0:0:0:0:0:1 - - [05/Nov/2025:23:27:37 +0700] "GET /api/v1/movies?page=0&size=12&sort=popularity,desc HTTP/1.1" 500 167 4064
0:0:0:0:0:0:0:1 - - [05/Nov/2025:23:27:37 +0700] "GET /api/v1/movies?page=0&size=12&sort=popularity,desc HTTP/1.1" 500 168 4699
0:0:0:0:0:0:0:1 - - [05/Nov/2025:23:29:06 +0700] "GET /api/v1/cinema-clusters/all HTTP/1.1" 200 2823 11567
0:0:0:0:0:0:0:1 - - [05/Nov/2025:23:29:06 +0700] "GET /api/v1/cinema-clusters/all HTTP/1.1" 200 2823 10267
0:0:0:0:0:0:0:1 - - [05/Nov/2025:23:29:07 +0700] "GET /api/v1/movies?page=0&size=12&sort=popularity,desc HTTP/1.1" 500 168 4600
0:0:0:0:0:0:0:1 - - [05/Nov/2025:23:29:07 +0700] "GET /api/v1/movies?page=0&size=12&sort=popularity,desc HTTP/1.1" 500 168 7840
0:0:0:0:0:0:0:1 - - [05/Nov/2025:23:30:08 +0700] "GET /api/v1/cinema-clusters/all HTTP/1.1" 200 2823 13913
0:0:0:0:0:0:0:1 - - [05/Nov/2025:23:30:08 +0700] "GET /api/v1/cinema-clusters/all HTTP/1.1" 200 2823 22362
0:0:0:0:0:0:0:1 - - [05/Nov/2025:23:30:09 +0700] "GET /api/v1/movies?page=0&size=12&sort=popularity,desc HTTP/1.1" 500 168 9513
0:0:0:0:0:0:0:1 - - [05/Nov/2025:23:30:09 +0700] "GET /api/v1/movies?page=0&size=12&sort=popularity,desc HTTP/1.1" 500 168 4948
0:0:0:0:0:0:0:1 - - [05/Nov/2025:23:33:45 +0700] "GET /api/v1/cinema-clusters/all HTTP/1.1" 200 2823 12488
0:0:0:0:0:0:0:1 - - [05/Nov/2025:23:33:45 +0700] "GET /api/v1/cinema-clusters/all HTTP/1.1" 200 2823 8243
0:0:0:0:0:0:0:1 - - [05/Nov/2025:23:33:45 +0700] "GET /api/v1/movies?page=0&size=12&sort=popularity,desc HTTP/1.1" 500 168 6026
0:0:0:0:0:0:0:1 - - [05/Nov/2025:23:33:45 +0700] "GET /api/v1/movies?page=0&size=12&sort=popularity,desc HTTP/1.1" 500 168 7475
0:0:0:0:0:0:0:1 - - [05/Nov/2025:23:34:58 +0700] "GET /api/v1/cinema-clusters/all HTTP/1.1" 200 2823 12224
0:0:0:0:0:0:0:1 - - [05/Nov/2025:23:34:58 +0700] "GET /api/v1/cinema-clusters/all HTTP/1.1" 200 2823 17294
0:0:0:0:0:0:0:1 - - [05/Nov/2025:23:34:59 +0700] "GET /api/v1/movies?page=0&size=12&sort=popularity,desc HTTP/1.1" 500 168 17101
0:0:0:0:0:0:0:1 - - [05/Nov/2025:23:34:59 +0700] "GET /api/v1/movies?page=0&size=12&sort=popularity,desc HTTP/1.1" 500 168 14279
0:0:0:0:0:0:0:1 - - [05/Nov/2025:23:35:31 +0700] "GET /api/v1/cinema-clusters/all HTTP/1.1" 200 2823 13317
0:0:0:0:0:0:0:1 - - [05/Nov/2025:23:35:31 +0700] "GET /api/v1/cinema-clusters/all HTTP/1.1" 200 2823 7179
0:0:0:0:0:0:0:1 - - [05/Nov/2025:23:35:31 +0700] "GET /api/v1/movies?page=0&size=12&sort=popularity,desc HTTP/1.1" 500 168 34263
0:0:0:0:0:0:0:1 - - [05/Nov/2025:23:35:31 +0700] "GET /api/v1/movies?page=0&size=12&sort=popularity,desc HTTP/1.1" 500 168 16119
0:0:0:0:0:0:0:1 - - [05/Nov/2025:23:36:00 +0700] "GET /api/v1/movies?page=0&size=12&sort=createdAt,desc HTTP/1.1" 200 6205 46606
0:0:0:0:0:0:0:1 - - [05/Nov/2025:23:37:45 +0700] "GET /api/v1/movies?page=0&size=12&sort=id,desc HTTP/1.1" 200 6191 47090
0:0:0:0:0:0:0:1 - - [05/Nov/2025:23:37:45 +0700] "GET /api/v1/movies?page=0&size=12&sort=id,desc HTTP/1.1" 200 6191 24935
0:0:0:0:0:0:0:1 - - [05/Nov/2025:23:37:45 +0700] "GET /api/v1/movies?page=0&size=12&sort=id,desc HTTP/1.1" 200 6191 24939
0:0:0:0:0:0:0:1 - - [05/Nov/2025:23:37:45 +0700] "GET /api/v1/movies?page=0&size=12&sort=id,desc HTTP/1.1" 200 6191 30768
0:0:0:0:0:0:0:1 - - [05/Nov/2025:23:37:45 +0700] "GET /api/v1/movies?page=0&size=12&sort=id,desc HTTP/1.1" 200 6191 24083
0:0:0:0:0:0:0:1 - - [05/Nov/2025:23:37:45 +0700] "GET /api/v1/movies?page=0&size=12&sort=id,desc HTTP/1.1" 200 6191 26343
0:0:0:0:0:0:0:1 - - [05/Nov/2025:23:39:05 +0700] "GET /api/v1/cinema-clusters/all HTTP/1.1" 200 2823 11425
0:0:0:0:0:0:0:1 - - [05/Nov/2025:23:39:05 +0700] "GET /api/v1/cinema-clusters/all HTTP/1.1" 200 2823 10432
0:0:0:0:0:0:0:1 - - [05/Nov/2025:23:39:05 +0700] "GET /api/v1/movies?page=0&size=12&sort=id,desc HTTP/1.1" 200 6191 68478
0:0:0:0:0:0:0:1 - - [05/Nov/2025:23:39:05 +0700] "GET /api/v1/movies?page=0&size=12&sort=id,desc HTTP/1.1" 200 6191 64937
0:0:0:0:0:0:0:1 - - [05/Nov/2025:23:39:20 +0700] "GET /api/v1/movies?page=1&size=12&sort=id,desc HTTP/1.1" 200 5990 45684
0:0:0:0:0:0:0:1 - - [05/Nov/2025:23:39:23 +0700] "GET /api/v1/movies?page=0&size=12&sort=id,desc HTTP/1.1" 200 6191 60621
0:0:0:0:0:0:0:1 - - [05/Nov/2025:23:39:26 +0700] "GET /api/v1/movies?page=1&size=12&sort=id,desc HTTP/1.1" 200 5990 43093
0:0:0:0:0:0:0:1 - - [05/Nov/2025:23:39:36 +0700] "GET /api/v1/movies?page=0&size=12&sort=id,desc HTTP/1.1" 200 6191 36484
0:0:0:0:0:0:0:1 - - [05/Nov/2025:23:39:48 +0700] "GET /api/v1/movies?page=1&size=12&sort=id,desc HTTP/1.1" 200 5990 30075
0:0:0:0:0:0:0:1 - - [05/Nov/2025:23:40:03 +0700] "GET /api/v1/cinema-clusters/all HTTP/1.1" 200 2823 10604
0:0:0:0:0:0:0:1 - - [05/Nov/2025:23:40:03 +0700] "GET /api/v1/cinema-clusters/all HTTP/1.1" 200 2823 12307
0:0:0:0:0:0:0:1 - - [05/Nov/2025:23:40:03 +0700] "GET /api/v1/movies?page=0&size=12&sort=id,desc HTTP/1.1" 200 6191 47488
0:0:0:0:0:0:0:1 - - [05/Nov/2025:23:40:03 +0700] "GET /api/v1/movies?page=0&size=12&sort=id,desc HTTP/1.1" 200 6191 38095
0:0:0:0:0:0:0:1 - - [05/Nov/2025:23:40:06 +0700] "GET /api/v1/movies?page=1&size=12&sort=id,desc HTTP/1.1" 200 5990 25587
0:0:0:0:0:0:0:1 - - [05/Nov/2025:23:43:15 +0700] "GET /api/v1/cinema-clusters/all HTTP/1.1" 200 2822 13093
0:0:0:0:0:0:0:1 - - [05/Nov/2025:23:43:15 +0700] "GET /api/v1/cinema-clusters/all HTTP/1.1" 200 2823 9878
0:0:0:0:0:0:0:1 - - [05/Nov/2025:23:43:15 +0700] "GET /api/v1/movies?page=0&size=12&sort=id,desc HTTP/1.1" 200 6191 59319
0:0:0:0:0:0:0:1 - - [05/Nov/2025:23:43:15 +0700] "GET /api/v1/movies?page=0&size=12&sort=id,desc HTTP/1.1" 200 6191 37181
0:0:0:0:0:0:0:1 - - [05/Nov/2025:23:43:21 +0700] "GET /api/v1/movies?page=0&size=24&sort=id,desc HTTP/1.1" 200 11499 62208
0:0:0:0:0:0:0:1 - - [05/Nov/2025:23:43:27 +0700] "GET /api/v1/movies?page=0&size=12&sort=id,desc HTTP/1.1" 200 6191 52188
0:0:0:0:0:0:0:1 - - [05/Nov/2025:23:45:25 +0700] "GET /api/v1/cinema-clusters/all HTTP/1.1" 200 2823 10297
0:0:0:0:0:0:0:1 - - [05/Nov/2025:23:45:25 +0700] "GET /api/v1/cinema-clusters/all HTTP/1.1" 200 2823 7640
0:0:0:0:0:0:0:1 - - [05/Nov/2025:23:45:26 +0700] "GET /api/v1/movies?page=0&size=12&sort=id,desc HTTP/1.1" 200 6191 54403
0:0:0:0:0:0:0:1 - - [05/Nov/2025:23:45:26 +0700] "GET /api/v1/movies?page=0&size=12&sort=id,desc HTTP/1.1" 200 6191 32597
0:0:0:0:0:0:0:1 - - [05/Nov/2025:23:46:16 +0700] "GET /swagger-ui/index.html HTTP/1.1" 200 734 59533
0:0:0:0:0:0:0:1 - - [05/Nov/2025:23:46:16 +0700] "GET /swagger-ui/index.css HTTP/1.1" 200 202 5659
0:0:0:0:0:0:0:1 - - [05/Nov/2025:23:46:16 +0700] "GET /swagger-ui/swagger-ui.css HTTP/1.1" 200 154986 9514
0:0:0:0:0:0:0:1 - - [05/Nov/2025:23:46:16 +0700] "GET /swagger-ui/swagger-ui-standalone-preset.js HTTP/1.1" 200 229223 10283
0:0:0:0:0:0:0:1 - - [05/Nov/2025:23:46:16 +0700] "GET /swagger-ui/swagger-ui-bundle.js HTTP/1.1" 200 1468326 23606
0:0:0:0:0:0:0:1 - - [05/Nov/2025:23:46:16 +0700] "GET /swagger-ui/swagger-initializer.js HTTP/1.1" 200 612 51989
0:0:0:0:0:0:0:1 - - [05/Nov/2025:23:46:16 +0700] "GET /api-docs/swagger-config HTTP/1.1" 200 163 8703
0:0:0:0:0:0:0:1 - - [05/Nov/2025:23:46:16 +0700] "GET /swagger-ui/favicon-32x32.png HTTP/1.1" 200 628 5766
0:0:0:0:0:0:0:1 - - [05/Nov/2025:23:46:18 +0700] "GET /api-docs HTTP/1.1" 200 129029 1786640
0:0:0:0:0:0:0:1 - - [05/Nov/2025:23:46:52 +0700] "GET /api/v1/movies?page=0&size=1&sort=%5B%22string%22%5D HTTP/1.1" 500 170 7126
0:0:0:0:0:0:0:1 - - [05/Nov/2025:23:47:01 +0700] "GET /api/v1/movies?page=0&size=10 HTTP/1.1" 200 5366 19076
0:0:0:0:0:0:0:1 - - [05/Nov/2025:23:47:13 +0700] "GET /api/v1/movies?page=0&size=1 HTTP/1.1" 200 1082 7856
0:0:0:0:0:0:0:1 - - [05/Nov/2025:23:51:11 +0700] "GET /api/v1/cinema-clusters/all HTTP/1.1" 200 2823 13182
0:0:0:0:0:0:0:1 - - [05/Nov/2025:23:51:11 +0700] "GET /api/v1/cinema-clusters/all HTTP/1.1" 200 2823 7875
0:0:0:0:0:0:0:1 - - [05/Nov/2025:23:51:11 +0700] "GET /api/v1/movies?page=0&size=12&sort=id,desc HTTP/1.1" 200 6191 48699
0:0:0:0:0:0:0:1 - - [05/Nov/2025:23:51:11 +0700] "GET /api/v1/movies?page=0&size=12&sort=id,desc HTTP/1.1" 200 6191 37285
