0:0:0:0:0:0:0:1 - - [21/Nov/2025:23:16:52 +0700] "GET /swagger-ui/index.html HTTP/1.1" 200 734 161022
0:0:0:0:0:0:0:1 - - [21/Nov/2025:23:16:53 +0700] "GET /swagger-ui/swagger-ui.css HTTP/1.1" 200 154986 15280
0:0:0:0:0:0:0:1 - - [21/Nov/2025:23:16:53 +0700] "GET /swagger-ui/index.css HTTP/1.1" 200 202 7464
0:0:0:0:0:0:0:1 - - [21/Nov/2025:23:16:53 +0700] "GET /swagger-ui/swagger-ui-bundle.js HTTP/1.1" 200 1468326 54472
0:0:0:0:0:0:0:1 - - [21/Nov/2025:23:16:53 +0700] "GET /swagger-ui/swagger-ui-standalone-preset.js HTTP/1.1" 200 229223 113438
0:0:0:0:0:0:0:1 - - [21/Nov/2025:23:16:53 +0700] "GET /swagger-ui/swagger-initializer.js HTTP/1.1" 200 612 101440
0:0:0:0:0:0:0:1 - - [21/Nov/2025:23:16:54 +0700] "GET /api-docs/swagger-config HTTP/1.1" 200 163 184282
0:0:0:0:0:0:0:1 - - [21/Nov/2025:23:16:54 +0700] "GET /swagger-ui/favicon-32x32.png HTTP/1.1" 200 628 7942
0:0:0:0:0:0:0:1 - - [21/Nov/2025:23:16:55 +0700] "GET /swagger-ui/favicon-32x32.png HTTP/1.1" 200 628 14086
0:0:0:0:0:0:0:1 - - [21/Nov/2025:23:16:58 +0700] "GET /api-docs HTTP/1.1" 200 122178 3687683
0:0:0:0:0:0:0:1 - - [21/Nov/2025:23:17:00 +0700] "GET /api/v1/cinema-clusters/all HTTP/1.1" 200 2822 982553
0:0:0:0:0:0:0:1 - - [21/Nov/2025:23:17:00 +0700] "GET /api/v1/cinema-clusters/all HTTP/1.1" 200 2823 78494
0:0:0:0:0:0:0:1 - - [21/Nov/2025:23:17:00 +0700] "GET /api/v1/movies/coming-soon?size=12 HTTP/1.1" 200 3245 1083625
0:0:0:0:0:0:0:1 - - [21/Nov/2025:23:17:00 +0700] "GET /api/v1/movies/now-showing?size=12 HTTP/1.1" 200 6159 1152972
0:0:0:0:0:0:0:1 - - [21/Nov/2025:23:17:00 +0700] "GET /api/v1/movies/top-rated?size=10 HTTP/1.1" 200 5702 1157322
0:0:0:0:0:0:0:1 - - [21/Nov/2025:23:17:00 +0700] "GET /api/v1/movies/coming-soon?size=12 HTTP/1.1" 200 3245 86824
0:0:0:0:0:0:0:1 - - [21/Nov/2025:23:17:00 +0700] "GET /api/v1/movies?size=20 HTTP/1.1" 200 10046 1289472
0:0:0:0:0:0:0:1 - - [21/Nov/2025:23:17:00 +0700] "GET /api/v1/movies/top-rated?size=10 HTTP/1.1" 200 5702 125077
0:0:0:0:0:0:0:1 - - [21/Nov/2025:23:17:00 +0700] "GET /api/v1/movies/now-showing?size=12 HTTP/1.1" 200 6159 134438
0:0:0:0:0:0:0:1 - - [21/Nov/2025:23:17:00 +0700] "GET /api/v1/movies?size=20 HTTP/1.1" 200 10046 153639
0:0:0:0:0:0:0:1 - - [21/Nov/2025:23:17:21 +0700] "GET /swagger-ui/index.html HTTP/1.1" 200 734 8573
0:0:0:0:0:0:0:1 - - [21/Nov/2025:23:17:22 +0700] "GET /swagger-ui/index.css HTTP/1.1" 200 202 7094
0:0:0:0:0:0:0:1 - - [21/Nov/2025:23:17:22 +0700] "GET /swagger-ui/swagger-ui.css HTTP/1.1" 200 154986 10839
0:0:0:0:0:0:0:1 - - [21/Nov/2025:23:17:22 +0700] "GET /swagger-ui/swagger-initializer.js HTTP/1.1" 200 612 6927
0:0:0:0:0:0:0:1 - - [21/Nov/2025:23:17:22 +0700] "GET /swagger-ui/swagger-ui-standalone-preset.js HTTP/1.1" 200 229223 15429
0:0:0:0:0:0:0:1 - - [21/Nov/2025:23:17:22 +0700] "GET /swagger-ui/swagger-ui-bundle.js HTTP/1.1" 200 1468326 27246
0:0:0:0:0:0:0:1 - - [21/Nov/2025:23:17:22 +0700] "GET /api-docs/swagger-config HTTP/1.1" 200 163 5119
0:0:0:0:0:0:0:1 - - [21/Nov/2025:23:17:22 +0700] "GET /swagger-ui/favicon-32x32.png HTTP/1.1" 200 628 5603
0:0:0:0:0:0:0:1 - - [21/Nov/2025:23:17:22 +0700] "GET /api-docs HTTP/1.1" 200 122178 34944
0:0:0:0:0:0:0:1 - - [21/Nov/2025:23:36:10 +0700] "GET /api/v1/showtime/movie/42/date/22%2F11%2F2025?page=0&size=5 HTTP/1.1" 400 435 10092
0:0:0:0:0:0:0:1 - - [21/Nov/2025:23:38:40 +0700] "GET /swagger-ui/index.html HTTP/1.1" 200 734 7785
0:0:0:0:0:0:0:1 - - [21/Nov/2025:23:38:40 +0700] "GET /swagger-ui/swagger-initializer.js HTTP/1.1" 200 612 4380
0:0:0:0:0:0:0:1 - - [21/Nov/2025:23:38:40 +0700] "GET /swagger-ui/index.css HTTP/1.1" 200 202 4779
0:0:0:0:0:0:0:1 - - [21/Nov/2025:23:38:40 +0700] "GET /swagger-ui/swagger-ui.css HTTP/1.1" 200 154986 7708
0:0:0:0:0:0:0:1 - - [21/Nov/2025:23:38:40 +0700] "GET /swagger-ui/swagger-ui-standalone-preset.js HTTP/1.1" 200 229223 6876
0:0:0:0:0:0:0:1 - - [21/Nov/2025:23:38:40 +0700] "GET /swagger-ui/swagger-ui-bundle.js HTTP/1.1" 200 1468326 23119
0:0:0:0:0:0:0:1 - - [21/Nov/2025:23:38:40 +0700] "GET /api-docs/swagger-config HTTP/1.1" 200 163 5607
0:0:0:0:0:0:0:1 - - [21/Nov/2025:23:38:40 +0700] "GET /swagger-ui/favicon-32x32.png HTTP/1.1" 200 628 6332
0:0:0:0:0:0:0:1 - - [21/Nov/2025:23:38:40 +0700] "GET /swagger-ui/favicon-32x32.png HTTP/1.1" 200 628 4662
0:0:0:0:0:0:0:1 - - [21/Nov/2025:23:38:40 +0700] "GET /api-docs HTTP/1.1" 200 122178 32715
0:0:0:0:0:0:0:1 - - [21/Nov/2025:23:43:50 +0700] "GET /api/v1/showtime/movie/42/date/2025-11-22?page=0&size=5 HTTP/1.1" 500 519 110466
