0:0:0:0:0:0:0:1 - - [08/Oct/2025:00:43:07 +0700] "GET /api/v1/movies HTTP/1.1" 200 9057 59596
0:0:0:0:0:0:0:1 - - [08/Oct/2025:00:43:07 +0700] "GET /api/v1/movies HTTP/1.1" 200 9057 29568
0:0:0:0:0:0:0:1 - - [08/Oct/2025:00:43:13 +0700] "GET /api/v1/movies HTTP/1.1" 200 9057 78558
0:0:0:0:0:0:0:1 - - [08/Oct/2025:00:43:13 +0700] "GET /api/v1/movies HTTP/1.1" 200 9057 44535
0:0:0:0:0:0:0:1 - - [08/Oct/2025:00:43:16 +0700] "GET /api/v1/movies HTTP/1.1" 200 9057 34935
0:0:0:0:0:0:0:1 - - [08/Oct/2025:00:43:16 +0700] "GET /api/v1/movies HTTP/1.1" 200 9057 30706
0:0:0:0:0:0:0:1 - - [08/Oct/2025:00:43:18 +0700] "GET /api/v1/movies/coming-soon?size=12 HTTP/1.1" 200 2086 19354
0:0:0:0:0:0:0:1 - - [08/Oct/2025:00:43:18 +0700] "GET /api/v1/movies/top-rated?size=10 HTTP/1.1" 200 5327 29403
0:0:0:0:0:0:0:1 - - [08/Oct/2025:00:43:18 +0700] "GET /api/v1/movies/coming-soon?size=12 HTTP/1.1" 200 2086 10123
0:0:0:0:0:0:0:1 - - [08/Oct/2025:00:43:18 +0700] "GET /api/v1/movies/now-showing?size=12 HTTP/1.1" 200 5691 33953
0:0:0:0:0:0:0:1 - - [08/Oct/2025:00:43:18 +0700] "GET /api/v1/movies?size=20 HTTP/1.1" 200 9057 41161
0:0:0:0:0:0:0:1 - - [08/Oct/2025:00:43:18 +0700] "GET /api/v1/movies/top-rated?size=10 HTTP/1.1" 200 5327 22563
0:0:0:0:0:0:0:1 - - [08/Oct/2025:00:43:18 +0700] "GET /api/v1/movies/now-showing?size=12 HTTP/1.1" 200 5691 24610
0:0:0:0:0:0:0:1 - - [08/Oct/2025:00:43:18 +0700] "GET /api/v1/movies?size=20 HTTP/1.1" 200 9057 30623
0:0:0:0:0:0:0:1 - - [08/Oct/2025:01:05:56 +0700] "GET /api/v1/movies HTTP/1.1" 200 9057 47075
0:0:0:0:0:0:0:1 - - [08/Oct/2025:01:05:57 +0700] "GET /api/v1/movies HTTP/1.1" 200 9057 26688
0:0:0:0:0:0:0:1 - - [08/Oct/2025:01:05:57 +0700] "GET /api/v1/movies HTTP/1.1" 200 9057 48674
0:0:0:0:0:0:0:1 - - [08/Oct/2025:01:05:58 +0700] "GET /api/v1/movies HTTP/1.1" 200 9057 27912
0:0:0:0:0:0:0:1 - - [08/Oct/2025:01:05:59 +0700] "GET /api/v1/movies HTTP/1.1" 200 9057 46732
0:0:0:0:0:0:0:1 - - [08/Oct/2025:01:05:59 +0700] "GET /api/v1/movies HTTP/1.1" 200 9057 33814
0:0:0:0:0:0:0:1 - - [08/Oct/2025:01:06:02 +0700] "GET /api/v1/movies/coming-soon?size=12 HTTP/1.1" 200 2086 20512
0:0:0:0:0:0:0:1 - - [08/Oct/2025:01:06:02 +0700] "GET /api/v1/movies/top-rated?size=10 HTTP/1.1" 200 5327 39394
0:0:0:0:0:0:0:1 - - [08/Oct/2025:01:06:02 +0700] "GET /api/v1/movies/coming-soon?size=12 HTTP/1.1" 200 2086 17784
0:0:0:0:0:0:0:1 - - [08/Oct/2025:01:06:02 +0700] "GET /api/v1/movies/now-showing?size=12 HTTP/1.1" 200 5691 46144
0:0:0:0:0:0:0:1 - - [08/Oct/2025:01:06:02 +0700] "GET /api/v1/movies?size=20 HTTP/1.1" 200 9057 69566
0:0:0:0:0:0:0:1 - - [08/Oct/2025:01:06:02 +0700] "GET /api/v1/movies/top-rated?size=10 HTTP/1.1" 200 5327 46436
0:0:0:0:0:0:0:1 - - [08/Oct/2025:01:06:03 +0700] "GET /api/v1/movies/now-showing?size=12 HTTP/1.1" 200 5691 51648
0:0:0:0:0:0:0:1 - - [08/Oct/2025:01:06:03 +0700] "GET /api/v1/movies?size=20 HTTP/1.1" 200 9057 46083
0:0:0:0:0:0:0:1 - - [08/Oct/2025:01:23:44 +0700] "GET /api/v1/movies/44 HTTP/1.1" 200 1179 87465
0:0:0:0:0:0:0:1 - - [08/Oct/2025:01:23:44 +0700] "GET /api/v1/movies/44 HTTP/1.1" 200 1179 8158
0:0:0:0:0:0:0:1 - - [08/Oct/2025:01:23:45 +0700] "GET /api/v1/showtime?movieId=44 HTTP/1.1" 200 689 60497
0:0:0:0:0:0:0:1 - - [08/Oct/2025:01:23:45 +0700] "GET /api/v1/showtime?movieId=44 HTTP/1.1" 200 689 11555
0:0:0:0:0:0:0:1 - - [08/Oct/2025:01:24:48 +0700] "GET /api/v1/movies/44 HTTP/1.1" 200 1179 11980
0:0:0:0:0:0:0:1 - - [08/Oct/2025:01:24:49 +0700] "GET /api/v1/showtime?movieId=44 HTTP/1.1" 200 689 17783
0:0:0:0:0:0:0:1 - - [08/Oct/2025:01:24:51 +0700] "GET /api/v1/movies/44 HTTP/1.1" 200 1179 10549
0:0:0:0:0:0:0:1 - - [08/Oct/2025:01:24:52 +0700] "GET /api/v1/movies HTTP/1.1" 200 9057 33469
0:0:0:0:0:0:0:1 - - [08/Oct/2025:01:24:52 +0700] "GET /api/v1/movies HTTP/1.1" 200 9057 29292
0:0:0:0:0:0:0:1 - - [08/Oct/2025:01:24:56 +0700] "GET /api/v1/movies HTTP/1.1" 200 9057 63221
0:0:0:0:0:0:0:1 - - [08/Oct/2025:01:24:59 +0700] "GET /api/v1/movies HTTP/1.1" 200 9057 41705
0:0:0:0:0:0:0:1 - - [08/Oct/2025:01:24:59 +0700] "GET /api/v1/movies HTTP/1.1" 200 9057 56185
0:0:0:0:0:0:0:1 - - [08/Oct/2025:01:25:33 +0700] "GET /api/v1/movies HTTP/1.1" 200 9057 51243
0:0:0:0:0:0:0:1 - - [08/Oct/2025:01:25:33 +0700] "GET /api/v1/movies HTTP/1.1" 200 9057 42513
0:0:0:0:0:0:0:1 - - [08/Oct/2025:01:26:19 +0700] "GET /api/v1/movies HTTP/1.1" 200 9057 56024
0:0:0:0:0:0:0:1 - - [08/Oct/2025:01:26:20 +0700] "GET /api/v1/movies HTTP/1.1" 200 9057 41082
0:0:0:0:0:0:0:1 - - [08/Oct/2025:01:26:25 +0700] "GET /api/v1/movies/coming-soon?size=12 HTTP/1.1" 200 2086 23199
0:0:0:0:0:0:0:1 - - [08/Oct/2025:01:26:25 +0700] "GET /api/v1/movies/coming-soon?size=12 HTTP/1.1" 200 2086 18671
0:0:0:0:0:0:0:1 - - [08/Oct/2025:01:26:25 +0700] "GET /api/v1/movies/top-rated?size=10 HTTP/1.1" 200 5327 43582
0:0:0:0:0:0:0:1 - - [08/Oct/2025:01:26:25 +0700] "GET /api/v1/movies/now-showing?size=12 HTTP/1.1" 200 5691 47751
0:0:0:0:0:0:0:1 - - [08/Oct/2025:01:26:25 +0700] "GET /api/v1/movies?size=20 HTTP/1.1" 200 9057 59994
0:0:0:0:0:0:0:1 - - [08/Oct/2025:01:26:25 +0700] "GET /api/v1/movies/top-rated?size=10 HTTP/1.1" 200 5327 33780
0:0:0:0:0:0:0:1 - - [08/Oct/2025:01:26:25 +0700] "GET /api/v1/movies/now-showing?size=12 HTTP/1.1" 200 5691 39050
0:0:0:0:0:0:0:1 - - [08/Oct/2025:01:26:25 +0700] "GET /api/v1/movies?size=20 HTTP/1.1" 200 9057 56264
0:0:0:0:0:0:0:1 - - [08/Oct/2025:01:26:30 +0700] "GET /api/v1/movies/44 HTTP/1.1" 200 1179 13167
0:0:0:0:0:0:0:1 - - [08/Oct/2025:01:26:30 +0700] "GET /api/v1/movies/44 HTTP/1.1" 200 1179 7407
0:0:0:0:0:0:0:1 - - [08/Oct/2025:01:26:30 +0700] "GET /api/v1/showtime?movieId=44 HTTP/1.1" 200 689 15349
0:0:0:0:0:0:0:1 - - [08/Oct/2025:01:26:30 +0700] "GET /api/v1/showtime?movieId=44 HTTP/1.1" 200 689 18746
0:0:0:0:0:0:0:1 - - [08/Oct/2025:01:26:46 +0700] "GET /api/v1/movies/44 HTTP/1.1" 200 1179 25041
0:0:0:0:0:0:0:1 - - [08/Oct/2025:01:26:46 +0700] "GET /api/v1/showtime?movieId=44 HTTP/1.1" 200 689 15590
0:0:0:0:0:0:0:1 - - [08/Oct/2025:01:26:48 +0700] "GET /api/v1/movies/44 HTTP/1.1" 200 1179 14753
0:0:0:0:0:0:0:1 - - [08/Oct/2025:01:26:48 +0700] "GET /api/v1/movies/44 HTTP/1.1" 200 1179 19021
0:0:0:0:0:0:0:1 - - [08/Oct/2025:01:26:48 +0700] "GET /api/v1/showtime?movieId=44 HTTP/1.1" 200 689 13729
0:0:0:0:0:0:0:1 - - [08/Oct/2025:01:26:48 +0700] "GET /api/v1/showtime?movieId=44 HTTP/1.1" 200 689 21037
0:0:0:0:0:0:0:1 - - [08/Oct/2025:01:28:55 +0700] "GET /api/v1/movies/44 HTTP/1.1" 200 1179 10993
0:0:0:0:0:0:0:1 - - [08/Oct/2025:01:28:56 +0700] "GET /api/v1/showtime?movieId=44 HTTP/1.1" 200 689 23052
0:0:0:0:0:0:0:1 - - [08/Oct/2025:01:29:25 +0700] "GET /api/v1/movies/44 HTTP/1.1" 200 1179 10718
0:0:0:0:0:0:0:1 - - [08/Oct/2025:01:29:26 +0700] "GET /api/v1/showtime?movieId=44 HTTP/1.1" 200 689 16996
0:0:0:0:0:0:0:1 - - [08/Oct/2025:01:30:09 +0700] "GET /api/v1/movies/44 HTTP/1.1" 200 1179 14374
0:0:0:0:0:0:0:1 - - [08/Oct/2025:01:30:10 +0700] "GET /api/v1/showtime?movieId=44 HTTP/1.1" 200 689 11835
0:0:0:0:0:0:0:1 - - [08/Oct/2025:01:30:41 +0700] "GET /api/v1/movies/44 HTTP/1.1" 200 1179 11305
0:0:0:0:0:0:0:1 - - [08/Oct/2025:01:30:42 +0700] "GET /api/v1/showtime?movieId=44 HTTP/1.1" 200 689 10541
0:0:0:0:0:0:0:1 - - [08/Oct/2025:01:31:24 +0700] "GET /api/v1/movies/44 HTTP/1.1" 200 1179 17900
0:0:0:0:0:0:0:1 - - [08/Oct/2025:01:31:25 +0700] "GET /api/v1/showtime?movieId=44 HTTP/1.1" 200 689 17883
0:0:0:0:0:0:0:1 - - [08/Oct/2025:01:31:40 +0700] "GET /api/v1/movies/44 HTTP/1.1" 200 1179 13838
0:0:0:0:0:0:0:1 - - [08/Oct/2025:01:31:41 +0700] "GET /api/v1/showtime?movieId=44 HTTP/1.1" 200 689 12452
0:0:0:0:0:0:0:1 - - [08/Oct/2025:01:31:51 +0700] "GET /api/v1/movies/44 HTTP/1.1" 200 1179 11059
0:0:0:0:0:0:0:1 - - [08/Oct/2025:01:31:52 +0700] "GET /api/v1/showtime?movieId=44 HTTP/1.1" 200 689 11188
0:0:0:0:0:0:0:1 - - [08/Oct/2025:01:34:53 +0700] "GET /api/v1/showtime?movieId=44 HTTP/1.1" 200 689 12671
0:0:0:0:0:0:0:1 - - [08/Oct/2025:01:34:53 +0700] "GET /api/v1/showtime?movieId=44 HTTP/1.1" 200 689 17084
0:0:0:0:0:0:0:1 - - [08/Oct/2025:01:34:55 +0700] "GET /api/v1/showtime?movieId=44 HTTP/1.1" 200 688 17210
0:0:0:0:0:0:0:1 - - [08/Oct/2025:01:34:56 +0700] "GET /api/v1/showtime?movieId=44 HTTP/1.1" 200 689 18117
0:0:0:0:0:0:0:1 - - [08/Oct/2025:01:34:56 +0700] "GET /api/v1/showtime?movieId=44 HTTP/1.1" 200 689 12215
0:0:0:0:0:0:0:1 - - [08/Oct/2025:01:34:56 +0700] "GET /api/v1/showtime?movieId=44 HTTP/1.1" 200 689 10728
0:0:0:0:0:0:0:1 - - [08/Oct/2025:01:34:57 +0700] "GET /api/v1/showtime?movieId=44 HTTP/1.1" 200 689 17519
0:0:0:0:0:0:0:1 - - [08/Oct/2025:01:34:58 +0700] "GET /api/v1/showtime?movieId=44 HTTP/1.1" 200 689 14747
0:0:0:0:0:0:0:1 - - [08/Oct/2025:01:34:59 +0700] "GET /api/v1/showtime?movieId=44 HTTP/1.1" 200 689 12500
0:0:0:0:0:0:0:1 - - [08/Oct/2025:01:34:59 +0700] "GET /api/v1/showtime?movieId=44 HTTP/1.1" 200 689 11411
0:0:0:0:0:0:0:1 - - [08/Oct/2025:01:35:00 +0700] "GET /api/v1/showtime?movieId=44 HTTP/1.1" 200 687 10433
0:0:0:0:0:0:0:1 - - [08/Oct/2025:01:35:00 +0700] "GET /api/v1/showtime?movieId=44 HTTP/1.1" 200 689 10745
0:0:0:0:0:0:0:1 - - [08/Oct/2025:01:35:01 +0700] "GET /api/v1/showtime?movieId=44 HTTP/1.1" 200 689 10592
0:0:0:0:0:0:0:1 - - [08/Oct/2025:01:35:02 +0700] "GET /api/v1/showtime?movieId=44 HTTP/1.1" 200 689 11168
0:0:0:0:0:0:0:1 - - [08/Oct/2025:01:35:02 +0700] "GET /api/v1/showtime?movieId=44 HTTP/1.1" 200 688 16276
0:0:0:0:0:0:0:1 - - [08/Oct/2025:01:35:03 +0700] "GET /api/v1/showtime?movieId=44 HTTP/1.1" 200 689 14832
0:0:0:0:0:0:0:1 - - [08/Oct/2025:01:35:03 +0700] "GET /api/v1/showtime?movieId=44 HTTP/1.1" 200 689 17985
0:0:0:0:0:0:0:1 - - [08/Oct/2025:01:35:05 +0700] "GET /api/v1/showtime?movieId=44 HTTP/1.1" 200 689 10410
0:0:0:0:0:0:0:1 - - [08/Oct/2025:01:35:05 +0700] "GET /api/v1/showtime?movieId=44 HTTP/1.1" 200 689 13999
0:0:0:0:0:0:0:1 - - [08/Oct/2025:01:35:06 +0700] "GET /api/v1/showtime?movieId=44 HTTP/1.1" 200 689 7842
0:0:0:0:0:0:0:1 - - [08/Oct/2025:01:35:10 +0700] "GET /api/v1/movies/44 HTTP/1.1" 200 1179 20098
0:0:0:0:0:0:0:1 - - [08/Oct/2025:01:35:11 +0700] "GET /api/v1/showtime?movieId=44 HTTP/1.1" 200 689 20865
0:0:0:0:0:0:0:1 - - [08/Oct/2025:01:35:13 +0700] "GET /api/v1/movies/coming-soon?size=12 HTTP/1.1" 200 2086 27461
0:0:0:0:0:0:0:1 - - [08/Oct/2025:01:35:13 +0700] "GET /api/v1/movies/top-rated?size=10 HTTP/1.1" 200 5327 51920
0:0:0:0:0:0:0:1 - - [08/Oct/2025:01:35:13 +0700] "GET /api/v1/movies/coming-soon?size=12 HTTP/1.1" 200 2086 25057
0:0:0:0:0:0:0:1 - - [08/Oct/2025:01:35:13 +0700] "GET /api/v1/movies/now-showing?size=12 HTTP/1.1" 200 5691 58727
0:0:0:0:0:0:0:1 - - [08/Oct/2025:01:35:13 +0700] "GET /api/v1/movies?size=20 HTTP/1.1" 200 9057 71358
0:0:0:0:0:0:0:1 - - [08/Oct/2025:01:35:13 +0700] "GET /api/v1/movies/top-rated?size=10 HTTP/1.1" 200 5327 40903
0:0:0:0:0:0:0:1 - - [08/Oct/2025:01:35:13 +0700] "GET /api/v1/movies/now-showing?size=12 HTTP/1.1" 200 5691 44315
0:0:0:0:0:0:0:1 - - [08/Oct/2025:01:35:13 +0700] "GET /api/v1/movies?size=20 HTTP/1.1" 200 9057 62065
0:0:0:0:0:0:0:1 - - [08/Oct/2025:01:35:17 +0700] "GET /api/v1/movies/45 HTTP/1.1" 200 863 14230
0:0:0:0:0:0:0:1 - - [08/Oct/2025:01:35:17 +0700] "GET /api/v1/movies/45 HTTP/1.1" 200 863 9564
0:0:0:0:0:0:0:1 - - [08/Oct/2025:01:35:17 +0700] "GET /api/v1/showtime?movieId=45 HTTP/1.1" 200 689 18377
0:0:0:0:0:0:0:1 - - [08/Oct/2025:01:35:17 +0700] "GET /api/v1/showtime?movieId=45 HTTP/1.1" 200 689 16188
0:0:0:0:0:0:0:1 - - [08/Oct/2025:01:36:18 +0700] "GET /api/v1/movies/45 HTTP/1.1" 200 863 14021
0:0:0:0:0:0:0:1 - - [08/Oct/2025:01:36:18 +0700] "GET /api/v1/showtime?movieId=45 HTTP/1.1" 200 689 14303
0:0:0:0:0:0:0:1 - - [08/Oct/2025:01:36:18 +0700] "GET /api/v1/movies/44 HTTP/1.1" 200 1179 12676
0:0:0:0:0:0:0:1 - - [08/Oct/2025:01:36:19 +0700] "GET /api/v1/showtime?movieId=44 HTTP/1.1" 200 689 12886
0:0:0:0:0:0:0:1 - - [08/Oct/2025:01:39:10 +0700] "GET /api/v1/showtime?movieId=44 HTTP/1.1" 200 689 12109
0:0:0:0:0:0:0:1 - - [08/Oct/2025:01:39:11 +0700] "GET /api/v1/showtime?movieId=44 HTTP/1.1" 200 689 13903
0:0:0:0:0:0:0:1 - - [08/Oct/2025:01:39:13 +0700] "GET /api/v1/showtime?movieId=44 HTTP/1.1" 200 689 12255
0:0:0:0:0:0:0:1 - - [08/Oct/2025:01:39:13 +0700] "GET /api/v1/showtime?movieId=44 HTTP/1.1" 200 689 9478
0:0:0:0:0:0:0:1 - - [08/Oct/2025:01:39:14 +0700] "GET /api/v1/showtime?movieId=44 HTTP/1.1" 200 689 8956
0:0:0:0:0:0:0:1 - - [08/Oct/2025:01:39:14 +0700] "GET /api/v1/showtime?movieId=44 HTTP/1.1" 200 689 16663
0:0:0:0:0:0:0:1 - - [08/Oct/2025:01:39:15 +0700] "GET /api/v1/showtime?movieId=44 HTTP/1.1" 200 689 18846
0:0:0:0:0:0:0:1 - - [08/Oct/2025:01:39:16 +0700] "GET /api/v1/showtime?movieId=44 HTTP/1.1" 200 689 26958
0:0:0:0:0:0:0:1 - - [08/Oct/2025:01:39:16 +0700] "GET /api/v1/showtime?movieId=44 HTTP/1.1" 200 689 11267
0:0:0:0:0:0:0:1 - - [08/Oct/2025:01:39:17 +0700] "GET /api/v1/showtime?movieId=44 HTTP/1.1" 200 689 18000
0:0:0:0:0:0:0:1 - - [08/Oct/2025:01:39:17 +0700] "GET /api/v1/showtime?movieId=44 HTTP/1.1" 200 689 13661
0:0:0:0:0:0:0:1 - - [08/Oct/2025:01:39:18 +0700] "GET /api/v1/showtime?movieId=44 HTTP/1.1" 200 689 12283
0:0:0:0:0:0:0:1 - - [08/Oct/2025:01:39:18 +0700] "GET /api/v1/showtime?movieId=44 HTTP/1.1" 200 689 13184
0:0:0:0:0:0:0:1 - - [08/Oct/2025:01:39:19 +0700] "GET /api/v1/showtime?movieId=44 HTTP/1.1" 200 689 37807
0:0:0:0:0:0:0:1 - - [08/Oct/2025:01:39:20 +0700] "GET /api/v1/showtime?movieId=44 HTTP/1.1" 200 689 13711
0:0:0:0:0:0:0:1 - - [08/Oct/2025:01:39:32 +0700] "GET /api/v1/movies/45 HTTP/1.1" 200 863 9636
0:0:0:0:0:0:0:1 - - [08/Oct/2025:01:39:32 +0700] "GET /api/v1/showtime?movieId=45 HTTP/1.1" 200 689 9916
0:0:0:0:0:0:0:1 - - [08/Oct/2025:01:39:32 +0700] "GET /api/v1/movies/44 HTTP/1.1" 200 1179 11671
0:0:0:0:0:0:0:1 - - [08/Oct/2025:01:39:33 +0700] "GET /api/v1/showtime?movieId=44 HTTP/1.1" 200 689 15499
0:0:0:0:0:0:0:1 - - [08/Oct/2025:01:39:51 +0700] "GET /api/v1/movies/45 HTTP/1.1" 200 863 14141
0:0:0:0:0:0:0:1 - - [08/Oct/2025:01:39:52 +0700] "GET /api/v1/showtime?movieId=45 HTTP/1.1" 200 689 15490
0:0:0:0:0:0:0:1 - - [08/Oct/2025:01:39:52 +0700] "GET /api/v1/movies/44 HTTP/1.1" 200 1179 11008
0:0:0:0:0:0:0:1 - - [08/Oct/2025:01:39:53 +0700] "GET /api/v1/showtime?movieId=44 HTTP/1.1" 200 688 10564
0:0:0:0:0:0:0:1 - - [08/Oct/2025:01:39:58 +0700] "GET /api/v1/movies/44 HTTP/1.1" 200 1179 21085
0:0:0:0:0:0:0:1 - - [08/Oct/2025:01:39:58 +0700] "GET /api/v1/movies/44 HTTP/1.1" 200 1179 9426
0:0:0:0:0:0:0:1 - - [08/Oct/2025:01:39:58 +0700] "GET /api/v1/showtime?movieId=44 HTTP/1.1" 200 689 10360
0:0:0:0:0:0:0:1 - - [08/Oct/2025:01:39:58 +0700] "GET /api/v1/showtime?movieId=44 HTTP/1.1" 200 689 25684
0:0:0:0:0:0:0:1 - - [08/Oct/2025:01:40:28 +0700] "GET /api/v1/movies/coming-soon?size=12 HTTP/1.1" 200 2086 27356
0:0:0:0:0:0:0:1 - - [08/Oct/2025:01:40:28 +0700] "GET /api/v1/movies/top-rated?size=10 HTTP/1.1" 200 5327 39219
0:0:0:0:0:0:0:1 - - [08/Oct/2025:01:40:28 +0700] "GET /api/v1/movies/coming-soon?size=12 HTTP/1.1" 200 2086 14345
0:0:0:0:0:0:0:1 - - [08/Oct/2025:01:40:28 +0700] "GET /api/v1/movies/now-showing?size=12 HTTP/1.1" 200 5691 44593
0:0:0:0:0:0:0:1 - - [08/Oct/2025:01:40:28 +0700] "GET /api/v1/movies?size=20 HTTP/1.1" 200 9057 65982
0:0:0:0:0:0:0:1 - - [08/Oct/2025:01:40:28 +0700] "GET /api/v1/movies/top-rated?size=10 HTTP/1.1" 200 5327 46517
0:0:0:0:0:0:0:1 - - [08/Oct/2025:01:40:28 +0700] "GET /api/v1/movies/now-showing?size=12 HTTP/1.1" 200 5691 53529
0:0:0:0:0:0:0:1 - - [08/Oct/2025:01:40:28 +0700] "GET /api/v1/movies?size=20 HTTP/1.1" 200 9057 73826
0:0:0:0:0:0:0:1 - - [08/Oct/2025:01:41:01 +0700] "GET /api/v1/movies/44 HTTP/1.1" 200 1179 11970
0:0:0:0:0:0:0:1 - - [08/Oct/2025:01:41:01 +0700] "GET /api/v1/movies/44 HTTP/1.1" 200 1179 10258
0:0:0:0:0:0:0:1 - - [08/Oct/2025:01:41:01 +0700] "GET /api/v1/showtime?movieId=44 HTTP/1.1" 200 689 17203
0:0:0:0:0:0:0:1 - - [08/Oct/2025:01:41:01 +0700] "GET /api/v1/showtime?movieId=44 HTTP/1.1" 200 689 22834
0:0:0:0:0:0:0:1 - - [08/Oct/2025:01:44:04 +0700] "GET /api/v1/movies/45 HTTP/1.1" 200 863 17817
0:0:0:0:0:0:0:1 - - [08/Oct/2025:01:44:04 +0700] "GET /api/v1/showtime?movieId=45 HTTP/1.1" 200 689 14119
0:0:0:0:0:0:0:1 - - [08/Oct/2025:01:44:04 +0700] "GET /api/v1/movies/44 HTTP/1.1" 200 1179 8940
0:0:0:0:0:0:0:1 - - [08/Oct/2025:01:44:05 +0700] "GET /api/v1/showtime?movieId=44 HTTP/1.1" 200 689 12401
0:0:0:0:0:0:0:1 - - [08/Oct/2025:01:44:53 +0700] "GET /api/v1/movies/45 HTTP/1.1" 200 863 11565
0:0:0:0:0:0:0:1 - - [08/Oct/2025:01:44:53 +0700] "GET /api/v1/showtime?movieId=45 HTTP/1.1" 200 689 10882
0:0:0:0:0:0:0:1 - - [08/Oct/2025:01:44:53 +0700] "GET /api/v1/movies/44 HTTP/1.1" 200 1179 11218
0:0:0:0:0:0:0:1 - - [08/Oct/2025:01:44:54 +0700] "GET /api/v1/showtime?movieId=44 HTTP/1.1" 200 689 13717
0:0:0:0:0:0:0:1 - - [08/Oct/2025:01:45:01 +0700] "GET /api/v1/movies/45 HTTP/1.1" 200 863 11434
0:0:0:0:0:0:0:1 - - [08/Oct/2025:01:45:01 +0700] "GET /api/v1/showtime?movieId=45 HTTP/1.1" 200 689 12303
0:0:0:0:0:0:0:1 - - [08/Oct/2025:01:45:02 +0700] "GET /api/v1/movies/44 HTTP/1.1" 200 1179 8269
0:0:0:0:0:0:0:1 - - [08/Oct/2025:01:45:03 +0700] "GET /api/v1/showtime?movieId=44 HTTP/1.1" 200 689 17633
0:0:0:0:0:0:0:1 - - [08/Oct/2025:01:46:19 +0700] "GET /api/v1/movies/44 HTTP/1.1" 200 1179 6997
0:0:0:0:0:0:0:1 - - [08/Oct/2025:01:46:19 +0700] "GET /api/v1/movies/44 HTTP/1.1" 200 1179 11040
0:0:0:0:0:0:0:1 - - [08/Oct/2025:01:46:19 +0700] "GET /api/v1/showtime?movieId=44 HTTP/1.1" 200 689 15790
0:0:0:0:0:0:0:1 - - [08/Oct/2025:01:46:19 +0700] "GET /api/v1/showtime?movieId=44 HTTP/1.1" 200 689 19228
0:0:0:0:0:0:0:1 - - [08/Oct/2025:01:46:27 +0700] "GET /api/v1/movies/45 HTTP/1.1" 200 863 13753
0:0:0:0:0:0:0:1 - - [08/Oct/2025:01:46:27 +0700] "GET /api/v1/showtime?movieId=45 HTTP/1.1" 200 689 9750
0:0:0:0:0:0:0:1 - - [08/Oct/2025:01:46:27 +0700] "GET /api/v1/movies/44 HTTP/1.1" 200 1179 8708
0:0:0:0:0:0:0:1 - - [08/Oct/2025:01:46:28 +0700] "GET /api/v1/showtime?movieId=44 HTTP/1.1" 200 689 12053
0:0:0:0:0:0:0:1 - - [08/Oct/2025:01:46:30 +0700] "GET /api/v1/movies/coming-soon?size=12 HTTP/1.1" 200 2086 30524
0:0:0:0:0:0:0:1 - - [08/Oct/2025:01:46:30 +0700] "GET /api/v1/movies/coming-soon?size=12 HTTP/1.1" 200 2086 16149
0:0:0:0:0:0:0:1 - - [08/Oct/2025:01:46:30 +0700] "GET /api/v1/movies/top-rated?size=10 HTTP/1.1" 200 5327 51437
0:0:0:0:0:0:0:1 - - [08/Oct/2025:01:46:30 +0700] "GET /api/v1/movies/now-showing?size=12 HTTP/1.1" 200 5691 57295
0:0:0:0:0:0:0:1 - - [08/Oct/2025:01:46:30 +0700] "GET /api/v1/movies?size=20 HTTP/1.1" 200 9057 74188
0:0:0:0:0:0:0:1 - - [08/Oct/2025:01:46:30 +0700] "GET /api/v1/movies/top-rated?size=10 HTTP/1.1" 200 5327 32614
0:0:0:0:0:0:0:1 - - [08/Oct/2025:01:46:30 +0700] "GET /api/v1/movies/now-showing?size=12 HTTP/1.1" 200 5691 33140
0:0:0:0:0:0:0:1 - - [08/Oct/2025:01:46:30 +0700] "GET /api/v1/movies?size=20 HTTP/1.1" 200 9057 45704
0:0:0:0:0:0:0:1 - - [08/Oct/2025:01:46:33 +0700] "GET /api/v1/movies/45 HTTP/1.1" 200 863 20246
0:0:0:0:0:0:0:1 - - [08/Oct/2025:01:46:33 +0700] "GET /api/v1/movies/45 HTTP/1.1" 200 863 11893
0:0:0:0:0:0:0:1 - - [08/Oct/2025:01:46:33 +0700] "GET /api/v1/showtime?movieId=45 HTTP/1.1" 200 689 15252
0:0:0:0:0:0:0:1 - - [08/Oct/2025:01:46:33 +0700] "GET /api/v1/showtime?movieId=45 HTTP/1.1" 200 689 14221
0:0:0:0:0:0:0:1 - - [08/Oct/2025:01:46:39 +0700] "GET /api/v1/movies/coming-soon?size=12 HTTP/1.1" 200 2086 12847
0:0:0:0:0:0:0:1 - - [08/Oct/2025:01:46:39 +0700] "GET /api/v1/movies/coming-soon?size=12 HTTP/1.1" 200 2086 9200
0:0:0:0:0:0:0:1 - - [08/Oct/2025:01:46:39 +0700] "GET /api/v1/movies/top-rated?size=10 HTTP/1.1" 200 5327 22633
0:0:0:0:0:0:0:1 - - [08/Oct/2025:01:46:39 +0700] "GET /api/v1/movies/now-showing?size=12 HTTP/1.1" 200 5691 28928
0:0:0:0:0:0:0:1 - - [08/Oct/2025:01:46:39 +0700] "GET /api/v1/movies?size=20 HTTP/1.1" 200 9057 40454
0:0:0:0:0:0:0:1 - - [08/Oct/2025:01:46:39 +0700] "GET /api/v1/movies/top-rated?size=10 HTTP/1.1" 200 5327 24338
0:0:0:0:0:0:0:1 - - [08/Oct/2025:01:46:39 +0700] "GET /api/v1/movies/now-showing?size=12 HTTP/1.1" 200 5691 31348
0:0:0:0:0:0:0:1 - - [08/Oct/2025:01:46:39 +0700] "GET /api/v1/movies?size=20 HTTP/1.1" 200 9057 47405
0:0:0:0:0:0:0:1 - - [08/Oct/2025:01:46:43 +0700] "GET /api/v1/movies/41 HTTP/1.1" 200 714 17161
0:0:0:0:0:0:0:1 - - [08/Oct/2025:01:46:43 +0700] "GET /api/v1/movies/41 HTTP/1.1" 200 714 12219
0:0:0:0:0:0:0:1 - - [08/Oct/2025:01:46:43 +0700] "GET /api/v1/showtime?movieId=41 HTTP/1.1" 200 689 13497
0:0:0:0:0:0:0:1 - - [08/Oct/2025:01:46:43 +0700] "GET /api/v1/showtime?movieId=41 HTTP/1.1" 200 689 12617
0:0:0:0:0:0:0:1 - - [08/Oct/2025:10:18:54 +0700] "GET /api/v1/movies HTTP/1.1" 200 9057 466613
0:0:0:0:0:0:0:1 - - [08/Oct/2025:10:18:54 +0700] "GET /api/v1/movies HTTP/1.1" 200 9057 106430
0:0:0:0:0:0:0:1 - - [08/Oct/2025:10:18:57 +0700] "GET /api/v1/movies/coming-soon?size=12 HTTP/1.1" 200 2086 48346
0:0:0:0:0:0:0:1 - - [08/Oct/2025:10:18:57 +0700] "GET /api/v1/movies/top-rated?size=10 HTTP/1.1" 200 5327 60109
0:0:0:0:0:0:0:1 - - [08/Oct/2025:10:18:57 +0700] "GET /api/v1/movies/now-showing?size=12 HTTP/1.1" 200 5691 60339
0:0:0:0:0:0:0:1 - - [08/Oct/2025:10:18:57 +0700] "GET /api/v1/movies/coming-soon?size=12 HTTP/1.1" 200 2086 16450
0:0:0:0:0:0:0:1 - - [08/Oct/2025:10:18:57 +0700] "GET /api/v1/movies?size=20 HTTP/1.1" 200 9057 74708
0:0:0:0:0:0:0:1 - - [08/Oct/2025:10:18:57 +0700] "GET /api/v1/movies/top-rated?size=10 HTTP/1.1" 200 5327 33337
0:0:0:0:0:0:0:1 - - [08/Oct/2025:10:18:57 +0700] "GET /api/v1/movies/now-showing?size=12 HTTP/1.1" 200 5691 36569
0:0:0:0:0:0:0:1 - - [08/Oct/2025:10:18:57 +0700] "GET /api/v1/movies?size=20 HTTP/1.1" 200 9057 54911
0:0:0:0:0:0:0:1 - - [08/Oct/2025:10:19:21 +0700] "GET /api/v1/movies/42 HTTP/1.1" 200 841 30759
0:0:0:0:0:0:0:1 - - [08/Oct/2025:10:19:21 +0700] "GET /api/v1/movies/42 HTTP/1.1" 200 841 7403
0:0:0:0:0:0:0:1 - - [08/Oct/2025:10:19:21 +0700] "GET /api/v1/showtime?movieId=42 HTTP/1.1" 200 689 20856
0:0:0:0:0:0:0:1 - - [08/Oct/2025:10:19:22 +0700] "GET /api/v1/showtime?movieId=42 HTTP/1.1" 200 689 16825
0:0:0:0:0:0:0:1 - - [08/Oct/2025:10:19:50 +0700] "GET /api/v1/showtime?movieId=42 HTTP/1.1" 200 689 12050
0:0:0:0:0:0:0:1 - - [08/Oct/2025:10:19:51 +0700] "GET /api/v1/showtime?movieId=42 HTTP/1.1" 200 689 11814
0:0:0:0:0:0:0:1 - - [08/Oct/2025:10:19:52 +0700] "GET /api/v1/showtime?movieId=42 HTTP/1.1" 200 689 17303
0:0:0:0:0:0:0:1 - - [08/Oct/2025:10:19:52 +0700] "GET /api/v1/showtime?movieId=42 HTTP/1.1" 200 688 11352
0:0:0:0:0:0:0:1 - - [08/Oct/2025:10:19:53 +0700] "GET /api/v1/showtime?movieId=42 HTTP/1.1" 200 689 19655
0:0:0:0:0:0:0:1 - - [08/Oct/2025:10:19:54 +0700] "GET /api/v1/showtime?movieId=42 HTTP/1.1" 200 689 11378
0:0:0:0:0:0:0:1 - - [08/Oct/2025:10:19:54 +0700] "GET /api/v1/showtime?movieId=42 HTTP/1.1" 200 688 10423
0:0:0:0:0:0:0:1 - - [08/Oct/2025:10:20:04 +0700] "GET /swagger-ui/index.html HTTP/1.1" 200 734 17052
0:0:0:0:0:0:0:1 - - [08/Oct/2025:10:20:04 +0700] "GET /swagger-ui/index.css HTTP/1.1" 200 202 16348
0:0:0:0:0:0:0:1 - - [08/Oct/2025:10:20:04 +0700] "GET /swagger-ui/swagger-ui.css HTTP/1.1" 200 154986 19617
0:0:0:0:0:0:0:1 - - [08/Oct/2025:10:20:04 +0700] "GET /swagger-ui/swagger-ui-standalone-preset.js HTTP/1.1" 200 229223 21099
0:0:0:0:0:0:0:1 - - [08/Oct/2025:10:20:04 +0700] "GET /swagger-ui/swagger-initializer.js HTTP/1.1" 200 612 30532
0:0:0:0:0:0:0:1 - - [08/Oct/2025:10:20:04 +0700] "GET /swagger-ui/swagger-ui-bundle.js HTTP/1.1" 200 1468326 34127
0:0:0:0:0:0:0:1 - - [08/Oct/2025:10:20:04 +0700] "GET /swagger-ui/favicon-32x32.png HTTP/1.1" 200 628 9679
0:0:0:0:0:0:0:1 - - [08/Oct/2025:10:20:04 +0700] "GET /api-docs/swagger-config HTTP/1.1" 200 163 14910
0:0:0:0:0:0:0:1 - - [08/Oct/2025:10:20:05 +0700] "GET /api-docs HTTP/1.1" 200 95840 885661
0:0:0:0:0:0:0:1 - - [08/Oct/2025:11:27:40 +0700] "GET /api/v1/showtime?movieId=42 HTTP/1.1" 200 689 82879
0:0:0:0:0:0:0:1 - - [08/Oct/2025:11:27:40 +0700] "GET /api/v1/showtime?movieId=42 HTTP/1.1" 200 689 21263
0:0:0:0:0:0:0:1 - - [08/Oct/2025:11:27:41 +0700] "GET /api/v1/showtime?movieId=42 HTTP/1.1" 200 689 20149
0:0:0:0:0:0:0:1 - - [08/Oct/2025:11:27:41 +0700] "GET /api/v1/showtime?movieId=42 HTTP/1.1" 200 689 12693
0:0:0:0:0:0:0:1 - - [08/Oct/2025:11:27:42 +0700] "GET /api/v1/showtime?movieId=42 HTTP/1.1" 200 689 24791
0:0:0:0:0:0:0:1 - - [08/Oct/2025:11:27:42 +0700] "GET /api/v1/showtime?movieId=42 HTTP/1.1" 200 689 14305
0:0:0:0:0:0:0:1 - - [08/Oct/2025:11:27:43 +0700] "GET /api/v1/showtime?movieId=42 HTTP/1.1" 200 689 52177
0:0:0:0:0:0:0:1 - - [08/Oct/2025:23:02:09 +0700] "GET /swagger-ui/index.html HTTP/1.1" 200 734 67734
0:0:0:0:0:0:0:1 - - [08/Oct/2025:23:02:09 +0700] "GET /swagger-ui/index.css HTTP/1.1" 200 202 6321
0:0:0:0:0:0:0:1 - - [08/Oct/2025:23:02:09 +0700] "GET /swagger-ui/swagger-ui.css HTTP/1.1" 200 154986 11961
0:0:0:0:0:0:0:1 - - [08/Oct/2025:23:02:09 +0700] "GET /swagger-ui/swagger-ui-standalone-preset.js HTTP/1.1" 200 229223 13207
0:0:0:0:0:0:0:1 - - [08/Oct/2025:23:02:09 +0700] "GET /swagger-ui/swagger-ui-bundle.js HTTP/1.1" 200 1468326 23087
0:0:0:0:0:0:0:1 - - [08/Oct/2025:23:02:09 +0700] "GET /swagger-ui/swagger-initializer.js HTTP/1.1" 200 612 31841
0:0:0:0:0:0:0:1 - - [08/Oct/2025:23:02:09 +0700] "GET /swagger-ui/favicon-32x32.png HTTP/1.1" 200 628 5118
0:0:0:0:0:0:0:1 - - [08/Oct/2025:23:02:09 +0700] "GET /api-docs/swagger-config HTTP/1.1" 200 163 38471
0:0:0:0:0:0:0:1 - - [08/Oct/2025:23:02:10 +0700] "GET /api-docs HTTP/1.1" 200 109177 1059837
0:0:0:0:0:0:0:1 - - [08/Oct/2025:23:26:55 +0700] "POST /api/v1/showtime HTTP/1.1" 400 529 426865
0:0:0:0:0:0:0:1 - - [08/Oct/2025:23:29:23 +0700] "POST /api/v1/showtime HTTP/1.1" 400 529 24384
0:0:0:0:0:0:0:1 - - [08/Oct/2025:23:43:24 +0700] "POST /api/v1/showtime HTTP/1.1" 201 357 789858
0:0:0:0:0:0:0:1 - - [08/Oct/2025:23:49:38 +0700] "GET /api/v1/cinema-clusters/all HTTP/1.1" 200 1952 49455
0:0:0:0:0:0:0:1 - - [08/Oct/2025:23:49:38 +0700] "GET /api/v1/cinema-clusters/all HTTP/1.1" 200 1952 14323
0:0:0:0:0:0:0:1 - - [08/Oct/2025:23:49:38 +0700] "GET /api/v1/movies/top-rated?size=10 HTTP/1.1" 200 5327 101961
0:0:0:0:0:0:0:1 - - [08/Oct/2025:23:49:38 +0700] "GET /api/v1/movies/coming-soon?size=12 HTTP/1.1" 200 2086 102302
0:0:0:0:0:0:0:1 - - [08/Oct/2025:23:49:38 +0700] "GET /api/v1/movies/now-showing?size=12 HTTP/1.1" 200 5691 109964
0:0:0:0:0:0:0:1 - - [08/Oct/2025:23:49:39 +0700] "GET /api/v1/movies/coming-soon?size=12 HTTP/1.1" 200 2086 23583
0:0:0:0:0:0:0:1 - - [08/Oct/2025:23:49:39 +0700] "GET /api/v1/movies?size=20 HTTP/1.1" 200 9057 136497
0:0:0:0:0:0:0:1 - - [08/Oct/2025:23:49:39 +0700] "GET /api/v1/movies/top-rated?size=10 HTTP/1.1" 200 5327 43950
0:0:0:0:0:0:0:1 - - [08/Oct/2025:23:49:39 +0700] "GET /api/v1/movies/now-showing?size=12 HTTP/1.1" 200 5691 41171
0:0:0:0:0:0:0:1 - - [08/Oct/2025:23:49:39 +0700] "GET /api/v1/movies?size=20 HTTP/1.1" 200 9057 51722
0:0:0:0:0:0:0:1 - - [08/Oct/2025:23:49:41 +0700] "GET /api/v1/cinema-clusters/all HTTP/1.1" 200 1952 16922
0:0:0:0:0:0:0:1 - - [08/Oct/2025:23:49:41 +0700] "GET /api/v1/movies/coming-soon?size=12 HTTP/1.1" 200 2086 31113
0:0:0:0:0:0:0:1 - - [08/Oct/2025:23:49:41 +0700] "GET /api/v1/cinema-clusters/all HTTP/1.1" 200 1952 14389
0:0:0:0:0:0:0:1 - - [08/Oct/2025:23:49:41 +0700] "GET /api/v1/movies/top-rated?size=10 HTTP/1.1" 200 5327 49532
0:0:0:0:0:0:0:1 - - [08/Oct/2025:23:49:41 +0700] "GET /api/v1/movies/coming-soon?size=12 HTTP/1.1" 200 2086 21948
0:0:0:0:0:0:0:1 - - [08/Oct/2025:23:49:41 +0700] "GET /api/v1/movies/now-showing?size=12 HTTP/1.1" 200 5691 60832
0:0:0:0:0:0:0:1 - - [08/Oct/2025:23:49:41 +0700] "GET /api/v1/movies?size=20 HTTP/1.1" 200 9057 83760
0:0:0:0:0:0:0:1 - - [08/Oct/2025:23:49:41 +0700] "GET /api/v1/movies/top-rated?size=10 HTTP/1.1" 200 5327 34600
0:0:0:0:0:0:0:1 - - [08/Oct/2025:23:49:41 +0700] "GET /api/v1/movies/now-showing?size=12 HTTP/1.1" 200 5691 37934
0:0:0:0:0:0:0:1 - - [08/Oct/2025:23:49:41 +0700] "GET /api/v1/movies?size=20 HTTP/1.1" 200 9057 45261
0:0:0:0:0:0:0:1 - - [08/Oct/2025:23:52:06 +0700] "GET /api/v1/cinema-clusters/all HTTP/1.1" 200 1950 18890
0:0:0:0:0:0:0:1 - - [08/Oct/2025:23:52:06 +0700] "GET /api/v1/movies/coming-soon?size=12 HTTP/1.1" 200 2086 19810
0:0:0:0:0:0:0:1 - - [08/Oct/2025:23:52:06 +0700] "GET /api/v1/cinema-clusters/all HTTP/1.1" 200 1950 13428
0:0:0:0:0:0:0:1 - - [08/Oct/2025:23:52:06 +0700] "GET /api/v1/movies/top-rated?size=10 HTTP/1.1" 200 5327 41343
0:0:0:0:0:0:0:1 - - [08/Oct/2025:23:52:06 +0700] "GET /api/v1/movies/coming-soon?size=12 HTTP/1.1" 200 2086 29830
0:0:0:0:0:0:0:1 - - [08/Oct/2025:23:52:06 +0700] "GET /api/v1/movies/now-showing?size=12 HTTP/1.1" 200 5691 51274
0:0:0:0:0:0:0:1 - - [08/Oct/2025:23:52:06 +0700] "GET /api/v1/movies?size=20 HTTP/1.1" 200 9057 73390
0:0:0:0:0:0:0:1 - - [08/Oct/2025:23:52:06 +0700] "GET /api/v1/movies/top-rated?size=10 HTTP/1.1" 200 5327 38506
0:0:0:0:0:0:0:1 - - [08/Oct/2025:23:52:06 +0700] "GET /api/v1/movies/now-showing?size=12 HTTP/1.1" 200 5691 39201
0:0:0:0:0:0:0:1 - - [08/Oct/2025:23:52:06 +0700] "GET /api/v1/movies?size=20 HTTP/1.1" 200 9057 70213
0:0:0:0:0:0:0:1 - - [08/Oct/2025:23:55:09 +0700] "GET /api/v1/cinema-clusters/all HTTP/1.1" 200 1952 13542
0:0:0:0:0:0:0:1 - - [08/Oct/2025:23:55:09 +0700] "GET /api/v1/cinema-clusters/all HTTP/1.1" 200 1952 12089
0:0:0:0:0:0:0:1 - - [08/Oct/2025:23:55:09 +0700] "GET /api/v1/movies/coming-soon?size=12 HTTP/1.1" 200 2086 28083
0:0:0:0:0:0:0:1 - - [08/Oct/2025:23:55:09 +0700] "GET /api/v1/movies/top-rated?size=10 HTTP/1.1" 200 5327 41083
0:0:0:0:0:0:0:1 - - [08/Oct/2025:23:55:09 +0700] "GET /api/v1/movies/coming-soon?size=12 HTTP/1.1" 200 2086 20827
0:0:0:0:0:0:0:1 - - [08/Oct/2025:23:55:09 +0700] "GET /api/v1/movies/now-showing?size=12 HTTP/1.1" 200 5691 58649
0:0:0:0:0:0:0:1 - - [08/Oct/2025:23:55:09 +0700] "GET /api/v1/movies?size=20 HTTP/1.1" 200 9057 72344
0:0:0:0:0:0:0:1 - - [08/Oct/2025:23:55:09 +0700] "GET /api/v1/movies/top-rated?size=10 HTTP/1.1" 200 5327 40988
0:0:0:0:0:0:0:1 - - [08/Oct/2025:23:55:09 +0700] "GET /api/v1/movies/now-showing?size=12 HTTP/1.1" 200 5691 47711
0:0:0:0:0:0:0:1 - - [08/Oct/2025:23:55:09 +0700] "GET /api/v1/movies?size=20 HTTP/1.1" 200 9057 62974
0:0:0:0:0:0:0:1 - - [08/Oct/2025:23:55:29 +0700] "GET /api/v1/cinema-clusters/all HTTP/1.1" 200 1951 14706
0:0:0:0:0:0:0:1 - - [08/Oct/2025:23:55:29 +0700] "GET /api/v1/movies/coming-soon?size=12 HTTP/1.1" 200 2086 20883
0:0:0:0:0:0:0:1 - - [08/Oct/2025:23:55:29 +0700] "GET /api/v1/cinema-clusters/all HTTP/1.1" 200 1951 12557
0:0:0:0:0:0:0:1 - - [08/Oct/2025:23:55:29 +0700] "GET /api/v1/movies/top-rated?size=10 HTTP/1.1" 200 5327 37226
0:0:0:0:0:0:0:1 - - [08/Oct/2025:23:55:29 +0700] "GET /api/v1/movies/coming-soon?size=12 HTTP/1.1" 200 2086 19159
0:0:0:0:0:0:0:1 - - [08/Oct/2025:23:55:29 +0700] "GET /api/v1/movies/now-showing?size=12 HTTP/1.1" 200 5691 50804
0:0:0:0:0:0:0:1 - - [08/Oct/2025:23:55:29 +0700] "GET /api/v1/movies?size=20 HTTP/1.1" 200 9057 64396
0:0:0:0:0:0:0:1 - - [08/Oct/2025:23:55:29 +0700] "GET /api/v1/movies/top-rated?size=10 HTTP/1.1" 200 5327 34264
0:0:0:0:0:0:0:1 - - [08/Oct/2025:23:55:29 +0700] "GET /api/v1/movies/now-showing?size=12 HTTP/1.1" 200 5691 37091
0:0:0:0:0:0:0:1 - - [08/Oct/2025:23:55:29 +0700] "GET /api/v1/movies?size=20 HTTP/1.1" 200 9057 60018
0:0:0:0:0:0:0:1 - - [08/Oct/2025:23:56:05 +0700] "GET /api/v1/cinema-clusters/all HTTP/1.1" 200 1952 13474
0:0:0:0:0:0:0:1 - - [08/Oct/2025:23:56:05 +0700] "GET /api/v1/movies/coming-soon?size=12 HTTP/1.1" 200 2086 17490
0:0:0:0:0:0:0:1 - - [08/Oct/2025:23:56:05 +0700] "GET /api/v1/cinema-clusters/all HTTP/1.1" 200 1952 12559
0:0:0:0:0:0:0:1 - - [08/Oct/2025:23:56:05 +0700] "GET /api/v1/movies/top-rated?size=10 HTTP/1.1" 200 5327 35905
0:0:0:0:0:0:0:1 - - [08/Oct/2025:23:56:05 +0700] "GET /api/v1/movies/coming-soon?size=12 HTTP/1.1" 200 2086 18791
0:0:0:0:0:0:0:1 - - [08/Oct/2025:23:56:05 +0700] "GET /api/v1/movies/now-showing?size=12 HTTP/1.1" 200 5691 45786
0:0:0:0:0:0:0:1 - - [08/Oct/2025:23:56:05 +0700] "GET /api/v1/movies?size=20 HTTP/1.1" 200 9057 68522
0:0:0:0:0:0:0:1 - - [08/Oct/2025:23:56:05 +0700] "GET /api/v1/movies/top-rated?size=10 HTTP/1.1" 200 5327 40947
0:0:0:0:0:0:0:1 - - [08/Oct/2025:23:56:05 +0700] "GET /api/v1/movies/now-showing?size=12 HTTP/1.1" 200 5691 50716
0:0:0:0:0:0:0:1 - - [08/Oct/2025:23:56:05 +0700] "GET /api/v1/movies?size=20 HTTP/1.1" 200 9057 73928
0:0:0:0:0:0:0:1 - - [08/Oct/2025:23:57:03 +0700] "GET /api/v1/cinema-clusters/all HTTP/1.1" 200 1952 13880
0:0:0:0:0:0:0:1 - - [08/Oct/2025:23:57:03 +0700] "GET /api/v1/movies/coming-soon?size=12 HTTP/1.1" 200 2086 16601
0:0:0:0:0:0:0:1 - - [08/Oct/2025:23:57:03 +0700] "GET /api/v1/cinema-clusters/all HTTP/1.1" 200 1952 10241
0:0:0:0:0:0:0:1 - - [08/Oct/2025:23:57:03 +0700] "GET /api/v1/movies/coming-soon?size=12 HTTP/1.1" 200 2086 14995
0:0:0:0:0:0:0:1 - - [08/Oct/2025:23:57:03 +0700] "GET /api/v1/movies/top-rated?size=10 HTTP/1.1" 200 5327 39364
0:0:0:0:0:0:0:1 - - [08/Oct/2025:23:57:03 +0700] "GET /api/v1/movies/now-showing?size=12 HTTP/1.1" 200 5691 45901
0:0:0:0:0:0:0:1 - - [08/Oct/2025:23:57:03 +0700] "GET /api/v1/movies?size=20 HTTP/1.1" 200 9057 55698
0:0:0:0:0:0:0:1 - - [08/Oct/2025:23:57:03 +0700] "GET /api/v1/movies/top-rated?size=10 HTTP/1.1" 200 5327 27515
0:0:0:0:0:0:0:1 - - [08/Oct/2025:23:57:03 +0700] "GET /api/v1/movies/now-showing?size=12 HTTP/1.1" 200 5691 32747
0:0:0:0:0:0:0:1 - - [08/Oct/2025:23:57:03 +0700] "GET /api/v1/movies?size=20 HTTP/1.1" 200 9057 44767
0:0:0:0:0:0:0:1 - - [08/Oct/2025:23:57:16 +0700] "GET /api/v1/movies/coming-soon?size=12 HTTP/1.1" 200 2086 18738
0:0:0:0:0:0:0:1 - - [08/Oct/2025:23:57:16 +0700] "GET /api/v1/movies/top-rated?size=10 HTTP/1.1" 200 5327 24557
0:0:0:0:0:0:0:1 - - [08/Oct/2025:23:57:16 +0700] "GET /api/v1/movies/coming-soon?size=12 HTTP/1.1" 200 2086 8596
0:0:0:0:0:0:0:1 - - [08/Oct/2025:23:57:16 +0700] "GET /api/v1/movies/now-showing?size=12 HTTP/1.1" 200 5691 27633
0:0:0:0:0:0:0:1 - - [08/Oct/2025:23:57:16 +0700] "GET /api/v1/movies?size=20 HTTP/1.1" 200 9057 39255
0:0:0:0:0:0:0:1 - - [08/Oct/2025:23:57:16 +0700] "GET /api/v1/movies/top-rated?size=10 HTTP/1.1" 200 5327 21385
0:0:0:0:0:0:0:1 - - [08/Oct/2025:23:57:16 +0700] "GET /api/v1/movies/now-showing?size=12 HTTP/1.1" 200 5691 18985
0:0:0:0:0:0:0:1 - - [08/Oct/2025:23:57:16 +0700] "GET /api/v1/movies?size=20 HTTP/1.1" 200 9057 26469
0:0:0:0:0:0:0:1 - - [08/Oct/2025:23:58:02 +0700] "OPTIONS /api/v1/auth/login HTTP/1.1" 200 - 2745
0:0:0:0:0:0:0:1 - - [08/Oct/2025:23:58:02 +0700] "POST /api/v1/auth/login HTTP/1.1" 200 877 369596
0:0:0:0:0:0:0:1 - - [08/Oct/2025:23:58:05 +0700] "OPTIONS /api/v1/notifications HTTP/1.1" 200 - 8571
0:0:0:0:0:0:0:1 - - [08/Oct/2025:23:58:05 +0700] "OPTIONS /api/v1/notifications HTTP/1.1" 200 - 8472
0:0:0:0:0:0:0:1 - - [08/Oct/2025:23:58:06 +0700] "GET /api/v1/notifications HTTP/1.1" 200 - 494159
0:0:0:0:0:0:0:1 - - [08/Oct/2025:23:58:06 +0700] "GET /api/v1/notifications HTTP/1.1" 200 - 6304
0:0:0:0:0:0:0:1 - - [08/Oct/2025:23:58:07 +0700] "OPTIONS /api/v1/movies?size=20 HTTP/1.1" 200 - 1971
0:0:0:0:0:0:0:1 - - [08/Oct/2025:23:58:07 +0700] "OPTIONS /api/v1/movies/coming-soon?size=12 HTTP/1.1" 200 - 1533
0:0:0:0:0:0:0:1 - - [08/Oct/2025:23:58:07 +0700] "OPTIONS /api/v1/movies/top-rated?size=10 HTTP/1.1" 200 - 1124
0:0:0:0:0:0:0:1 - - [08/Oct/2025:23:58:07 +0700] "OPTIONS /api/v1/movies/now-showing?size=12 HTTP/1.1" 200 - 1325
0:0:0:0:0:0:0:1 - - [08/Oct/2025:23:58:07 +0700] "OPTIONS /api/v1/movies?size=20 HTTP/1.1" 200 - 1094
0:0:0:0:0:0:0:1 - - [08/Oct/2025:23:58:07 +0700] "OPTIONS /api/v1/movies/top-rated?size=10 HTTP/1.1" 200 - 1293
0:0:0:0:0:0:0:1 - - [08/Oct/2025:23:58:07 +0700] "OPTIONS /api/v1/movies/now-showing?size=12 HTTP/1.1" 200 - 2133
0:0:0:0:0:0:0:1 - - [08/Oct/2025:23:58:07 +0700] "OPTIONS /api/v1/movies/coming-soon?size=12 HTTP/1.1" 200 - 16091
0:0:0:0:0:0:0:1 - - [08/Oct/2025:23:58:07 +0700] "GET /api/v1/movies/coming-soon?size=12 HTTP/1.1" 200 - 17254
0:0:0:0:0:0:0:1 - - [08/Oct/2025:23:58:07 +0700] "GET /api/v1/movies?size=20 HTTP/1.1" 200 - 15604
0:0:0:0:0:0:0:1 - - [08/Oct/2025:23:58:07 +0700] "GET /api/v1/movies/now-showing?size=12 HTTP/1.1" 200 - 15147
0:0:0:0:0:0:0:1 - - [08/Oct/2025:23:58:07 +0700] "GET /api/v1/movies/top-rated?size=10 HTTP/1.1" 200 - 15042
0:0:0:0:0:0:0:1 - - [08/Oct/2025:23:58:07 +0700] "GET /api/v1/movies?size=20 HTTP/1.1" 200 - 12145
0:0:0:0:0:0:0:1 - - [08/Oct/2025:23:58:07 +0700] "GET /api/v1/movies/coming-soon?size=12 HTTP/1.1" 200 - 12386
0:0:0:0:0:0:0:1 - - [08/Oct/2025:23:58:07 +0700] "GET /api/v1/movies/now-showing?size=12 HTTP/1.1" 200 - 11374
0:0:0:0:0:0:0:1 - - [08/Oct/2025:23:58:07 +0700] "GET /api/v1/movies/top-rated?size=10 HTTP/1.1" 200 - 10904
0:0:0:0:0:0:0:1 - - [08/Oct/2025:23:58:12 +0700] "OPTIONS /api/v1/cinema-clusters/all HTTP/1.1" 200 - 1588
0:0:0:0:0:0:0:1 - - [08/Oct/2025:23:58:12 +0700] "OPTIONS /api/v1/auth/verify HTTP/1.1" 200 - 2388
0:0:0:0:0:0:0:1 - - [08/Oct/2025:23:58:12 +0700] "OPTIONS /api/v1/movies?size=20 HTTP/1.1" 200 - 998
0:0:0:0:0:0:0:1 - - [08/Oct/2025:23:58:12 +0700] "OPTIONS /api/v1/movies/coming-soon?size=12 HTTP/1.1" 200 - 1702
0:0:0:0:0:0:0:1 - - [08/Oct/2025:23:58:12 +0700] "OPTIONS /api/v1/movies/now-showing?size=12 HTTP/1.1" 200 - 1589
0:0:0:0:0:0:0:1 - - [08/Oct/2025:23:58:12 +0700] "OPTIONS /api/v1/movies/top-rated?size=10 HTTP/1.1" 200 - 910
0:0:0:0:0:0:0:1 - - [08/Oct/2025:23:58:12 +0700] "OPTIONS /api/v1/cinema-clusters/all HTTP/1.1" 200 - 1636
0:0:0:0:0:0:0:1 - - [08/Oct/2025:23:58:12 +0700] "OPTIONS /api/v1/movies?size=20 HTTP/1.1" 200 - 1837
0:0:0:0:0:0:0:1 - - [08/Oct/2025:23:58:12 +0700] "OPTIONS /api/v1/movies/coming-soon?size=12 HTTP/1.1" 200 - 1206
0:0:0:0:0:0:0:1 - - [08/Oct/2025:23:58:12 +0700] "OPTIONS /api/v1/movies/now-showing?size=12 HTTP/1.1" 200 - 1034
0:0:0:0:0:0:0:1 - - [08/Oct/2025:23:58:12 +0700] "OPTIONS /api/v1/movies/top-rated?size=10 HTTP/1.1" 200 - 1334
0:0:0:0:0:0:0:1 - - [08/Oct/2025:23:58:12 +0700] "GET /api/v1/cinema-clusters/all HTTP/1.1" 200 - 20223
0:0:0:0:0:0:0:1 - - [08/Oct/2025:23:58:12 +0700] "GET /api/v1/auth/verify HTTP/1.1" 200 - 19684
0:0:0:0:0:0:0:1 - - [08/Oct/2025:23:58:12 +0700] "GET /api/v1/movies/now-showing?size=12 HTTP/1.1" 200 - 12447
0:0:0:0:0:0:0:1 - - [08/Oct/2025:23:58:12 +0700] "GET /api/v1/movies/coming-soon?size=12 HTTP/1.1" 200 - 13836
0:0:0:0:0:0:0:1 - - [08/Oct/2025:23:58:12 +0700] "GET /api/v1/movies/top-rated?size=10 HTTP/1.1" 200 - 12615
0:0:0:0:0:0:0:1 - - [08/Oct/2025:23:58:12 +0700] "GET /api/v1/movies?size=20 HTTP/1.1" 200 - 21479
0:0:0:0:0:0:0:1 - - [08/Oct/2025:23:58:12 +0700] "GET /api/v1/cinema-clusters/all HTTP/1.1" 200 - 13670
0:0:0:0:0:0:0:1 - - [08/Oct/2025:23:58:12 +0700] "GET /api/v1/movies/coming-soon?size=12 HTTP/1.1" 200 - 10283
0:0:0:0:0:0:0:1 - - [08/Oct/2025:23:58:12 +0700] "GET /api/v1/movies/now-showing?size=12 HTTP/1.1" 200 - 13506
0:0:0:0:0:0:0:1 - - [08/Oct/2025:23:58:12 +0700] "GET /api/v1/movies/top-rated?size=10 HTTP/1.1" 200 - 13083
0:0:0:0:0:0:0:1 - - [08/Oct/2025:23:58:12 +0700] "GET /api/v1/movies?size=20 HTTP/1.1" 200 - 13405
0:0:0:0:0:0:0:1 - - [08/Oct/2025:23:58:21 +0700] "OPTIONS /api/v1/cinema-clusters/all HTTP/1.1" 200 - 2296
0:0:0:0:0:0:0:1 - - [08/Oct/2025:23:58:21 +0700] "OPTIONS /api/v1/movies/coming-soon?size=12 HTTP/1.1" 200 - 1894
0:0:0:0:0:0:0:1 - - [08/Oct/2025:23:58:21 +0700] "OPTIONS /api/v1/movies/top-rated?size=10 HTTP/1.1" 200 - 1116
0:0:0:0:0:0:0:1 - - [08/Oct/2025:23:58:21 +0700] "OPTIONS /api/v1/movies?size=20 HTTP/1.1" 200 - 2633
0:0:0:0:0:0:0:1 - - [08/Oct/2025:23:58:21 +0700] "OPTIONS /api/v1/movies/now-showing?size=12 HTTP/1.1" 200 - 1424
0:0:0:0:0:0:0:1 - - [08/Oct/2025:23:58:21 +0700] "OPTIONS /api/v1/cinema-clusters/all HTTP/1.1" 200 - 1791
0:0:0:0:0:0:0:1 - - [08/Oct/2025:23:58:21 +0700] "OPTIONS /api/v1/movies?size=20 HTTP/1.1" 200 - 1977
0:0:0:0:0:0:0:1 - - [08/Oct/2025:23:58:21 +0700] "OPTIONS /api/v1/movies/coming-soon?size=12 HTTP/1.1" 200 - 2793
0:0:0:0:0:0:0:1 - - [08/Oct/2025:23:58:21 +0700] "OPTIONS /api/v1/movies/now-showing?size=12 HTTP/1.1" 200 - 2075
0:0:0:0:0:0:0:1 - - [08/Oct/2025:23:58:21 +0700] "OPTIONS /api/v1/movies/top-rated?size=10 HTTP/1.1" 200 - 1431
0:0:0:0:0:0:0:1 - - [08/Oct/2025:23:58:21 +0700] "GET /api/v1/movies/top-rated?size=10 HTTP/1.1" 200 - 18647
0:0:0:0:0:0:0:1 - - [08/Oct/2025:23:58:21 +0700] "GET /api/v1/movies/now-showing?size=12 HTTP/1.1" 200 - 18730
0:0:0:0:0:0:0:1 - - [08/Oct/2025:23:58:21 +0700] "GET /api/v1/movies/coming-soon?size=12 HTTP/1.1" 200 - 18986
0:0:0:0:0:0:0:1 - - [08/Oct/2025:23:58:21 +0700] "GET /api/v1/movies?size=20 HTTP/1.1" 200 - 18720
0:0:0:0:0:0:0:1 - - [08/Oct/2025:23:58:21 +0700] "GET /api/v1/cinema-clusters/all HTTP/1.1" 200 - 22533
0:0:0:0:0:0:0:1 - - [08/Oct/2025:23:58:21 +0700] "GET /api/v1/cinema-clusters/all HTTP/1.1" 200 - 11877
0:0:0:0:0:0:0:1 - - [08/Oct/2025:23:58:21 +0700] "GET /api/v1/movies/top-rated?size=10 HTTP/1.1" 200 - 14705
0:0:0:0:0:0:0:1 - - [08/Oct/2025:23:58:21 +0700] "GET /api/v1/movies?size=20 HTTP/1.1" 200 - 18555
0:0:0:0:0:0:0:1 - - [08/Oct/2025:23:58:21 +0700] "GET /api/v1/movies/now-showing?size=12 HTTP/1.1" 200 - 15556
0:0:0:0:0:0:0:1 - - [08/Oct/2025:23:58:21 +0700] "GET /api/v1/movies/coming-soon?size=12 HTTP/1.1" 200 - 18799
0:0:0:0:0:0:0:1 - - [08/Oct/2025:23:58:42 +0700] "OPTIONS /api/v1/cinema-clusters/all HTTP/1.1" 200 - 1638
0:0:0:0:0:0:0:1 - - [08/Oct/2025:23:58:42 +0700] "OPTIONS /api/v1/movies?size=20 HTTP/1.1" 200 - 1226
0:0:0:0:0:0:0:1 - - [08/Oct/2025:23:58:42 +0700] "OPTIONS /api/v1/movies/coming-soon?size=12 HTTP/1.1" 200 - 1076
0:0:0:0:0:0:0:1 - - [08/Oct/2025:23:58:42 +0700] "OPTIONS /api/v1/movies/now-showing?size=12 HTTP/1.1" 200 - 2257
0:0:0:0:0:0:0:1 - - [08/Oct/2025:23:58:42 +0700] "OPTIONS /api/v1/cinema-clusters/all HTTP/1.1" 200 - 1513
0:0:0:0:0:0:0:1 - - [08/Oct/2025:23:58:42 +0700] "OPTIONS /api/v1/movies/top-rated?size=10 HTTP/1.1" 200 - 1514
0:0:0:0:0:0:0:1 - - [08/Oct/2025:23:58:42 +0700] "OPTIONS /api/v1/movies?size=20 HTTP/1.1" 200 - 1206
0:0:0:0:0:0:0:1 - - [08/Oct/2025:23:58:42 +0700] "OPTIONS /api/v1/movies/coming-soon?size=12 HTTP/1.1" 200 - 1616
0:0:0:0:0:0:0:1 - - [08/Oct/2025:23:58:42 +0700] "OPTIONS /api/v1/movies/now-showing?size=12 HTTP/1.1" 200 - 1522
0:0:0:0:0:0:0:1 - - [08/Oct/2025:23:58:42 +0700] "OPTIONS /api/v1/movies/top-rated?size=10 HTTP/1.1" 200 - 1759
0:0:0:0:0:0:0:1 - - [08/Oct/2025:23:58:42 +0700] "GET /api/v1/cinema-clusters/all HTTP/1.1" 200 - 18220
0:0:0:0:0:0:0:1 - - [08/Oct/2025:23:58:42 +0700] "GET /api/v1/movies?size=20 HTTP/1.1" 200 - 16432
0:0:0:0:0:0:0:1 - - [08/Oct/2025:23:58:42 +0700] "GET /api/v1/movies/coming-soon?size=12 HTTP/1.1" 200 - 14959
0:0:0:0:0:0:0:1 - - [08/Oct/2025:23:58:42 +0700] "GET /api/v1/movies/now-showing?size=12 HTTP/1.1" 200 - 14226
0:0:0:0:0:0:0:1 - - [08/Oct/2025:23:58:42 +0700] "GET /api/v1/cinema-clusters/all HTTP/1.1" 200 - 39736
0:0:0:0:0:0:0:1 - - [08/Oct/2025:23:58:42 +0700] "GET /api/v1/movies/coming-soon?size=12 HTTP/1.1" 200 - 31361
0:0:0:0:0:0:0:1 - - [08/Oct/2025:23:58:42 +0700] "GET /api/v1/movies/top-rated?size=10 HTTP/1.1" 200 - 31999
0:0:0:0:0:0:0:1 - - [08/Oct/2025:23:58:42 +0700] "GET /api/v1/movies?size=20 HTTP/1.1" 200 - 33918
0:0:0:0:0:0:0:1 - - [08/Oct/2025:23:58:42 +0700] "GET /api/v1/movies/now-showing?size=12 HTTP/1.1" 200 - 38833
0:0:0:0:0:0:0:1 - - [08/Oct/2025:23:58:42 +0700] "GET /api/v1/movies/top-rated?size=10 HTTP/1.1" 200 - 10907
0:0:0:0:0:0:0:1 - - [08/Oct/2025:23:59:26 +0700] "OPTIONS /api/v1/auth/login HTTP/1.1" 200 - 1843
0:0:0:0:0:0:0:1 - - [08/Oct/2025:23:59:26 +0700] "POST /api/v1/auth/login HTTP/1.1" 200 - 15895
0:0:0:0:0:0:0:1 - - [08/Oct/2025:23:59:30 +0700] "OPTIONS /api/v1/cinema-clusters/all HTTP/1.1" 200 - 883
0:0:0:0:0:0:0:1 - - [08/Oct/2025:23:59:30 +0700] "OPTIONS /api/v1/movies?size=20 HTTP/1.1" 200 - 1128
0:0:0:0:0:0:0:1 - - [08/Oct/2025:23:59:30 +0700] "OPTIONS /api/v1/movies/coming-soon?size=12 HTTP/1.1" 200 - 967
0:0:0:0:0:0:0:1 - - [08/Oct/2025:23:59:30 +0700] "OPTIONS /api/v1/movies/now-showing?size=12 HTTP/1.1" 200 - 689
0:0:0:0:0:0:0:1 - - [08/Oct/2025:23:59:30 +0700] "OPTIONS /api/v1/cinema-clusters/all HTTP/1.1" 200 - 1056
0:0:0:0:0:0:0:1 - - [08/Oct/2025:23:59:30 +0700] "OPTIONS /api/v1/movies/top-rated?size=10 HTTP/1.1" 200 - 1448
0:0:0:0:0:0:0:1 - - [08/Oct/2025:23:59:30 +0700] "OPTIONS /api/v1/movies?size=20 HTTP/1.1" 200 - 971
0:0:0:0:0:0:0:1 - - [08/Oct/2025:23:59:30 +0700] "OPTIONS /api/v1/movies/top-rated?size=10 HTTP/1.1" 200 - 931
0:0:0:0:0:0:0:1 - - [08/Oct/2025:23:59:30 +0700] "OPTIONS /api/v1/movies/coming-soon?size=12 HTTP/1.1" 200 - 1109
0:0:0:0:0:0:0:1 - - [08/Oct/2025:23:59:30 +0700] "OPTIONS /api/v1/movies/now-showing?size=12 HTTP/1.1" 200 - 1068
0:0:0:0:0:0:0:1 - - [08/Oct/2025:23:59:30 +0700] "GET /api/v1/cinema-clusters/all HTTP/1.1" 200 - 14906
0:0:0:0:0:0:0:1 - - [08/Oct/2025:23:59:30 +0700] "GET /api/v1/movies?size=20 HTTP/1.1" 200 - 14001
0:0:0:0:0:0:0:1 - - [08/Oct/2025:23:59:30 +0700] "GET /api/v1/movies/now-showing?size=12 HTTP/1.1" 200 - 11381
0:0:0:0:0:0:0:1 - - [08/Oct/2025:23:59:30 +0700] "GET /api/v1/movies/coming-soon?size=12 HTTP/1.1" 200 - 13103
0:0:0:0:0:0:0:1 - - [08/Oct/2025:23:59:30 +0700] "GET /api/v1/movies/top-rated?size=10 HTTP/1.1" 200 - 8902
0:0:0:0:0:0:0:1 - - [08/Oct/2025:23:59:30 +0700] "GET /api/v1/cinema-clusters/all HTTP/1.1" 200 - 11225
0:0:0:0:0:0:0:1 - - [08/Oct/2025:23:59:30 +0700] "GET /api/v1/movies?size=20 HTTP/1.1" 200 - 9730
0:0:0:0:0:0:0:1 - - [08/Oct/2025:23:59:30 +0700] "GET /api/v1/movies/now-showing?size=12 HTTP/1.1" 200 - 10259
0:0:0:0:0:0:0:1 - - [08/Oct/2025:23:59:30 +0700] "GET /api/v1/movies/top-rated?size=10 HTTP/1.1" 200 - 6252
0:0:0:0:0:0:0:1 - - [08/Oct/2025:23:59:30 +0700] "GET /api/v1/movies/coming-soon?size=12 HTTP/1.1" 200 - 8500
