0:0:0:0:0:0:0:1 - - [12/Oct/2025:23:16:59 +0700] "GET /swagger-ui/index.html HTTP/1.1" 200 734 110986
0:0:0:0:0:0:0:1 - - [12/Oct/2025:23:16:59 +0700] "GET /swagger-ui/index.css HTTP/1.1" 200 202 7351
0:0:0:0:0:0:0:1 - - [12/Oct/2025:23:16:59 +0700] "GET /swagger-ui/swagger-ui.css HTTP/1.1" 200 154986 10870
0:0:0:0:0:0:0:1 - - [12/Oct/2025:23:16:59 +0700] "GET /swagger-ui/swagger-ui-standalone-preset.js HTTP/1.1" 200 229223 14349
0:0:0:0:0:0:0:1 - - [12/Oct/2025:23:16:59 +0700] "GET /swagger-ui/swagger-ui-bundle.js HTTP/1.1" 200 1468326 32421
0:0:0:0:0:0:0:1 - - [12/Oct/2025:23:16:59 +0700] "GET /swagger-ui/swagger-initializer.js HTTP/1.1" 200 612 49066
0:0:0:0:0:0:0:1 - - [12/Oct/2025:23:16:59 +0700] "GET /api-docs/swagger-config HTTP/1.1" 200 163 59777
0:0:0:0:0:0:0:1 - - [12/Oct/2025:23:17:00 +0700] "GET /api-docs HTTP/1.1" 200 120816 1461981
0:0:0:0:0:0:0:1 - - [12/Oct/2025:23:17:16 +0700] "GET /api/v1/users?page=0&size=10&sortBy=createdAt&sortDir=asc HTTP/1.1" 200 1039 54262
0:0:0:0:0:0:0:1 - - [12/Oct/2025:23:21:58 +0700] "POST /api/v1/auth/register HTTP/1.1" 400 155 181581
0:0:0:0:0:0:0:1 - - [12/Oct/2025:23:25:13 +0700] "POST /api/v1/auth/register HTTP/1.1" 400 155 19819
0:0:0:0:0:0:0:1 - - [12/Oct/2025:23:26:42 +0700] "POST /api/v1/auth/register HTTP/1.1" 400 155 134176
0:0:0:0:0:0:0:1 - - [12/Oct/2025:23:28:31 +0700] "POST /api/v1/auth/register HTTP/1.1" 404 125 208399
0:0:0:0:0:0:0:1 - - [12/Oct/2025:23:31:54 +0700] "POST /api/v1/auth/register HTTP/1.1" 404 154 247070
0:0:0:0:0:0:0:1 - - [12/Oct/2025:23:33:51 +0700] "POST /api/v1/roles HTTP/1.1" 400 465 60198
0:0:0:0:0:0:0:1 - - [12/Oct/2025:23:45:48 +0700] "POST /api/v1/roles HTTP/1.1" 201 231 170508
0:0:0:0:0:0:0:1 - - [12/Oct/2025:23:51:16 +0700] "POST /api/v1/auth/register HTTP/1.1" 200 396 531828
0:0:0:0:0:0:0:1 - - [12/Oct/2025:23:52:12 +0700] "GET /api/v1/auth/verify-otp?email=duongvo.261104%40gmail.com&otpCode=988193 HTTP/1.1" 200 63 34506
0:0:0:0:0:0:0:1 - - [12/Oct/2025:23:58:00 +0700] "GET /swagger-ui/index.html HTTP/1.1" 200 734 85240
0:0:0:0:0:0:0:1 - - [12/Oct/2025:23:58:00 +0700] "GET /swagger-ui/index.css HTTP/1.1" 200 202 13253
0:0:0:0:0:0:0:1 - - [12/Oct/2025:23:58:00 +0700] "GET /swagger-ui/swagger-ui.css HTTP/1.1" 200 154986 15940
0:0:0:0:0:0:0:1 - - [12/Oct/2025:23:58:00 +0700] "GET /swagger-ui/swagger-ui-standalone-preset.js HTTP/1.1" 200 229223 15259
0:0:0:0:0:0:0:1 - - [12/Oct/2025:23:58:00 +0700] "GET /swagger-ui/swagger-ui-bundle.js HTTP/1.1" 200 1468326 39382
0:0:0:0:0:0:0:1 - - [12/Oct/2025:23:58:00 +0700] "GET /swagger-ui/swagger-initializer.js HTTP/1.1" 200 612 73511
0:0:0:0:0:0:0:1 - - [12/Oct/2025:23:58:00 +0700] "GET /swagger-ui/favicon-32x32.png HTTP/1.1" 200 628 8143
0:0:0:0:0:0:0:1 - - [12/Oct/2025:23:58:00 +0700] "GET /api-docs/swagger-config HTTP/1.1" 200 163 59991
0:0:0:0:0:0:0:1 - - [12/Oct/2025:23:58:02 +0700] "GET /api-docs HTTP/1.1" 200 120909 2029866
