0:0:0:0:0:0:0:1 - - [16/Oct/2025:12:36:52 +0700] "GET /swagger-ui/index.html HTTP/1.1" 200 734 167106
0:0:0:0:0:0:0:1 - - [16/Oct/2025:12:36:52 +0700] "GET /swagger-ui/index.css HTTP/1.1" 200 202 13606
0:0:0:0:0:0:0:1 - - [16/Oct/2025:12:36:52 +0700] "GET /swagger-ui/swagger-ui-bundle.js HTTP/1.1" 200 8192 47368
0:0:0:0:0:0:0:1 - - [16/Oct/2025:12:36:52 +0700] "GET /swagger-ui/swagger-ui-standalone-preset.js HTTP/1.1" 200 8192 46664
0:0:0:0:0:0:0:1 - - [16/Oct/2025:12:36:52 +0700] "GET /swagger-ui/swagger-ui.css HTTP/1.1" 200 8192 48654
0:0:0:0:0:0:0:1 - - [16/Oct/2025:12:36:52 +0700] "GET /swagger-ui/swagger-initializer.js HTTP/1.1" 200 612 64503
0:0:0:0:0:0:0:1 - - [16/Oct/2025:12:37:35 +0700] "GET /swagger-ui/index.html HTTP/1.1" 200 734 4095
0:0:0:0:0:0:0:1 - - [16/Oct/2025:12:37:35 +0700] "GET /swagger-ui/swagger-initializer.js HTTP/1.1" 200 612 5333
0:0:0:0:0:0:0:1 - - [16/Oct/2025:12:37:35 +0700] "GET /swagger-ui/index.css HTTP/1.1" 200 202 5533
0:0:0:0:0:0:0:1 - - [16/Oct/2025:12:37:35 +0700] "GET /swagger-ui/swagger-ui.css HTTP/1.1" 200 154986 8080
0:0:0:0:0:0:0:1 - - [16/Oct/2025:12:37:35 +0700] "GET /swagger-ui/swagger-ui-standalone-preset.js HTTP/1.1" 200 229223 8441
0:0:0:0:0:0:0:1 - - [16/Oct/2025:12:37:35 +0700] "GET /swagger-ui/swagger-ui-bundle.js HTTP/1.1" 200 1468326 17900
0:0:0:0:0:0:0:1 - - [16/Oct/2025:12:37:35 +0700] "GET /swagger-ui/favicon-32x32.png HTTP/1.1" 200 628 4383
0:0:0:0:0:0:0:1 - - [16/Oct/2025:12:37:35 +0700] "GET /api-docs/swagger-config HTTP/1.1" 200 163 39471
0:0:0:0:0:0:0:1 - - [16/Oct/2025:12:37:36 +0700] "GET /api-docs HTTP/1.1" 200 128842 1335504
0:0:0:0:0:0:0:1 - - [16/Oct/2025:12:40:43 +0700] "POST /api/v1/auth/login HTTP/1.1" 200 877 302593
0:0:0:0:0:0:0:1 - - [16/Oct/2025:12:46:03 +0700] "OPTIONS /api/v1/auth/refresh HTTP/1.1" 200 - 130084
0:0:0:0:0:0:0:1 - - [16/Oct/2025:12:46:03 +0700] "POST /api/v1/auth/refresh HTTP/1.1" 500 131 88818
0:0:0:0:0:0:0:1 - - [16/Oct/2025:12:46:13 +0700] "GET /api/v1/cinema-clusters/all HTTP/1.1" 200 2823 148631
0:0:0:0:0:0:0:1 - - [16/Oct/2025:12:46:13 +0700] "GET /api/v1/cinema-clusters/all HTTP/1.1" 200 2823 28603
0:0:0:0:0:0:0:1 - - [16/Oct/2025:12:46:13 +0700] "GET /api/v1/movies/top-rated?size=10 HTTP/1.1" 200 5625 228319
0:0:0:0:0:0:0:1 - - [16/Oct/2025:12:46:13 +0700] "GET /api/v1/movies/now-showing?size=12 HTTP/1.1" 200 5967 229068
0:0:0:0:0:0:0:1 - - [16/Oct/2025:12:46:13 +0700] "GET /api/v1/movies/coming-soon?size=12 HTTP/1.1" 200 3121 228540
0:0:0:0:0:0:0:1 - - [16/Oct/2025:12:46:13 +0700] "GET /api/v1/movies?size=20 HTTP/1.1" 200 9726 268060
0:0:0:0:0:0:0:1 - - [16/Oct/2025:12:46:13 +0700] "GET /api/v1/movies/coming-soon?size=12 HTTP/1.1" 200 3121 45010
0:0:0:0:0:0:0:1 - - [16/Oct/2025:12:46:13 +0700] "GET /api/v1/movies/top-rated?size=10 HTTP/1.1" 200 5625 76455
0:0:0:0:0:0:0:1 - - [16/Oct/2025:12:46:13 +0700] "GET /api/v1/movies/now-showing?size=12 HTTP/1.1" 200 5967 107244
0:0:0:0:0:0:0:1 - - [16/Oct/2025:12:46:13 +0700] "GET /api/v1/movies?size=20 HTTP/1.1" 200 9726 120028
0:0:0:0:0:0:0:1 - - [16/Oct/2025:12:46:24 +0700] "GET /api/v1/movies/43 HTTP/1.1" 200 849 52487
0:0:0:0:0:0:0:1 - - [16/Oct/2025:12:46:24 +0700] "GET /api/v1/movies/43 HTTP/1.1" 200 849 17815
0:0:0:0:0:0:0:1 - - [16/Oct/2025:12:46:24 +0700] "GET /api/v1/showtime?movieId=43 HTTP/1.1" 200 470 15571
0:0:0:0:0:0:0:1 - - [16/Oct/2025:12:46:24 +0700] "GET /api/v1/showtime?movieId=43 HTTP/1.1" 200 469 26638
0:0:0:0:0:0:0:1 - - [16/Oct/2025:12:46:32 +0700] "GET /api/v1/movies/coming-soon?size=12 HTTP/1.1" 200 3121 54446
0:0:0:0:0:0:0:1 - - [16/Oct/2025:12:46:32 +0700] "GET /api/v1/movies/top-rated?size=10 HTTP/1.1" 200 5625 83721
0:0:0:0:0:0:0:1 - - [16/Oct/2025:12:46:32 +0700] "GET /api/v1/movies/now-showing?size=12 HTTP/1.1" 200 5967 89285
0:0:0:0:0:0:0:1 - - [16/Oct/2025:12:46:32 +0700] "GET /api/v1/movies/coming-soon?size=12 HTTP/1.1" 200 3121 36325
0:0:0:0:0:0:0:1 - - [16/Oct/2025:12:46:32 +0700] "GET /api/v1/movies?size=20 HTTP/1.1" 200 9726 117850
0:0:0:0:0:0:0:1 - - [16/Oct/2025:12:46:32 +0700] "GET /api/v1/movies/top-rated?size=10 HTTP/1.1" 200 5625 50506
0:0:0:0:0:0:0:1 - - [16/Oct/2025:12:46:32 +0700] "GET /api/v1/movies/now-showing?size=12 HTTP/1.1" 200 5967 65287
0:0:0:0:0:0:0:1 - - [16/Oct/2025:12:46:32 +0700] "GET /api/v1/movies?size=20 HTTP/1.1" 200 9726 89508
0:0:0:0:0:0:0:1 - - [16/Oct/2025:12:46:35 +0700] "GET /api/v1/movies/40 HTTP/1.1" 200 800 20984
0:0:0:0:0:0:0:1 - - [16/Oct/2025:12:46:35 +0700] "GET /api/v1/movies/40 HTTP/1.1" 200 800 19230
0:0:0:0:0:0:0:1 - - [16/Oct/2025:12:46:35 +0700] "GET /api/v1/showtime?movieId=40 HTTP/1.1" 200 470 21366
0:0:0:0:0:0:0:1 - - [16/Oct/2025:12:46:35 +0700] "GET /api/v1/showtime?movieId=40 HTTP/1.1" 200 470 15357
0:0:0:0:0:0:0:1 - - [16/Oct/2025:12:46:48 +0700] "OPTIONS /api/v1/auth/login HTTP/1.1" 200 - 8104
0:0:0:0:0:0:0:1 - - [16/Oct/2025:12:46:49 +0700] "POST /api/v1/auth/login HTTP/1.1" 200 877 698177
0:0:0:0:0:0:0:1 - - [16/Oct/2025:12:46:57 +0700] "OPTIONS /api/v1/cinema-clusters/all HTTP/1.1" 200 - 1991
0:0:0:0:0:0:0:1 - - [16/Oct/2025:12:46:57 +0700] "OPTIONS /api/v1/cinema-clusters/all HTTP/1.1" 200 - 2185
0:0:0:0:0:0:0:1 - - [16/Oct/2025:12:46:58 +0700] "GET /api/v1/cinema-clusters/all HTTP/1.1" 200 2823 670115
0:0:0:0:0:0:0:1 - - [16/Oct/2025:12:46:58 +0700] "OPTIONS /api/v1/cinemas/cluster/1 HTTP/1.1" 200 - 1157
0:0:0:0:0:0:0:1 - - [16/Oct/2025:12:46:58 +0700] "GET /api/v1/cinema-clusters/all HTTP/1.1" 200 2822 22343
0:0:0:0:0:0:0:1 - - [16/Oct/2025:12:46:58 +0700] "GET /api/v1/cinemas/cluster/1 HTTP/1.1" 200 3412 118109
0:0:0:0:0:0:0:1 - - [16/Oct/2025:12:46:58 +0700] "GET /api/v1/cinemas/cluster/1 HTTP/1.1" 200 3412 195378
0:0:0:0:0:0:0:1 - - [16/Oct/2025:12:47:02 +0700] "OPTIONS /api/v1/cinemas/1 HTTP/1.1" 200 - 2355
0:0:0:0:0:0:0:1 - - [16/Oct/2025:12:47:02 +0700] "OPTIONS /api/v1/cinemas/1 HTTP/1.1" 200 - 2730
0:0:0:0:0:0:0:1 - - [16/Oct/2025:12:47:02 +0700] "GET /api/v1/cinemas/1 HTTP/1.1" 200 390 26604
0:0:0:0:0:0:0:1 - - [16/Oct/2025:12:47:02 +0700] "OPTIONS /api/v1/rooms/cinema/1 HTTP/1.1" 200 - 2015
0:0:0:0:0:0:0:1 - - [16/Oct/2025:12:47:02 +0700] "GET /api/v1/cinemas/1 HTTP/1.1" 200 391 19279
0:0:0:0:0:0:0:1 - - [16/Oct/2025:12:47:02 +0700] "GET /api/v1/rooms/cinema/1 HTTP/1.1" 500 90 17131
0:0:0:0:0:0:0:1 - - [16/Oct/2025:12:47:02 +0700] "GET /api/v1/rooms/cinema/1 HTTP/1.1" 500 90 23994
0:0:0:0:0:0:0:1 - - [16/Oct/2025:12:47:03 +0700] "OPTIONS /api/v1/cinema-clusters/all HTTP/1.1" 200 - 808
0:0:0:0:0:0:0:1 - - [16/Oct/2025:12:47:03 +0700] "OPTIONS /api/v1/cinema-clusters/all HTTP/1.1" 200 - 908
0:0:0:0:0:0:0:1 - - [16/Oct/2025:12:47:03 +0700] "GET /api/v1/cinema-clusters/all HTTP/1.1" 200 2823 30627
0:0:0:0:0:0:0:1 - - [16/Oct/2025:12:47:03 +0700] "GET /api/v1/cinema-clusters/all HTTP/1.1" 200 2823 20735
0:0:0:0:0:0:0:1 - - [16/Oct/2025:12:47:03 +0700] "GET /api/v1/cinemas/cluster/1 HTTP/1.1" 200 3412 137462
0:0:0:0:0:0:0:1 - - [16/Oct/2025:12:47:03 +0700] "GET /api/v1/cinemas/cluster/1 HTTP/1.1" 200 3412 65193
0:0:0:0:0:0:0:1 - - [16/Oct/2025:12:47:05 +0700] "GET /api/v1/cinemas/1 HTTP/1.1" 200 391 28169
0:0:0:0:0:0:0:1 - - [16/Oct/2025:12:47:05 +0700] "GET /api/v1/rooms/cinema/1 HTTP/1.1" 500 90 21090
0:0:0:0:0:0:0:1 - - [16/Oct/2025:12:47:05 +0700] "GET /api/v1/cinemas/1 HTTP/1.1" 200 391 27546
0:0:0:0:0:0:0:1 - - [16/Oct/2025:12:47:05 +0700] "GET /api/v1/rooms/cinema/1 HTTP/1.1" 500 90 23332
0:0:0:0:0:0:0:1 - - [16/Oct/2025:12:47:05 +0700] "GET /api/v1/cinema-clusters/all HTTP/1.1" 200 2823 27222
0:0:0:0:0:0:0:1 - - [16/Oct/2025:12:47:05 +0700] "GET /api/v1/cinema-clusters/all HTTP/1.1" 200 2823 16758
0:0:0:0:0:0:0:1 - - [16/Oct/2025:12:47:05 +0700] "OPTIONS /api/v1/cinemas/cluster/1 HTTP/1.1" 200 - 2195
0:0:0:0:0:0:0:1 - - [16/Oct/2025:12:47:05 +0700] "GET /api/v1/cinemas/cluster/1 HTTP/1.1" 200 3412 70774
0:0:0:0:0:0:0:1 - - [16/Oct/2025:12:47:05 +0700] "GET /api/v1/cinemas/cluster/1 HTTP/1.1" 200 3412 62425
0:0:0:0:0:0:0:1 - - [16/Oct/2025:12:47:06 +0700] "GET /api/v1/cinemas/1 HTTP/1.1" 200 391 25554
0:0:0:0:0:0:0:1 - - [16/Oct/2025:12:47:06 +0700] "GET /api/v1/rooms/cinema/1 HTTP/1.1" 500 90 16570
0:0:0:0:0:0:0:1 - - [16/Oct/2025:12:47:06 +0700] "GET /api/v1/cinemas/1 HTTP/1.1" 200 391 25627
0:0:0:0:0:0:0:1 - - [16/Oct/2025:12:47:06 +0700] "GET /api/v1/rooms/cinema/1 HTTP/1.1" 500 90 13958
0:0:0:0:0:0:0:1 - - [16/Oct/2025:12:47:06 +0700] "GET /api/v1/cinema-clusters/all HTTP/1.1" 200 2823 14769
0:0:0:0:0:0:0:1 - - [16/Oct/2025:12:47:06 +0700] "GET /api/v1/cinema-clusters/all HTTP/1.1" 200 2823 23604
0:0:0:0:0:0:0:1 - - [16/Oct/2025:12:47:06 +0700] "GET /api/v1/cinemas/cluster/1 HTTP/1.1" 200 3411 56469
0:0:0:0:0:0:0:1 - - [16/Oct/2025:12:47:06 +0700] "GET /api/v1/cinemas/cluster/1 HTTP/1.1" 200 3412 64822
0:0:0:0:0:0:0:1 - - [16/Oct/2025:12:47:07 +0700] "GET /api/v1/cinemas/1 HTTP/1.1" 200 391 25939
0:0:0:0:0:0:0:1 - - [16/Oct/2025:12:47:07 +0700] "GET /api/v1/rooms/cinema/1 HTTP/1.1" 500 90 18658
0:0:0:0:0:0:0:1 - - [16/Oct/2025:12:47:07 +0700] "GET /api/v1/cinemas/1 HTTP/1.1" 200 391 27616
0:0:0:0:0:0:0:1 - - [16/Oct/2025:12:47:07 +0700] "GET /api/v1/rooms/cinema/1 HTTP/1.1" 500 90 23412
0:0:0:0:0:0:0:1 - - [16/Oct/2025:12:47:07 +0700] "GET /api/v1/cinema-clusters/all HTTP/1.1" 200 2823 23403
0:0:0:0:0:0:0:1 - - [16/Oct/2025:12:47:07 +0700] "GET /api/v1/cinema-clusters/all HTTP/1.1" 200 2823 16882
0:0:0:0:0:0:0:1 - - [16/Oct/2025:12:47:07 +0700] "GET /api/v1/cinemas/cluster/1 HTTP/1.1" 200 3411 61422
0:0:0:0:0:0:0:1 - - [16/Oct/2025:12:47:07 +0700] "GET /api/v1/cinemas/cluster/1 HTTP/1.1" 200 3411 74523
0:0:0:0:0:0:0:1 - - [16/Oct/2025:12:47:08 +0700] "OPTIONS /api/v1/cinemas/1 HTTP/1.1" 200 - 3551
0:0:0:0:0:0:0:1 - - [16/Oct/2025:12:47:08 +0700] "OPTIONS /api/v1/cinemas/1 HTTP/1.1" 200 - 4688
0:0:0:0:0:0:0:1 - - [16/Oct/2025:12:47:08 +0700] "GET /api/v1/cinemas/1 HTTP/1.1" 200 391 22872
0:0:0:0:0:0:0:1 - - [16/Oct/2025:12:47:08 +0700] "OPTIONS /api/v1/rooms/cinema/1 HTTP/1.1" 200 - 969
0:0:0:0:0:0:0:1 - - [16/Oct/2025:12:47:08 +0700] "GET /api/v1/cinemas/1 HTTP/1.1" 200 391 20582
0:0:0:0:0:0:0:1 - - [16/Oct/2025:12:47:08 +0700] "GET /api/v1/rooms/cinema/1 HTTP/1.1" 500 90 13998
0:0:0:0:0:0:0:1 - - [16/Oct/2025:12:47:08 +0700] "GET /api/v1/rooms/cinema/1 HTTP/1.1" 500 90 20609
0:0:0:0:0:0:0:1 - - [16/Oct/2025:12:47:08 +0700] "OPTIONS /api/v1/cinema-clusters/all HTTP/1.1" 200 - 967
0:0:0:0:0:0:0:1 - - [16/Oct/2025:12:47:08 +0700] "OPTIONS /api/v1/cinema-clusters/all HTTP/1.1" 200 - 1061
0:0:0:0:0:0:0:1 - - [16/Oct/2025:12:47:08 +0700] "GET /api/v1/cinema-clusters/all HTTP/1.1" 200 2823 21449
0:0:0:0:0:0:0:1 - - [16/Oct/2025:12:47:08 +0700] "GET /api/v1/cinema-clusters/all HTTP/1.1" 200 2822 14547
0:0:0:0:0:0:0:1 - - [16/Oct/2025:12:47:08 +0700] "GET /api/v1/cinemas/cluster/1 HTTP/1.1" 200 3412 60845
0:0:0:0:0:0:0:1 - - [16/Oct/2025:12:47:08 +0700] "GET /api/v1/cinemas/cluster/1 HTTP/1.1" 200 3412 59247
0:0:0:0:0:0:0:1 - - [16/Oct/2025:12:47:08 +0700] "GET /api/v1/cinemas/1 HTTP/1.1" 200 391 22594
0:0:0:0:0:0:0:1 - - [16/Oct/2025:12:47:08 +0700] "GET /api/v1/rooms/cinema/1 HTTP/1.1" 500 90 15552
0:0:0:0:0:0:0:1 - - [16/Oct/2025:12:47:08 +0700] "GET /api/v1/cinemas/1 HTTP/1.1" 200 391 19997
0:0:0:0:0:0:0:1 - - [16/Oct/2025:12:47:08 +0700] "GET /api/v1/rooms/cinema/1 HTTP/1.1" 500 90 32412
0:0:0:0:0:0:0:1 - - [16/Oct/2025:12:47:08 +0700] "GET /api/v1/cinema-clusters/all HTTP/1.1" 200 2823 32053
0:0:0:0:0:0:0:1 - - [16/Oct/2025:12:47:08 +0700] "GET /api/v1/cinema-clusters/all HTTP/1.1" 200 2823 39824
0:0:0:0:0:0:0:1 - - [16/Oct/2025:12:47:08 +0700] "GET /api/v1/cinemas/cluster/1 HTTP/1.1" 200 3412 51351
0:0:0:0:0:0:0:1 - - [16/Oct/2025:12:47:08 +0700] "GET /api/v1/cinemas/cluster/1 HTTP/1.1" 200 3412 47330
0:0:0:0:0:0:0:1 - - [16/Oct/2025:12:47:08 +0700] "GET /api/v1/cinemas/1 HTTP/1.1" 200 391 19578
0:0:0:0:0:0:0:1 - - [16/Oct/2025:12:47:08 +0700] "GET /api/v1/cinemas/1 HTTP/1.1" 200 390 17479
0:0:0:0:0:0:0:1 - - [16/Oct/2025:12:47:08 +0700] "GET /api/v1/rooms/cinema/1 HTTP/1.1" 500 90 8566
0:0:0:0:0:0:0:1 - - [16/Oct/2025:12:47:09 +0700] "GET /api/v1/rooms/cinema/1 HTTP/1.1" 500 90 18611
0:0:0:0:0:0:0:1 - - [16/Oct/2025:12:47:09 +0700] "GET /api/v1/cinema-clusters/all HTTP/1.1" 200 2823 14963
0:0:0:0:0:0:0:1 - - [16/Oct/2025:12:47:09 +0700] "GET /api/v1/cinema-clusters/all HTTP/1.1" 200 2823 17834
0:0:0:0:0:0:0:1 - - [16/Oct/2025:12:47:09 +0700] "GET /api/v1/cinemas/cluster/1 HTTP/1.1" 200 3412 37406
0:0:0:0:0:0:0:1 - - [16/Oct/2025:12:47:09 +0700] "GET /api/v1/cinemas/cluster/1 HTTP/1.1" 200 3412 45824
0:0:0:0:0:0:0:1 - - [16/Oct/2025:12:47:09 +0700] "GET /api/v1/cinemas/1 HTTP/1.1" 200 391 20835
0:0:0:0:0:0:0:1 - - [16/Oct/2025:12:47:09 +0700] "GET /api/v1/cinemas/1 HTTP/1.1" 200 390 14968
0:0:0:0:0:0:0:1 - - [16/Oct/2025:12:47:09 +0700] "GET /api/v1/rooms/cinema/1 HTTP/1.1" 500 90 10555
0:0:0:0:0:0:0:1 - - [16/Oct/2025:12:47:09 +0700] "GET /api/v1/rooms/cinema/1 HTTP/1.1" 500 90 15296
0:0:0:0:0:0:0:1 - - [16/Oct/2025:12:47:09 +0700] "GET /api/v1/cinema-clusters/all HTTP/1.1" 200 2823 15268
0:0:0:0:0:0:0:1 - - [16/Oct/2025:12:47:09 +0700] "GET /api/v1/cinema-clusters/all HTTP/1.1" 200 2822 18138
0:0:0:0:0:0:0:1 - - [16/Oct/2025:12:47:09 +0700] "GET /api/v1/cinemas/cluster/1 HTTP/1.1" 200 3412 43343
0:0:0:0:0:0:0:1 - - [16/Oct/2025:12:47:09 +0700] "GET /api/v1/cinemas/cluster/1 HTTP/1.1" 200 3412 42060
0:0:0:0:0:0:0:1 - - [16/Oct/2025:12:47:20 +0700] "OPTIONS /api/v1/cinemas/1 HTTP/1.1" 200 - 870
0:0:0:0:0:0:0:1 - - [16/Oct/2025:12:47:20 +0700] "OPTIONS /api/v1/cinemas/1 HTTP/1.1" 200 - 1034
0:0:0:0:0:0:0:1 - - [16/Oct/2025:12:47:20 +0700] "GET /api/v1/cinemas/1 HTTP/1.1" 200 391 12479
0:0:0:0:0:0:0:1 - - [16/Oct/2025:12:47:20 +0700] "OPTIONS /api/v1/rooms/cinema/1 HTTP/1.1" 200 - 789
0:0:0:0:0:0:0:1 - - [16/Oct/2025:12:47:20 +0700] "GET /api/v1/cinemas/1 HTTP/1.1" 200 391 14914
0:0:0:0:0:0:0:1 - - [16/Oct/2025:12:47:20 +0700] "GET /api/v1/rooms/cinema/1 HTTP/1.1" 500 90 8689
0:0:0:0:0:0:0:1 - - [16/Oct/2025:12:47:20 +0700] "GET /api/v1/rooms/cinema/1 HTTP/1.1" 500 90 15332
0:0:0:0:0:0:0:1 - - [16/Oct/2025:12:47:20 +0700] "OPTIONS /api/v1/cinema-clusters/all HTTP/1.1" 200 - 743
0:0:0:0:0:0:0:1 - - [16/Oct/2025:12:47:20 +0700] "OPTIONS /api/v1/cinema-clusters/all HTTP/1.1" 200 - 842
0:0:0:0:0:0:0:1 - - [16/Oct/2025:12:47:20 +0700] "GET /api/v1/cinema-clusters/all HTTP/1.1" 200 2823 19435
0:0:0:0:0:0:0:1 - - [16/Oct/2025:12:47:21 +0700] "GET /api/v1/cinema-clusters/all HTTP/1.1" 200 2823 12287
0:0:0:0:0:0:0:1 - - [16/Oct/2025:12:47:21 +0700] "OPTIONS /api/v1/cinemas/cluster/1 HTTP/1.1" 200 - 1201
0:0:0:0:0:0:0:1 - - [16/Oct/2025:12:47:21 +0700] "GET /api/v1/cinemas/cluster/1 HTTP/1.1" 200 3412 39561
0:0:0:0:0:0:0:1 - - [16/Oct/2025:12:47:21 +0700] "GET /api/v1/cinemas/cluster/1 HTTP/1.1" 200 3412 62806
0:0:0:0:0:0:0:1 - - [16/Oct/2025:12:47:21 +0700] "GET /api/v1/cinemas/1 HTTP/1.1" 200 391 16512
0:0:0:0:0:0:0:1 - - [16/Oct/2025:12:47:21 +0700] "GET /api/v1/rooms/cinema/1 HTTP/1.1" 500 90 8224
0:0:0:0:0:0:0:1 - - [16/Oct/2025:12:47:21 +0700] "GET /api/v1/cinemas/1 HTTP/1.1" 200 391 15224
0:0:0:0:0:0:0:1 - - [16/Oct/2025:12:47:21 +0700] "GET /api/v1/rooms/cinema/1 HTTP/1.1" 500 90 13324
0:0:0:0:0:0:0:1 - - [16/Oct/2025:12:47:21 +0700] "GET /api/v1/cinema-clusters/all HTTP/1.1" 200 2822 16446
0:0:0:0:0:0:0:1 - - [16/Oct/2025:12:47:21 +0700] "GET /api/v1/cinema-clusters/all HTTP/1.1" 200 2823 14168
0:0:0:0:0:0:0:1 - - [16/Oct/2025:12:47:22 +0700] "GET /api/v1/cinemas/cluster/1 HTTP/1.1" 200 3412 32523
0:0:0:0:0:0:0:1 - - [16/Oct/2025:12:47:22 +0700] "GET /api/v1/cinemas/cluster/1 HTTP/1.1" 200 3412 36629
0:0:0:0:0:0:0:1 - - [16/Oct/2025:12:47:23 +0700] "GET /api/v1/cinemas/1 HTTP/1.1" 200 391 17400
0:0:0:0:0:0:0:1 - - [16/Oct/2025:12:47:23 +0700] "GET /api/v1/rooms/cinema/1 HTTP/1.1" 500 90 10937
0:0:0:0:0:0:0:1 - - [16/Oct/2025:12:47:23 +0700] "GET /api/v1/cinemas/1 HTTP/1.1" 200 389 15250
0:0:0:0:0:0:0:1 - - [16/Oct/2025:12:47:23 +0700] "GET /api/v1/rooms/cinema/1 HTTP/1.1" 500 90 12470
0:0:0:0:0:0:0:1 - - [16/Oct/2025:12:47:23 +0700] "GET /api/v1/cinema-clusters/all HTTP/1.1" 200 2823 13431
0:0:0:0:0:0:0:1 - - [16/Oct/2025:12:47:23 +0700] "GET /api/v1/cinema-clusters/all HTTP/1.1" 200 2823 13017
0:0:0:0:0:0:0:1 - - [16/Oct/2025:12:47:23 +0700] "GET /api/v1/cinemas/cluster/1 HTTP/1.1" 200 3412 33453
0:0:0:0:0:0:0:1 - - [16/Oct/2025:12:47:23 +0700] "GET /api/v1/cinemas/cluster/1 HTTP/1.1" 200 3412 35476
0:0:0:0:0:0:0:1 - - [16/Oct/2025:12:47:32 +0700] "OPTIONS /api/v1/cinemas/1 HTTP/1.1" 200 - 1662
0:0:0:0:0:0:0:1 - - [16/Oct/2025:12:47:32 +0700] "OPTIONS /api/v1/cinemas/1 HTTP/1.1" 200 - 1790
0:0:0:0:0:0:0:1 - - [16/Oct/2025:12:47:32 +0700] "GET /api/v1/cinemas/1 HTTP/1.1" 200 391 24566
0:0:0:0:0:0:0:1 - - [16/Oct/2025:12:47:32 +0700] "OPTIONS /api/v1/rooms/cinema/1 HTTP/1.1" 200 - 2158
0:0:0:0:0:0:0:1 - - [16/Oct/2025:12:47:32 +0700] "GET /api/v1/cinemas/1 HTTP/1.1" 200 391 31804
0:0:0:0:0:0:0:1 - - [16/Oct/2025:12:47:32 +0700] "GET /api/v1/rooms/cinema/1 HTTP/1.1" 500 90 20189
0:0:0:0:0:0:0:1 - - [16/Oct/2025:12:47:32 +0700] "GET /api/v1/rooms/cinema/1 HTTP/1.1" 500 90 24739
0:0:0:0:0:0:0:1 - - [16/Oct/2025:12:47:32 +0700] "OPTIONS /api/v1/cinema-clusters/all HTTP/1.1" 200 - 1394
0:0:0:0:0:0:0:1 - - [16/Oct/2025:12:47:32 +0700] "OPTIONS /api/v1/cinema-clusters/all HTTP/1.1" 200 - 1394
0:0:0:0:0:0:0:1 - - [16/Oct/2025:12:47:32 +0700] "GET /api/v1/cinema-clusters/all HTTP/1.1" 200 2823 28488
0:0:0:0:0:0:0:1 - - [16/Oct/2025:12:47:32 +0700] "GET /api/v1/cinema-clusters/all HTTP/1.1" 200 2823 26856
0:0:0:0:0:0:0:1 - - [16/Oct/2025:12:47:32 +0700] "OPTIONS /api/v1/cinemas/cluster/1 HTTP/1.1" 200 - 1225
0:0:0:0:0:0:0:1 - - [16/Oct/2025:12:47:32 +0700] "OPTIONS /api/v1/cinemas/cluster/1 HTTP/1.1" 200 - 1832
0:0:0:0:0:0:0:1 - - [16/Oct/2025:12:47:32 +0700] "GET /api/v1/cinemas/cluster/1 HTTP/1.1" 200 3412 79346
0:0:0:0:0:0:0:1 - - [16/Oct/2025:12:47:32 +0700] "GET /api/v1/cinemas/cluster/1 HTTP/1.1" 200 3412 64004
0:0:0:0:0:0:0:1 - - [16/Oct/2025:12:47:41 +0700] "OPTIONS /api/v1/cities/active HTTP/1.1" 200 - 1217
0:0:0:0:0:0:0:1 - - [16/Oct/2025:12:47:41 +0700] "GET /api/v1/cities/active HTTP/1.1" 200 1028 34064
0:0:0:0:0:0:0:1 - - [16/Oct/2025:12:47:50 +0700] "OPTIONS /api/v1/cinemas/1 HTTP/1.1" 200 - 1505
0:0:0:0:0:0:0:1 - - [16/Oct/2025:12:47:50 +0700] "OPTIONS /api/v1/cinemas/1 HTTP/1.1" 200 - 1557
0:0:0:0:0:0:0:1 - - [16/Oct/2025:12:47:50 +0700] "GET /api/v1/cinemas/1 HTTP/1.1" 200 391 23673
0:0:0:0:0:0:0:1 - - [16/Oct/2025:12:47:50 +0700] "OPTIONS /api/v1/rooms/cinema/1 HTTP/1.1" 200 - 1858
0:0:0:0:0:0:0:1 - - [16/Oct/2025:12:47:50 +0700] "GET /api/v1/cinemas/1 HTTP/1.1" 200 391 31663
0:0:0:0:0:0:0:1 - - [16/Oct/2025:12:47:50 +0700] "GET /api/v1/rooms/cinema/1 HTTP/1.1" 500 90 19963
0:0:0:0:0:0:0:1 - - [16/Oct/2025:12:47:50 +0700] "GET /api/v1/rooms/cinema/1 HTTP/1.1" 500 90 21150
0:0:0:0:0:0:0:1 - - [16/Oct/2025:12:47:51 +0700] "OPTIONS /api/v1/cinema-clusters/all HTTP/1.1" 200 - 1102
0:0:0:0:0:0:0:1 - - [16/Oct/2025:12:47:51 +0700] "OPTIONS /api/v1/cinema-clusters/all HTTP/1.1" 200 - 979
0:0:0:0:0:0:0:1 - - [16/Oct/2025:12:47:51 +0700] "GET /api/v1/cinema-clusters/all HTTP/1.1" 200 2823 29763
0:0:0:0:0:0:0:1 - - [16/Oct/2025:12:47:51 +0700] "GET /api/v1/cinema-clusters/all HTTP/1.1" 200 2822 18549
0:0:0:0:0:0:0:1 - - [16/Oct/2025:12:47:51 +0700] "OPTIONS /api/v1/cinemas/cluster/1 HTTP/1.1" 200 - 1376
0:0:0:0:0:0:0:1 - - [16/Oct/2025:12:47:51 +0700] "OPTIONS /api/v1/cinemas/cluster/1 HTTP/1.1" 200 - 1173
0:0:0:0:0:0:0:1 - - [16/Oct/2025:12:47:51 +0700] "GET /api/v1/cinemas/cluster/1 HTTP/1.1" 200 3412 72481
0:0:0:0:0:0:0:1 - - [16/Oct/2025:12:47:51 +0700] "GET /api/v1/cinemas/cluster/1 HTTP/1.1" 200 3412 80318
0:0:0:0:0:0:0:1 - - [16/Oct/2025:12:47:52 +0700] "GET /api/v1/cinemas/1 HTTP/1.1" 200 391 25692
0:0:0:0:0:0:0:1 - - [16/Oct/2025:12:47:52 +0700] "GET /api/v1/rooms/cinema/1 HTTP/1.1" 500 90 20245
0:0:0:0:0:0:0:1 - - [16/Oct/2025:12:47:52 +0700] "GET /api/v1/cinemas/1 HTTP/1.1" 200 391 28356
0:0:0:0:0:0:0:1 - - [16/Oct/2025:12:47:52 +0700] "GET /api/v1/rooms/cinema/1 HTTP/1.1" 500 90 25321
0:0:0:0:0:0:0:1 - - [16/Oct/2025:12:47:52 +0700] "GET /api/v1/cinema-clusters/all HTTP/1.1" 200 2823 17970
0:0:0:0:0:0:0:1 - - [16/Oct/2025:12:47:52 +0700] "GET /api/v1/cinema-clusters/all HTTP/1.1" 200 2823 32439
0:0:0:0:0:0:0:1 - - [16/Oct/2025:12:47:53 +0700] "GET /api/v1/cinemas/cluster/1 HTTP/1.1" 200 3412 68698
0:0:0:0:0:0:0:1 - - [16/Oct/2025:12:47:53 +0700] "GET /api/v1/cinemas/cluster/1 HTTP/1.1" 200 3412 61474
0:0:0:0:0:0:0:1 - - [16/Oct/2025:12:48:01 +0700] "OPTIONS /api/v1/auth/refresh HTTP/1.1" 200 - 1328
0:0:0:0:0:0:0:1 - - [16/Oct/2025:12:48:01 +0700] "POST /api/v1/auth/refresh HTTP/1.1" 500 131 7540
0:0:0:0:0:0:0:1 - - [16/Oct/2025:12:48:50 +0700] "GET /api/v1/cinema-clusters/all HTTP/1.1" 200 2823 9001
0:0:0:0:0:0:0:1 - - [16/Oct/2025:12:48:50 +0700] "GET /api/v1/cinema-clusters/all HTTP/1.1" 200 2823 8811
0:0:0:0:0:0:0:1 - - [16/Oct/2025:12:48:50 +0700] "GET /api/v1/movies/coming-soon?size=12 HTTP/1.1" 200 3121 23225
0:0:0:0:0:0:0:1 - - [16/Oct/2025:12:48:50 +0700] "GET /api/v1/movies/top-rated?size=10 HTTP/1.1" 200 5625 38979
0:0:0:0:0:0:0:1 - - [16/Oct/2025:12:48:50 +0700] "GET /api/v1/movies/now-showing?size=12 HTTP/1.1" 200 5967 42796
0:0:0:0:0:0:0:1 - - [16/Oct/2025:12:48:50 +0700] "GET /api/v1/movies/coming-soon?size=12 HTTP/1.1" 200 3121 19677
0:0:0:0:0:0:0:1 - - [16/Oct/2025:12:48:50 +0700] "GET /api/v1/movies?size=20 HTTP/1.1" 200 9726 56567
0:0:0:0:0:0:0:1 - - [16/Oct/2025:12:48:50 +0700] "GET /api/v1/movies/top-rated?size=10 HTTP/1.1" 200 5625 23074
0:0:0:0:0:0:0:1 - - [16/Oct/2025:12:48:50 +0700] "GET /api/v1/movies/now-showing?size=12 HTTP/1.1" 200 5967 30317
0:0:0:0:0:0:0:1 - - [16/Oct/2025:12:48:50 +0700] "GET /api/v1/movies?size=20 HTTP/1.1" 200 9726 43221
0:0:0:0:0:0:0:1 - - [16/Oct/2025:12:49:05 +0700] "OPTIONS /api/v1/auth/login HTTP/1.1" 200 - 1335
0:0:0:0:0:0:0:1 - - [16/Oct/2025:12:49:05 +0700] "POST /api/v1/auth/login HTTP/1.1" 200 877 214882
0:0:0:0:0:0:0:1 - - [16/Oct/2025:12:49:20 +0700] "OPTIONS /api/v1/cinema-clusters/all HTTP/1.1" 200 - 847
0:0:0:0:0:0:0:1 - - [16/Oct/2025:12:49:20 +0700] "OPTIONS /api/v1/cinema-clusters/all HTTP/1.1" 200 - 833
0:0:0:0:0:0:0:1 - - [16/Oct/2025:12:49:20 +0700] "GET /api/v1/cinema-clusters/all HTTP/1.1" 200 2823 16327
0:0:0:0:0:0:0:1 - - [16/Oct/2025:12:49:20 +0700] "OPTIONS /api/v1/cinemas/cluster/1 HTTP/1.1" 200 - 1246
0:0:0:0:0:0:0:1 - - [16/Oct/2025:12:49:20 +0700] "GET /api/v1/cinema-clusters/all HTTP/1.1" 200 2823 16944
0:0:0:0:0:0:0:1 - - [16/Oct/2025:12:49:21 +0700] "GET /api/v1/cinemas/cluster/1 HTTP/1.1" 200 3412 56058
0:0:0:0:0:0:0:1 - - [16/Oct/2025:12:49:21 +0700] "GET /api/v1/cinemas/cluster/1 HTTP/1.1" 200 3412 42028
0:0:0:0:0:0:0:1 - - [16/Oct/2025:12:49:23 +0700] "OPTIONS /api/v1/cinemas/1 HTTP/1.1" 200 - 1598
0:0:0:0:0:0:0:1 - - [16/Oct/2025:12:49:23 +0700] "OPTIONS /api/v1/cinemas/1 HTTP/1.1" 200 - 2903
0:0:0:0:0:0:0:1 - - [16/Oct/2025:12:49:23 +0700] "GET /api/v1/cinemas/1 HTTP/1.1" 200 391 25703
0:0:0:0:0:0:0:1 - - [16/Oct/2025:12:49:23 +0700] "OPTIONS /api/v1/rooms/cinema/1 HTTP/1.1" 200 - 866
0:0:0:0:0:0:0:1 - - [16/Oct/2025:12:49:23 +0700] "GET /api/v1/rooms/cinema/1 HTTP/1.1" 500 90 13836
0:0:0:0:0:0:0:1 - - [16/Oct/2025:12:49:23 +0700] "GET /api/v1/cinemas/1 HTTP/1.1" 200 391 21536
0:0:0:0:0:0:0:1 - - [16/Oct/2025:12:49:23 +0700] "GET /api/v1/rooms/cinema/1 HTTP/1.1" 500 90 19541
0:0:0:0:0:0:0:1 - - [16/Oct/2025:12:49:23 +0700] "GET /api/v1/cinema-clusters/all HTTP/1.1" 200 2823 21471
0:0:0:0:0:0:0:1 - - [16/Oct/2025:12:49:23 +0700] "GET /api/v1/cinema-clusters/all HTTP/1.1" 200 2823 17342
0:0:0:0:0:0:0:1 - - [16/Oct/2025:12:49:23 +0700] "GET /api/v1/cinemas/cluster/1 HTTP/1.1" 200 3412 50073
0:0:0:0:0:0:0:1 - - [16/Oct/2025:12:49:23 +0700] "GET /api/v1/cinemas/cluster/1 HTTP/1.1" 200 3412 48535
0:0:0:0:0:0:0:1 - - [16/Oct/2025:12:49:41 +0700] "OPTIONS /api/v1/cinemas/1 HTTP/1.1" 200 - 1141
0:0:0:0:0:0:0:1 - - [16/Oct/2025:12:49:41 +0700] "OPTIONS /api/v1/cinemas/1 HTTP/1.1" 200 - 1140
0:0:0:0:0:0:0:1 - - [16/Oct/2025:12:49:41 +0700] "GET /api/v1/cinemas/1 HTTP/1.1" 200 391 18238
0:0:0:0:0:0:0:1 - - [16/Oct/2025:12:49:41 +0700] "OPTIONS /api/v1/rooms/cinema/1 HTTP/1.1" 200 - 873
0:0:0:0:0:0:0:1 - - [16/Oct/2025:12:49:41 +0700] "GET /api/v1/rooms/cinema/1 HTTP/1.1" 500 90 15604
0:0:0:0:0:0:0:1 - - [16/Oct/2025:12:49:41 +0700] "GET /api/v1/cinemas/1 HTTP/1.1" 200 391 20443
0:0:0:0:0:0:0:1 - - [16/Oct/2025:12:49:41 +0700] "GET /api/v1/rooms/cinema/1 HTTP/1.1" 500 90 11499
0:0:0:0:0:0:0:1 - - [16/Oct/2025:12:49:41 +0700] "OPTIONS /api/v1/cinema-clusters/all HTTP/1.1" 200 - 849
0:0:0:0:0:0:0:1 - - [16/Oct/2025:12:49:41 +0700] "OPTIONS /api/v1/cinema-clusters/all HTTP/1.1" 200 - 834
0:0:0:0:0:0:0:1 - - [16/Oct/2025:12:49:41 +0700] "GET /api/v1/cinema-clusters/all HTTP/1.1" 200 2823 21047
0:0:0:0:0:0:0:1 - - [16/Oct/2025:12:49:41 +0700] "GET /api/v1/cinema-clusters/all HTTP/1.1" 200 2823 14028
0:0:0:0:0:0:0:1 - - [16/Oct/2025:12:49:41 +0700] "OPTIONS /api/v1/cinemas/cluster/1 HTTP/1.1" 200 - 1149
0:0:0:0:0:0:0:1 - - [16/Oct/2025:12:49:41 +0700] "OPTIONS /api/v1/cinemas/cluster/1 HTTP/1.1" 200 - 1603
0:0:0:0:0:0:0:1 - - [16/Oct/2025:12:49:41 +0700] "GET /api/v1/cinemas/cluster/1 HTTP/1.1" 200 3412 57643
0:0:0:0:0:0:0:1 - - [16/Oct/2025:12:49:41 +0700] "GET /api/v1/cinemas/cluster/1 HTTP/1.1" 200 3412 48315
0:0:0:0:0:0:0:1 - - [16/Oct/2025:12:49:42 +0700] "GET /api/v1/cinemas/1 HTTP/1.1" 200 390 21743
0:0:0:0:0:0:0:1 - - [16/Oct/2025:12:49:42 +0700] "GET /api/v1/rooms/cinema/1 HTTP/1.1" 500 90 17312
0:0:0:0:0:0:0:1 - - [16/Oct/2025:12:49:42 +0700] "GET /api/v1/cinemas/1 HTTP/1.1" 200 391 22339
0:0:0:0:0:0:0:1 - - [16/Oct/2025:12:49:42 +0700] "GET /api/v1/rooms/cinema/1 HTTP/1.1" 500 90 12168
0:0:0:0:0:0:0:1 - - [16/Oct/2025:12:49:42 +0700] "GET /api/v1/cinema-clusters/all HTTP/1.1" 200 2823 14821
0:0:0:0:0:0:0:1 - - [16/Oct/2025:12:49:42 +0700] "GET /api/v1/cinema-clusters/all HTTP/1.1" 200 2823 16846
0:0:0:0:0:0:0:1 - - [16/Oct/2025:12:49:42 +0700] "GET /api/v1/cinemas/cluster/1 HTTP/1.1" 200 3412 49489
0:0:0:0:0:0:0:1 - - [16/Oct/2025:12:49:42 +0700] "GET /api/v1/cinemas/cluster/1 HTTP/1.1" 200 3412 45774
0:0:0:0:0:0:0:1 - - [16/Oct/2025:12:49:43 +0700] "GET /api/v1/cinemas/1 HTTP/1.1" 200 391 20494
0:0:0:0:0:0:0:1 - - [16/Oct/2025:12:49:43 +0700] "GET /api/v1/rooms/cinema/1 HTTP/1.1" 500 90 23830
0:0:0:0:0:0:0:1 - - [16/Oct/2025:12:49:43 +0700] "GET /api/v1/cinemas/1 HTTP/1.1" 200 391 32967
0:0:0:0:0:0:0:1 - - [16/Oct/2025:12:49:43 +0700] "GET /api/v1/rooms/cinema/1 HTTP/1.1" 500 90 13269
0:0:0:0:0:0:0:1 - - [16/Oct/2025:12:49:43 +0700] "GET /api/v1/cinema-clusters/all HTTP/1.1" 200 2823 14666
0:0:0:0:0:0:0:1 - - [16/Oct/2025:12:49:43 +0700] "GET /api/v1/cinema-clusters/all HTTP/1.1" 200 2823 17157
0:0:0:0:0:0:0:1 - - [16/Oct/2025:12:49:43 +0700] "GET /api/v1/cinemas/cluster/1 HTTP/1.1" 200 3412 50680
0:0:0:0:0:0:0:1 - - [16/Oct/2025:12:49:43 +0700] "GET /api/v1/cinemas/cluster/1 HTTP/1.1" 200 3412 55217
0:0:0:0:0:0:0:1 - - [16/Oct/2025:12:49:44 +0700] "GET /api/v1/cinemas/1 HTTP/1.1" 200 391 21371
0:0:0:0:0:0:0:1 - - [16/Oct/2025:12:49:44 +0700] "GET /api/v1/rooms/cinema/1 HTTP/1.1" 500 90 9252
0:0:0:0:0:0:0:1 - - [16/Oct/2025:12:49:44 +0700] "GET /api/v1/cinemas/1 HTTP/1.1" 200 390 17791
0:0:0:0:0:0:0:1 - - [16/Oct/2025:12:49:44 +0700] "GET /api/v1/rooms/cinema/1 HTTP/1.1" 500 90 13760
0:0:0:0:0:0:0:1 - - [16/Oct/2025:12:49:44 +0700] "GET /api/v1/cinema-clusters/all HTTP/1.1" 200 2823 15324
0:0:0:0:0:0:0:1 - - [16/Oct/2025:12:49:44 +0700] "GET /api/v1/cinema-clusters/all HTTP/1.1" 200 2823 18587
0:0:0:0:0:0:0:1 - - [16/Oct/2025:12:49:44 +0700] "GET /api/v1/cinemas/cluster/1 HTTP/1.1" 200 3411 49592
0:0:0:0:0:0:0:1 - - [16/Oct/2025:12:49:44 +0700] "GET /api/v1/cinemas/cluster/1 HTTP/1.1" 200 3412 50614
0:0:0:0:0:0:0:1 - - [16/Oct/2025:12:49:53 +0700] "OPTIONS /api/v1/cinemas/1 HTTP/1.1" 200 - 1499
0:0:0:0:0:0:0:1 - - [16/Oct/2025:12:49:53 +0700] "OPTIONS /api/v1/cinemas/1 HTTP/1.1" 200 - 1498
0:0:0:0:0:0:0:1 - - [16/Oct/2025:12:49:53 +0700] "GET /api/v1/cinemas/1 HTTP/1.1" 200 391 18678
0:0:0:0:0:0:0:1 - - [16/Oct/2025:12:49:53 +0700] "OPTIONS /api/v1/rooms/cinema/1 HTTP/1.1" 200 - 1597
0:0:0:0:0:0:0:1 - - [16/Oct/2025:12:49:53 +0700] "GET /api/v1/cinemas/1 HTTP/1.1" 200 391 21264
0:0:0:0:0:0:0:1 - - [16/Oct/2025:12:49:53 +0700] "GET /api/v1/rooms/cinema/1 HTTP/1.1" 500 90 16083
0:0:0:0:0:0:0:1 - - [16/Oct/2025:12:49:53 +0700] "GET /api/v1/rooms/cinema/1 HTTP/1.1" 500 90 19366
0:0:0:0:0:0:0:1 - - [16/Oct/2025:12:49:53 +0700] "OPTIONS /api/v1/cinema-clusters/all HTTP/1.1" 200 - 1847
0:0:0:0:0:0:0:1 - - [16/Oct/2025:12:49:53 +0700] "OPTIONS /api/v1/cinema-clusters/all HTTP/1.1" 200 - 1812
0:0:0:0:0:0:0:1 - - [16/Oct/2025:12:49:53 +0700] "GET /api/v1/cinema-clusters/all HTTP/1.1" 200 2823 37921
0:0:0:0:0:0:0:1 - - [16/Oct/2025:12:49:53 +0700] "GET /api/v1/cinema-clusters/all HTTP/1.1" 200 2823 30479
0:0:0:0:0:0:0:1 - - [16/Oct/2025:12:49:54 +0700] "OPTIONS /api/v1/cinemas/cluster/1 HTTP/1.1" 200 - 4661
0:0:0:0:0:0:0:1 - - [16/Oct/2025:12:49:54 +0700] "OPTIONS /api/v1/cinemas/cluster/1 HTTP/1.1" 200 - 4594
0:0:0:0:0:0:0:1 - - [16/Oct/2025:12:49:54 +0700] "GET /api/v1/cinemas/cluster/1 HTTP/1.1" 200 3412 111707
0:0:0:0:0:0:0:1 - - [16/Oct/2025:12:49:54 +0700] "GET /api/v1/cinemas/cluster/1 HTTP/1.1" 200 3412 80532
0:0:0:0:0:0:0:1 - - [16/Oct/2025:12:49:55 +0700] "GET /api/v1/cinemas/1 HTTP/1.1" 200 391 17595
0:0:0:0:0:0:0:1 - - [16/Oct/2025:12:49:55 +0700] "GET /api/v1/rooms/cinema/1 HTTP/1.1" 500 90 17474
0:0:0:0:0:0:0:1 - - [16/Oct/2025:12:49:55 +0700] "GET /api/v1/cinemas/1 HTTP/1.1" 200 391 24464
0:0:0:0:0:0:0:1 - - [16/Oct/2025:12:49:55 +0700] "GET /api/v1/cinema-clusters/all HTTP/1.1" 200 2823 32248
0:0:0:0:0:0:0:1 - - [16/Oct/2025:12:49:55 +0700] "GET /api/v1/rooms/cinema/1 HTTP/1.1" 500 90 24414
0:0:0:0:0:0:0:1 - - [16/Oct/2025:12:49:55 +0700] "GET /api/v1/cinema-clusters/all HTTP/1.1" 200 2823 28622
0:0:0:0:0:0:0:1 - - [16/Oct/2025:12:49:55 +0700] "GET /api/v1/cinemas/cluster/1 HTTP/1.1" 200 3412 66773
0:0:0:0:0:0:0:1 - - [16/Oct/2025:12:49:55 +0700] "GET /api/v1/cinemas/cluster/1 HTTP/1.1" 200 3412 61348
0:0:0:0:0:0:0:1 - - [16/Oct/2025:12:49:57 +0700] "GET /api/v1/cinemas/1 HTTP/1.1" 200 390 22888
0:0:0:0:0:0:0:1 - - [16/Oct/2025:12:49:57 +0700] "GET /api/v1/rooms/cinema/1 HTTP/1.1" 500 90 12484
0:0:0:0:0:0:0:1 - - [16/Oct/2025:12:49:57 +0700] "GET /api/v1/cinemas/1 HTTP/1.1" 200 391 21703
0:0:0:0:0:0:0:1 - - [16/Oct/2025:12:49:57 +0700] "GET /api/v1/cinema-clusters/all HTTP/1.1" 200 2823 23150
0:0:0:0:0:0:0:1 - - [16/Oct/2025:12:49:57 +0700] "GET /api/v1/rooms/cinema/1 HTTP/1.1" 500 90 19850
0:0:0:0:0:0:0:1 - - [16/Oct/2025:12:49:57 +0700] "GET /api/v1/cinema-clusters/all HTTP/1.1" 200 2823 21158
0:0:0:0:0:0:0:1 - - [16/Oct/2025:12:49:57 +0700] "GET /api/v1/cinemas/cluster/1 HTTP/1.1" 200 3412 75652
0:0:0:0:0:0:0:1 - - [16/Oct/2025:12:49:57 +0700] "GET /api/v1/cinemas/cluster/1 HTTP/1.1" 200 3412 79837
0:0:0:0:0:0:0:1 - - [16/Oct/2025:12:49:58 +0700] "OPTIONS /api/v1/cinemas/1 HTTP/1.1" 200 - 1314
0:0:0:0:0:0:0:1 - - [16/Oct/2025:12:49:58 +0700] "OPTIONS /api/v1/cinemas/1 HTTP/1.1" 200 - 1276
0:0:0:0:0:0:0:1 - - [16/Oct/2025:12:49:58 +0700] "GET /api/v1/cinemas/1 HTTP/1.1" 200 391 25676
0:0:0:0:0:0:0:1 - - [16/Oct/2025:12:49:58 +0700] "OPTIONS /api/v1/rooms/cinema/1 HTTP/1.1" 200 - 1497
0:0:0:0:0:0:0:1 - - [16/Oct/2025:12:49:58 +0700] "GET /api/v1/cinemas/1 HTTP/1.1" 200 391 21308
0:0:0:0:0:0:0:1 - - [16/Oct/2025:12:49:58 +0700] "GET /api/v1/rooms/cinema/1 HTTP/1.1" 500 90 17905
0:0:0:0:0:0:0:1 - - [16/Oct/2025:12:49:59 +0700] "GET /api/v1/rooms/cinema/1 HTTP/1.1" 500 90 24711
0:0:0:0:0:0:0:1 - - [16/Oct/2025:12:49:59 +0700] "OPTIONS /api/v1/cinema-clusters/all HTTP/1.1" 200 - 716
0:0:0:0:0:0:0:1 - - [16/Oct/2025:12:49:59 +0700] "OPTIONS /api/v1/cinema-clusters/all HTTP/1.1" 200 - 780
0:0:0:0:0:0:0:1 - - [16/Oct/2025:12:49:59 +0700] "GET /api/v1/cinema-clusters/all HTTP/1.1" 200 2822 31672
0:0:0:0:0:0:0:1 - - [16/Oct/2025:12:49:59 +0700] "GET /api/v1/cinema-clusters/all HTTP/1.1" 200 2823 17322
0:0:0:0:0:0:0:1 - - [16/Oct/2025:12:49:59 +0700] "OPTIONS /api/v1/cinemas/cluster/1 HTTP/1.1" 200 - 4452
0:0:0:0:0:0:0:1 - - [16/Oct/2025:12:49:59 +0700] "OPTIONS /api/v1/cinemas/cluster/1 HTTP/1.1" 200 - 1414
0:0:0:0:0:0:0:1 - - [16/Oct/2025:12:49:59 +0700] "GET /api/v1/cinemas/cluster/1 HTTP/1.1" 200 3412 133336
0:0:0:0:0:0:0:1 - - [16/Oct/2025:12:49:59 +0700] "GET /api/v1/cinemas/cluster/1 HTTP/1.1" 200 3412 63903
0:0:0:0:0:0:0:1 - - [16/Oct/2025:12:53:51 +0700] "OPTIONS /api/v1/cinemas/1 HTTP/1.1" 200 - 1301
0:0:0:0:0:0:0:1 - - [16/Oct/2025:12:53:51 +0700] "OPTIONS /api/v1/cinemas/1 HTTP/1.1" 200 - 1301
0:0:0:0:0:0:0:1 - - [16/Oct/2025:12:53:51 +0700] "GET /api/v1/cinemas/1 HTTP/1.1" 200 391 30014
0:0:0:0:0:0:0:1 - - [16/Oct/2025:12:53:51 +0700] "OPTIONS /api/v1/rooms/cinema/1 HTTP/1.1" 200 - 743
0:0:0:0:0:0:0:1 - - [16/Oct/2025:12:53:51 +0700] "GET /api/v1/cinemas/1 HTTP/1.1" 200 391 18063
0:0:0:0:0:0:0:1 - - [16/Oct/2025:12:53:51 +0700] "GET /api/v1/rooms/cinema/1 HTTP/1.1" 500 90 10026
0:0:0:0:0:0:0:1 - - [16/Oct/2025:12:53:51 +0700] "GET /api/v1/rooms/cinema/1 HTTP/1.1" 500 90 13586
0:0:0:0:0:0:0:1 - - [16/Oct/2025:12:53:51 +0700] "OPTIONS /api/v1/cinema-clusters/all HTTP/1.1" 200 - 496
0:0:0:0:0:0:0:1 - - [16/Oct/2025:12:53:51 +0700] "OPTIONS /api/v1/cinema-clusters/all HTTP/1.1" 200 - 451
0:0:0:0:0:0:0:1 - - [16/Oct/2025:12:53:51 +0700] "GET /api/v1/cinema-clusters/all HTTP/1.1" 200 2823 21297
0:0:0:0:0:0:0:1 - - [16/Oct/2025:12:53:51 +0700] "GET /api/v1/cinema-clusters/all HTTP/1.1" 200 2823 17057
0:0:0:0:0:0:0:1 - - [16/Oct/2025:12:53:51 +0700] "OPTIONS /api/v1/cinemas/cluster/1 HTTP/1.1" 200 - 794
0:0:0:0:0:0:0:1 - - [16/Oct/2025:12:53:51 +0700] "OPTIONS /api/v1/cinemas/cluster/1 HTTP/1.1" 200 - 507
0:0:0:0:0:0:0:1 - - [16/Oct/2025:12:53:51 +0700] "GET /api/v1/cinemas/cluster/1 HTTP/1.1" 200 3412 88853
0:0:0:0:0:0:0:1 - - [16/Oct/2025:12:53:51 +0700] "GET /api/v1/cinemas/cluster/1 HTTP/1.1" 200 3412 46949
0:0:0:0:0:0:0:1 - - [16/Oct/2025:12:53:59 +0700] "OPTIONS /api/v1/cinemas/1 HTTP/1.1" 200 - 936
0:0:0:0:0:0:0:1 - - [16/Oct/2025:12:53:59 +0700] "OPTIONS /api/v1/cinemas/1 HTTP/1.1" 200 - 873
0:0:0:0:0:0:0:1 - - [16/Oct/2025:12:53:59 +0700] "GET /api/v1/cinemas/1 HTTP/1.1" 200 391 17582
0:0:0:0:0:0:0:1 - - [16/Oct/2025:12:53:59 +0700] "OPTIONS /api/v1/rooms/cinema/1 HTTP/1.1" 200 - 622
0:0:0:0:0:0:0:1 - - [16/Oct/2025:12:53:59 +0700] "GET /api/v1/cinemas/1 HTTP/1.1" 200 391 21289
0:0:0:0:0:0:0:1 - - [16/Oct/2025:12:53:59 +0700] "GET /api/v1/rooms/cinema/1 HTTP/1.1" 500 90 18607
0:0:0:0:0:0:0:1 - - [16/Oct/2025:12:53:59 +0700] "GET /api/v1/rooms/cinema/1 HTTP/1.1" 500 90 11746
0:0:0:0:0:0:0:1 - - [16/Oct/2025:12:53:59 +0700] "OPTIONS /api/v1/cinema-clusters/all HTTP/1.1" 200 - 524
0:0:0:0:0:0:0:1 - - [16/Oct/2025:12:53:59 +0700] "OPTIONS /api/v1/cinema-clusters/all HTTP/1.1" 200 - 491
0:0:0:0:0:0:0:1 - - [16/Oct/2025:12:53:59 +0700] "GET /api/v1/cinema-clusters/all HTTP/1.1" 200 2823 16074
0:0:0:0:0:0:0:1 - - [16/Oct/2025:12:53:59 +0700] "OPTIONS /api/v1/cinemas/cluster/1 HTTP/1.1" 200 - 1760
0:0:0:0:0:0:0:1 - - [16/Oct/2025:12:53:59 +0700] "GET /api/v1/cinema-clusters/all HTTP/1.1" 200 2823 17871
0:0:0:0:0:0:0:1 - - [16/Oct/2025:12:53:59 +0700] "GET /api/v1/cinemas/cluster/1 HTTP/1.1" 200 3412 33234
0:0:0:0:0:0:0:1 - - [16/Oct/2025:12:53:59 +0700] "GET /api/v1/cinemas/cluster/1 HTTP/1.1" 200 3412 30047
0:0:0:0:0:0:0:1 - - [16/Oct/2025:12:54:00 +0700] "GET /api/v1/cinemas/1 HTTP/1.1" 200 391 15481
0:0:0:0:0:0:0:1 - - [16/Oct/2025:12:54:00 +0700] "GET /api/v1/rooms/cinema/1 HTTP/1.1" 500 90 7560
0:0:0:0:0:0:0:1 - - [16/Oct/2025:12:54:00 +0700] "GET /api/v1/cinemas/1 HTTP/1.1" 200 391 17216
0:0:0:0:0:0:0:1 - - [16/Oct/2025:12:54:00 +0700] "GET /api/v1/rooms/cinema/1 HTTP/1.1" 500 90 10176
0:0:0:0:0:0:0:1 - - [16/Oct/2025:12:54:00 +0700] "GET /api/v1/cinema-clusters/all HTTP/1.1" 200 2823 13694
0:0:0:0:0:0:0:1 - - [16/Oct/2025:12:54:00 +0700] "GET /api/v1/cinema-clusters/all HTTP/1.1" 200 2823 16905
0:0:0:0:0:0:0:1 - - [16/Oct/2025:12:54:00 +0700] "GET /api/v1/cinemas/cluster/1 HTTP/1.1" 200 3412 31468
0:0:0:0:0:0:0:1 - - [16/Oct/2025:12:54:00 +0700] "GET /api/v1/cinemas/cluster/1 HTTP/1.1" 200 3412 36591
0:0:0:0:0:0:0:1 - - [16/Oct/2025:12:54:01 +0700] "GET /api/v1/cinemas/1 HTTP/1.1" 200 391 16858
0:0:0:0:0:0:0:1 - - [16/Oct/2025:12:54:01 +0700] "GET /api/v1/rooms/cinema/1 HTTP/1.1" 500 90 10753
0:0:0:0:0:0:0:1 - - [16/Oct/2025:12:54:01 +0700] "GET /api/v1/cinemas/1 HTTP/1.1" 200 390 16769
0:0:0:0:0:0:0:1 - - [16/Oct/2025:12:54:01 +0700] "GET /api/v1/rooms/cinema/1 HTTP/1.1" 500 90 13602
0:0:0:0:0:0:0:1 - - [16/Oct/2025:12:54:01 +0700] "GET /api/v1/cinema-clusters/all HTTP/1.1" 200 2823 17421
0:0:0:0:0:0:0:1 - - [16/Oct/2025:12:54:01 +0700] "GET /api/v1/cinema-clusters/all HTTP/1.1" 200 2823 19748
0:0:0:0:0:0:0:1 - - [16/Oct/2025:12:54:01 +0700] "GET /api/v1/cinemas/cluster/1 HTTP/1.1" 200 3412 45050
0:0:0:0:0:0:0:1 - - [16/Oct/2025:12:54:01 +0700] "GET /api/v1/cinemas/cluster/1 HTTP/1.1" 200 3412 36785
0:0:0:0:0:0:0:1 - - [16/Oct/2025:12:54:02 +0700] "GET /api/v1/cinemas/1 HTTP/1.1" 200 391 21371
0:0:0:0:0:0:0:1 - - [16/Oct/2025:12:54:02 +0700] "GET /api/v1/rooms/cinema/1 HTTP/1.1" 500 90 17136
0:0:0:0:0:0:0:1 - - [16/Oct/2025:12:54:02 +0700] "GET /api/v1/cinemas/1 HTTP/1.1" 200 391 24689
0:0:0:0:0:0:0:1 - - [16/Oct/2025:12:54:02 +0700] "GET /api/v1/rooms/cinema/1 HTTP/1.1" 500 90 14894
0:0:0:0:0:0:0:1 - - [16/Oct/2025:12:54:02 +0700] "GET /api/v1/cinema-clusters/all HTTP/1.1" 200 2823 15371
0:0:0:0:0:0:0:1 - - [16/Oct/2025:12:54:02 +0700] "GET /api/v1/cinema-clusters/all HTTP/1.1" 200 2823 15248
0:0:0:0:0:0:0:1 - - [16/Oct/2025:12:54:02 +0700] "GET /api/v1/cinemas/cluster/1 HTTP/1.1" 200 3412 40307
0:0:0:0:0:0:0:1 - - [16/Oct/2025:12:54:02 +0700] "GET /api/v1/cinemas/cluster/1 HTTP/1.1" 200 3412 36864
0:0:0:0:0:0:0:1 - - [16/Oct/2025:12:54:03 +0700] "GET /api/v1/cinemas/1 HTTP/1.1" 200 391 15991
0:0:0:0:0:0:0:1 - - [16/Oct/2025:12:54:03 +0700] "GET /api/v1/rooms/cinema/1 HTTP/1.1" 500 90 7769
0:0:0:0:0:0:0:1 - - [16/Oct/2025:12:54:03 +0700] "GET /api/v1/cinemas/1 HTTP/1.1" 200 391 14552
0:0:0:0:0:0:0:1 - - [16/Oct/2025:12:54:03 +0700] "GET /api/v1/rooms/cinema/1 HTTP/1.1" 500 90 14448
0:0:0:0:0:0:0:1 - - [16/Oct/2025:12:54:03 +0700] "GET /api/v1/cinema-clusters/all HTTP/1.1" 200 2823 22386
0:0:0:0:0:0:0:1 - - [16/Oct/2025:12:54:03 +0700] "GET /api/v1/cinema-clusters/all HTTP/1.1" 200 2822 16318
0:0:0:0:0:0:0:1 - - [16/Oct/2025:12:54:03 +0700] "GET /api/v1/cinemas/cluster/1 HTTP/1.1" 200 3412 41934
0:0:0:0:0:0:0:1 - - [16/Oct/2025:12:54:03 +0700] "GET /api/v1/cinemas/cluster/1 HTTP/1.1" 200 3411 37624
0:0:0:0:0:0:0:1 - - [16/Oct/2025:12:54:03 +0700] "GET /api/v1/cinemas/1 HTTP/1.1" 200 391 275582
0:0:0:0:0:0:0:1 - - [16/Oct/2025:12:54:03 +0700] "GET /api/v1/cinemas/1 HTTP/1.1" 200 391 30231
0:0:0:0:0:0:0:1 - - [16/Oct/2025:12:54:03 +0700] "GET /api/v1/rooms/cinema/1 HTTP/1.1" 500 90 27266
0:0:0:0:0:0:0:1 - - [16/Oct/2025:12:54:03 +0700] "GET /api/v1/rooms/cinema/1 HTTP/1.1" 500 90 16234
0:0:0:0:0:0:0:1 - - [16/Oct/2025:12:54:03 +0700] "GET /api/v1/cinema-clusters/all HTTP/1.1" 200 2823 16252
0:0:0:0:0:0:0:1 - - [16/Oct/2025:12:54:03 +0700] "GET /api/v1/cinema-clusters/all HTTP/1.1" 200 2823 16166
0:0:0:0:0:0:0:1 - - [16/Oct/2025:12:54:03 +0700] "GET /api/v1/cinemas/cluster/1 HTTP/1.1" 200 3412 42936
0:0:0:0:0:0:0:1 - - [16/Oct/2025:12:54:03 +0700] "GET /api/v1/cinemas/cluster/1 HTTP/1.1" 200 3412 41184
0:0:0:0:0:0:0:1 - - [16/Oct/2025:12:58:49 +0700] "OPTIONS /api/v1/cinemas/1 HTTP/1.1" 200 - 1362
0:0:0:0:0:0:0:1 - - [16/Oct/2025:12:58:49 +0700] "OPTIONS /api/v1/cinemas/1 HTTP/1.1" 200 - 1102
0:0:0:0:0:0:0:1 - - [16/Oct/2025:12:58:49 +0700] "GET /api/v1/cinemas/1 HTTP/1.1" 200 390 23320
0:0:0:0:0:0:0:1 - - [16/Oct/2025:12:58:49 +0700] "OPTIONS /api/v1/rooms/cinema/1 HTTP/1.1" 200 - 1791
0:0:0:0:0:0:0:1 - - [16/Oct/2025:12:58:49 +0700] "GET /api/v1/rooms/cinema/1 HTTP/1.1" 500 90 14662
0:0:0:0:0:0:0:1 - - [16/Oct/2025:12:58:49 +0700] "GET /api/v1/cinemas/1 HTTP/1.1" 200 391 28206
0:0:0:0:0:0:0:1 - - [16/Oct/2025:12:58:49 +0700] "GET /api/v1/rooms/cinema/1 HTTP/1.1" 500 90 17754
0:0:0:0:0:0:0:1 - - [16/Oct/2025:12:58:53 +0700] "OPTIONS /api/v1/cinema-clusters/all HTTP/1.1" 200 - 1022
0:0:0:0:0:0:0:1 - - [16/Oct/2025:12:58:53 +0700] "OPTIONS /api/v1/cinema-clusters/all HTTP/1.1" 200 - 1371
0:0:0:0:0:0:0:1 - - [16/Oct/2025:12:58:53 +0700] "GET /api/v1/cinema-clusters/all HTTP/1.1" 200 2823 18881
0:0:0:0:0:0:0:1 - - [16/Oct/2025:12:58:53 +0700] "OPTIONS /api/v1/cinemas/cluster/1 HTTP/1.1" 200 - 1611
0:0:0:0:0:0:0:1 - - [16/Oct/2025:12:58:53 +0700] "GET /api/v1/cinema-clusters/all HTTP/1.1" 200 2823 21432
0:0:0:0:0:0:0:1 - - [16/Oct/2025:12:58:53 +0700] "GET /api/v1/cinemas/cluster/1 HTTP/1.1" 200 3412 67347
0:0:0:0:0:0:0:1 - - [16/Oct/2025:12:58:53 +0700] "GET /api/v1/cinemas/cluster/1 HTTP/1.1" 200 3412 48983
0:0:0:0:0:0:0:1 - - [16/Oct/2025:12:59:09 +0700] "OPTIONS /api/v1/cinema-clusters/all HTTP/1.1" 200 - 981
0:0:0:0:0:0:0:1 - - [16/Oct/2025:12:59:09 +0700] "OPTIONS /api/v1/cinema-clusters/all HTTP/1.1" 200 - 1043
0:0:0:0:0:0:0:1 - - [16/Oct/2025:12:59:09 +0700] "GET /api/v1/cinema-clusters/all HTTP/1.1" 200 2823 20357
0:0:0:0:0:0:0:1 - - [16/Oct/2025:12:59:09 +0700] "OPTIONS /api/v1/cinemas/cluster/1 HTTP/1.1" 200 - 1273
0:0:0:0:0:0:0:1 - - [16/Oct/2025:12:59:09 +0700] "GET /api/v1/cinema-clusters/all HTTP/1.1" 200 2823 23824
0:0:0:0:0:0:0:1 - - [16/Oct/2025:12:59:09 +0700] "GET /api/v1/cinemas/cluster/1 HTTP/1.1" 200 3412 57082
0:0:0:0:0:0:0:1 - - [16/Oct/2025:12:59:09 +0700] "GET /api/v1/cinemas/cluster/1 HTTP/1.1" 200 3412 64910
0:0:0:0:0:0:0:1 - - [16/Oct/2025:12:59:17 +0700] "OPTIONS /api/v1/cinemas/1 HTTP/1.1" 200 - 2718
0:0:0:0:0:0:0:1 - - [16/Oct/2025:12:59:17 +0700] "OPTIONS /api/v1/cinemas/1 HTTP/1.1" 200 - 2264
0:0:0:0:0:0:0:1 - - [16/Oct/2025:12:59:17 +0700] "GET /api/v1/cinemas/1 HTTP/1.1" 200 391 23719
0:0:0:0:0:0:0:1 - - [16/Oct/2025:12:59:17 +0700] "OPTIONS /api/v1/rooms/cinema/1 HTTP/1.1" 200 - 1844
0:0:0:0:0:0:0:1 - - [16/Oct/2025:12:59:17 +0700] "GET /api/v1/cinemas/1 HTTP/1.1" 200 391 26782
0:0:0:0:0:0:0:1 - - [16/Oct/2025:12:59:17 +0700] "GET /api/v1/rooms/cinema/1 HTTP/1.1" 500 90 17579
0:0:0:0:0:0:0:1 - - [16/Oct/2025:12:59:17 +0700] "GET /api/v1/rooms/cinema/1 HTTP/1.1" 500 90 20654
0:0:0:0:0:0:0:1 - - [16/Oct/2025:15:02:21 +0700] "GET /api/v1/rooms/cinema/1 HTTP/1.1" 500 90 1241551
0:0:0:0:0:0:0:1 - - [16/Oct/2025:15:12:12 +0700] "OPTIONS /api/v1/cinema-clusters/all HTTP/1.1" 200 - 18917
0:0:0:0:0:0:0:1 - - [16/Oct/2025:15:12:12 +0700] "OPTIONS /api/v1/movies/top-rated?size=10 HTTP/1.1" 200 - 15305
0:0:0:0:0:0:0:1 - - [16/Oct/2025:15:12:12 +0700] "OPTIONS /api/v1/auth/verify HTTP/1.1" 200 - 19233
0:0:0:0:0:0:0:1 - - [16/Oct/2025:15:12:12 +0700] "OPTIONS /api/v1/movies/coming-soon?size=12 HTTP/1.1" 200 - 16155
0:0:0:0:0:0:0:1 - - [16/Oct/2025:15:12:12 +0700] "OPTIONS /api/v1/movies/now-showing?size=12 HTTP/1.1" 200 - 16181
0:0:0:0:0:0:0:1 - - [16/Oct/2025:15:12:12 +0700] "OPTIONS /api/v1/movies?size=20 HTTP/1.1" 200 - 16461
0:0:0:0:0:0:0:1 - - [16/Oct/2025:15:12:12 +0700] "OPTIONS /api/v1/movies?size=20 HTTP/1.1" 200 - 1841
0:0:0:0:0:0:0:1 - - [16/Oct/2025:15:12:12 +0700] "OPTIONS /api/v1/movies/now-showing?size=12 HTTP/1.1" 200 - 1606
0:0:0:0:0:0:0:1 - - [16/Oct/2025:15:12:12 +0700] "OPTIONS /api/v1/movies/top-rated?size=10 HTTP/1.1" 200 - 1221
0:0:0:0:0:0:0:1 - - [16/Oct/2025:15:12:12 +0700] "OPTIONS /api/v1/cinema-clusters/all HTTP/1.1" 200 - 2221
0:0:0:0:0:0:0:1 - - [16/Oct/2025:15:12:12 +0700] "OPTIONS /api/v1/movies/coming-soon?size=12 HTTP/1.1" 200 - 1557
0:0:0:0:0:0:0:1 - - [16/Oct/2025:15:12:12 +0700] "GET /api/v1/cinema-clusters/all HTTP/1.1" 200 2823 139765
0:0:0:0:0:0:0:1 - - [16/Oct/2025:15:12:12 +0700] "GET /api/v1/auth/verify HTTP/1.1" 200 262 146804
0:0:0:0:0:0:0:1 - - [16/Oct/2025:15:12:12 +0700] "GET /api/v1/cinema-clusters/all HTTP/1.1" 200 2821 45011
0:0:0:0:0:0:0:1 - - [16/Oct/2025:15:12:12 +0700] "GET /api/v1/movies?size=20 HTTP/1.1" 200 9726 186039
0:0:0:0:0:0:0:1 - - [16/Oct/2025:15:12:12 +0700] "GET /api/v1/movies/top-rated?size=10 HTTP/1.1" 200 5625 186180
0:0:0:0:0:0:0:1 - - [16/Oct/2025:15:12:12 +0700] "GET /api/v1/movies/coming-soon?size=12 HTTP/1.1" 200 3121 186311
0:0:0:0:0:0:0:1 - - [16/Oct/2025:15:12:12 +0700] "GET /api/v1/movies/now-showing?size=12 HTTP/1.1" 200 5967 185890
0:0:0:0:0:0:0:1 - - [16/Oct/2025:15:12:12 +0700] "GET /api/v1/movies/coming-soon?size=12 HTTP/1.1" 200 3121 45525
0:0:0:0:0:0:0:1 - - [16/Oct/2025:15:12:12 +0700] "GET /api/v1/movies/top-rated?size=10 HTTP/1.1" 200 5625 58629
0:0:0:0:0:0:0:1 - - [16/Oct/2025:15:12:12 +0700] "GET /api/v1/movies/now-showing?size=12 HTTP/1.1" 200 5967 66311
0:0:0:0:0:0:0:1 - - [16/Oct/2025:15:12:12 +0700] "GET /api/v1/movies?size=20 HTTP/1.1" 200 9726 85358
0:0:0:0:0:0:0:1 - - [16/Oct/2025:15:12:27 +0700] "OPTIONS /api/v1/cinemas/1 HTTP/1.1" 200 - 9433
0:0:0:0:0:0:0:1 - - [16/Oct/2025:15:12:27 +0700] "OPTIONS /api/v1/cinemas/1 HTTP/1.1" 200 - 3360
0:0:0:0:0:0:0:1 - - [16/Oct/2025:15:12:27 +0700] "GET /api/v1/cinemas/1 HTTP/1.1" 200 391 95370
0:0:0:0:0:0:0:1 - - [16/Oct/2025:15:12:27 +0700] "OPTIONS /api/v1/rooms/cinema/1 HTTP/1.1" 200 - 6708
0:0:0:0:0:0:0:1 - - [16/Oct/2025:15:12:27 +0700] "GET /api/v1/cinemas/1 HTTP/1.1" 200 391 97694
0:0:0:0:0:0:0:1 - - [16/Oct/2025:15:12:27 +0700] "GET /api/v1/rooms/cinema/1 HTTP/1.1" 500 90 71328
0:0:0:0:0:0:0:1 - - [16/Oct/2025:15:12:27 +0700] "GET /api/v1/rooms/cinema/1 HTTP/1.1" 500 90 64244
0:0:0:0:0:0:0:1 - - [16/Oct/2025:15:12:52 +0700] "OPTIONS /api/v1/cinemas/1 HTTP/1.1" 200 - 2249
0:0:0:0:0:0:0:1 - - [16/Oct/2025:15:12:52 +0700] "OPTIONS /api/v1/cinemas/1 HTTP/1.1" 200 - 2268
0:0:0:0:0:0:0:1 - - [16/Oct/2025:15:12:52 +0700] "GET /api/v1/cinemas/1 HTTP/1.1" 200 390 47862
0:0:0:0:0:0:0:1 - - [16/Oct/2025:15:12:52 +0700] "OPTIONS /api/v1/rooms/cinema/1 HTTP/1.1" 200 - 1607
0:0:0:0:0:0:0:1 - - [16/Oct/2025:15:12:52 +0700] "GET /api/v1/cinemas/1 HTTP/1.1" 200 391 24433
0:0:0:0:0:0:0:1 - - [16/Oct/2025:15:12:52 +0700] "GET /api/v1/rooms/cinema/1 HTTP/1.1" 500 90 18398
0:0:0:0:0:0:0:1 - - [16/Oct/2025:15:12:52 +0700] "GET /api/v1/rooms/cinema/1 HTTP/1.1" 500 90 26246
0:0:0:0:0:0:0:1 - - [16/Oct/2025:15:12:54 +0700] "OPTIONS /api/v1/cinema-clusters/all HTTP/1.1" 200 - 2164
0:0:0:0:0:0:0:1 - - [16/Oct/2025:15:12:54 +0700] "OPTIONS /api/v1/cinema-clusters/all HTTP/1.1" 200 - 2062
0:0:0:0:0:0:0:1 - - [16/Oct/2025:15:12:54 +0700] "GET /api/v1/cinema-clusters/all HTTP/1.1" 200 2823 28088
0:0:0:0:0:0:0:1 - - [16/Oct/2025:15:12:54 +0700] "OPTIONS /api/v1/cinemas/cluster/1 HTTP/1.1" 200 - 1143
0:0:0:0:0:0:0:1 - - [16/Oct/2025:15:12:54 +0700] "GET /api/v1/cinema-clusters/all HTTP/1.1" 200 2822 31305
0:0:0:0:0:0:0:1 - - [16/Oct/2025:15:12:54 +0700] "GET /api/v1/cinemas/cluster/1 HTTP/1.1" 200 3412 130075
0:0:0:0:0:0:0:1 - - [16/Oct/2025:15:12:54 +0700] "GET /api/v1/cinemas/cluster/1 HTTP/1.1" 200 3412 117293
0:0:0:0:0:0:0:1 - - [16/Oct/2025:15:13:13 +0700] "OPTIONS /api/v1/cinemas/1 HTTP/1.1" 200 - 1718
0:0:0:0:0:0:0:1 - - [16/Oct/2025:15:13:13 +0700] "OPTIONS /api/v1/cinemas/1 HTTP/1.1" 200 - 1714
0:0:0:0:0:0:0:1 - - [16/Oct/2025:15:13:13 +0700] "GET /api/v1/cinemas/1 HTTP/1.1" 200 391 36011
0:0:0:0:0:0:0:1 - - [16/Oct/2025:15:13:13 +0700] "OPTIONS /api/v1/rooms/cinema/1 HTTP/1.1" 200 - 2963
0:0:0:0:0:0:0:1 - - [16/Oct/2025:15:13:13 +0700] "GET /api/v1/cinemas/1 HTTP/1.1" 200 391 31467
0:0:0:0:0:0:0:1 - - [16/Oct/2025:15:13:13 +0700] "GET /api/v1/rooms/cinema/1 HTTP/1.1" 500 90 24510
0:0:0:0:0:0:0:1 - - [16/Oct/2025:15:13:13 +0700] "GET /api/v1/rooms/cinema/1 HTTP/1.1" 500 90 18575
0:0:0:0:0:0:0:1 - - [16/Oct/2025:15:18:16 +0700] "GET /api/v1/rooms/cinema/1 HTTP/1.1" 500 90 21041
0:0:0:0:0:0:0:1 - - [16/Oct/2025:15:33:12 +0700] "GET /api/v1/rooms/cinema/1 HTTP/1.1" 500 90 30599
0:0:0:0:0:0:0:1 - - [16/Oct/2025:15:33:20 +0700] "GET /api/v1/rooms/cinema/1 HTTP/1.1" 500 90 37196
0:0:0:0:0:0:0:1 - - [16/Oct/2025:15:33:21 +0700] "GET /api/v1/rooms/cinema/1 HTTP/1.1" 500 90 25413
0:0:0:0:0:0:0:1 - - [16/Oct/2025:16:12:55 +0700] "GET /api/v1/rooms/cinema/1 HTTP/1.1" 404 148 566584
0:0:0:0:0:0:0:1 - - [16/Oct/2025:16:15:25 +0700] "OPTIONS /api/v1/cinemas/1 HTTP/1.1" 200 - 31833
0:0:0:0:0:0:0:1 - - [16/Oct/2025:16:15:25 +0700] "OPTIONS /api/v1/cinemas/1 HTTP/1.1" 200 - 31923
0:0:0:0:0:0:0:1 - - [16/Oct/2025:16:15:25 +0700] "GET /api/v1/cinemas/1 HTTP/1.1" 200 391 145329
0:0:0:0:0:0:0:1 - - [16/Oct/2025:16:15:25 +0700] "OPTIONS /api/v1/rooms/cinema/1 HTTP/1.1" 200 - 2774
0:0:0:0:0:0:0:1 - - [16/Oct/2025:16:15:25 +0700] "GET /api/v1/cinemas/1 HTTP/1.1" 200 391 47908
0:0:0:0:0:0:0:1 - - [16/Oct/2025:16:15:25 +0700] "GET /api/v1/rooms/cinema/1 HTTP/1.1" 404 148 36746
0:0:0:0:0:0:0:1 - - [16/Oct/2025:16:15:25 +0700] "GET /api/v1/rooms/cinema/1 HTTP/1.1" 404 148 30283
0:0:0:0:0:0:0:1 - - [16/Oct/2025:16:19:40 +0700] "OPTIONS /api/v1/cinemas/1 HTTP/1.1" 200 - 2620
0:0:0:0:0:0:0:1 - - [16/Oct/2025:16:19:40 +0700] "OPTIONS /api/v1/cinemas/1 HTTP/1.1" 200 - 2620
0:0:0:0:0:0:0:1 - - [16/Oct/2025:16:19:40 +0700] "GET /api/v1/cinemas/1 HTTP/1.1" 200 391 38032
0:0:0:0:0:0:0:1 - - [16/Oct/2025:16:19:40 +0700] "OPTIONS /api/v1/rooms/cinema/1 HTTP/1.1" 200 - 2479
0:0:0:0:0:0:0:1 - - [16/Oct/2025:16:19:40 +0700] "GET /api/v1/cinemas/1 HTTP/1.1" 200 391 41118
0:0:0:0:0:0:0:1 - - [16/Oct/2025:16:19:40 +0700] "GET /api/v1/rooms/cinema/1 HTTP/1.1" 404 148 28525
0:0:0:0:0:0:0:1 - - [16/Oct/2025:16:19:40 +0700] "GET /api/v1/rooms/cinema/1 HTTP/1.1" 404 147 26294
0:0:0:0:0:0:0:1 - - [16/Oct/2025:16:19:56 +0700] "OPTIONS /api/v1/cinemas/1 HTTP/1.1" 200 - 2337
0:0:0:0:0:0:0:1 - - [16/Oct/2025:16:19:56 +0700] "OPTIONS /api/v1/cinemas/1 HTTP/1.1" 200 - 2389
0:0:0:0:0:0:0:1 - - [16/Oct/2025:16:19:57 +0700] "GET /api/v1/cinemas/1 HTTP/1.1" 200 391 46806
0:0:0:0:0:0:0:1 - - [16/Oct/2025:16:19:57 +0700] "OPTIONS /api/v1/rooms/cinema/1 HTTP/1.1" 200 - 2973
0:0:0:0:0:0:0:1 - - [16/Oct/2025:16:19:57 +0700] "GET /api/v1/cinemas/1 HTTP/1.1" 200 391 56349
0:0:0:0:0:0:0:1 - - [16/Oct/2025:16:19:57 +0700] "GET /api/v1/rooms/cinema/1 HTTP/1.1" 404 148 51060
0:0:0:0:0:0:0:1 - - [16/Oct/2025:16:19:57 +0700] "GET /api/v1/rooms/cinema/1 HTTP/1.1" 404 147 35794
0:0:0:0:0:0:0:1 - - [16/Oct/2025:16:20:51 +0700] "OPTIONS /api/v1/cinema-clusters/all HTTP/1.1" 200 - 1222
0:0:0:0:0:0:0:1 - - [16/Oct/2025:16:20:51 +0700] "OPTIONS /api/v1/cinema-clusters/all HTTP/1.1" 200 - 1222
0:0:0:0:0:0:0:1 - - [16/Oct/2025:16:20:51 +0700] "GET /api/v1/cinema-clusters/all HTTP/1.1" 200 2823 40514
0:0:0:0:0:0:0:1 - - [16/Oct/2025:16:20:51 +0700] "OPTIONS /api/v1/cinemas/cluster/1 HTTP/1.1" 200 - 1531
0:0:0:0:0:0:0:1 - - [16/Oct/2025:16:20:51 +0700] "GET /api/v1/cinema-clusters/all HTTP/1.1" 200 2823 29622
0:0:0:0:0:0:0:1 - - [16/Oct/2025:16:20:52 +0700] "GET /api/v1/cinemas/cluster/1 HTTP/1.1" 200 3412 134835
0:0:0:0:0:0:0:1 - - [16/Oct/2025:16:20:52 +0700] "GET /api/v1/cinemas/cluster/1 HTTP/1.1" 200 3412 100045
0:0:0:0:0:0:0:1 - - [16/Oct/2025:16:20:56 +0700] "OPTIONS /api/v1/cinemas/2 HTTP/1.1" 200 - 1732
0:0:0:0:0:0:0:1 - - [16/Oct/2025:16:20:56 +0700] "OPTIONS /api/v1/cinemas/2 HTTP/1.1" 200 - 1732
0:0:0:0:0:0:0:1 - - [16/Oct/2025:16:20:56 +0700] "GET /api/v1/cinemas/2 HTTP/1.1" 200 397 32809
0:0:0:0:0:0:0:1 - - [16/Oct/2025:16:20:56 +0700] "OPTIONS /api/v1/rooms/cinema/2 HTTP/1.1" 200 - 2226
0:0:0:0:0:0:0:1 - - [16/Oct/2025:16:20:56 +0700] "GET /api/v1/cinemas/2 HTTP/1.1" 200 397 56147
0:0:0:0:0:0:0:1 - - [16/Oct/2025:16:20:56 +0700] "GET /api/v1/rooms/cinema/2 HTTP/1.1" 404 148 41285
0:0:0:0:0:0:0:1 - - [16/Oct/2025:16:20:56 +0700] "GET /api/v1/rooms/cinema/2 HTTP/1.1" 404 148 21201
0:0:0:0:0:0:0:1 - - [16/Oct/2025:16:23:34 +0700] "OPTIONS /api/v1/cinemas/2 HTTP/1.1" 200 - 1655
0:0:0:0:0:0:0:1 - - [16/Oct/2025:16:23:34 +0700] "OPTIONS /api/v1/cinemas/2 HTTP/1.1" 200 - 1648
0:0:0:0:0:0:0:1 - - [16/Oct/2025:16:23:34 +0700] "GET /api/v1/cinemas/2 HTTP/1.1" 200 397 37539
0:0:0:0:0:0:0:1 - - [16/Oct/2025:16:23:34 +0700] "OPTIONS /api/v1/rooms/cinema/2 HTTP/1.1" 200 - 4129
0:0:0:0:0:0:0:1 - - [16/Oct/2025:16:23:34 +0700] "GET /api/v1/cinemas/2 HTTP/1.1" 200 397 35063
0:0:0:0:0:0:0:1 - - [16/Oct/2025:16:23:34 +0700] "GET /api/v1/rooms/cinema/2 HTTP/1.1" 404 148 22475
0:0:0:0:0:0:0:1 - - [16/Oct/2025:16:23:34 +0700] "GET /api/v1/rooms/cinema/2 HTTP/1.1" 404 148 27937
0:0:0:0:0:0:0:1 - - [16/Oct/2025:16:23:38 +0700] "OPTIONS /api/v1/cinema-clusters/all HTTP/1.1" 200 - 1091
0:0:0:0:0:0:0:1 - - [16/Oct/2025:16:23:38 +0700] "OPTIONS /api/v1/cinema-clusters/all HTTP/1.1" 200 - 1092
0:0:0:0:0:0:0:1 - - [16/Oct/2025:16:23:38 +0700] "GET /api/v1/cinema-clusters/all HTTP/1.1" 200 2823 28292
0:0:0:0:0:0:0:1 - - [16/Oct/2025:16:23:38 +0700] "OPTIONS /api/v1/cinemas/cluster/1 HTTP/1.1" 200 - 1523
0:0:0:0:0:0:0:1 - - [16/Oct/2025:16:23:38 +0700] "GET /api/v1/cinema-clusters/all HTTP/1.1" 200 2823 26826
0:0:0:0:0:0:0:1 - - [16/Oct/2025:16:23:38 +0700] "GET /api/v1/cinemas/cluster/1 HTTP/1.1" 200 3412 128137
0:0:0:0:0:0:0:1 - - [16/Oct/2025:16:23:38 +0700] "GET /api/v1/cinemas/cluster/1 HTTP/1.1" 200 3412 91005
0:0:0:0:0:0:0:1 - - [16/Oct/2025:16:23:40 +0700] "OPTIONS /api/v1/cinemas/1 HTTP/1.1" 200 - 3938
0:0:0:0:0:0:0:1 - - [16/Oct/2025:16:23:40 +0700] "OPTIONS /api/v1/cinemas/1 HTTP/1.1" 200 - 4279
0:0:0:0:0:0:0:1 - - [16/Oct/2025:16:23:40 +0700] "GET /api/v1/cinemas/1 HTTP/1.1" 200 391 34459
0:0:0:0:0:0:0:1 - - [16/Oct/2025:16:23:40 +0700] "OPTIONS /api/v1/rooms/cinema/1 HTTP/1.1" 200 - 2768
0:0:0:0:0:0:0:1 - - [16/Oct/2025:16:23:40 +0700] "GET /api/v1/cinemas/1 HTTP/1.1" 200 391 44176
0:0:0:0:0:0:0:1 - - [16/Oct/2025:16:23:40 +0700] "GET /api/v1/rooms/cinema/1 HTTP/1.1" 404 148 37954
0:0:0:0:0:0:0:1 - - [16/Oct/2025:16:23:40 +0700] "GET /api/v1/rooms/cinema/1 HTTP/1.1" 404 148 23591
0:0:0:0:0:0:0:1 - - [16/Oct/2025:16:23:59 +0700] "OPTIONS /api/v1/rooms/cinema/1 HTTP/1.1" 200 - 1346
0:0:0:0:0:0:0:1 - - [16/Oct/2025:16:23:59 +0700] "POST /api/v1/rooms/cinema/1 HTTP/1.1" 201 198 246866
0:0:0:0:0:0:0:1 - - [16/Oct/2025:16:23:59 +0700] "OPTIONS /api/v1/cinemas/1 HTTP/1.1" 200 - 3781
0:0:0:0:0:0:0:1 - - [16/Oct/2025:16:23:59 +0700] "GET /api/v1/cinemas/1 HTTP/1.1" 200 391 27027
0:0:0:0:0:0:0:1 - - [16/Oct/2025:16:23:59 +0700] "GET /api/v1/rooms/cinema/1 HTTP/1.1" 200 217 30649
0:0:0:0:0:0:0:1 - - [16/Oct/2025:16:24:02 +0700] "OPTIONS /api/v1/seats/room/1 HTTP/1.1" 200 - 4175
0:0:0:0:0:0:0:1 - - [16/Oct/2025:16:24:02 +0700] "OPTIONS /api/v1/seats/room/1 HTTP/1.1" 200 - 4158
0:0:0:0:0:0:0:1 - - [16/Oct/2025:16:24:02 +0700] "GET /api/v1/seats/room/1 HTTP/1.1" 200 25335 95147
0:0:0:0:0:0:0:1 - - [16/Oct/2025:16:24:03 +0700] "GET /api/v1/seats/room/1 HTTP/1.1" 200 25335 37759
0:0:0:0:0:0:0:1 - - [16/Oct/2025:16:24:34 +0700] "OPTIONS /api/v1/seats/room/1 HTTP/1.1" 200 - 1446
0:0:0:0:0:0:0:1 - - [16/Oct/2025:16:24:34 +0700] "OPTIONS /api/v1/seats/room/1 HTTP/1.1" 200 - 1623
0:0:0:0:0:0:0:1 - - [16/Oct/2025:16:24:34 +0700] "GET /api/v1/seats/room/1 HTTP/1.1" 200 25335 36854
0:0:0:0:0:0:0:1 - - [16/Oct/2025:16:24:34 +0700] "GET /api/v1/seats/room/1 HTTP/1.1" 200 25335 36612
0:0:0:0:0:0:0:1 - - [16/Oct/2025:16:24:56 +0700] "OPTIONS /api/v1/cinemas/1 HTTP/1.1" 200 - 3340
0:0:0:0:0:0:0:1 - - [16/Oct/2025:16:24:56 +0700] "OPTIONS /api/v1/cinemas/1 HTTP/1.1" 200 - 3283
0:0:0:0:0:0:0:1 - - [16/Oct/2025:16:24:56 +0700] "GET /api/v1/cinemas/1 HTTP/1.1" 200 391 29533
0:0:0:0:0:0:0:1 - - [16/Oct/2025:16:24:56 +0700] "OPTIONS /api/v1/rooms/cinema/1 HTTP/1.1" 200 - 1470
0:0:0:0:0:0:0:1 - - [16/Oct/2025:16:24:56 +0700] "GET /api/v1/cinemas/1 HTTP/1.1" 200 391 23202
0:0:0:0:0:0:0:1 - - [16/Oct/2025:16:24:56 +0700] "GET /api/v1/rooms/cinema/1 HTTP/1.1" 200 217 18270
0:0:0:0:0:0:0:1 - - [16/Oct/2025:16:24:56 +0700] "GET /api/v1/rooms/cinema/1 HTTP/1.1" 200 217 19095
0:0:0:0:0:0:0:1 - - [16/Oct/2025:16:24:58 +0700] "OPTIONS /api/v1/seats/room/1 HTTP/1.1" 200 - 1478
0:0:0:0:0:0:0:1 - - [16/Oct/2025:16:24:58 +0700] "OPTIONS /api/v1/seats/room/1 HTTP/1.1" 200 - 1478
0:0:0:0:0:0:0:1 - - [16/Oct/2025:16:24:58 +0700] "GET /api/v1/seats/room/1 HTTP/1.1" 200 25335 36922
0:0:0:0:0:0:0:1 - - [16/Oct/2025:16:24:58 +0700] "GET /api/v1/seats/room/1 HTTP/1.1" 200 25335 41345
0:0:0:0:0:0:0:1 - - [16/Oct/2025:16:25:13 +0700] "OPTIONS /api/v1/auth/verify HTTP/1.1" 200 - 1329
0:0:0:0:0:0:0:1 - - [16/Oct/2025:16:25:13 +0700] "OPTIONS /api/v1/cinema-clusters/all HTTP/1.1" 200 - 747
0:0:0:0:0:0:0:1 - - [16/Oct/2025:16:25:13 +0700] "OPTIONS /api/v1/movies/coming-soon?size=12 HTTP/1.1" 200 - 814
0:0:0:0:0:0:0:1 - - [16/Oct/2025:16:25:13 +0700] "OPTIONS /api/v1/movies?size=20 HTTP/1.1" 200 - 983
0:0:0:0:0:0:0:1 - - [16/Oct/2025:16:25:13 +0700] "OPTIONS /api/v1/movies/now-showing?size=12 HTTP/1.1" 200 - 1554
0:0:0:0:0:0:0:1 - - [16/Oct/2025:16:25:13 +0700] "OPTIONS /api/v1/movies/top-rated?size=10 HTTP/1.1" 200 - 1512
0:0:0:0:0:0:0:1 - - [16/Oct/2025:16:25:13 +0700] "OPTIONS /api/v1/cinema-clusters/all HTTP/1.1" 200 - 1195
0:0:0:0:0:0:0:1 - - [16/Oct/2025:16:25:13 +0700] "OPTIONS /api/v1/movies/coming-soon?size=12 HTTP/1.1" 200 - 877
0:0:0:0:0:0:0:1 - - [16/Oct/2025:16:25:13 +0700] "OPTIONS /api/v1/movies?size=20 HTTP/1.1" 200 - 1258
0:0:0:0:0:0:0:1 - - [16/Oct/2025:16:25:13 +0700] "OPTIONS /api/v1/movies/now-showing?size=12 HTTP/1.1" 200 - 1384
0:0:0:0:0:0:0:1 - - [16/Oct/2025:16:25:13 +0700] "OPTIONS /api/v1/movies/top-rated?size=10 HTTP/1.1" 200 - 1827
0:0:0:0:0:0:0:1 - - [16/Oct/2025:16:25:13 +0700] "GET /api/v1/auth/verify HTTP/1.1" 200 262 63078
0:0:0:0:0:0:0:1 - - [16/Oct/2025:16:25:13 +0700] "GET /api/v1/cinema-clusters/all HTTP/1.1" 200 2823 61748
0:0:0:0:0:0:0:1 - - [16/Oct/2025:16:25:13 +0700] "GET /api/v1/cinema-clusters/all HTTP/1.1" 200 2823 59035
0:0:0:0:0:0:0:1 - - [16/Oct/2025:16:25:13 +0700] "GET /api/v1/movies/coming-soon?size=12 HTTP/1.1" 200 3121 176742
0:0:0:0:0:0:0:1 - - [16/Oct/2025:16:25:13 +0700] "GET /api/v1/movies/top-rated?size=10 HTTP/1.1" 200 5625 174980
0:0:0:0:0:0:0:1 - - [16/Oct/2025:16:25:13 +0700] "GET /api/v1/movies/now-showing?size=12 HTTP/1.1" 200 5967 177475
0:0:0:0:0:0:0:1 - - [16/Oct/2025:16:25:13 +0700] "GET /api/v1/movies?size=20 HTTP/1.1" 200 9726 185048
0:0:0:0:0:0:0:1 - - [16/Oct/2025:16:25:13 +0700] "GET /api/v1/movies/coming-soon?size=12 HTTP/1.1" 200 3121 57576
0:0:0:0:0:0:0:1 - - [16/Oct/2025:16:25:13 +0700] "GET /api/v1/movies/top-rated?size=10 HTTP/1.1" 200 5625 85714
0:0:0:0:0:0:0:1 - - [16/Oct/2025:16:25:13 +0700] "GET /api/v1/movies/now-showing?size=12 HTTP/1.1" 200 5967 91946
0:0:0:0:0:0:0:1 - - [16/Oct/2025:16:25:13 +0700] "GET /api/v1/movies?size=20 HTTP/1.1" 200 9726 137014
0:0:0:0:0:0:0:1 - - [16/Oct/2025:16:25:29 +0700] "OPTIONS /api/v1/cinema-clusters/all HTTP/1.1" 200 - 1393
0:0:0:0:0:0:0:1 - - [16/Oct/2025:16:25:29 +0700] "OPTIONS /api/v1/cinema-clusters/all HTTP/1.1" 200 - 1443
0:0:0:0:0:0:0:1 - - [16/Oct/2025:16:25:29 +0700] "GET /api/v1/cinema-clusters/all HTTP/1.1" 200 2823 22695
0:0:0:0:0:0:0:1 - - [16/Oct/2025:16:25:29 +0700] "OPTIONS /api/v1/cinemas/cluster/1 HTTP/1.1" 200 - 1485
0:0:0:0:0:0:0:1 - - [16/Oct/2025:16:25:29 +0700] "GET /api/v1/cinema-clusters/all HTTP/1.1" 200 2823 24056
0:0:0:0:0:0:0:1 - - [16/Oct/2025:16:25:29 +0700] "GET /api/v1/cinemas/cluster/1 HTTP/1.1" 200 3412 61695
0:0:0:0:0:0:0:1 - - [16/Oct/2025:16:25:30 +0700] "GET /api/v1/cinemas/cluster/1 HTTP/1.1" 200 3412 55817
0:0:0:0:0:0:0:1 - - [16/Oct/2025:16:25:31 +0700] "OPTIONS /api/v1/cinemas/1 HTTP/1.1" 200 - 1384
0:0:0:0:0:0:0:1 - - [16/Oct/2025:16:25:31 +0700] "OPTIONS /api/v1/cinemas/1 HTTP/1.1" 200 - 1230
0:0:0:0:0:0:0:1 - - [16/Oct/2025:16:25:31 +0700] "GET /api/v1/cinemas/1 HTTP/1.1" 200 391 25456
0:0:0:0:0:0:0:1 - - [16/Oct/2025:16:25:31 +0700] "OPTIONS /api/v1/rooms/cinema/1 HTTP/1.1" 200 - 1208
0:0:0:0:0:0:0:1 - - [16/Oct/2025:16:25:31 +0700] "GET /api/v1/cinemas/1 HTTP/1.1" 200 391 22648
0:0:0:0:0:0:0:1 - - [16/Oct/2025:16:25:31 +0700] "GET /api/v1/rooms/cinema/1 HTTP/1.1" 200 217 22192
0:0:0:0:0:0:0:1 - - [16/Oct/2025:16:25:31 +0700] "GET /api/v1/rooms/cinema/1 HTTP/1.1" 200 217 21115
0:0:0:0:0:0:0:1 - - [16/Oct/2025:16:25:33 +0700] "OPTIONS /api/v1/seats/room/1 HTTP/1.1" 200 - 1188
0:0:0:0:0:0:0:1 - - [16/Oct/2025:16:25:33 +0700] "OPTIONS /api/v1/seats/room/1 HTTP/1.1" 200 - 1169
0:0:0:0:0:0:0:1 - - [16/Oct/2025:16:25:33 +0700] "GET /api/v1/seats/room/1 HTTP/1.1" 200 25335 26846
0:0:0:0:0:0:0:1 - - [16/Oct/2025:16:25:33 +0700] "GET /api/v1/seats/room/1 HTTP/1.1" 200 25335 22803
0:0:0:0:0:0:0:1 - - [16/Oct/2025:16:30:46 +0700] "OPTIONS /api/v1/seats/room/1 HTTP/1.1" 200 - 2036
0:0:0:0:0:0:0:1 - - [16/Oct/2025:16:30:46 +0700] "OPTIONS /api/v1/seats/room/1 HTTP/1.1" 200 - 2036
0:0:0:0:0:0:0:1 - - [16/Oct/2025:16:30:46 +0700] "GET /api/v1/seats/room/1 HTTP/1.1" 200 25335 34676
0:0:0:0:0:0:0:1 - - [16/Oct/2025:16:30:46 +0700] "GET /api/v1/seats/room/1 HTTP/1.1" 200 25335 29049
0:0:0:0:0:0:0:1 - - [16/Oct/2025:16:30:52 +0700] "OPTIONS /api/v1/seats/room/1 HTTP/1.1" 200 - 2514
0:0:0:0:0:0:0:1 - - [16/Oct/2025:16:30:52 +0700] "OPTIONS /api/v1/seats/room/1 HTTP/1.1" 200 - 2468
0:0:0:0:0:0:0:1 - - [16/Oct/2025:16:30:52 +0700] "GET /api/v1/seats/room/1 HTTP/1.1" 200 25335 39454
0:0:0:0:0:0:0:1 - - [16/Oct/2025:16:30:52 +0700] "GET /api/v1/seats/room/1 HTTP/1.1" 200 25335 27650
0:0:0:0:0:0:0:1 - - [16/Oct/2025:16:31:05 +0700] "OPTIONS /api/v1/seats/room/1 HTTP/1.1" 200 - 1252
0:0:0:0:0:0:0:1 - - [16/Oct/2025:16:31:05 +0700] "OPTIONS /api/v1/seats/room/1 HTTP/1.1" 200 - 1277
0:0:0:0:0:0:0:1 - - [16/Oct/2025:16:31:05 +0700] "GET /api/v1/seats/room/1 HTTP/1.1" 200 25335 22615
0:0:0:0:0:0:0:1 - - [16/Oct/2025:16:31:05 +0700] "GET /api/v1/seats/room/1 HTTP/1.1" 200 25335 23017
0:0:0:0:0:0:0:1 - - [16/Oct/2025:16:31:12 +0700] "OPTIONS /api/v1/seats/undefined HTTP/1.1" 200 - 2275
0:0:0:0:0:0:0:1 - - [16/Oct/2025:16:31:12 +0700] "PUT /api/v1/seats/undefined HTTP/1.1" 500 283 28012
0:0:0:0:0:0:0:1 - - [16/Oct/2025:16:31:13 +0700] "PUT /api/v1/seats/undefined HTTP/1.1" 500 284 24136
0:0:0:0:0:0:0:1 - - [16/Oct/2025:16:35:58 +0700] "OPTIONS /api/v1/seats/undefined HTTP/1.1" 200 - 1547
0:0:0:0:0:0:0:1 - - [16/Oct/2025:16:35:58 +0700] "PUT /api/v1/seats/undefined HTTP/1.1" 500 284 28201
0:0:0:0:0:0:0:1 - - [16/Oct/2025:16:36:02 +0700] "PUT /api/v1/seats/undefined HTTP/1.1" 500 283 18642
0:0:0:0:0:0:0:1 - - [16/Oct/2025:16:38:33 +0700] "OPTIONS /api/v1/cinemas/1 HTTP/1.1" 200 - 1447
0:0:0:0:0:0:0:1 - - [16/Oct/2025:16:38:33 +0700] "OPTIONS /api/v1/cinemas/1 HTTP/1.1" 200 - 1362
0:0:0:0:0:0:0:1 - - [16/Oct/2025:16:38:33 +0700] "GET /api/v1/cinemas/1 HTTP/1.1" 200 391 33191
0:0:0:0:0:0:0:1 - - [16/Oct/2025:16:38:33 +0700] "OPTIONS /api/v1/rooms/cinema/1 HTTP/1.1" 200 - 1239
0:0:0:0:0:0:0:1 - - [16/Oct/2025:16:38:33 +0700] "GET /api/v1/cinemas/1 HTTP/1.1" 200 391 21812
0:0:0:0:0:0:0:1 - - [16/Oct/2025:16:38:33 +0700] "GET /api/v1/rooms/cinema/1 HTTP/1.1" 200 217 19658
0:0:0:0:0:0:0:1 - - [16/Oct/2025:16:38:33 +0700] "GET /api/v1/rooms/cinema/1 HTTP/1.1" 200 217 17865
0:0:0:0:0:0:0:1 - - [16/Oct/2025:16:38:38 +0700] "OPTIONS /api/v1/seats/room/1 HTTP/1.1" 200 - 1701
0:0:0:0:0:0:0:1 - - [16/Oct/2025:16:38:38 +0700] "OPTIONS /api/v1/seats/room/1 HTTP/1.1" 200 - 1905
0:0:0:0:0:0:0:1 - - [16/Oct/2025:16:38:38 +0700] "GET /api/v1/seats/room/1 HTTP/1.1" 200 25335 34594
0:0:0:0:0:0:0:1 - - [16/Oct/2025:16:38:38 +0700] "GET /api/v1/seats/room/1 HTTP/1.1" 200 25335 33379
0:0:0:0:0:0:0:1 - - [16/Oct/2025:17:11:09 +0700] "OPTIONS /api/v1/cinemas/1 HTTP/1.1" 200 - 15439
0:0:0:0:0:0:0:1 - - [16/Oct/2025:17:11:09 +0700] "OPTIONS /api/v1/cinemas/1 HTTP/1.1" 200 - 15450
0:0:0:0:0:0:0:1 - - [16/Oct/2025:17:11:09 +0700] "GET /api/v1/cinemas/1 HTTP/1.1" 200 391 77639
0:0:0:0:0:0:0:1 - - [16/Oct/2025:17:11:09 +0700] "OPTIONS /api/v1/rooms/cinema/1 HTTP/1.1" 200 - 1812
0:0:0:0:0:0:0:1 - - [16/Oct/2025:17:11:09 +0700] "GET /api/v1/cinemas/1 HTTP/1.1" 200 391 20028
0:0:0:0:0:0:0:1 - - [16/Oct/2025:17:11:09 +0700] "GET /api/v1/rooms/cinema/1 HTTP/1.1" 200 217 22747
0:0:0:0:0:0:0:1 - - [16/Oct/2025:17:11:09 +0700] "GET /api/v1/rooms/cinema/1 HTTP/1.1" 200 217 19887
0:0:0:0:0:0:0:1 - - [16/Oct/2025:17:11:18 +0700] "OPTIONS /api/v1/seats/room/1 HTTP/1.1" 200 - 2286
0:0:0:0:0:0:0:1 - - [16/Oct/2025:17:11:18 +0700] "OPTIONS /api/v1/seats/room/1 HTTP/1.1" 200 - 2244
0:0:0:0:0:0:0:1 - - [16/Oct/2025:17:11:18 +0700] "GET /api/v1/seats/room/1 HTTP/1.1" 200 25335 34910
0:0:0:0:0:0:0:1 - - [16/Oct/2025:17:11:18 +0700] "GET /api/v1/seats/room/1 HTTP/1.1" 200 25335 32894
0:0:0:0:0:0:0:1 - - [16/Oct/2025:17:11:50 +0700] "OPTIONS /api/v1/seats HTTP/1.1" 200 - 1644
0:0:0:0:0:0:0:1 - - [16/Oct/2025:17:11:50 +0700] "POST /api/v1/seats HTTP/1.1" 400 141 321558
0:0:0:0:0:0:0:1 - - [16/Oct/2025:17:13:19 +0700] "OPTIONS /api/v1/cinemas/1 HTTP/1.1" 200 - 2435
0:0:0:0:0:0:0:1 - - [16/Oct/2025:17:13:19 +0700] "OPTIONS /api/v1/cinemas/1 HTTP/1.1" 200 - 2207
0:0:0:0:0:0:0:1 - - [16/Oct/2025:17:13:19 +0700] "GET /api/v1/cinemas/1 HTTP/1.1" 200 391 34943
0:0:0:0:0:0:0:1 - - [16/Oct/2025:17:13:19 +0700] "OPTIONS /api/v1/rooms/cinema/1 HTTP/1.1" 200 - 4425
0:0:0:0:0:0:0:1 - - [16/Oct/2025:17:13:19 +0700] "GET /api/v1/cinemas/1 HTTP/1.1" 200 391 28651
0:0:0:0:0:0:0:1 - - [16/Oct/2025:17:13:19 +0700] "GET /api/v1/rooms/cinema/1 HTTP/1.1" 200 217 17569
0:0:0:0:0:0:0:1 - - [16/Oct/2025:17:13:19 +0700] "GET /api/v1/rooms/cinema/1 HTTP/1.1" 200 217 20565
0:0:0:0:0:0:0:1 - - [16/Oct/2025:17:13:21 +0700] "OPTIONS /api/v1/seats/room/1 HTTP/1.1" 200 - 2049
0:0:0:0:0:0:0:1 - - [16/Oct/2025:17:13:21 +0700] "OPTIONS /api/v1/seats/room/1 HTTP/1.1" 200 - 1996
0:0:0:0:0:0:0:1 - - [16/Oct/2025:17:13:21 +0700] "GET /api/v1/seats/room/1 HTTP/1.1" 200 25335 30876
0:0:0:0:0:0:0:1 - - [16/Oct/2025:17:13:21 +0700] "GET /api/v1/seats/room/1 HTTP/1.1" 200 25335 32912
0:0:0:0:0:0:0:1 - - [16/Oct/2025:17:20:16 +0700] "OPTIONS /api/v1/seats/undefined HTTP/1.1" 200 - 1310
0:0:0:0:0:0:0:1 - - [16/Oct/2025:17:20:16 +0700] "PUT /api/v1/seats/undefined HTTP/1.1" 500 284 30743
0:0:0:0:0:0:0:1 - - [16/Oct/2025:17:22:38 +0700] "OPTIONS /api/v1/cinemas/1 HTTP/1.1" 200 - 2209
0:0:0:0:0:0:0:1 - - [16/Oct/2025:17:22:38 +0700] "GET /api/v1/cinemas/1 HTTP/1.1" 200 391 34028
0:0:0:0:0:0:0:1 - - [16/Oct/2025:17:22:38 +0700] "OPTIONS /api/v1/rooms/cinema/1 HTTP/1.1" 200 - 2146
0:0:0:0:0:0:0:1 - - [16/Oct/2025:17:22:38 +0700] "GET /api/v1/rooms/cinema/1 HTTP/1.1" 200 217 15708
0:0:0:0:0:0:0:1 - - [16/Oct/2025:17:22:39 +0700] "OPTIONS /api/v1/cinemas/1 HTTP/1.1" 200 - 1387
0:0:0:0:0:0:0:1 - - [16/Oct/2025:17:22:40 +0700] "GET /api/v1/cinemas/1 HTTP/1.1" 200 391 33312
0:0:0:0:0:0:0:1 - - [16/Oct/2025:17:22:40 +0700] "OPTIONS /api/v1/rooms/cinema/1 HTTP/1.1" 200 - 1409
0:0:0:0:0:0:0:1 - - [16/Oct/2025:17:22:40 +0700] "GET /api/v1/rooms/cinema/1 HTTP/1.1" 200 217 18637
0:0:0:0:0:0:0:1 - - [16/Oct/2025:18:35:26 +0700] "OPTIONS /api/v1/cinemas/1 HTTP/1.1" 200 - 1403
0:0:0:0:0:0:0:1 - - [16/Oct/2025:18:35:26 +0700] "OPTIONS /api/v1/cinemas/1 HTTP/1.1" 200 - 979
0:0:0:0:0:0:0:1 - - [16/Oct/2025:18:35:26 +0700] "GET /api/v1/cinemas/1 HTTP/1.1" 200 391 38770
0:0:0:0:0:0:0:1 - - [16/Oct/2025:18:35:26 +0700] "OPTIONS /api/v1/rooms/cinema/1 HTTP/1.1" 200 - 1502
0:0:0:0:0:0:0:1 - - [16/Oct/2025:18:35:26 +0700] "GET /api/v1/cinemas/1 HTTP/1.1" 200 391 23265
0:0:0:0:0:0:0:1 - - [16/Oct/2025:18:35:26 +0700] "GET /api/v1/rooms/cinema/1 HTTP/1.1" 200 217 23693
0:0:0:0:0:0:0:1 - - [16/Oct/2025:18:35:26 +0700] "GET /api/v1/rooms/cinema/1 HTTP/1.1" 200 217 13890
0:0:0:0:0:0:0:1 - - [16/Oct/2025:18:47:57 +0700] "OPTIONS /api/v1/cinemas/1 HTTP/1.1" 200 - 1694
0:0:0:0:0:0:0:1 - - [16/Oct/2025:18:47:57 +0700] "OPTIONS /api/v1/cinemas/1 HTTP/1.1" 200 - 1658
0:0:0:0:0:0:0:1 - - [16/Oct/2025:18:47:57 +0700] "GET /api/v1/cinemas/1 HTTP/1.1" 200 391 29621
0:0:0:0:0:0:0:1 - - [16/Oct/2025:18:47:57 +0700] "OPTIONS /api/v1/rooms/cinema/1 HTTP/1.1" 200 - 2086
0:0:0:0:0:0:0:1 - - [16/Oct/2025:18:47:57 +0700] "GET /api/v1/cinemas/1 HTTP/1.1" 200 391 25663
0:0:0:0:0:0:0:1 - - [16/Oct/2025:18:47:57 +0700] "GET /api/v1/rooms/cinema/1 HTTP/1.1" 200 217 25423
0:0:0:0:0:0:0:1 - - [16/Oct/2025:18:47:57 +0700] "GET /api/v1/rooms/cinema/1 HTTP/1.1" 200 217 15212
0:0:0:0:0:0:0:1 - - [16/Oct/2025:18:47:59 +0700] "OPTIONS /api/v1/seats/room/1 HTTP/1.1" 200 - 1347
0:0:0:0:0:0:0:1 - - [16/Oct/2025:18:47:59 +0700] "OPTIONS /api/v1/seats/room/1 HTTP/1.1" 200 - 1319
0:0:0:0:0:0:0:1 - - [16/Oct/2025:18:47:59 +0700] "GET /api/v1/seats/room/1 HTTP/1.1" 200 25335 31868
0:0:0:0:0:0:0:1 - - [16/Oct/2025:18:47:59 +0700] "OPTIONS /api/v1/seats HTTP/1.1" 200 - 1281
0:0:0:0:0:0:0:1 - - [16/Oct/2025:18:47:59 +0700] "GET /api/v1/seats/room/1 HTTP/1.1" 200 25335 33542
0:0:0:0:0:0:0:1 - - [16/Oct/2025:18:47:59 +0700] "POST /api/v1/seats HTTP/1.1" 400 141 37953
0:0:0:0:0:0:0:1 - - [16/Oct/2025:18:47:59 +0700] "POST /api/v1/seats HTTP/1.1" 400 141 28636
0:0:0:0:0:0:0:1 - - [16/Oct/2025:18:48:11 +0700] "OPTIONS /api/v1/seats/room/1 HTTP/1.1" 200 - 1909
0:0:0:0:0:0:0:1 - - [16/Oct/2025:18:48:11 +0700] "OPTIONS /api/v1/seats/room/1 HTTP/1.1" 200 - 2177
0:0:0:0:0:0:0:1 - - [16/Oct/2025:18:48:11 +0700] "GET /api/v1/seats/room/1 HTTP/1.1" 200 25335 33201
0:0:0:0:0:0:0:1 - - [16/Oct/2025:18:48:11 +0700] "OPTIONS /api/v1/seats HTTP/1.1" 200 - 1963
0:0:0:0:0:0:0:1 - - [16/Oct/2025:18:48:11 +0700] "GET /api/v1/seats/room/1 HTTP/1.1" 200 25335 36534
0:0:0:0:0:0:0:1 - - [16/Oct/2025:18:48:11 +0700] "POST /api/v1/seats HTTP/1.1" 400 141 33821
0:0:0:0:0:0:0:1 - - [16/Oct/2025:18:48:11 +0700] "POST /api/v1/seats HTTP/1.1" 400 141 37331
0:0:0:0:0:0:0:1 - - [16/Oct/2025:18:48:15 +0700] "OPTIONS /api/v1/cinemas/1 HTTP/1.1" 200 - 1708
0:0:0:0:0:0:0:1 - - [16/Oct/2025:18:48:15 +0700] "OPTIONS /api/v1/cinemas/1 HTTP/1.1" 200 - 1803
0:0:0:0:0:0:0:1 - - [16/Oct/2025:18:48:15 +0700] "GET /api/v1/cinemas/1 HTTP/1.1" 200 391 22272
0:0:0:0:0:0:0:1 - - [16/Oct/2025:18:48:15 +0700] "OPTIONS /api/v1/rooms/cinema/1 HTTP/1.1" 200 - 2103
0:0:0:0:0:0:0:1 - - [16/Oct/2025:18:48:15 +0700] "GET /api/v1/cinemas/1 HTTP/1.1" 200 391 23776
0:0:0:0:0:0:0:1 - - [16/Oct/2025:18:48:15 +0700] "GET /api/v1/rooms/cinema/1 HTTP/1.1" 200 217 27300
0:0:0:0:0:0:0:1 - - [16/Oct/2025:18:48:15 +0700] "GET /api/v1/rooms/cinema/1 HTTP/1.1" 200 217 20403
0:0:0:0:0:0:0:1 - - [16/Oct/2025:18:48:20 +0700] "OPTIONS /api/v1/seats/room/1 HTTP/1.1" 200 - 1473
0:0:0:0:0:0:0:1 - - [16/Oct/2025:18:48:20 +0700] "OPTIONS /api/v1/seats/room/1 HTTP/1.1" 200 - 1489
0:0:0:0:0:0:0:1 - - [16/Oct/2025:18:48:20 +0700] "GET /api/v1/seats/room/1 HTTP/1.1" 200 25335 28810
0:0:0:0:0:0:0:1 - - [16/Oct/2025:18:48:20 +0700] "GET /api/v1/seats/room/1 HTTP/1.1" 200 25335 33223
0:0:0:0:0:0:0:1 - - [16/Oct/2025:18:48:20 +0700] "OPTIONS /api/v1/seats HTTP/1.1" 200 - 2125
0:0:0:0:0:0:0:1 - - [16/Oct/2025:18:48:20 +0700] "POST /api/v1/seats HTTP/1.1" 400 141 29714
0:0:0:0:0:0:0:1 - - [16/Oct/2025:18:48:20 +0700] "POST /api/v1/seats HTTP/1.1" 400 141 31011
0:0:0:0:0:0:0:1 - - [16/Oct/2025:19:02:43 +0700] "OPTIONS /api/v1/seats/room/1 HTTP/1.1" 200 - 2311
0:0:0:0:0:0:0:1 - - [16/Oct/2025:19:02:43 +0700] "OPTIONS /api/v1/seats/room/1 HTTP/1.1" 200 - 2440
0:0:0:0:0:0:0:1 - - [16/Oct/2025:19:02:43 +0700] "GET /api/v1/seats/room/1 HTTP/1.1" 200 25335 32840
0:0:0:0:0:0:0:1 - - [16/Oct/2025:19:02:43 +0700] "OPTIONS /api/v1/seats HTTP/1.1" 200 - 1241
0:0:0:0:0:0:0:1 - - [16/Oct/2025:19:02:43 +0700] "GET /api/v1/seats/room/1 HTTP/1.1" 200 25335 30712
0:0:0:0:0:0:0:1 - - [16/Oct/2025:19:02:44 +0700] "POST /api/v1/seats HTTP/1.1" 400 141 43877
0:0:0:0:0:0:0:1 - - [16/Oct/2025:19:02:44 +0700] "POST /api/v1/seats HTTP/1.1" 400 141 24534
0:0:0:0:0:0:0:1 - - [16/Oct/2025:19:08:40 +0700] "OPTIONS /api/v1/seats/room/1 HTTP/1.1" 200 - 1694
0:0:0:0:0:0:0:1 - - [16/Oct/2025:19:08:40 +0700] "OPTIONS /api/v1/seats/room/1 HTTP/1.1" 200 - 1689
0:0:0:0:0:0:0:1 - - [16/Oct/2025:19:08:40 +0700] "GET /api/v1/seats/room/1 HTTP/1.1" 200 25335 25292
0:0:0:0:0:0:0:1 - - [16/Oct/2025:19:08:40 +0700] "GET /api/v1/seats/room/1 HTTP/1.1" 200 25334 17744
0:0:0:0:0:0:0:1 - - [16/Oct/2025:19:08:50 +0700] "OPTIONS /api/v1/seats/room/1 HTTP/1.1" 200 - 984
0:0:0:0:0:0:0:1 - - [16/Oct/2025:19:08:50 +0700] "OPTIONS /api/v1/seats/room/1 HTTP/1.1" 200 - 976
0:0:0:0:0:0:0:1 - - [16/Oct/2025:19:08:50 +0700] "GET /api/v1/seats/room/1 HTTP/1.1" 200 25335 21105
0:0:0:0:0:0:0:1 - - [16/Oct/2025:19:08:50 +0700] "GET /api/v1/seats/room/1 HTTP/1.1" 200 25335 19138
0:0:0:0:0:0:0:1 - - [16/Oct/2025:19:09:03 +0700] "OPTIONS /api/v1/seats/372 HTTP/1.1" 200 - 1428
0:0:0:0:0:0:0:1 - - [16/Oct/2025:19:09:03 +0700] "PUT /api/v1/seats/372 HTTP/1.1" 400 308 126822
0:0:0:0:0:0:0:1 - - [16/Oct/2025:19:09:41 +0700] "OPTIONS /api/v1/seats/room/1 HTTP/1.1" 200 - 1244
0:0:0:0:0:0:0:1 - - [16/Oct/2025:19:09:41 +0700] "OPTIONS /api/v1/seats/room/1 HTTP/1.1" 200 - 1093
0:0:0:0:0:0:0:1 - - [16/Oct/2025:19:09:41 +0700] "GET /api/v1/seats/room/1 HTTP/1.1" 200 25335 22571
0:0:0:0:0:0:0:1 - - [16/Oct/2025:19:09:41 +0700] "GET /api/v1/seats/room/1 HTTP/1.1" 200 25335 20930
0:0:0:0:0:0:0:1 - - [16/Oct/2025:19:10:05 +0700] "OPTIONS /api/v1/cinemas/1 HTTP/1.1" 200 - 1371
0:0:0:0:0:0:0:1 - - [16/Oct/2025:19:10:05 +0700] "OPTIONS /api/v1/cinemas/1 HTTP/1.1" 200 - 2193
0:0:0:0:0:0:0:1 - - [16/Oct/2025:19:10:06 +0700] "GET /api/v1/cinemas/1 HTTP/1.1" 200 391 33009
0:0:0:0:0:0:0:1 - - [16/Oct/2025:19:10:06 +0700] "OPTIONS /api/v1/rooms/cinema/1 HTTP/1.1" 200 - 2101
0:0:0:0:0:0:0:1 - - [16/Oct/2025:19:10:06 +0700] "GET /api/v1/cinemas/1 HTTP/1.1" 200 390 35796
0:0:0:0:0:0:0:1 - - [16/Oct/2025:19:10:06 +0700] "GET /api/v1/rooms/cinema/1 HTTP/1.1" 200 217 27705
0:0:0:0:0:0:0:1 - - [16/Oct/2025:19:10:06 +0700] "GET /api/v1/rooms/cinema/1 HTTP/1.1" 200 217 17018
0:0:0:0:0:0:0:1 - - [16/Oct/2025:19:25:45 +0700] "OPTIONS /api/v1/cinemas/1 HTTP/1.1" 200 - 2069
0:0:0:0:0:0:0:1 - - [16/Oct/2025:19:25:45 +0700] "OPTIONS /api/v1/cinemas/1 HTTP/1.1" 200 - 1728
0:0:0:0:0:0:0:1 - - [16/Oct/2025:19:25:45 +0700] "GET /api/v1/cinemas/1 HTTP/1.1" 200 391 36806
0:0:0:0:0:0:0:1 - - [16/Oct/2025:19:25:45 +0700] "OPTIONS /api/v1/rooms/cinema/1 HTTP/1.1" 200 - 2194
0:0:0:0:0:0:0:1 - - [16/Oct/2025:19:25:45 +0700] "GET /api/v1/cinemas/1 HTTP/1.1" 200 391 30523
0:0:0:0:0:0:0:1 - - [16/Oct/2025:19:25:45 +0700] "GET /api/v1/rooms/cinema/1 HTTP/1.1" 200 217 30488
0:0:0:0:0:0:0:1 - - [16/Oct/2025:19:25:45 +0700] "GET /api/v1/rooms/cinema/1 HTTP/1.1" 200 217 24726
0:0:0:0:0:0:0:1 - - [16/Oct/2025:19:26:58 +0700] "OPTIONS /api/v1/cinemas/1 HTTP/1.1" 200 - 1972
0:0:0:0:0:0:0:1 - - [16/Oct/2025:19:26:58 +0700] "OPTIONS /api/v1/cinemas/1 HTTP/1.1" 200 - 1971
0:0:0:0:0:0:0:1 - - [16/Oct/2025:19:26:58 +0700] "GET /api/v1/cinemas/1 HTTP/1.1" 200 391 19236
0:0:0:0:0:0:0:1 - - [16/Oct/2025:19:26:58 +0700] "OPTIONS /api/v1/rooms/cinema/1 HTTP/1.1" 200 - 1368
0:0:0:0:0:0:0:1 - - [16/Oct/2025:19:26:58 +0700] "GET /api/v1/cinemas/1 HTTP/1.1" 200 391 27467
0:0:0:0:0:0:0:1 - - [16/Oct/2025:19:26:58 +0700] "GET /api/v1/rooms/cinema/1 HTTP/1.1" 200 217 21151
0:0:0:0:0:0:0:1 - - [16/Oct/2025:19:26:58 +0700] "GET /api/v1/rooms/cinema/1 HTTP/1.1" 200 217 12510
0:0:0:0:0:0:0:1 - - [16/Oct/2025:19:27:08 +0700] "OPTIONS /api/v1/seats/room/1 HTTP/1.1" 200 - 1441
0:0:0:0:0:0:0:1 - - [16/Oct/2025:19:27:08 +0700] "OPTIONS /api/v1/seats/room/1 HTTP/1.1" 200 - 4202
0:0:0:0:0:0:0:1 - - [16/Oct/2025:19:27:08 +0700] "GET /api/v1/seats/room/1 HTTP/1.1" 200 25335 25828
0:0:0:0:0:0:0:1 - - [16/Oct/2025:19:27:08 +0700] "GET /api/v1/seats/room/1 HTTP/1.1" 200 25335 27779
0:0:0:0:0:0:0:1 - - [16/Oct/2025:20:30:43 +0700] "OPTIONS /api/v1/cinema-clusters/all HTTP/1.1" 200 - 258763
0:0:0:0:0:0:0:1 - - [16/Oct/2025:20:30:43 +0700] "OPTIONS /api/v1/cinema-clusters/all HTTP/1.1" 200 - 259005
0:0:0:0:0:0:0:1 - - [16/Oct/2025:20:30:45 +0700] "GET /api/v1/cinema-clusters/all HTTP/1.1" 200 2823 1505654
0:0:0:0:0:0:0:1 - - [16/Oct/2025:20:30:45 +0700] "OPTIONS /api/v1/cinemas/cluster/1 HTTP/1.1" 200 - 6184
0:0:0:0:0:0:0:1 - - [16/Oct/2025:20:30:45 +0700] "GET /api/v1/cinema-clusters/all HTTP/1.1" 200 2823 35677
0:0:0:0:0:0:0:1 - - [16/Oct/2025:20:30:45 +0700] "GET /api/v1/cinemas/cluster/1 HTTP/1.1" 200 3412 256415
0:0:0:0:0:0:0:1 - - [16/Oct/2025:20:30:45 +0700] "GET /api/v1/cinemas/cluster/1 HTTP/1.1" 200 3412 91166
0:0:0:0:0:0:0:1 - - [16/Oct/2025:20:30:47 +0700] "OPTIONS /api/v1/cinemas/1 HTTP/1.1" 200 - 5974
0:0:0:0:0:0:0:1 - - [16/Oct/2025:20:30:47 +0700] "OPTIONS /api/v1/cinemas/1 HTTP/1.1" 200 - 6836
0:0:0:0:0:0:0:1 - - [16/Oct/2025:20:30:47 +0700] "GET /api/v1/cinemas/1 HTTP/1.1" 200 390 46131
0:0:0:0:0:0:0:1 - - [16/Oct/2025:20:30:47 +0700] "OPTIONS /api/v1/rooms/cinema/1 HTTP/1.1" 200 - 5640
0:0:0:0:0:0:0:1 - - [16/Oct/2025:20:30:47 +0700] "GET /api/v1/cinemas/1 HTTP/1.1" 200 391 30888
0:0:0:0:0:0:0:1 - - [16/Oct/2025:20:30:47 +0700] "GET /api/v1/rooms/cinema/1 HTTP/1.1" 404 148 45856
0:0:0:0:0:0:0:1 - - [16/Oct/2025:20:30:47 +0700] "GET /api/v1/rooms/cinema/1 HTTP/1.1" 404 148 31096
0:0:0:0:0:0:0:1 - - [16/Oct/2025:20:33:26 +0700] "OPTIONS /api/v1/rooms/cinema/1 HTTP/1.1" 200 - 2582
0:0:0:0:0:0:0:1 - - [16/Oct/2025:20:33:26 +0700] "POST /api/v1/rooms/cinema/1 HTTP/1.1" 201 199 282927
0:0:0:0:0:0:0:1 - - [16/Oct/2025:20:33:26 +0700] "OPTIONS /api/v1/cinemas/1 HTTP/1.1" 200 - 2727
0:0:0:0:0:0:0:1 - - [16/Oct/2025:20:33:26 +0700] "GET /api/v1/cinemas/1 HTTP/1.1" 200 391 29946
0:0:0:0:0:0:0:1 - - [16/Oct/2025:20:33:26 +0700] "GET /api/v1/rooms/cinema/1 HTTP/1.1" 200 218 20365
0:0:0:0:0:0:0:1 - - [16/Oct/2025:20:39:37 +0700] "OPTIONS /api/v1/seats/room/1 HTTP/1.1" 200 - 2512
0:0:0:0:0:0:0:1 - - [16/Oct/2025:20:39:37 +0700] "OPTIONS /api/v1/seats/room/1 HTTP/1.1" 200 - 2518
0:0:0:0:0:0:0:1 - - [16/Oct/2025:20:39:37 +0700] "GET /api/v1/seats/room/1 HTTP/1.1" 200 14008 75082
0:0:0:0:0:0:0:1 - - [16/Oct/2025:20:39:37 +0700] "GET /api/v1/seats/room/1 HTTP/1.1" 200 14008 173996
0:0:0:0:0:0:0:1 - - [16/Oct/2025:20:39:44 +0700] "OPTIONS /api/v1/seats/120 HTTP/1.1" 200 - 5621
0:0:0:0:0:0:0:1 - - [16/Oct/2025:20:39:44 +0700] "DELETE /api/v1/seats/120 HTTP/1.1" 200 113 59206
0:0:0:0:0:0:0:1 - - [16/Oct/2025:20:39:50 +0700] "OPTIONS /api/v1/seats/119 HTTP/1.1" 200 - 1426
0:0:0:0:0:0:0:1 - - [16/Oct/2025:20:39:50 +0700] "PUT /api/v1/seats/119 HTTP/1.1" 400 308 99294
0:0:0:0:0:0:0:1 - - [16/Oct/2025:20:40:34 +0700] "OPTIONS /api/v1/seats/room/1 HTTP/1.1" 200 - 3035
0:0:0:0:0:0:0:1 - - [16/Oct/2025:20:40:34 +0700] "OPTIONS /api/v1/seats/room/1 HTTP/1.1" 200 - 1928
0:0:0:0:0:0:0:1 - - [16/Oct/2025:20:40:34 +0700] "GET /api/v1/seats/room/1 HTTP/1.1" 200 13890 41251
0:0:0:0:0:0:0:1 - - [16/Oct/2025:20:40:34 +0700] "GET /api/v1/seats/room/1 HTTP/1.1" 200 13890 32719
0:0:0:0:0:0:0:1 - - [16/Oct/2025:20:55:51 +0700] "OPTIONS /api/v1/seats/room/1 HTTP/1.1" 200 - 2165
0:0:0:0:0:0:0:1 - - [16/Oct/2025:20:55:51 +0700] "OPTIONS /api/v1/seats/room/1 HTTP/1.1" 200 - 2196
0:0:0:0:0:0:0:1 - - [16/Oct/2025:20:55:51 +0700] "GET /api/v1/seats/room/1 HTTP/1.1" 200 13889 51515
0:0:0:0:0:0:0:1 - - [16/Oct/2025:20:55:51 +0700] "GET /api/v1/seats/room/1 HTTP/1.1" 200 13889 33120
0:0:0:0:0:0:0:1 - - [16/Oct/2025:20:55:57 +0700] "OPTIONS /api/v1/seats/119 HTTP/1.1" 200 - 3508
0:0:0:0:0:0:0:1 - - [16/Oct/2025:20:55:57 +0700] "PUT /api/v1/seats/119 HTTP/1.1" 400 164 27108
0:0:0:0:0:0:0:1 - - [16/Oct/2025:20:56:37 +0700] "OPTIONS /api/v1/seats/119 HTTP/1.1" 200 - 2448
0:0:0:0:0:0:0:1 - - [16/Oct/2025:20:56:38 +0700] "PUT /api/v1/seats/119 HTTP/1.1" 200 235 56885
0:0:0:0:0:0:0:1 - - [16/Oct/2025:21:07:32 +0700] "OPTIONS /api/v1/seats/119 HTTP/1.1" 200 - 5521
0:0:0:0:0:0:0:1 - - [16/Oct/2025:21:07:32 +0700] "PUT /api/v1/seats/119 HTTP/1.1" 200 239 61063
0:0:0:0:0:0:0:1 - - [16/Oct/2025:21:08:43 +0700] "OPTIONS /api/v1/seats/118 HTTP/1.1" 200 - 1978
0:0:0:0:0:0:0:1 - - [16/Oct/2025:21:08:43 +0700] "DELETE /api/v1/seats/118 HTTP/1.1" 200 114 57194
0:0:0:0:0:0:0:1 - - [16/Oct/2025:21:08:48 +0700] "OPTIONS /api/v1/seats/117 HTTP/1.1" 200 - 5453
0:0:0:0:0:0:0:1 - - [16/Oct/2025:21:08:48 +0700] "PUT /api/v1/seats/117 HTTP/1.1" 200 237 41142
0:0:0:0:0:0:0:1 - - [16/Oct/2025:21:08:53 +0700] "OPTIONS /api/v1/seats/116 HTTP/1.1" 200 - 4668
0:0:0:0:0:0:0:1 - - [16/Oct/2025:21:08:53 +0700] "DELETE /api/v1/seats/116 HTTP/1.1" 200 112 31019
0:0:0:0:0:0:0:1 - - [16/Oct/2025:21:08:57 +0700] "OPTIONS /api/v1/seats/114 HTTP/1.1" 200 - 2242
0:0:0:0:0:0:0:1 - - [16/Oct/2025:21:08:57 +0700] "DELETE /api/v1/seats/114 HTTP/1.1" 200 114 28511
0:0:0:0:0:0:0:1 - - [16/Oct/2025:21:09:00 +0700] "OPTIONS /api/v1/seats/112 HTTP/1.1" 200 - 3165
0:0:0:0:0:0:0:1 - - [16/Oct/2025:21:09:00 +0700] "DELETE /api/v1/seats/112 HTTP/1.1" 200 114 32130
0:0:0:0:0:0:0:1 - - [16/Oct/2025:21:09:03 +0700] "OPTIONS /api/v1/seats/110 HTTP/1.1" 200 - 1486
0:0:0:0:0:0:0:1 - - [16/Oct/2025:21:09:03 +0700] "DELETE /api/v1/seats/110 HTTP/1.1" 200 114 34812
0:0:0:0:0:0:0:1 - - [16/Oct/2025:21:09:07 +0700] "OPTIONS /api/v1/seats/109 HTTP/1.1" 200 - 2583
0:0:0:0:0:0:0:1 - - [16/Oct/2025:21:09:07 +0700] "PUT /api/v1/seats/109 HTTP/1.1" 200 237 34813
0:0:0:0:0:0:0:1 - - [16/Oct/2025:21:09:12 +0700] "OPTIONS /api/v1/seats/111 HTTP/1.1" 200 - 1983
0:0:0:0:0:0:0:1 - - [16/Oct/2025:21:09:12 +0700] "PUT /api/v1/seats/111 HTTP/1.1" 200 237 46524
0:0:0:0:0:0:0:1 - - [16/Oct/2025:21:09:16 +0700] "OPTIONS /api/v1/seats/113 HTTP/1.1" 200 - 2086
0:0:0:0:0:0:0:1 - - [16/Oct/2025:21:09:16 +0700] "PUT /api/v1/seats/113 HTTP/1.1" 200 237 30583
0:0:0:0:0:0:0:1 - - [16/Oct/2025:21:09:23 +0700] "OPTIONS /api/v1/seats/115 HTTP/1.1" 200 - 2403
0:0:0:0:0:0:0:1 - - [16/Oct/2025:21:09:23 +0700] "PUT /api/v1/seats/115 HTTP/1.1" 200 237 42377
0:0:0:0:0:0:0:1 - - [16/Oct/2025:22:28:14 +0700] "OPTIONS /api/v1/rooms/cinema/1 HTTP/1.1" 200 - 50039
0:0:0:0:0:0:0:1 - - [16/Oct/2025:22:28:15 +0700] "POST /api/v1/rooms/cinema/1 HTTP/1.1" 500 635 460737
0:0:0:0:0:0:0:1 - - [16/Oct/2025:23:01:42 +0700] "OPTIONS /api/v1/rooms/cinema/1 HTTP/1.1" 200 - 3186
0:0:0:0:0:0:0:1 - - [16/Oct/2025:23:01:42 +0700] "POST /api/v1/rooms/cinema/1 HTTP/1.1" 500 635 43108
0:0:0:0:0:0:0:1 - - [16/Oct/2025:23:24:40 +0700] "OPTIONS /api/v1/rooms/cinema/1 HTTP/1.1" 200 - 2645
0:0:0:0:0:0:0:1 - - [16/Oct/2025:23:24:40 +0700] "POST /api/v1/rooms/cinema/1 HTTP/1.1" 500 633 75921
0:0:0:0:0:0:0:1 - - [16/Oct/2025:23:48:25 +0700] "POST /api/v1/rooms/cinema/1 HTTP/1.1" 201 199 126632
0:0:0:0:0:0:0:1 - - [16/Oct/2025:23:53:39 +0700] "OPTIONS /api/v1/rooms/cinema/1 HTTP/1.1" 200 - 1814
0:0:0:0:0:0:0:1 - - [16/Oct/2025:23:53:39 +0700] "POST /api/v1/rooms/cinema/1 HTTP/1.1" 500 281 57287
0:0:0:0:0:0:0:1 - - [16/Oct/2025:23:54:43 +0700] "OPTIONS /api/v1/rooms/cinema/1 HTTP/1.1" 200 - 1299
0:0:0:0:0:0:0:1 - - [16/Oct/2025:23:54:43 +0700] "POST /api/v1/rooms/cinema/1 HTTP/1.1" 500 280 26149
0:0:0:0:0:0:0:1 - - [16/Oct/2025:23:55:49 +0700] "OPTIONS /api/v1/rooms/cinema/1 HTTP/1.1" 200 - 1264
0:0:0:0:0:0:0:1 - - [16/Oct/2025:23:55:49 +0700] "POST /api/v1/rooms/cinema/1 HTTP/1.1" 500 280 21896
