0:0:0:0:0:0:0:1 - - [23/Nov/2025:00:01:52 +0700] "GET /api/v1/showtime/cinema/%7BcinemaId%7D/date/%7Bdate%7D%20?page=0&size=5 HTTP/1.1" 500 325 252715
0:0:0:0:0:0:0:1 - - [23/Nov/2025:00:02:11 +0700] "GET /swagger-ui/index.html HTTP/1.1" 200 734 42362
0:0:0:0:0:0:0:1 - - [23/Nov/2025:00:02:11 +0700] "GET /swagger-ui/index.css HTTP/1.1" 200 202 11888
0:0:0:0:0:0:0:1 - - [23/Nov/2025:00:02:11 +0700] "GET /swagger-ui/swagger-ui.css HTTP/1.1" 200 154986 14594
0:0:0:0:0:0:0:1 - - [23/Nov/2025:00:02:11 +0700] "GET /swagger-ui/swagger-ui-standalone-preset.js HTTP/1.1" 200 229223 15679
0:0:0:0:0:0:0:1 - - [23/Nov/2025:00:02:11 +0700] "GET /swagger-ui/swagger-initializer.js HTTP/1.1" 200 612 26433
0:0:0:0:0:0:0:1 - - [23/Nov/2025:00:02:11 +0700] "GET /swagger-ui/swagger-ui-bundle.js HTTP/1.1" 200 1468326 32608
0:0:0:0:0:0:0:1 - - [23/Nov/2025:00:02:11 +0700] "GET /swagger-ui/favicon-32x32.png HTTP/1.1" 200 628 5247
0:0:0:0:0:0:0:1 - - [23/Nov/2025:00:02:11 +0700] "GET /api-docs/swagger-config HTTP/1.1" 200 163 13496
0:0:0:0:0:0:0:1 - - [23/Nov/2025:00:02:15 +0700] "GET /api-docs HTTP/1.1" 200 129495 3465500
0:0:0:0:0:0:0:1 - - [23/Nov/2025:00:07:59 +0700] "GET /api/v1/showtime/cinema/%7BcinemaId%7D/date/%7Bdate%7D%20?page=0&size=5 HTTP/1.1" 500 325 14521
0:0:0:0:0:0:0:1 - - [23/Nov/2025:00:11:24 +0700] "GET /api/v1/showtime/cinema/3/date/2025-11-23?page=0&size=5 HTTP/1.1" 500 152 14412
0:0:0:0:0:0:0:1 - - [23/Nov/2025:00:12:43 +0700] "GET /api/v1/showtime/cinema/3/date/2025-11-23?page=0&size=5 HTTP/1.1" 500 152 9646
0:0:0:0:0:0:0:1 - - [23/Nov/2025:00:13:13 +0700] "GET /api/v1/showtime/cinema/3/date/2025-11-23?page=0&size=5 HTTP/1.1" 500 151 5457
0:0:0:0:0:0:0:1 - - [23/Nov/2025:00:13:44 +0700] "POST /api/v1/auth/login HTTP/1.1" 200 877 648826
0:0:0:0:0:0:0:1 - - [23/Nov/2025:00:14:02 +0700] "GET /api/v1/showtime/cinema/3/date/2025-11-23?page=0&size=5 HTTP/1.1" 500 152 723812
0:0:0:0:0:0:0:1 - - [23/Nov/2025:00:14:46 +0700] "GET /api/v1/showtime/movie/42/date/2025-11-23?page=0&size=10 HTTP/1.1" 200 21023 169167
0:0:0:0:0:0:0:1 - - [23/Nov/2025:00:15:38 +0700] "GET /api/v1/showtime/cinema/%7BcinemaId%7D/date/%7Bdate%7D%20?page=0&size=5 HTTP/1.1" 500 325 9137
0:0:0:0:0:0:0:1 - - [23/Nov/2025:00:15:58 +0700] "GET /api/v1/showtime/movie/42/date/2025-11-23?page=0&size=5 HTTP/1.1" 200 11198 43801
0:0:0:0:0:0:0:1 - - [23/Nov/2025:00:16:09 +0700] "GET /api/v1/showtime/cinema/42/date/2025-11-23?page=0&size=5 HTTP/1.1" 500 153 8284
0:0:0:0:0:0:0:1 - - [23/Nov/2025:00:17:40 +0700] "GET /swagger-ui/index.html HTTP/1.1" 200 734 183495
0:0:0:0:0:0:0:1 - - [23/Nov/2025:00:17:40 +0700] "GET /swagger-ui/index.css HTTP/1.1" 200 202 10717
0:0:0:0:0:0:0:1 - - [23/Nov/2025:00:17:40 +0700] "GET /swagger-ui/swagger-ui.css HTTP/1.1" 200 154986 15951
0:0:0:0:0:0:0:1 - - [23/Nov/2025:00:17:40 +0700] "GET /swagger-ui/swagger-ui-standalone-preset.js HTTP/1.1" 200 229223 11345
0:0:0:0:0:0:0:1 - - [23/Nov/2025:00:17:40 +0700] "GET /swagger-ui/swagger-ui-bundle.js HTTP/1.1" 200 1468326 34237
0:0:0:0:0:0:0:1 - - [23/Nov/2025:00:17:40 +0700] "GET /swagger-ui/swagger-initializer.js HTTP/1.1" 200 612 51772
0:0:0:0:0:0:0:1 - - [23/Nov/2025:00:17:40 +0700] "GET /swagger-ui/favicon-32x32.png HTTP/1.1" 200 628 7651
0:0:0:0:0:0:0:1 - - [23/Nov/2025:00:17:40 +0700] "GET /api-docs/swagger-config HTTP/1.1" 200 163 67501
0:0:0:0:0:0:0:1 - - [23/Nov/2025:00:17:44 +0700] "GET /api-docs HTTP/1.1" 200 129631 3667671
0:0:0:0:0:0:0:1 - - [23/Nov/2025:00:17:49 +0700] "GET /api/v1/showtime/cinema/42/date/2025-11-23?page=0&size=5 HTTP/1.1" 500 153 24912
0:0:0:0:0:0:0:1 - - [23/Nov/2025:00:18:12 +0700] "GET /api/v1/showtime/cinema/4/date/2025-11-23?page=0&size=5 HTTP/1.1" 500 152 6705
0:0:0:0:0:0:0:1 - - [23/Nov/2025:00:22:10 +0700] "GET /api/v1/showtime/cinema/4/date/2025-11-23?page=0&size=5 HTTP/1.1" 200 2406 173525
0:0:0:0:0:0:0:1 - - [23/Nov/2025:00:22:55 +0700] "GET /api/v1/showtime/cinema/%7BcinemaId%7D/date/%7Bdate%7D%20?page=0&size=10 HTTP/1.1" 500 325 25039
0:0:0:0:0:0:0:1 - - [23/Nov/2025:00:23:02 +0700] "GET /swagger-ui/index.html HTTP/1.1" 200 734 38838
0:0:0:0:0:0:0:1 - - [23/Nov/2025:00:23:02 +0700] "GET /swagger-ui/index.css HTTP/1.1" 200 202 12140
0:0:0:0:0:0:0:1 - - [23/Nov/2025:00:23:02 +0700] "GET /swagger-ui/swagger-ui.css HTTP/1.1" 200 154986 16490
0:0:0:0:0:0:0:1 - - [23/Nov/2025:00:23:02 +0700] "GET /swagger-ui/swagger-ui-standalone-preset.js HTTP/1.1" 200 229223 18502
0:0:0:0:0:0:0:1 - - [23/Nov/2025:00:23:02 +0700] "GET /swagger-ui/swagger-initializer.js HTTP/1.1" 200 612 28493
0:0:0:0:0:0:0:1 - - [23/Nov/2025:00:23:02 +0700] "GET /swagger-ui/swagger-ui-bundle.js HTTP/1.1" 200 1468326 34316
0:0:0:0:0:0:0:1 - - [23/Nov/2025:00:23:02 +0700] "GET /swagger-ui/favicon-32x32.png HTTP/1.1" 200 628 6728
0:0:0:0:0:0:0:1 - - [23/Nov/2025:00:23:02 +0700] "GET /api-docs/swagger-config HTTP/1.1" 200 163 9837
0:0:0:0:0:0:0:1 - - [23/Nov/2025:00:23:05 +0700] "GET /api-docs HTTP/1.1" 200 129630 3542881
0:0:0:0:0:0:0:1 - - [23/Nov/2025:00:23:38 +0700] "GET /api/v1/showtime/cinema/2/date/2025-11-23?page=0&size=1 HTTP/1.1" 200 3306 49668
0:0:0:0:0:0:0:1 - - [23/Nov/2025:20:07:04 +0700] "GET /api/v1/movies?page=0&size=12&sort=id,desc HTTP/1.1" 200 6408 376313
0:0:0:0:0:0:0:1 - - [23/Nov/2025:20:07:05 +0700] "GET /api/v1/movies?page=0&size=12&sort=id,desc HTTP/1.1" 200 6408 45025
0:0:0:0:0:0:0:1 - - [23/Nov/2025:20:07:05 +0700] "GET /api/v1/cities/active HTTP/1.1" 200 1151 34360
0:0:0:0:0:0:0:1 - - [23/Nov/2025:20:07:05 +0700] "GET /api/v1/cities/active HTTP/1.1" 200 1151 12763
0:0:0:0:0:0:0:1 - - [23/Nov/2025:20:07:05 +0700] "GET /api/v1/cinema-clusters/all HTTP/1.1" 200 2086 17732
0:0:0:0:0:0:0:1 - - [23/Nov/2025:20:07:05 +0700] "GET /api/v1/cinema-clusters/all HTTP/1.1" 200 2086 12230
0:0:0:0:0:0:0:1 - - [23/Nov/2025:20:07:05 +0700] "GET /api/v1/cinemas?cityId=1&page=0&size=20 HTTP/1.1" 200 6809 116800
0:0:0:0:0:0:0:1 - - [23/Nov/2025:20:07:05 +0700] "GET /api/v1/cinemas?cityId=1&page=0&size=20 HTTP/1.1" 200 6809 138619
0:0:0:0:0:0:0:1 - - [23/Nov/2025:20:07:05 +0700] "GET /api/v1/cinemas?cityId=1&page=0&size=20 HTTP/1.1" 200 6809 81440
0:0:0:0:0:0:0:1 - - [23/Nov/2025:20:07:06 +0700] "GET /api/v1/showtime?date=2025-11-23&cinemaId=1 HTTP/1.1" 200 4387 602300
0:0:0:0:0:0:0:1 - - [23/Nov/2025:20:07:06 +0700] "GET /api/v1/showtime?date=2025-11-23&cinemaId=1 HTTP/1.1" 200 4387 550720
0:0:0:0:0:0:0:1 - - [23/Nov/2025:20:07:07 +0700] "GET /api/v1/showtime?date=2025-11-23&cinemaId=1 HTTP/1.1" 200 4387 410713
0:0:0:0:0:0:0:1 - - [23/Nov/2025:20:07:07 +0700] "GET /api/v1/showtime?date=2025-11-23&cinemaId=1 HTTP/1.1" 200 4387 378374
0:0:0:0:0:0:0:1 - - [23/Nov/2025:20:07:20 +0700] "OPTIONS /api/v1/auth/refresh HTTP/1.1" 200 - 6863
0:0:0:0:0:0:0:1 - - [23/Nov/2025:20:07:20 +0700] "POST /api/v1/auth/refresh HTTP/1.1" 500 131 21995
0:0:0:0:0:0:0:1 - - [23/Nov/2025:20:07:20 +0700] "GET /api/v1/cities/active HTTP/1.1" 200 1151 25388
0:0:0:0:0:0:0:1 - - [23/Nov/2025:20:07:20 +0700] "GET /api/v1/cities/active HTTP/1.1" 200 1151 21791
0:0:0:0:0:0:0:1 - - [23/Nov/2025:20:07:20 +0700] "GET /api/v1/cinema-clusters/all HTTP/1.1" 200 2086 17527
0:0:0:0:0:0:0:1 - - [23/Nov/2025:20:07:20 +0700] "GET /api/v1/cinema-clusters/all HTTP/1.1" 200 2086 15709
0:0:0:0:0:0:0:1 - - [23/Nov/2025:20:07:21 +0700] "GET /api/v1/cinemas?cityId=1&page=0&size=20 HTTP/1.1" 200 6809 95726
0:0:0:0:0:0:0:1 - - [23/Nov/2025:20:07:21 +0700] "GET /api/v1/cinemas?cityId=1&page=0&size=20 HTTP/1.1" 200 6809 94261
0:0:0:0:0:0:0:1 - - [23/Nov/2025:20:07:21 +0700] "GET /api/v1/cinemas?cityId=1&page=0&size=20 HTTP/1.1" 200 6809 103746
0:0:0:0:0:0:0:1 - - [23/Nov/2025:20:07:21 +0700] "GET /api/v1/showtime?date=2025-11-23&cinemaId=1 HTTP/1.1" 200 4387 452124
0:0:0:0:0:0:0:1 - - [23/Nov/2025:20:07:21 +0700] "GET /api/v1/showtime?date=2025-11-23&cinemaId=1 HTTP/1.1" 200 4387 379830
0:0:0:0:0:0:0:1 - - [23/Nov/2025:20:07:22 +0700] "GET /api/v1/showtime?date=2025-11-23&cinemaId=1 HTTP/1.1" 200 4387 384235
0:0:0:0:0:0:0:1 - - [23/Nov/2025:20:07:22 +0700] "GET /api/v1/showtime?date=2025-11-23&cinemaId=1 HTTP/1.1" 200 4387 360743
0:0:0:0:0:0:0:1 - - [23/Nov/2025:20:11:35 +0700] "GET /api/v1/showtime?date=2025-11-23&cinemaId=2 HTTP/1.1" 200 4386 390156
0:0:0:0:0:0:0:1 - - [23/Nov/2025:20:11:35 +0700] "GET /api/v1/showtime?date=2025-11-23&cinemaId=1 HTTP/1.1" 200 4387 376325
0:0:0:0:0:0:0:1 - - [23/Nov/2025:20:11:41 +0700] "GET /api/v1/showtime?date=2025-11-24&cinemaId=1 HTTP/1.1" 200 4387 413413
0:0:0:0:0:0:0:1 - - [23/Nov/2025:20:11:41 +0700] "GET /api/v1/showtime?date=2025-11-23&cinemaId=1 HTTP/1.1" 200 4387 395461
0:0:0:0:0:0:0:1 - - [23/Nov/2025:20:15:31 +0700] "GET /api/v1/cinema-clusters/all HTTP/1.1" 200 2086 14213
0:0:0:0:0:0:0:1 - - [23/Nov/2025:20:15:31 +0700] "GET /api/v1/cinema-clusters/all HTTP/1.1" 200 2086 10117
0:0:0:0:0:0:0:1 - - [23/Nov/2025:20:15:31 +0700] "GET /api/v1/cities/active HTTP/1.1" 200 1151 16359
0:0:0:0:0:0:0:1 - - [23/Nov/2025:20:15:31 +0700] "GET /api/v1/cities/active HTTP/1.1" 200 1151 19042
0:0:0:0:0:0:0:1 - - [23/Nov/2025:20:15:31 +0700] "GET /api/v1/cinema-clusters/all HTTP/1.1" 200 2086 10649
0:0:0:0:0:0:0:1 - - [23/Nov/2025:20:15:31 +0700] "GET /api/v1/cinema-clusters/all HTTP/1.1" 200 2086 9001
0:0:0:0:0:0:0:1 - - [23/Nov/2025:20:15:31 +0700] "GET /api/v1/cinemas?cityId=1&page=0&size=20 HTTP/1.1" 200 6808 53311
0:0:0:0:0:0:0:1 - - [23/Nov/2025:20:15:31 +0700] "GET /api/v1/cinemas?cityId=1&page=0&size=20 HTTP/1.1" 200 6809 79402
0:0:0:0:0:0:0:1 - - [23/Nov/2025:20:15:31 +0700] "GET /api/v1/showtime/cinema/1/date/2025-11-23 HTTP/1.1" 200 2376 94169
0:0:0:0:0:0:0:1 - - [23/Nov/2025:20:15:31 +0700] "GET /api/v1/showtime/cinema/1/date/2025-11-23 HTTP/1.1" 200 2376 27291
0:0:0:0:0:0:0:1 - - [23/Nov/2025:20:15:31 +0700] "GET /api/v1/showtime/cinema/1/date/2025-11-23 HTTP/1.1" 200 2376 25238
0:0:0:0:0:0:0:1 - - [23/Nov/2025:20:15:31 +0700] "GET /api/v1/cinemas?cityId=1&page=0&size=20 HTTP/1.1" 200 6809 76738
0:0:0:0:0:0:0:1 - - [23/Nov/2025:20:15:31 +0700] "GET /api/v1/showtime/cinema/1/date/2025-11-23 HTTP/1.1" 200 2376 19419
0:0:0:0:0:0:0:1 - - [23/Nov/2025:20:18:37 +0700] "GET /api/v1/cities/active HTTP/1.1" 200 1150 9438
0:0:0:0:0:0:0:1 - - [23/Nov/2025:20:18:37 +0700] "GET /api/v1/cinema-clusters/all HTTP/1.1" 200 2086 7725
0:0:0:0:0:0:0:1 - - [23/Nov/2025:20:18:37 +0700] "GET /api/v1/cities/active HTTP/1.1" 200 1151 7467
0:0:0:0:0:0:0:1 - - [23/Nov/2025:20:18:37 +0700] "GET /api/v1/cities/active HTTP/1.1" 200 1151 6894
0:0:0:0:0:0:0:1 - - [23/Nov/2025:20:18:37 +0700] "GET /api/v1/cinema-clusters/all HTTP/1.1" 200 2086 12381
0:0:0:0:0:0:0:1 - - [23/Nov/2025:20:18:37 +0700] "GET /api/v1/cinema-clusters/all HTTP/1.1" 200 2086 6813
0:0:0:0:0:0:0:1 - - [23/Nov/2025:20:18:37 +0700] "GET /api/v1/cinemas?cityId=1&page=0&size=20 HTTP/1.1" 200 6809 56329
0:0:0:0:0:0:0:1 - - [23/Nov/2025:20:18:37 +0700] "GET /api/v1/showtime/cinema/1/date/2025-11-23 HTTP/1.1" 200 2376 14084
0:0:0:0:0:0:0:1 - - [23/Nov/2025:20:18:37 +0700] "GET /api/v1/cinemas?cityId=1&page=0&size=20 HTTP/1.1" 200 6809 38619
0:0:0:0:0:0:0:1 - - [23/Nov/2025:20:18:37 +0700] "GET /api/v1/showtime/cinema/1/date/2025-11-23 HTTP/1.1" 200 2376 21667
0:0:0:0:0:0:0:1 - - [23/Nov/2025:20:18:37 +0700] "GET /api/v1/showtime/cinema/1/date/2025-11-23 HTTP/1.1" 200 2376 24929
0:0:0:0:0:0:0:1 - - [23/Nov/2025:20:18:37 +0700] "GET /api/v1/cinemas?cityId=1&page=0&size=20 HTTP/1.1" 200 6809 74604
0:0:0:0:0:0:0:1 - - [23/Nov/2025:20:18:37 +0700] "GET /api/v1/showtime/cinema/1/date/2025-11-23 HTTP/1.1" 200 2376 17283
0:0:0:0:0:0:0:1 - - [23/Nov/2025:20:18:37 +0700] "GET /api/v1/cinemas?cityId=1&page=0&size=20 HTTP/1.1" 200 6809 57533
0:0:0:0:0:0:0:1 - - [23/Nov/2025:20:18:37 +0700] "GET /api/v1/showtime/cinema/1/date/2025-11-23 HTTP/1.1" 200 2376 31097
0:0:0:0:0:0:0:1 - - [23/Nov/2025:20:18:38 +0700] "GET /api/v1/cities/active HTTP/1.1" 200 1151 10395
0:0:0:0:0:0:0:1 - - [23/Nov/2025:20:18:38 +0700] "GET /api/v1/cinema-clusters/all HTTP/1.1" 200 2086 11056
0:0:0:0:0:0:0:1 - - [23/Nov/2025:20:18:38 +0700] "GET /api/v1/cities/active HTTP/1.1" 200 1151 12315
0:0:0:0:0:0:0:1 - - [23/Nov/2025:20:18:38 +0700] "GET /api/v1/cities/active HTTP/1.1" 200 1151 12905
0:0:0:0:0:0:0:1 - - [23/Nov/2025:20:18:38 +0700] "GET /api/v1/cinema-clusters/all HTTP/1.1" 200 2086 11334
0:0:0:0:0:0:0:1 - - [23/Nov/2025:20:18:38 +0700] "GET /api/v1/cinema-clusters/all HTTP/1.1" 200 2086 9863
0:0:0:0:0:0:0:1 - - [23/Nov/2025:20:18:38 +0700] "GET /api/v1/cinemas?cityId=1&page=0&size=20 HTTP/1.1" 200 6809 83346
0:0:0:0:0:0:0:1 - - [23/Nov/2025:20:18:38 +0700] "GET /api/v1/showtime/cinema/1/date/2025-11-23 HTTP/1.1" 200 2376 17817
0:0:0:0:0:0:0:1 - - [23/Nov/2025:20:18:38 +0700] "GET /api/v1/cinemas?cityId=1&page=0&size=20 HTTP/1.1" 200 6809 68334
0:0:0:0:0:0:0:1 - - [23/Nov/2025:20:18:38 +0700] "GET /api/v1/showtime/cinema/1/date/2025-11-23 HTTP/1.1" 200 2375 17970
0:0:0:0:0:0:0:1 - - [23/Nov/2025:20:18:38 +0700] "GET /api/v1/showtime/cinema/1/date/2025-11-23 HTTP/1.1" 200 2376 13800
0:0:0:0:0:0:0:1 - - [23/Nov/2025:20:18:38 +0700] "GET /api/v1/cinemas?cityId=1&page=0&size=20 HTTP/1.1" 200 6809 56172
0:0:0:0:0:0:0:1 - - [23/Nov/2025:20:18:38 +0700] "GET /api/v1/cinemas?cityId=1&page=0&size=20 HTTP/1.1" 200 6809 42760
0:0:0:0:0:0:0:1 - - [23/Nov/2025:20:18:38 +0700] "GET /api/v1/showtime/cinema/1/date/2025-11-23 HTTP/1.1" 200 2376 14319
0:0:0:0:0:0:0:1 - - [23/Nov/2025:20:18:38 +0700] "GET /api/v1/showtime/cinema/1/date/2025-11-23 HTTP/1.1" 200 2376 14494
0:0:0:0:0:0:0:1 - - [23/Nov/2025:20:22:03 +0700] "GET /api/v1/cities/active HTTP/1.1" 200 1151 11208
0:0:0:0:0:0:0:1 - - [23/Nov/2025:20:22:03 +0700] "GET /api/v1/cinema-clusters/all HTTP/1.1" 200 2086 8079
0:0:0:0:0:0:0:1 - - [23/Nov/2025:20:22:03 +0700] "GET /api/v1/cities/active HTTP/1.1" 200 1151 9662
0:0:0:0:0:0:0:1 - - [23/Nov/2025:20:22:03 +0700] "GET /api/v1/cities/active HTTP/1.1" 200 1151 11052
0:0:0:0:0:0:0:1 - - [23/Nov/2025:20:22:03 +0700] "GET /api/v1/cinema-clusters/all HTTP/1.1" 200 2086 11299
0:0:0:0:0:0:0:1 - - [23/Nov/2025:20:22:03 +0700] "GET /api/v1/cinema-clusters/all HTTP/1.1" 200 2086 7489
0:0:0:0:0:0:0:1 - - [23/Nov/2025:20:22:03 +0700] "GET /api/v1/cinemas?cityId=1&page=0&size=20 HTTP/1.1" 200 6809 60866
0:0:0:0:0:0:0:1 - - [23/Nov/2025:20:22:03 +0700] "GET /api/v1/cinemas?cityId=1&page=0&size=20 HTTP/1.1" 200 6809 53506
0:0:0:0:0:0:0:1 - - [23/Nov/2025:20:22:03 +0700] "GET /api/v1/cinemas?cityId=1&page=0&size=20 HTTP/1.1" 200 6809 44471
0:0:0:0:0:0:0:1 - - [23/Nov/2025:20:22:03 +0700] "GET /api/v1/cinemas?cityId=1&page=0&size=20 HTTP/1.1" 200 6809 61033
0:0:0:0:0:0:0:1 - - [23/Nov/2025:20:22:04 +0700] "GET /api/v1/cities/active HTTP/1.1" 200 1151 10299
0:0:0:0:0:0:0:1 - - [23/Nov/2025:20:22:04 +0700] "GET /api/v1/cinema-clusters/all HTTP/1.1" 200 2086 9486
0:0:0:0:0:0:0:1 - - [23/Nov/2025:20:22:04 +0700] "GET /api/v1/cities/active HTTP/1.1" 200 1151 13386
0:0:0:0:0:0:0:1 - - [23/Nov/2025:20:22:04 +0700] "GET /api/v1/cities/active HTTP/1.1" 200 1151 8144
0:0:0:0:0:0:0:1 - - [23/Nov/2025:20:22:04 +0700] "GET /api/v1/cinema-clusters/all HTTP/1.1" 200 2086 5610
0:0:0:0:0:0:0:1 - - [23/Nov/2025:20:22:04 +0700] "GET /api/v1/cinema-clusters/all HTTP/1.1" 200 2085 9330
0:0:0:0:0:0:0:1 - - [23/Nov/2025:20:22:04 +0700] "GET /api/v1/cinemas?cityId=1&page=0&size=20 HTTP/1.1" 200 6809 50931
0:0:0:0:0:0:0:1 - - [23/Nov/2025:20:22:04 +0700] "GET /api/v1/cinemas?cityId=1&page=0&size=20 HTTP/1.1" 200 6809 42590
0:0:0:0:0:0:0:1 - - [23/Nov/2025:20:22:04 +0700] "GET /api/v1/cinemas?cityId=1&page=0&size=20 HTTP/1.1" 200 6809 42173
0:0:0:0:0:0:0:1 - - [23/Nov/2025:20:22:04 +0700] "GET /api/v1/cinemas?cityId=1&page=0&size=20 HTTP/1.1" 200 6809 39046
0:0:0:0:0:0:0:1 - - [23/Nov/2025:20:24:57 +0700] "GET /api/v1/cinemas/cluster/1 HTTP/1.1" 200 3671 93150
0:0:0:0:0:0:0:1 - - [23/Nov/2025:20:24:57 +0700] "GET /api/v1/showtime/cinema/1/date/2025-11-23 HTTP/1.1" 200 2376 17679
0:0:0:0:0:0:0:1 - - [23/Nov/2025:20:24:57 +0700] "GET /api/v1/showtime/cinema/1/date/2025-11-23 HTTP/1.1" 200 2376 17129
0:0:0:0:0:0:0:1 - - [23/Nov/2025:20:24:58 +0700] "GET /api/v1/cinemas?cityId=1&page=0&size=20 HTTP/1.1" 200 6809 48898
0:0:0:0:0:0:0:1 - - [23/Nov/2025:20:24:58 +0700] "GET /api/v1/showtime/cinema/1/date/2025-11-23 HTTP/1.1" 200 2376 15292
0:0:0:0:0:0:0:1 - - [23/Nov/2025:20:24:58 +0700] "GET /api/v1/showtime/cinema/1/date/2025-11-23 HTTP/1.1" 200 2376 16838
0:0:0:0:0:0:0:1 - - [23/Nov/2025:20:24:59 +0700] "GET /api/v1/cinemas/cluster/1 HTTP/1.1" 200 3671 97795
0:0:0:0:0:0:0:1 - - [23/Nov/2025:20:24:59 +0700] "GET /api/v1/showtime/cinema/1/date/2025-11-23 HTTP/1.1" 200 2376 23809
0:0:0:0:0:0:0:1 - - [23/Nov/2025:20:24:59 +0700] "GET /api/v1/showtime/cinema/1/date/2025-11-23 HTTP/1.1" 200 2376 14181
0:0:0:0:0:0:0:1 - - [23/Nov/2025:20:25:00 +0700] "GET /api/v1/cinemas/cluster/2 HTTP/1.1" 200 2313 27529
0:0:0:0:0:0:0:1 - - [23/Nov/2025:20:25:00 +0700] "GET /api/v1/showtime/cinema/12/date/2025-11-23 HTTP/1.1" 200 2412 19531
0:0:0:0:0:0:0:1 - - [23/Nov/2025:20:25:00 +0700] "GET /api/v1/showtime/cinema/12/date/2025-11-23 HTTP/1.1" 200 2412 17938
0:0:0:0:0:0:0:1 - - [23/Nov/2025:20:26:23 +0700] "GET /swagger-ui/index.html HTTP/1.1" 200 734 24121
0:0:0:0:0:0:0:1 - - [23/Nov/2025:20:26:23 +0700] "GET /swagger-ui/index.css HTTP/1.1" 200 202 5164
0:0:0:0:0:0:0:1 - - [23/Nov/2025:20:26:23 +0700] "GET /swagger-ui/swagger-ui.css HTTP/1.1" 200 154986 9045
0:0:0:0:0:0:0:1 - - [23/Nov/2025:20:26:23 +0700] "GET /swagger-ui/swagger-ui-standalone-preset.js HTTP/1.1" 200 229223 11639
0:0:0:0:0:0:0:1 - - [23/Nov/2025:20:26:23 +0700] "GET /swagger-ui/swagger-ui-bundle.js HTTP/1.1" 200 1468326 27239
0:0:0:0:0:0:0:1 - - [23/Nov/2025:20:26:23 +0700] "GET /swagger-ui/swagger-initializer.js HTTP/1.1" 200 612 28054
0:0:0:0:0:0:0:1 - - [23/Nov/2025:20:26:23 +0700] "GET /swagger-ui/favicon-32x32.png HTTP/1.1" 200 628 3707
0:0:0:0:0:0:0:1 - - [23/Nov/2025:20:26:23 +0700] "GET /api-docs/swagger-config HTTP/1.1" 200 163 6848
0:0:0:0:0:0:0:1 - - [23/Nov/2025:20:26:27 +0700] "GET /api-docs HTTP/1.1" 200 129630 3363805
0:0:0:0:0:0:0:1 - - [23/Nov/2025:20:27:12 +0700] "GET /api/v1/showtime/cinema/2/date/2025-11-24?page=0&size=5 HTTP/1.1" 200 3306 24150
0:0:0:0:0:0:0:1 - - [23/Nov/2025:20:36:37 +0700] "GET /api/v1/cinema-clusters/all HTTP/1.1" 200 2086 14932
0:0:0:0:0:0:0:1 - - [23/Nov/2025:20:36:37 +0700] "GET /api/v1/cinema-clusters/all HTTP/1.1" 200 2086 12837
0:0:0:0:0:0:0:1 - - [23/Nov/2025:20:36:37 +0700] "GET /api/v1/cities/active HTTP/1.1" 200 1151 15469
0:0:0:0:0:0:0:1 - - [23/Nov/2025:20:36:37 +0700] "GET /api/v1/cities/active HTTP/1.1" 200 1151 12784
0:0:0:0:0:0:0:1 - - [23/Nov/2025:20:36:37 +0700] "GET /api/v1/cinema-clusters/all HTTP/1.1" 200 2086 12760
0:0:0:0:0:0:0:1 - - [23/Nov/2025:20:36:37 +0700] "GET /api/v1/cinema-clusters/all HTTP/1.1" 200 2086 7397
0:0:0:0:0:0:0:1 - - [23/Nov/2025:20:36:37 +0700] "GET /api/v1/cinemas?cityId=1&page=0&size=20 HTTP/1.1" 200 6809 67649
0:0:0:0:0:0:0:1 - - [23/Nov/2025:20:36:37 +0700] "GET /api/v1/showtime/cinema/1/date/2025-11-23 HTTP/1.1" 200 2376 24163
0:0:0:0:0:0:0:1 - - [23/Nov/2025:20:36:37 +0700] "GET /api/v1/showtime/cinema/1/date/2025-11-23 HTTP/1.1" 200 2376 18518
0:0:0:0:0:0:0:1 - - [23/Nov/2025:20:36:37 +0700] "GET /api/v1/cinemas?cityId=1&page=0&size=20 HTTP/1.1" 200 6809 63053
0:0:0:0:0:0:0:1 - - [23/Nov/2025:20:36:38 +0700] "GET /api/v1/showtime/cinema/1/date/2025-11-23 HTTP/1.1" 200 2376 18036
0:0:0:0:0:0:0:1 - - [23/Nov/2025:20:36:38 +0700] "GET /api/v1/cinemas?cityId=1&page=0&size=20 HTTP/1.1" 200 6809 71548
0:0:0:0:0:0:0:1 - - [23/Nov/2025:20:36:38 +0700] "GET /api/v1/showtime/cinema/1/date/2025-11-23 HTTP/1.1" 200 2375 20354
0:0:0:0:0:0:0:1 - - [23/Nov/2025:20:36:54 +0700] "GET /api/v1/cinema-clusters/all HTTP/1.1" 200 2086 20591
0:0:0:0:0:0:0:1 - - [23/Nov/2025:20:36:54 +0700] "GET /api/v1/cities/active HTTP/1.1" 200 1151 23645
0:0:0:0:0:0:0:1 - - [23/Nov/2025:20:36:54 +0700] "GET /api/v1/cinema-clusters/all HTTP/1.1" 200 2086 14874
0:0:0:0:0:0:0:1 - - [23/Nov/2025:20:36:54 +0700] "GET /api/v1/cities/active HTTP/1.1" 200 1150 11828
0:0:0:0:0:0:0:1 - - [23/Nov/2025:20:36:54 +0700] "GET /api/v1/cinema-clusters/all HTTP/1.1" 200 2086 9419
0:0:0:0:0:0:0:1 - - [23/Nov/2025:20:36:54 +0700] "GET /api/v1/cinema-clusters/all HTTP/1.1" 200 2086 6490
0:0:0:0:0:0:0:1 - - [23/Nov/2025:20:36:54 +0700] "GET /api/v1/cinemas?cityId=1&page=0&size=20 HTTP/1.1" 200 6809 48662
0:0:0:0:0:0:0:1 - - [23/Nov/2025:20:36:54 +0700] "GET /api/v1/showtime/cinema/1/date/2025-11-23 HTTP/1.1" 200 2376 16695
0:0:0:0:0:0:0:1 - - [23/Nov/2025:20:36:54 +0700] "GET /api/v1/showtime/cinema/1/date/2025-11-23 HTTP/1.1" 200 2376 14877
0:0:0:0:0:0:0:1 - - [23/Nov/2025:20:36:54 +0700] "GET /api/v1/cinemas?cityId=1&page=0&size=20 HTTP/1.1" 200 6809 53142
0:0:0:0:0:0:0:1 - - [23/Nov/2025:20:36:54 +0700] "GET /api/v1/cinemas?cityId=1&page=0&size=20 HTTP/1.1" 200 6808 49613
0:0:0:0:0:0:0:1 - - [23/Nov/2025:20:36:54 +0700] "GET /api/v1/showtime/cinema/1/date/2025-11-23 HTTP/1.1" 200 2376 17078
0:0:0:0:0:0:0:1 - - [23/Nov/2025:20:36:54 +0700] "GET /api/v1/showtime/cinema/1/date/2025-11-23 HTTP/1.1" 200 2376 16524
0:0:0:0:0:0:0:1 - - [23/Nov/2025:20:38:37 +0700] "GET /api/v1/showtime/cinema/1/date/2025-11-24 HTTP/1.1" 200 2462 500371
0:0:0:0:0:0:0:1 - - [23/Nov/2025:20:38:38 +0700] "GET /api/v1/showtime/cinema/1/date/2025-11-25 HTTP/1.1" 200 2465 39418
0:0:0:0:0:0:0:1 - - [23/Nov/2025:20:38:40 +0700] "GET /api/v1/showtime/cinema/1/date/2025-11-26 HTTP/1.1" 200 2465 34064
0:0:0:0:0:0:0:1 - - [23/Nov/2025:20:38:41 +0700] "GET /api/v1/showtime/cinema/1/date/2025-11-27 HTTP/1.1" 200 2465 26994
0:0:0:0:0:0:0:1 - - [23/Nov/2025:20:38:41 +0700] "GET /api/v1/showtime/cinema/1/date/2025-11-28 HTTP/1.1" 200 2465 28162
0:0:0:0:0:0:0:1 - - [23/Nov/2025:20:38:42 +0700] "GET /api/v1/showtime/cinema/1/date/2025-11-29 HTTP/1.1" 200 2465 34489
0:0:0:0:0:0:0:1 - - [23/Nov/2025:20:38:43 +0700] "GET /api/v1/showtime/cinema/1/date/2025-11-23 HTTP/1.1" 200 2458 30896
0:0:0:0:0:0:0:1 - - [23/Nov/2025:20:38:43 +0700] "GET /api/v1/showtime/cinema/1/date/2025-11-26 HTTP/1.1" 200 2465 32236
0:0:0:0:0:0:0:1 - - [23/Nov/2025:20:38:44 +0700] "GET /api/v1/showtime/cinema/1/date/2025-11-25 HTTP/1.1" 200 2465 33542
0:0:0:0:0:0:0:1 - - [23/Nov/2025:20:38:44 +0700] "GET /api/v1/showtime/cinema/1/date/2025-11-24 HTTP/1.1" 200 2462 23800
0:0:0:0:0:0:0:1 - - [23/Nov/2025:20:38:44 +0700] "GET /api/v1/showtime/cinema/1/date/2025-11-27 HTTP/1.1" 200 2465 61829
0:0:0:0:0:0:0:1 - - [23/Nov/2025:20:38:47 +0700] "GET /api/v1/cinema-clusters/all HTTP/1.1" 200 2086 47302
0:0:0:0:0:0:0:1 - - [23/Nov/2025:20:38:47 +0700] "GET /api/v1/cities/active HTTP/1.1" 200 1151 47594
0:0:0:0:0:0:0:1 - - [23/Nov/2025:20:38:47 +0700] "GET /api/v1/cities/active HTTP/1.1" 200 1150 10102
0:0:0:0:0:0:0:1 - - [23/Nov/2025:20:38:47 +0700] "GET /api/v1/cinema-clusters/all HTTP/1.1" 200 2086 10653
0:0:0:0:0:0:0:1 - - [23/Nov/2025:20:38:47 +0700] "GET /api/v1/cinema-clusters/all HTTP/1.1" 200 2084 14868
0:0:0:0:0:0:0:1 - - [23/Nov/2025:20:38:47 +0700] "GET /api/v1/cinema-clusters/all HTTP/1.1" 200 2086 11729
0:0:0:0:0:0:0:1 - - [23/Nov/2025:20:38:47 +0700] "GET /api/v1/cinemas?cityId=1&page=0&size=20 HTTP/1.1" 200 6809 151012
0:0:0:0:0:0:0:1 - - [23/Nov/2025:20:38:47 +0700] "GET /api/v1/showtime/cinema/1/date/2025-11-23 HTTP/1.1" 200 2459 27331
0:0:0:0:0:0:0:1 - - [23/Nov/2025:20:38:47 +0700] "GET /api/v1/showtime/cinema/1/date/2025-11-23 HTTP/1.1" 200 2459 22205
0:0:0:0:0:0:0:1 - - [23/Nov/2025:20:38:47 +0700] "GET /api/v1/cinemas?cityId=1&page=0&size=20 HTTP/1.1" 200 6809 98789
0:0:0:0:0:0:0:1 - - [23/Nov/2025:20:38:48 +0700] "GET /api/v1/showtime/cinema/1/date/2025-11-23 HTTP/1.1" 200 2458 17036
0:0:0:0:0:0:0:1 - - [23/Nov/2025:20:38:48 +0700] "GET /api/v1/cinemas?cityId=1&page=0&size=20 HTTP/1.1" 200 6809 97673
0:0:0:0:0:0:0:1 - - [23/Nov/2025:20:38:48 +0700] "GET /api/v1/showtime/cinema/1/date/2025-11-23 HTTP/1.1" 200 2459 27082
0:0:0:0:0:0:0:1 - - [23/Nov/2025:20:39:08 +0700] "GET /api/v1/cinema-clusters/all HTTP/1.1" 200 2086 14224
0:0:0:0:0:0:0:1 - - [23/Nov/2025:20:39:08 +0700] "GET /api/v1/cinema-clusters/all HTTP/1.1" 200 2086 21868
0:0:0:0:0:0:0:1 - - [23/Nov/2025:20:39:08 +0700] "GET /api/v1/cities/active HTTP/1.1" 200 1151 19958
0:0:0:0:0:0:0:1 - - [23/Nov/2025:20:39:08 +0700] "GET /api/v1/cities/active HTTP/1.1" 200 1150 16446
0:0:0:0:0:0:0:1 - - [23/Nov/2025:20:39:08 +0700] "GET /api/v1/cinema-clusters/all HTTP/1.1" 200 2086 13924
0:0:0:0:0:0:0:1 - - [23/Nov/2025:20:39:08 +0700] "GET /api/v1/cinema-clusters/all HTTP/1.1" 200 2086 15928
0:0:0:0:0:0:0:1 - - [23/Nov/2025:20:39:09 +0700] "GET /api/v1/cinemas?cityId=1&page=0&size=20 HTTP/1.1" 200 6809 119898
0:0:0:0:0:0:0:1 - - [23/Nov/2025:20:39:09 +0700] "GET /api/v1/showtime/cinema/1/date/2025-11-23 HTTP/1.1" 200 2458 28640
0:0:0:0:0:0:0:1 - - [23/Nov/2025:20:39:09 +0700] "GET /api/v1/showtime/cinema/1/date/2025-11-23 HTTP/1.1" 200 2459 24861
0:0:0:0:0:0:0:1 - - [23/Nov/2025:20:39:09 +0700] "GET /api/v1/cinemas?cityId=1&page=0&size=20 HTTP/1.1" 200 6808 118892
0:0:0:0:0:0:0:1 - - [23/Nov/2025:20:39:09 +0700] "GET /api/v1/showtime/cinema/1/date/2025-11-23 HTTP/1.1" 200 2459 27882
0:0:0:0:0:0:0:1 - - [23/Nov/2025:20:39:09 +0700] "GET /api/v1/cinemas?cityId=1&page=0&size=20 HTTP/1.1" 200 6809 106231
0:0:0:0:0:0:0:1 - - [23/Nov/2025:20:39:09 +0700] "GET /api/v1/showtime/cinema/1/date/2025-11-23 HTTP/1.1" 200 2459 20076
0:0:0:0:0:0:0:1 - - [23/Nov/2025:20:47:00 +0700] "GET /api/v1/cinema-clusters/all HTTP/1.1" 200 2086 17504
0:0:0:0:0:0:0:1 - - [23/Nov/2025:20:47:00 +0700] "GET /api/v1/cinema-clusters/all HTTP/1.1" 200 2086 16833
0:0:0:0:0:0:0:1 - - [23/Nov/2025:20:47:00 +0700] "GET /api/v1/cities/active HTTP/1.1" 200 1151 26796
0:0:0:0:0:0:0:1 - - [23/Nov/2025:20:47:00 +0700] "GET /api/v1/cities/active HTTP/1.1" 200 1151 15944
0:0:0:0:0:0:0:1 - - [23/Nov/2025:20:47:01 +0700] "GET /api/v1/cinema-clusters/all HTTP/1.1" 200 2086 14420
0:0:0:0:0:0:0:1 - - [23/Nov/2025:20:47:01 +0700] "GET /api/v1/cinema-clusters/all HTTP/1.1" 200 2086 13177
0:0:0:0:0:0:0:1 - - [23/Nov/2025:20:47:01 +0700] "GET /api/v1/cinemas?cityId=1&page=0&size=20 HTTP/1.1" 200 6809 113979
0:0:0:0:0:0:0:1 - - [23/Nov/2025:20:47:01 +0700] "GET /api/v1/showtime/cinema/1/date/2025-11-23 HTTP/1.1" 200 2459 20581
0:0:0:0:0:0:0:1 - - [23/Nov/2025:20:47:01 +0700] "GET /api/v1/showtime/cinema/1/date/2025-11-23 HTTP/1.1" 200 2459 46015
0:0:0:0:0:0:0:1 - - [23/Nov/2025:20:47:01 +0700] "GET /api/v1/cinemas?cityId=1&page=0&size=20 HTTP/1.1" 200 6809 142456
0:0:0:0:0:0:0:1 - - [23/Nov/2025:20:47:01 +0700] "GET /api/v1/showtime/cinema/1/date/2025-11-23 HTTP/1.1" 200 2459 41722
0:0:0:0:0:0:0:1 - - [23/Nov/2025:20:47:01 +0700] "GET /api/v1/cinemas?cityId=1&page=0&size=20 HTTP/1.1" 200 6808 161863
0:0:0:0:0:0:0:1 - - [23/Nov/2025:20:47:01 +0700] "GET /api/v1/showtime/cinema/1/date/2025-11-23 HTTP/1.1" 200 2458 19094
0:0:0:0:0:0:0:1 - - [23/Nov/2025:20:47:08 +0700] "GET /api/v1/showtime/cinema/3/date/2025-11-23 HTTP/1.1" 200 2482 20894
0:0:0:0:0:0:0:1 - - [23/Nov/2025:20:47:09 +0700] "GET /api/v1/showtime/cinema/4/date/2025-11-23 HTTP/1.1" 200 2488 24226
0:0:0:0:0:0:0:1 - - [23/Nov/2025:20:47:11 +0700] "GET /api/v1/showtime/cinema/4/date/2025-11-24 HTTP/1.1" 200 2488 33014
0:0:0:0:0:0:0:1 - - [23/Nov/2025:20:47:11 +0700] "GET /api/v1/showtime/cinema/4/date/2025-11-25 HTTP/1.1" 200 2489 26513
0:0:0:0:0:0:0:1 - - [23/Nov/2025:20:47:12 +0700] "GET /api/v1/showtime/cinema/4/date/2025-11-26 HTTP/1.1" 200 2489 20918
0:0:0:0:0:0:0:1 - - [23/Nov/2025:20:47:13 +0700] "GET /api/v1/showtime/cinema/4/date/2025-11-27 HTTP/1.1" 200 2488 16758
0:0:0:0:0:0:0:1 - - [23/Nov/2025:20:47:13 +0700] "GET /api/v1/showtime/cinema/4/date/2025-11-28 HTTP/1.1" 200 2489 23218
0:0:0:0:0:0:0:1 - - [23/Nov/2025:20:47:14 +0700] "GET /api/v1/showtime/cinema/5/date/2025-11-28 HTTP/1.1" 200 2489 21117
0:0:0:0:0:0:0:1 - - [23/Nov/2025:20:47:15 +0700] "GET /api/v1/showtime/cinema/6/date/2025-11-28 HTTP/1.1" 200 2489 18293
0:0:0:0:0:0:0:1 - - [23/Nov/2025:20:47:15 +0700] "GET /api/v1/showtime/cinema/7/date/2025-11-28 HTTP/1.1" 200 2489 24707
0:0:0:0:0:0:0:1 - - [23/Nov/2025:20:47:16 +0700] "GET /api/v1/showtime/cinema/8/date/2025-11-28 HTTP/1.1" 200 2489 18084
0:0:0:0:0:0:0:1 - - [23/Nov/2025:20:47:17 +0700] "GET /api/v1/showtime/cinema/17/date/2025-11-28 HTTP/1.1" 200 2501 18769
0:0:0:0:0:0:0:1 - - [23/Nov/2025:20:47:17 +0700] "GET /api/v1/showtime/cinema/16/date/2025-11-28 HTTP/1.1" 200 2501 18842
0:0:0:0:0:0:0:1 - - [23/Nov/2025:20:47:18 +0700] "GET /api/v1/showtime/cinema/11/date/2025-11-28 HTTP/1.1" 200 2489 35361
0:0:0:0:0:0:0:1 - - [23/Nov/2025:20:47:19 +0700] "GET /api/v1/showtime/cinema/9/date/2025-11-28 HTTP/1.1" 200 2489 19925
0:0:0:0:0:0:0:1 - - [23/Nov/2025:20:47:19 +0700] "GET /api/v1/showtime/cinema/8/date/2025-11-28 HTTP/1.1" 200 2489 17570
0:0:0:0:0:0:0:1 - - [23/Nov/2025:20:47:20 +0700] "GET /api/v1/showtime/cinema/7/date/2025-11-28 HTTP/1.1" 200 2489 17256
0:0:0:0:0:0:0:1 - - [23/Nov/2025:20:47:21 +0700] "GET /api/v1/cinemas/cluster/1 HTTP/1.1" 200 3671 118027
0:0:0:0:0:0:0:1 - - [23/Nov/2025:20:47:21 +0700] "GET /api/v1/showtime/cinema/1/date/2025-11-28 HTTP/1.1" 200 2465 39947
0:0:0:0:0:0:0:1 - - [23/Nov/2025:20:47:21 +0700] "GET /api/v1/showtime/cinema/1/date/2025-11-28 HTTP/1.1" 200 2465 21180
0:0:0:0:0:0:0:1 - - [23/Nov/2025:20:47:21 +0700] "GET /api/v1/cinemas/cluster/2 HTTP/1.1" 200 2313 39902
0:0:0:0:0:0:0:1 - - [23/Nov/2025:20:47:21 +0700] "GET /api/v1/showtime/cinema/12/date/2025-11-28 HTTP/1.1" 200 2498 16972
0:0:0:0:0:0:0:1 - - [23/Nov/2025:20:47:21 +0700] "GET /api/v1/showtime/cinema/12/date/2025-11-28 HTTP/1.1" 200 2498 17492
0:0:0:0:0:0:0:1 - - [23/Nov/2025:20:47:24 +0700] "GET /api/v1/cinemas/cluster/3 HTTP/1.1" 200 2627 59850
0:0:0:0:0:0:0:1 - - [23/Nov/2025:20:47:24 +0700] "GET /api/v1/showtime/cinema/19/date/2025-11-28 HTTP/1.1" 200 2501 14530
0:0:0:0:0:0:0:1 - - [23/Nov/2025:20:47:24 +0700] "GET /api/v1/showtime/cinema/19/date/2025-11-28 HTTP/1.1" 200 2501 15388
0:0:0:0:0:0:0:1 - - [23/Nov/2025:20:47:25 +0700] "GET /api/v1/cinemas/cluster/4 HTTP/1.1" 200 1982 28081
0:0:0:0:0:0:0:1 - - [23/Nov/2025:20:47:25 +0700] "GET /api/v1/showtime/cinema/27/date/2025-11-28 HTTP/1.1" 200 2465 18171
0:0:0:0:0:0:0:1 - - [23/Nov/2025:20:47:25 +0700] "GET /api/v1/showtime/cinema/27/date/2025-11-28 HTTP/1.1" 200 2465 15693
0:0:0:0:0:0:0:1 - - [23/Nov/2025:20:47:26 +0700] "GET /api/v1/cinemas/cluster/5 HTTP/1.1" 200 1066 24411
0:0:0:0:0:0:0:1 - - [23/Nov/2025:20:47:26 +0700] "GET /api/v1/showtime/cinema/33/date/2025-11-28 HTTP/1.1" 200 2465 16449
0:0:0:0:0:0:0:1 - - [23/Nov/2025:20:47:26 +0700] "GET /api/v1/showtime/cinema/33/date/2025-11-28 HTTP/1.1" 200 2465 14892
0:0:0:0:0:0:0:1 - - [23/Nov/2025:20:47:27 +0700] "GET /api/v1/cinemas/cluster/6 HTTP/1.1" 200 1095 21505
0:0:0:0:0:0:0:1 - - [23/Nov/2025:20:47:27 +0700] "GET /api/v1/showtime/cinema/36/date/2025-11-28 HTTP/1.1" 200 2477 16013
0:0:0:0:0:0:0:1 - - [23/Nov/2025:20:47:27 +0700] "GET /api/v1/showtime/cinema/36/date/2025-11-28 HTTP/1.1" 200 2477 20206
0:0:0:0:0:0:0:1 - - [23/Nov/2025:20:47:28 +0700] "GET /api/v1/showtime/cinema/37/date/2025-11-28 HTTP/1.1" 200 2476 21215
0:0:0:0:0:0:0:1 - - [23/Nov/2025:20:47:29 +0700] "GET /api/v1/showtime/cinema/38/date/2025-11-28 HTTP/1.1" 200 2477 17739
0:0:0:0:0:0:0:1 - - [23/Nov/2025:20:47:30 +0700] "GET /api/v1/showtime/cinema/36/date/2025-11-28 HTTP/1.1" 200 2477 19127
0:0:0:0:0:0:0:1 - - [23/Nov/2025:20:47:30 +0700] "GET /api/v1/showtime/cinema/37/date/2025-11-28 HTTP/1.1" 200 2477 16871
0:0:0:0:0:0:0:1 - - [23/Nov/2025:20:47:36 +0700] "GET /api/v1/cinema-clusters/all HTTP/1.1" 200 2086 7644
0:0:0:0:0:0:0:1 - - [23/Nov/2025:20:47:36 +0700] "GET /api/v1/cities/active HTTP/1.1" 200 1151 7541
0:0:0:0:0:0:0:1 - - [23/Nov/2025:20:47:36 +0700] "GET /api/v1/cities/active HTTP/1.1" 200 1151 13179
0:0:0:0:0:0:0:1 - - [23/Nov/2025:20:47:36 +0700] "GET /api/v1/cinema-clusters/all HTTP/1.1" 200 2086 12796
0:0:0:0:0:0:0:1 - - [23/Nov/2025:20:47:36 +0700] "GET /api/v1/cinema-clusters/all HTTP/1.1" 200 2086 12948
0:0:0:0:0:0:0:1 - - [23/Nov/2025:20:47:36 +0700] "GET /api/v1/cinema-clusters/all HTTP/1.1" 200 2086 9789
0:0:0:0:0:0:0:1 - - [23/Nov/2025:20:47:36 +0700] "GET /api/v1/cinemas?cityId=1&page=0&size=20 HTTP/1.1" 200 6809 73617
0:0:0:0:0:0:0:1 - - [23/Nov/2025:20:47:36 +0700] "GET /api/v1/showtime/cinema/1/date/2025-11-23 HTTP/1.1" 200 2457 17612
0:0:0:0:0:0:0:1 - - [23/Nov/2025:20:47:36 +0700] "GET /api/v1/showtime/cinema/1/date/2025-11-23 HTTP/1.1" 200 2459 32203
0:0:0:0:0:0:0:1 - - [23/Nov/2025:20:47:36 +0700] "GET /api/v1/cinemas?cityId=1&page=0&size=20 HTTP/1.1" 200 6809 102621
0:0:0:0:0:0:0:1 - - [23/Nov/2025:20:47:36 +0700] "GET /api/v1/cinemas?cityId=1&page=0&size=20 HTTP/1.1" 200 6808 77008
0:0:0:0:0:0:0:1 - - [23/Nov/2025:20:47:36 +0700] "GET /api/v1/showtime/cinema/1/date/2025-11-23 HTTP/1.1" 200 2459 18213
0:0:0:0:0:0:0:1 - - [23/Nov/2025:20:47:36 +0700] "GET /api/v1/showtime/cinema/1/date/2025-11-23 HTTP/1.1" 200 2458 17188
0:0:0:0:0:0:0:1 - - [23/Nov/2025:21:12:34 +0700] "GET /api/v1/cinema-clusters/all HTTP/1.1" 200 2086 32153
0:0:0:0:0:0:0:1 - - [23/Nov/2025:21:12:34 +0700] "GET /api/v1/cinema-clusters/all HTTP/1.1" 200 2085 13763
0:0:0:0:0:0:0:1 - - [23/Nov/2025:21:12:34 +0700] "GET /api/v1/showtime/1 HTTP/1.1" 200 488 249258
0:0:0:0:0:0:0:1 - - [23/Nov/2025:21:12:34 +0700] "GET /api/v1/showtime/1 HTTP/1.1" 200 488 92495
0:0:0:0:0:0:0:1 - - [23/Nov/2025:21:13:40 +0700] "OPTIONS /api/v1/auth/login HTTP/1.1" 200 - 5612
0:0:0:0:0:0:0:1 - - [23/Nov/2025:21:13:41 +0700] "POST /api/v1/auth/login HTTP/1.1" 200 877 1054908
0:0:0:0:0:0:0:1 - - [23/Nov/2025:21:13:46 +0700] "OPTIONS /api/v1/cinema-clusters/all HTTP/1.1" 200 - 1198
0:0:0:0:0:0:0:1 - - [23/Nov/2025:21:13:46 +0700] "OPTIONS /api/v1/cinema-clusters/all HTTP/1.1" 200 - 848
0:0:0:0:0:0:0:1 - - [23/Nov/2025:21:13:47 +0700] "GET /api/v1/cinema-clusters/all HTTP/1.1" 200 2086 1198087
0:0:0:0:0:0:0:1 - - [23/Nov/2025:21:13:47 +0700] "OPTIONS /api/v1/cinemas/cluster/1 HTTP/1.1" 200 - 3097
0:0:0:0:0:0:0:1 - - [23/Nov/2025:21:13:47 +0700] "GET /api/v1/cinema-clusters/all HTTP/1.1" 200 2086 30554
0:0:0:0:0:0:0:1 - - [23/Nov/2025:21:13:47 +0700] "GET /api/v1/cinemas/cluster/1 HTTP/1.1" 200 3671 73443
0:0:0:0:0:0:0:1 - - [23/Nov/2025:21:13:47 +0700] "GET /api/v1/cinemas/cluster/1 HTTP/1.1" 200 3671 55237
0:0:0:0:0:0:0:1 - - [23/Nov/2025:21:13:50 +0700] "OPTIONS /api/v1/cinemas/1 HTTP/1.1" 200 - 1296
0:0:0:0:0:0:0:1 - - [23/Nov/2025:21:13:50 +0700] "OPTIONS /api/v1/cinemas/1 HTTP/1.1" 200 - 1454
0:0:0:0:0:0:0:1 - - [23/Nov/2025:21:13:50 +0700] "GET /api/v1/cinemas/1 HTTP/1.1" 200 464 25993
0:0:0:0:0:0:0:1 - - [23/Nov/2025:21:13:50 +0700] "OPTIONS /api/v1/rooms/cinema/1 HTTP/1.1" 200 - 1462
0:0:0:0:0:0:0:1 - - [23/Nov/2025:21:13:50 +0700] "GET /api/v1/cinemas/1 HTTP/1.1" 200 464 22624
0:0:0:0:0:0:0:1 - - [23/Nov/2025:21:13:50 +0700] "GET /api/v1/rooms/cinema/1 HTTP/1.1" 200 590 26436
0:0:0:0:0:0:0:1 - - [23/Nov/2025:21:13:50 +0700] "GET /api/v1/rooms/cinema/1 HTTP/1.1" 200 590 18860
0:0:0:0:0:0:0:1 - - [23/Nov/2025:21:13:51 +0700] "OPTIONS /api/v1/seats/room/2 HTTP/1.1" 200 - 1566
0:0:0:0:0:0:0:1 - - [23/Nov/2025:21:13:51 +0700] "OPTIONS /api/v1/seats/room/2 HTTP/1.1" 200 - 1903
0:0:0:0:0:0:0:1 - - [23/Nov/2025:21:13:52 +0700] "GET /api/v1/seats/room/2 HTTP/1.1" 200 14116 78096
0:0:0:0:0:0:0:1 - - [23/Nov/2025:21:13:52 +0700] "GET /api/v1/seats/room/2 HTTP/1.1" 200 14116 104832
0:0:0:0:0:0:0:1 - - [23/Nov/2025:21:14:53 +0700] "OPTIONS /api/v1/cinemas/1 HTTP/1.1" 200 - 2302
0:0:0:0:0:0:0:1 - - [23/Nov/2025:21:14:53 +0700] "OPTIONS /api/v1/cinemas/1 HTTP/1.1" 200 - 2867
0:0:0:0:0:0:0:1 - - [23/Nov/2025:21:14:53 +0700] "GET /api/v1/cinemas/1 HTTP/1.1" 200 464 31810
0:0:0:0:0:0:0:1 - - [23/Nov/2025:21:14:53 +0700] "OPTIONS /api/v1/rooms/cinema/1 HTTP/1.1" 200 - 3376
0:0:0:0:0:0:0:1 - - [23/Nov/2025:21:14:53 +0700] "GET /api/v1/cinemas/1 HTTP/1.1" 200 464 29912
0:0:0:0:0:0:0:1 - - [23/Nov/2025:21:14:53 +0700] "GET /api/v1/rooms/cinema/1 HTTP/1.1" 200 590 21553
0:0:0:0:0:0:0:1 - - [23/Nov/2025:21:14:53 +0700] "GET /api/v1/rooms/cinema/1 HTTP/1.1" 200 590 22882
0:0:0:0:0:0:0:1 - - [23/Nov/2025:21:14:55 +0700] "OPTIONS /api/v1/auth/verify HTTP/1.1" 200 - 2987
0:0:0:0:0:0:0:1 - - [23/Nov/2025:21:14:55 +0700] "OPTIONS /api/v1/cinema-clusters/all HTTP/1.1" 200 - 2431
0:0:0:0:0:0:0:1 - - [23/Nov/2025:21:14:55 +0700] "OPTIONS /api/v1/movies?size=20 HTTP/1.1" 200 - 2074
0:0:0:0:0:0:0:1 - - [23/Nov/2025:21:14:55 +0700] "OPTIONS /api/v1/movies/top-rated?size=10 HTTP/1.1" 200 - 1033
0:0:0:0:0:0:0:1 - - [23/Nov/2025:21:14:55 +0700] "OPTIONS /api/v1/movies/coming-soon?size=12 HTTP/1.1" 200 - 1357
0:0:0:0:0:0:0:1 - - [23/Nov/2025:21:14:55 +0700] "OPTIONS /api/v1/movies/now-showing?size=12 HTTP/1.1" 200 - 1947
0:0:0:0:0:0:0:1 - - [23/Nov/2025:21:14:55 +0700] "OPTIONS /api/v1/cinema-clusters/all HTTP/1.1" 200 - 1506
0:0:0:0:0:0:0:1 - - [23/Nov/2025:21:14:55 +0700] "OPTIONS /api/v1/movies?size=20 HTTP/1.1" 200 - 1122
0:0:0:0:0:0:0:1 - - [23/Nov/2025:21:14:55 +0700] "OPTIONS /api/v1/movies/coming-soon?size=12 HTTP/1.1" 200 - 962
0:0:0:0:0:0:0:1 - - [23/Nov/2025:21:14:55 +0700] "OPTIONS /api/v1/movies/top-rated?size=10 HTTP/1.1" 200 - 907
0:0:0:0:0:0:0:1 - - [23/Nov/2025:21:14:55 +0700] "OPTIONS /api/v1/movies/now-showing?size=12 HTTP/1.1" 200 - 1504
0:0:0:0:0:0:0:1 - - [23/Nov/2025:21:14:55 +0700] "GET /api/v1/auth/verify HTTP/1.1" 200 262 32313
0:0:0:0:0:0:0:1 - - [23/Nov/2025:21:14:55 +0700] "GET /api/v1/cinema-clusters/all HTTP/1.1" 200 2086 36636
0:0:0:0:0:0:0:1 - - [23/Nov/2025:21:14:55 +0700] "GET /api/v1/cinema-clusters/all HTTP/1.1" 200 2086 42930
0:0:0:0:0:0:0:1 - - [23/Nov/2025:21:14:55 +0700] "GET /api/v1/movies/coming-soon?size=12 HTTP/1.1" 200 2247 90989
0:0:0:0:0:0:0:1 - - [23/Nov/2025:21:14:55 +0700] "GET /api/v1/movies/now-showing?size=12 HTTP/1.1" 200 6159 99689
0:0:0:0:0:0:0:1 - - [23/Nov/2025:21:14:55 +0700] "GET /api/v1/movies/top-rated?size=10 HTTP/1.1" 200 5702 112312
0:0:0:0:0:0:0:1 - - [23/Nov/2025:21:14:55 +0700] "GET /api/v1/movies?size=20 HTTP/1.1" 200 10171 131506
0:0:0:0:0:0:0:1 - - [23/Nov/2025:21:14:55 +0700] "GET /api/v1/movies/coming-soon?size=12 HTTP/1.1" 200 2247 40932
0:0:0:0:0:0:0:1 - - [23/Nov/2025:21:14:55 +0700] "GET /api/v1/movies/now-showing?size=12 HTTP/1.1" 200 6159 62228
0:0:0:0:0:0:0:1 - - [23/Nov/2025:21:14:55 +0700] "GET /api/v1/movies/top-rated?size=10 HTTP/1.1" 200 5702 54990
0:0:0:0:0:0:0:1 - - [23/Nov/2025:21:14:55 +0700] "GET /api/v1/movies?size=20 HTTP/1.1" 200 10171 64410
0:0:0:0:0:0:0:1 - - [23/Nov/2025:21:14:57 +0700] "OPTIONS /api/v1/cities/active HTTP/1.1" 200 - 1177
0:0:0:0:0:0:0:1 - - [23/Nov/2025:21:14:57 +0700] "OPTIONS /api/v1/cities/active HTTP/1.1" 200 - 1310
0:0:0:0:0:0:0:1 - - [23/Nov/2025:21:14:57 +0700] "GET /api/v1/cities/active HTTP/1.1" 200 1151 26549
0:0:0:0:0:0:0:1 - - [23/Nov/2025:21:14:57 +0700] "GET /api/v1/cities/active HTTP/1.1" 200 1151 21556
0:0:0:0:0:0:0:1 - - [23/Nov/2025:21:14:57 +0700] "GET /api/v1/cinema-clusters/all HTTP/1.1" 200 2086 17758
0:0:0:0:0:0:0:1 - - [23/Nov/2025:21:14:57 +0700] "OPTIONS /api/v1/cinemas?cityId=1&page=0&size=20 HTTP/1.1" 200 - 1136
0:0:0:0:0:0:0:1 - - [23/Nov/2025:21:14:57 +0700] "OPTIONS /api/v1/cinemas?cityId=1&page=0&size=20 HTTP/1.1" 200 - 1150
0:0:0:0:0:0:0:1 - - [23/Nov/2025:21:14:57 +0700] "GET /api/v1/cinema-clusters/all HTTP/1.1" 200 2086 19268
0:0:0:0:0:0:0:1 - - [23/Nov/2025:21:14:57 +0700] "GET /api/v1/cinemas?cityId=1&page=0&size=20 HTTP/1.1" 200 6809 55764
0:0:0:0:0:0:0:1 - - [23/Nov/2025:21:14:57 +0700] "OPTIONS /api/v1/showtime/cinema/1/date/2025-11-23 HTTP/1.1" 200 - 1554
0:0:0:0:0:0:0:1 - - [23/Nov/2025:21:14:57 +0700] "OPTIONS /api/v1/showtime/cinema/1/date/2025-11-23 HTTP/1.1" 200 - 982
0:0:0:0:0:0:0:1 - - [23/Nov/2025:21:14:57 +0700] "GET /api/v1/showtime/cinema/1/date/2025-11-23 HTTP/1.1" 200 2459 30112
0:0:0:0:0:0:0:1 - - [23/Nov/2025:21:14:57 +0700] "GET /api/v1/cinemas?cityId=1&page=0&size=20 HTTP/1.1" 200 6809 61515
0:0:0:0:0:0:0:1 - - [23/Nov/2025:21:14:57 +0700] "GET /api/v1/showtime/cinema/1/date/2025-11-23 HTTP/1.1" 200 2459 29317
0:0:0:0:0:0:0:1 - - [23/Nov/2025:21:14:57 +0700] "GET /api/v1/showtime/cinema/1/date/2025-11-23 HTTP/1.1" 200 2459 32922
0:0:0:0:0:0:0:1 - - [23/Nov/2025:21:14:57 +0700] "GET /api/v1/cinemas?cityId=1&page=0&size=20 HTTP/1.1" 200 6809 88925
0:0:0:0:0:0:0:1 - - [23/Nov/2025:21:14:57 +0700] "GET /api/v1/showtime/cinema/1/date/2025-11-23 HTTP/1.1" 200 2459 34633
0:0:0:0:0:0:0:1 - - [23/Nov/2025:21:14:58 +0700] "OPTIONS /api/v1/showtime/1 HTTP/1.1" 200 - 890
0:0:0:0:0:0:0:1 - - [23/Nov/2025:21:14:58 +0700] "OPTIONS /api/v1/showtime-seats/showtime/1 HTTP/1.1" 200 - 806
0:0:0:0:0:0:0:1 - - [23/Nov/2025:21:14:58 +0700] "OPTIONS /api/v1/showtime-seats/showtime/1 HTTP/1.1" 200 - 966
0:0:0:0:0:0:0:1 - - [23/Nov/2025:21:14:58 +0700] "OPTIONS /api/v1/showtime/1 HTTP/1.1" 200 - 1116
0:0:0:0:0:0:0:1 - - [23/Nov/2025:21:14:59 +0700] "GET /api/v1/showtime/1 HTTP/1.1" 200 488 83877
0:0:0:0:0:0:0:1 - - [23/Nov/2025:21:14:59 +0700] "GET /api/v1/showtime/1 HTTP/1.1" 200 488 56550
0:0:0:0:0:0:0:1 - - [23/Nov/2025:21:14:59 +0700] "GET /api/v1/showtime-seats/showtime/1 HTTP/1.1" 200 22438 262365
0:0:0:0:0:0:0:1 - - [23/Nov/2025:21:14:59 +0700] "GET /api/v1/showtime-seats/showtime/1 HTTP/1.1" 200 22438 220072
0:0:0:0:0:0:0:1 - - [23/Nov/2025:21:15:47 +0700] "GET /api/v1/cinema-clusters/all HTTP/1.1" 200 2086 8059
0:0:0:0:0:0:0:1 - - [23/Nov/2025:21:15:47 +0700] "GET /api/v1/cinema-clusters/all HTTP/1.1" 200 2085 8888
0:0:0:0:0:0:0:1 - - [23/Nov/2025:21:15:47 +0700] "GET /api/v1/movies?page=0&size=12&sort=id,desc HTTP/1.1" 200 6408 44582
0:0:0:0:0:0:0:1 - - [23/Nov/2025:21:15:47 +0700] "GET /api/v1/movies?page=0&size=12&sort=id,desc HTTP/1.1" 200 6408 35952
0:0:0:0:0:0:0:1 - - [23/Nov/2025:21:15:49 +0700] "GET /api/v1/cities/active HTTP/1.1" 200 1151 12585
0:0:0:0:0:0:0:1 - - [23/Nov/2025:21:15:49 +0700] "GET /api/v1/cities/active HTTP/1.1" 200 1151 8453
0:0:0:0:0:0:0:1 - - [23/Nov/2025:21:15:49 +0700] "GET /api/v1/cinema-clusters/all HTTP/1.1" 200 2086 10783
0:0:0:0:0:0:0:1 - - [23/Nov/2025:21:15:49 +0700] "GET /api/v1/cinema-clusters/all HTTP/1.1" 200 2086 15705
0:0:0:0:0:0:0:1 - - [23/Nov/2025:21:15:50 +0700] "GET /api/v1/cinemas?cityId=1&page=0&size=20 HTTP/1.1" 200 6809 55721
0:0:0:0:0:0:0:1 - - [23/Nov/2025:21:15:50 +0700] "GET /api/v1/showtime/cinema/1/date/2025-11-23 HTTP/1.1" 200 2459 17509
0:0:0:0:0:0:0:1 - - [23/Nov/2025:21:15:50 +0700] "GET /api/v1/showtime/cinema/1/date/2025-11-23 HTTP/1.1" 200 2459 16588
0:0:0:0:0:0:0:1 - - [23/Nov/2025:21:15:50 +0700] "GET /api/v1/cinemas?cityId=1&page=0&size=20 HTTP/1.1" 200 6809 56040
0:0:0:0:0:0:0:1 - - [23/Nov/2025:21:15:50 +0700] "GET /api/v1/showtime/cinema/1/date/2025-11-23 HTTP/1.1" 200 2459 15081
0:0:0:0:0:0:0:1 - - [23/Nov/2025:21:15:50 +0700] "GET /api/v1/cinemas?cityId=1&page=0&size=20 HTTP/1.1" 200 6809 51944
0:0:0:0:0:0:0:1 - - [23/Nov/2025:21:15:50 +0700] "GET /api/v1/showtime/cinema/1/date/2025-11-23 HTTP/1.1" 200 2459 16353
0:0:0:0:0:0:0:1 - - [23/Nov/2025:21:15:52 +0700] "GET /api/v1/showtime/1 HTTP/1.1" 200 488 59401
0:0:0:0:0:0:0:1 - - [23/Nov/2025:21:15:52 +0700] "GET /api/v1/showtime/1 HTTP/1.1" 200 488 52069
0:0:0:0:0:0:0:1 - - [23/Nov/2025:21:15:52 +0700] "GET /api/v1/showtime-seats/showtime/1 HTTP/1.1" 200 22438 189930
0:0:0:0:0:0:0:1 - - [23/Nov/2025:21:15:52 +0700] "GET /api/v1/showtime-seats/showtime/1 HTTP/1.1" 200 22438 201186
0:0:0:0:0:0:0:1 - - [23/Nov/2025:21:30:07 +0700] "GET /api/v1/cities/active HTTP/1.1" 200 1151 13574
0:0:0:0:0:0:0:1 - - [23/Nov/2025:21:30:07 +0700] "GET /api/v1/cities/active HTTP/1.1" 200 1151 8536
0:0:0:0:0:0:0:1 - - [23/Nov/2025:21:30:07 +0700] "GET /api/v1/cinema-clusters/all HTTP/1.1" 200 2086 9917
0:0:0:0:0:0:0:1 - - [23/Nov/2025:21:30:07 +0700] "GET /api/v1/cinema-clusters/all HTTP/1.1" 200 2086 6861
0:0:0:0:0:0:0:1 - - [23/Nov/2025:21:30:07 +0700] "GET /api/v1/cinemas?cityId=1&page=0&size=20 HTTP/1.1" 200 6809 61352
0:0:0:0:0:0:0:1 - - [23/Nov/2025:21:30:07 +0700] "GET /api/v1/showtime/cinema/1/date/2025-11-23 HTTP/1.1" 200 2459 16003
0:0:0:0:0:0:0:1 - - [23/Nov/2025:21:30:07 +0700] "GET /api/v1/showtime/cinema/1/date/2025-11-23 HTTP/1.1" 200 2459 12959
0:0:0:0:0:0:0:1 - - [23/Nov/2025:21:30:07 +0700] "GET /api/v1/cinemas?cityId=1&page=0&size=20 HTTP/1.1" 200 6809 57749
0:0:0:0:0:0:0:1 - - [23/Nov/2025:21:30:07 +0700] "GET /api/v1/showtime/cinema/1/date/2025-11-23 HTTP/1.1" 200 2459 14443
0:0:0:0:0:0:0:1 - - [23/Nov/2025:21:30:08 +0700] "GET /api/v1/cinemas?cityId=1&page=0&size=20 HTTP/1.1" 200 6809 50853
0:0:0:0:0:0:0:1 - - [23/Nov/2025:21:30:08 +0700] "GET /api/v1/showtime/cinema/1/date/2025-11-23 HTTP/1.1" 200 2459 28802
0:0:0:0:0:0:0:1 - - [23/Nov/2025:21:30:10 +0700] "GET /api/v1/showtime/1 HTTP/1.1" 200 488 53223
0:0:0:0:0:0:0:1 - - [23/Nov/2025:21:30:10 +0700] "GET /api/v1/showtime/1 HTTP/1.1" 200 488 45515
0:0:0:0:0:0:0:1 - - [23/Nov/2025:21:30:10 +0700] "GET /api/v1/showtime-seats/showtime/1 HTTP/1.1" 200 22438 216042
0:0:0:0:0:0:0:1 - - [23/Nov/2025:21:30:10 +0700] "GET /api/v1/showtime-seats/showtime/1 HTTP/1.1" 200 22438 212495
0:0:0:0:0:0:0:1 - - [23/Nov/2025:21:30:29 +0700] "GET /api/v1/cities/active HTTP/1.1" 200 1151 10383
0:0:0:0:0:0:0:1 - - [23/Nov/2025:21:30:29 +0700] "GET /api/v1/cities/active HTTP/1.1" 200 1150 5288
0:0:0:0:0:0:0:1 - - [23/Nov/2025:21:30:29 +0700] "GET /api/v1/cinema-clusters/all HTTP/1.1" 200 2086 11039
0:0:0:0:0:0:0:1 - - [23/Nov/2025:21:30:29 +0700] "GET /api/v1/cinema-clusters/all HTTP/1.1" 200 2086 5029
0:0:0:0:0:0:0:1 - - [23/Nov/2025:21:30:29 +0700] "GET /api/v1/cinemas?cityId=1&page=0&size=20 HTTP/1.1" 200 6809 53947
0:0:0:0:0:0:0:1 - - [23/Nov/2025:21:30:29 +0700] "GET /api/v1/showtime/cinema/1/date/2025-11-23 HTTP/1.1" 200 2459 13994
0:0:0:0:0:0:0:1 - - [23/Nov/2025:21:30:29 +0700] "GET /api/v1/showtime/cinema/1/date/2025-11-23 HTTP/1.1" 200 2459 16200
0:0:0:0:0:0:0:1 - - [23/Nov/2025:21:30:29 +0700] "GET /api/v1/cinemas?cityId=1&page=0&size=20 HTTP/1.1" 200 6809 61299
0:0:0:0:0:0:0:1 - - [23/Nov/2025:21:30:29 +0700] "GET /api/v1/showtime/cinema/1/date/2025-11-23 HTTP/1.1" 200 2459 18373
0:0:0:0:0:0:0:1 - - [23/Nov/2025:21:30:29 +0700] "GET /api/v1/cinemas?cityId=1&page=0&size=20 HTTP/1.1" 200 6809 54251
0:0:0:0:0:0:0:1 - - [23/Nov/2025:21:30:29 +0700] "GET /api/v1/showtime/cinema/1/date/2025-11-23 HTTP/1.1" 200 2459 13168
0:0:0:0:0:0:0:1 - - [23/Nov/2025:21:30:31 +0700] "GET /api/v1/showtime/43 HTTP/1.1" 200 489 45668
0:0:0:0:0:0:0:1 - - [23/Nov/2025:21:30:31 +0700] "GET /api/v1/showtime/43 HTTP/1.1" 200 489 44557
0:0:0:0:0:0:0:1 - - [23/Nov/2025:21:30:31 +0700] "GET /api/v1/showtime-seats/showtime/43 HTTP/1.1" 200 22895 214270
0:0:0:0:0:0:0:1 - - [23/Nov/2025:21:30:31 +0700] "GET /api/v1/showtime-seats/showtime/43 HTTP/1.1" 200 22893 242788
0:0:0:0:0:0:0:1 - - [23/Nov/2025:21:30:33 +0700] "GET /api/v1/cities/active HTTP/1.1" 200 1151 9029
0:0:0:0:0:0:0:1 - - [23/Nov/2025:21:30:33 +0700] "GET /api/v1/cities/active HTTP/1.1" 200 1151 8671
0:0:0:0:0:0:0:1 - - [23/Nov/2025:21:30:33 +0700] "GET /api/v1/cinema-clusters/all HTTP/1.1" 200 2086 9895
0:0:0:0:0:0:0:1 - - [23/Nov/2025:21:30:33 +0700] "GET /api/v1/cinema-clusters/all HTTP/1.1" 200 2086 10302
0:0:0:0:0:0:0:1 - - [23/Nov/2025:21:30:33 +0700] "GET /api/v1/cinemas?cityId=1&page=0&size=20 HTTP/1.1" 200 6809 53530
0:0:0:0:0:0:0:1 - - [23/Nov/2025:21:30:33 +0700] "GET /api/v1/showtime/cinema/1/date/2025-11-23 HTTP/1.1" 200 2459 17173
0:0:0:0:0:0:0:1 - - [23/Nov/2025:21:30:33 +0700] "GET /api/v1/showtime/cinema/1/date/2025-11-23 HTTP/1.1" 200 2459 13731
0:0:0:0:0:0:0:1 - - [23/Nov/2025:21:30:33 +0700] "GET /api/v1/cinemas?cityId=1&page=0&size=20 HTTP/1.1" 200 6809 60147
0:0:0:0:0:0:0:1 - - [23/Nov/2025:21:30:33 +0700] "GET /api/v1/showtime/cinema/1/date/2025-11-23 HTTP/1.1" 200 2459 18264
0:0:0:0:0:0:0:1 - - [23/Nov/2025:21:30:33 +0700] "GET /api/v1/cinemas?cityId=1&page=0&size=20 HTTP/1.1" 200 6809 52951
0:0:0:0:0:0:0:1 - - [23/Nov/2025:21:30:33 +0700] "GET /api/v1/showtime/cinema/1/date/2025-11-23 HTTP/1.1" 200 2459 11439
0:0:0:0:0:0:0:1 - - [23/Nov/2025:21:32:26 +0700] "GET /api/v1/showtime/1 HTTP/1.1" 200 488 52002
0:0:0:0:0:0:0:1 - - [23/Nov/2025:21:32:26 +0700] "GET /api/v1/showtime/1 HTTP/1.1" 200 488 36361
0:0:0:0:0:0:0:1 - - [23/Nov/2025:21:32:26 +0700] "GET /api/v1/showtime-seats/showtime/1 HTTP/1.1" 200 22438 181647
0:0:0:0:0:0:0:1 - - [23/Nov/2025:21:32:26 +0700] "GET /api/v1/showtime-seats/showtime/1 HTTP/1.1" 200 22438 219207
0:0:0:0:0:0:0:1 - - [23/Nov/2025:22:27:11 +0700] "GET /api/v1/cinema-clusters/all HTTP/1.1" 200 2086 66533
0:0:0:0:0:0:0:1 - - [23/Nov/2025:22:27:11 +0700] "GET /api/v1/cinema-clusters/all HTTP/1.1" 200 2086 6983
0:0:0:0:0:0:0:1 - - [23/Nov/2025:22:27:11 +0700] "GET /api/v1/movies?page=0&size=12&sort=id,desc HTTP/1.1" 200 6408 78881
0:0:0:0:0:0:0:1 - - [23/Nov/2025:22:27:11 +0700] "GET /api/v1/movies?page=0&size=12&sort=id,desc HTTP/1.1" 200 6408 43804
0:0:0:0:0:0:0:1 - - [23/Nov/2025:22:27:17 +0700] "GET /api/v1/movies/42 HTTP/1.1" 200 864 52144
0:0:0:0:0:0:0:1 - - [23/Nov/2025:22:27:17 +0700] "GET /api/v1/movies/42 HTTP/1.1" 200 864 9090
0:0:0:0:0:0:0:1 - - [23/Nov/2025:22:27:18 +0700] "GET /api/v1/showtime?movieId=42 HTTP/1.1" 200 4386 476896
0:0:0:0:0:0:0:1 - - [23/Nov/2025:22:27:18 +0700] "GET /api/v1/showtime?movieId=42 HTTP/1.1" 200 4387 411213
0:0:0:0:0:0:0:1 - - [23/Nov/2025:22:27:22 +0700] "GET /api/v1/cities/active HTTP/1.1" 200 1151 11514
0:0:0:0:0:0:0:1 - - [23/Nov/2025:22:27:22 +0700] "GET /api/v1/cities/active HTTP/1.1" 200 1151 8872
0:0:0:0:0:0:0:1 - - [23/Nov/2025:22:27:22 +0700] "GET /api/v1/cinema-clusters/all HTTP/1.1" 200 2086 10733
0:0:0:0:0:0:0:1 - - [23/Nov/2025:22:27:22 +0700] "GET /api/v1/cinema-clusters/all HTTP/1.1" 200 2086 11973
0:0:0:0:0:0:0:1 - - [23/Nov/2025:22:27:22 +0700] "GET /api/v1/cinemas?cityId=1&page=0&size=20 HTTP/1.1" 200 6809 49703
0:0:0:0:0:0:0:1 - - [23/Nov/2025:22:27:22 +0700] "GET /api/v1/showtime/cinema/1/date/2025-11-23 HTTP/1.1" 200 2459 23029
0:0:0:0:0:0:0:1 - - [23/Nov/2025:22:27:22 +0700] "GET /api/v1/showtime/cinema/1/date/2025-11-23 HTTP/1.1" 200 2459 21073
0:0:0:0:0:0:0:1 - - [23/Nov/2025:22:27:22 +0700] "GET /api/v1/cinemas?cityId=1&page=0&size=20 HTTP/1.1" 200 6808 66239
0:0:0:0:0:0:0:1 - - [23/Nov/2025:22:27:22 +0700] "GET /api/v1/showtime/cinema/1/date/2025-11-23 HTTP/1.1" 200 2459 17636
0:0:0:0:0:0:0:1 - - [23/Nov/2025:22:27:22 +0700] "GET /api/v1/cinemas?cityId=1&page=0&size=20 HTTP/1.1" 200 6809 54403
0:0:0:0:0:0:0:1 - - [23/Nov/2025:22:27:23 +0700] "GET /api/v1/showtime/cinema/1/date/2025-11-23 HTTP/1.1" 200 2459 25604
0:0:0:0:0:0:0:1 - - [23/Nov/2025:22:27:25 +0700] "GET /api/v1/showtime/1 HTTP/1.1" 200 488 47920
0:0:0:0:0:0:0:1 - - [23/Nov/2025:22:27:25 +0700] "GET /api/v1/showtime/1 HTTP/1.1" 200 488 41994
0:0:0:0:0:0:0:1 - - [23/Nov/2025:22:27:25 +0700] "GET /api/v1/showtime-seats/showtime/1 HTTP/1.1" 200 22438 156118
0:0:0:0:0:0:0:1 - - [23/Nov/2025:22:27:25 +0700] "GET /api/v1/showtime-seats/showtime/1 HTTP/1.1" 200 22437 169835
0:0:0:0:0:0:0:1 - - [23/Nov/2025:22:28:10 +0700] "GET /api/v1/cinema-clusters/all HTTP/1.1" 200 2084 14138
0:0:0:0:0:0:0:1 - - [23/Nov/2025:22:28:10 +0700] "GET /api/v1/cinema-clusters/all HTTP/1.1" 200 2086 10931
0:0:0:0:0:0:0:1 - - [23/Nov/2025:22:28:11 +0700] "OPTIONS /api/v1/cinema-clusters/all HTTP/1.1" 200 - 1141
0:0:0:0:0:0:0:1 - - [23/Nov/2025:22:28:11 +0700] "OPTIONS /api/v1/auth/verify HTTP/1.1" 200 - 2292
0:0:0:0:0:0:0:1 - - [23/Nov/2025:22:28:11 +0700] "OPTIONS /api/v1/cinema-clusters/all HTTP/1.1" 200 - 1395
0:0:0:0:0:0:0:1 - - [23/Nov/2025:22:28:11 +0700] "GET /api/v1/auth/verify HTTP/1.1" 200 262 47020
0:0:0:0:0:0:0:1 - - [23/Nov/2025:22:28:11 +0700] "GET /api/v1/cinema-clusters/all HTTP/1.1" 200 2086 47392
0:0:0:0:0:0:0:1 - - [23/Nov/2025:22:28:11 +0700] "GET /api/v1/cinema-clusters/all HTTP/1.1" 200 2086 14834
0:0:0:0:0:0:0:1 - - [23/Nov/2025:22:28:11 +0700] "OPTIONS /api/v1/showtime/1 HTTP/1.1" 200 - 2205
0:0:0:0:0:0:0:1 - - [23/Nov/2025:22:28:11 +0700] "OPTIONS /api/v1/showtime-seats/showtime/1 HTTP/1.1" 200 - 2343
0:0:0:0:0:0:0:1 - - [23/Nov/2025:22:28:11 +0700] "OPTIONS /api/v1/showtime/1 HTTP/1.1" 200 - 1843
0:0:0:0:0:0:0:1 - - [23/Nov/2025:22:28:11 +0700] "OPTIONS /api/v1/showtime-seats/showtime/1 HTTP/1.1" 200 - 1837
0:0:0:0:0:0:0:1 - - [23/Nov/2025:22:28:11 +0700] "GET /api/v1/showtime/1 HTTP/1.1" 200 488 81231
0:0:0:0:0:0:0:1 - - [23/Nov/2025:22:28:11 +0700] "GET /api/v1/showtime/1 HTTP/1.1" 200 488 53840
0:0:0:0:0:0:0:1 - - [23/Nov/2025:22:28:11 +0700] "GET /api/v1/showtime-seats/showtime/1 HTTP/1.1" 200 22437 204713
0:0:0:0:0:0:0:1 - - [23/Nov/2025:22:28:12 +0700] "GET /api/v1/showtime-seats/showtime/1 HTTP/1.1" 200 22438 186498
0:0:0:0:0:0:0:1 - - [23/Nov/2025:22:32:34 +0700] "OPTIONS /api/v1/bookings HTTP/1.1" 200 - 1572
0:0:0:0:0:0:0:1 - - [23/Nov/2025:22:32:34 +0700] "POST /api/v1/bookings HTTP/1.1" 500 285 88628
0:0:0:0:0:0:0:1 - - [23/Nov/2025:22:43:45 +0700] "GET /api/v1/cities/active HTTP/1.1" 200 1151 11404
0:0:0:0:0:0:0:1 - - [23/Nov/2025:22:43:45 +0700] "GET /api/v1/cities/active HTTP/1.1" 200 1150 8405
0:0:0:0:0:0:0:1 - - [23/Nov/2025:22:43:45 +0700] "GET /api/v1/cinema-clusters/all HTTP/1.1" 200 2086 9084
0:0:0:0:0:0:0:1 - - [23/Nov/2025:22:43:45 +0700] "GET /api/v1/cinema-clusters/all HTTP/1.1" 200 2086 7004
0:0:0:0:0:0:0:1 - - [23/Nov/2025:22:43:45 +0700] "GET /api/v1/cinemas?cityId=1&page=0&size=20 HTTP/1.1" 200 6809 42636
0:0:0:0:0:0:0:1 - - [23/Nov/2025:22:43:45 +0700] "GET /api/v1/showtime/cinema/1/date/2025-11-23 HTTP/1.1" 200 2459 15349
0:0:0:0:0:0:0:1 - - [23/Nov/2025:22:43:45 +0700] "GET /api/v1/showtime/cinema/1/date/2025-11-23 HTTP/1.1" 200 2459 13383
0:0:0:0:0:0:0:1 - - [23/Nov/2025:22:43:45 +0700] "GET /api/v1/cinemas?cityId=1&page=0&size=20 HTTP/1.1" 200 6809 46769
0:0:0:0:0:0:0:1 - - [23/Nov/2025:22:43:45 +0700] "GET /api/v1/showtime/cinema/1/date/2025-11-23 HTTP/1.1" 200 2459 14022
0:0:0:0:0:0:0:1 - - [23/Nov/2025:22:43:45 +0700] "GET /api/v1/cinemas?cityId=1&page=0&size=20 HTTP/1.1" 200 6809 52010
0:0:0:0:0:0:0:1 - - [23/Nov/2025:22:43:46 +0700] "GET /api/v1/showtime/cinema/1/date/2025-11-23 HTTP/1.1" 200 2459 20190
0:0:0:0:0:0:0:1 - - [23/Nov/2025:22:43:48 +0700] "GET /api/v1/showtime/1 HTTP/1.1" 200 487 72350
0:0:0:0:0:0:0:1 - - [23/Nov/2025:22:43:48 +0700] "GET /api/v1/showtime/1 HTTP/1.1" 200 488 42643
0:0:0:0:0:0:0:1 - - [23/Nov/2025:22:43:48 +0700] "GET /api/v1/showtime-seats/showtime/1 HTTP/1.1" 200 22438 202099
0:0:0:0:0:0:0:1 - - [23/Nov/2025:22:43:48 +0700] "GET /api/v1/showtime-seats/showtime/1 HTTP/1.1" 200 22438 166753
