0:0:0:0:0:0:0:1 - - [18/Nov/2025:21:17:48 +0700] "GET /api/v1/cinema-clusters/all HTTP/1.1" 200 2823 361054
0:0:0:0:0:0:0:1 - - [18/Nov/2025:21:17:48 +0700] "GET /api/v1/cinema-clusters/all HTTP/1.1" 200 2823 23660
0:0:0:0:0:0:0:1 - - [18/Nov/2025:21:17:48 +0700] "GET /api/v1/movies?page=0&size=12&sort=id,desc HTTP/1.1" 200 6427 193839
0:0:0:0:0:0:0:1 - - [18/Nov/2025:21:17:48 +0700] "GET /api/v1/movies?page=0&size=12&sort=id,desc HTTP/1.1" 200 6427 63869
0:0:0:0:0:0:0:1 - - [18/Nov/2025:21:17:56 +0700] "GET /api/v1/movies/coming-soon?size=12 HTTP/1.1" 200 3245 42481
0:0:0:0:0:0:0:1 - - [18/Nov/2025:21:17:56 +0700] "GET /api/v1/movies/now-showing?size=12 HTTP/1.1" 200 6159 58254
0:0:0:0:0:0:0:1 - - [18/Nov/2025:21:17:56 +0700] "GET /api/v1/movies/coming-soon?size=12 HTTP/1.1" 200 3245 25016
0:0:0:0:0:0:0:1 - - [18/Nov/2025:21:17:56 +0700] "GET /api/v1/movies?size=20 HTTP/1.1" 200 10046 79663
0:0:0:0:0:0:0:1 - - [18/Nov/2025:21:17:56 +0700] "GET /api/v1/movies/top-rated?size=10 HTTP/1.1" 200 5702 81697
0:0:0:0:0:0:0:1 - - [18/Nov/2025:21:17:56 +0700] "GET /api/v1/movies/now-showing?size=12 HTTP/1.1" 200 6159 48486
0:0:0:0:0:0:0:1 - - [18/Nov/2025:21:17:56 +0700] "GET /api/v1/movies/top-rated?size=10 HTTP/1.1" 200 5702 36489
0:0:0:0:0:0:0:1 - - [18/Nov/2025:21:17:56 +0700] "GET /api/v1/movies?size=20 HTTP/1.1" 200 10046 61416
0:0:0:0:0:0:0:1 - - [18/Nov/2025:21:18:03 +0700] "GET /api/v1/movies/45 HTTP/1.1" 200 886 64361
0:0:0:0:0:0:0:1 - - [18/Nov/2025:21:18:03 +0700] "GET /api/v1/movies/45 HTTP/1.1" 200 886 22835
0:0:0:0:0:0:0:1 - - [18/Nov/2025:21:18:03 +0700] "GET /api/v1/showtime?movieId=45 HTTP/1.1" 200 1306 144303
0:0:0:0:0:0:0:1 - - [18/Nov/2025:21:18:03 +0700] "GET /api/v1/showtime?movieId=45 HTTP/1.1" 200 1306 145212
0:0:0:0:0:0:0:1 - - [18/Nov/2025:21:19:30 +0700] "GET /api/v1/movies/coming-soon?size=12 HTTP/1.1" 200 3245 37265
0:0:0:0:0:0:0:1 - - [18/Nov/2025:21:19:30 +0700] "GET /api/v1/movies/top-rated?size=10 HTTP/1.1" 200 5702 51863
0:0:0:0:0:0:0:1 - - [18/Nov/2025:21:19:30 +0700] "GET /api/v1/movies/now-showing?size=12 HTTP/1.1" 200 6159 53704
0:0:0:0:0:0:0:1 - - [18/Nov/2025:21:19:30 +0700] "GET /api/v1/movies/coming-soon?size=12 HTTP/1.1" 200 3245 21242
0:0:0:0:0:0:0:1 - - [18/Nov/2025:21:19:30 +0700] "GET /api/v1/movies?size=20 HTTP/1.1" 200 10046 70145
0:0:0:0:0:0:0:1 - - [18/Nov/2025:21:19:30 +0700] "GET /api/v1/movies/top-rated?size=10 HTTP/1.1" 200 5702 30033
0:0:0:0:0:0:0:1 - - [18/Nov/2025:21:19:30 +0700] "GET /api/v1/movies/now-showing?size=12 HTTP/1.1" 200 6159 34548
0:0:0:0:0:0:0:1 - - [18/Nov/2025:21:19:30 +0700] "GET /api/v1/movies?size=20 HTTP/1.1" 200 10046 53264
0:0:0:0:0:0:0:1 - - [18/Nov/2025:21:19:34 +0700] "GET /api/v1/movies/42 HTTP/1.1" 200 864 15332
0:0:0:0:0:0:0:1 - - [18/Nov/2025:21:19:34 +0700] "GET /api/v1/movies/42 HTTP/1.1" 200 864 11555
0:0:0:0:0:0:0:1 - - [18/Nov/2025:21:19:34 +0700] "GET /api/v1/showtime?movieId=42 HTTP/1.1" 200 1306 43785
0:0:0:0:0:0:0:1 - - [18/Nov/2025:21:19:34 +0700] "GET /api/v1/showtime?movieId=42 HTTP/1.1" 200 1306 40532
0:0:0:0:0:0:0:1 - - [18/Nov/2025:21:19:38 +0700] "GET /api/v1/showtime?movieId=42 HTTP/1.1" 200 1306 50549
0:0:0:0:0:0:0:1 - - [18/Nov/2025:21:19:39 +0700] "GET /api/v1/showtime?movieId=42 HTTP/1.1" 200 1306 48664
0:0:0:0:0:0:0:1 - - [18/Nov/2025:21:19:39 +0700] "GET /api/v1/showtime?movieId=42 HTTP/1.1" 200 1303 47409
0:0:0:0:0:0:0:1 - - [18/Nov/2025:21:19:40 +0700] "GET /api/v1/showtime?movieId=42 HTTP/1.1" 200 1306 39523
0:0:0:0:0:0:0:1 - - [18/Nov/2025:21:19:40 +0700] "GET /api/v1/showtime?movieId=42 HTTP/1.1" 200 1306 45670
0:0:0:0:0:0:0:1 - - [18/Nov/2025:21:19:41 +0700] "GET /api/v1/showtime?movieId=42 HTTP/1.1" 200 1306 38355
0:0:0:0:0:0:0:1 - - [18/Nov/2025:21:19:41 +0700] "GET /api/v1/showtime?movieId=42 HTTP/1.1" 200 1306 36990
0:0:0:0:0:0:0:1 - - [18/Nov/2025:21:19:42 +0700] "GET /api/v1/showtime?movieId=42 HTTP/1.1" 200 1306 49794
0:0:0:0:0:0:0:1 - - [18/Nov/2025:21:19:42 +0700] "GET /api/v1/showtime?movieId=42 HTTP/1.1" 200 1306 42731
0:0:0:0:0:0:0:1 - - [18/Nov/2025:21:20:01 +0700] "OPTIONS /api/v1/auth/login HTTP/1.1" 200 - 5075
0:0:0:0:0:0:0:1 - - [18/Nov/2025:21:20:02 +0700] "POST /api/v1/auth/login HTTP/1.1" 200 877 832165
0:0:0:0:0:0:0:1 - - [18/Nov/2025:21:20:18 +0700] "OPTIONS /api/v1/showtime HTTP/1.1" 200 - 1287
0:0:0:0:0:0:0:1 - - [18/Nov/2025:21:20:18 +0700] "OPTIONS /api/v1/showtime HTTP/1.1" 200 - 1336
0:0:0:0:0:0:0:1 - - [18/Nov/2025:21:20:18 +0700] "OPTIONS /api/v1/movies/now-showing HTTP/1.1" 200 - 1512
0:0:0:0:0:0:0:1 - - [18/Nov/2025:21:20:18 +0700] "OPTIONS /api/v1/cinemas HTTP/1.1" 200 - 1317
0:0:0:0:0:0:0:1 - - [18/Nov/2025:21:20:18 +0700] "OPTIONS /api/v1/showtime HTTP/1.1" 200 - 2856
0:0:0:0:0:0:0:1 - - [18/Nov/2025:21:20:18 +0700] "OPTIONS /api/v1/movies/now-showing HTTP/1.1" 200 - 2457
0:0:0:0:0:0:0:1 - - [18/Nov/2025:21:20:18 +0700] "OPTIONS /api/v1/cinemas HTTP/1.1" 200 - 1761
0:0:0:0:0:0:0:1 - - [18/Nov/2025:21:20:18 +0700] "OPTIONS /api/v1/showtime HTTP/1.1" 200 - 1175
0:0:0:0:0:0:0:1 - - [18/Nov/2025:21:20:19 +0700] "GET /api/v1/movies/now-showing HTTP/1.1" 200 5320 904733
0:0:0:0:0:0:0:1 - - [18/Nov/2025:21:20:19 +0700] "GET /api/v1/showtime HTTP/1.1" 200 1306 916058
0:0:0:0:0:0:0:1 - - [18/Nov/2025:21:20:19 +0700] "GET /api/v1/movies/now-showing HTTP/1.1" 200 5320 45519
0:0:0:0:0:0:0:1 - - [18/Nov/2025:21:20:19 +0700] "GET /api/v1/showtime HTTP/1.1" 200 1305 49085
0:0:0:0:0:0:0:1 - - [18/Nov/2025:21:20:19 +0700] "GET /api/v1/cinemas HTTP/1.1" 200 5903 967848
0:0:0:0:0:0:0:1 - - [18/Nov/2025:21:20:19 +0700] "GET /api/v1/showtime HTTP/1.1" 200 1306 53168
0:0:0:0:0:0:0:1 - - [18/Nov/2025:21:20:19 +0700] "GET /api/v1/cinemas HTTP/1.1" 200 5903 86618
0:0:0:0:0:0:0:1 - - [18/Nov/2025:21:20:19 +0700] "GET /api/v1/showtime HTTP/1.1" 200 1306 44525
0:0:0:0:0:0:0:1 - - [18/Nov/2025:21:20:26 +0700] "OPTIONS /api/v1/showtime-seats/showtime/14 HTTP/1.1" 200 - 1592
0:0:0:0:0:0:0:1 - - [18/Nov/2025:21:20:26 +0700] "GET /api/v1/showtime-seats/showtime/14 HTTP/1.1" 200 22580 172149
0:0:0:0:0:0:0:1 - - [18/Nov/2025:21:20:26 +0700] "GET /api/v1/showtime-seats/showtime/14 HTTP/1.1" 200 22582 232524
0:0:0:0:0:0:0:1 - - [18/Nov/2025:21:20:26 +0700] "GET /api/v1/showtime-seats/showtime/14 HTTP/1.1" 200 22582 195118
0:0:0:0:0:0:0:1 - - [18/Nov/2025:21:20:39 +0700] "OPTIONS /api/v1/showtime-seats/showtime/2 HTTP/1.1" 200 - 1616
0:0:0:0:0:0:0:1 - - [18/Nov/2025:21:20:39 +0700] "GET /api/v1/showtime-seats/showtime/2 HTTP/1.1" 200 21420 185422
0:0:0:0:0:0:0:1 - - [18/Nov/2025:21:20:39 +0700] "GET /api/v1/showtime-seats/showtime/2 HTTP/1.1" 200 21420 178164
0:0:0:0:0:0:0:1 - - [18/Nov/2025:21:20:40 +0700] "GET /api/v1/showtime-seats/showtime/2 HTTP/1.1" 200 21420 205568
0:0:0:0:0:0:0:1 - - [18/Nov/2025:21:20:51 +0700] "OPTIONS /api/v1/showtime-seats/showtime/14 HTTP/1.1" 200 - 1702
0:0:0:0:0:0:0:1 - - [18/Nov/2025:21:20:51 +0700] "GET /api/v1/showtime-seats/showtime/14 HTTP/1.1" 200 22581 160767
0:0:0:0:0:0:0:1 - - [18/Nov/2025:21:20:51 +0700] "GET /api/v1/showtime-seats/showtime/14 HTTP/1.1" 200 22582 234539
0:0:0:0:0:0:0:1 - - [18/Nov/2025:21:20:52 +0700] "GET /api/v1/showtime-seats/showtime/14 HTTP/1.1" 200 22582 191223
0:0:0:0:0:0:0:1 - - [18/Nov/2025:21:26:29 +0700] "GET /swagger-ui/index.html HTTP/1.1" 200 734 31820
0:0:0:0:0:0:0:1 - - [18/Nov/2025:21:26:29 +0700] "GET /swagger-ui/index.css HTTP/1.1" 200 202 5174
0:0:0:0:0:0:0:1 - - [18/Nov/2025:21:26:29 +0700] "GET /swagger-ui/swagger-ui.css HTTP/1.1" 200 154986 11627
0:0:0:0:0:0:0:1 - - [18/Nov/2025:21:26:29 +0700] "GET /swagger-ui/swagger-ui-standalone-preset.js HTTP/1.1" 200 229223 12449
0:0:0:0:0:0:0:1 - - [18/Nov/2025:21:26:29 +0700] "GET /swagger-ui/swagger-initializer.js HTTP/1.1" 200 612 21502
0:0:0:0:0:0:0:1 - - [18/Nov/2025:21:26:29 +0700] "GET /swagger-ui/swagger-ui-bundle.js HTTP/1.1" 200 1468326 32354
0:0:0:0:0:0:0:1 - - [18/Nov/2025:21:26:29 +0700] "GET /api-docs/swagger-config HTTP/1.1" 200 163 8579
0:0:0:0:0:0:0:1 - - [18/Nov/2025:21:26:29 +0700] "GET /swagger-ui/favicon-32x32.png HTTP/1.1" 200 628 5018
0:0:0:0:0:0:0:1 - - [18/Nov/2025:21:26:29 +0700] "GET /swagger-ui/favicon-32x32.png HTTP/1.1" 200 628 6240
0:0:0:0:0:0:0:1 - - [18/Nov/2025:21:26:31 +0700] "GET /api-docs HTTP/1.1" 200 121215 1738751
0:0:0:0:0:0:0:1 - - [18/Nov/2025:21:26:49 +0700] "OPTIONS /api/v1/showtime-seats/showtime/14 HTTP/1.1" 200 - 1704
0:0:0:0:0:0:0:1 - - [18/Nov/2025:21:26:49 +0700] "GET /api/v1/showtime-seats/showtime/14 HTTP/1.1" 200 22582 251802
0:0:0:0:0:0:0:1 - - [18/Nov/2025:21:26:50 +0700] "GET /api/v1/showtime-seats/showtime/14 HTTP/1.1" 200 22582 161208
0:0:0:0:0:0:0:1 - - [18/Nov/2025:21:26:50 +0700] "GET /api/v1/showtime-seats/showtime/14 HTTP/1.1" 200 22581 215144
0:0:0:0:0:0:0:1 - - [18/Nov/2025:21:43:33 +0700] "POST /api/v1/bookings HTTP/1.1" 400 110 57727
0:0:0:0:0:0:0:1 - - [18/Nov/2025:21:51:18 +0700] "OPTIONS /api/v1/showtime-seats/showtime/14 HTTP/1.1" 200 - 2537
0:0:0:0:0:0:0:1 - - [18/Nov/2025:21:51:18 +0700] "GET /api/v1/showtime-seats/showtime/14 HTTP/1.1" 200 22582 207005
0:0:0:0:0:0:0:1 - - [18/Nov/2025:21:51:18 +0700] "GET /api/v1/showtime-seats/showtime/14 HTTP/1.1" 200 22582 148313
0:0:0:0:0:0:0:1 - - [18/Nov/2025:21:51:18 +0700] "GET /api/v1/showtime-seats/showtime/14 HTTP/1.1" 200 22582 155180
0:0:0:0:0:0:0:1 - - [18/Nov/2025:21:52:22 +0700] "POST /api/v1/bookings HTTP/1.1" 400 110 8237
0:0:0:0:0:0:0:1 - - [18/Nov/2025:22:27:13 +0700] "POST /api/v1/bookings HTTP/1.1" 400 110 13345
0:0:0:0:0:0:0:1 - - [18/Nov/2025:22:28:20 +0700] "GET /swagger-ui/index.html HTTP/1.1" 200 734 8838
0:0:0:0:0:0:0:1 - - [18/Nov/2025:22:28:20 +0700] "GET /swagger-ui/index.css HTTP/1.1" 200 202 3998
0:0:0:0:0:0:0:1 - - [18/Nov/2025:22:28:20 +0700] "GET /swagger-ui/swagger-initializer.js HTTP/1.1" 200 612 4416
0:0:0:0:0:0:0:1 - - [18/Nov/2025:22:28:20 +0700] "GET /swagger-ui/swagger-ui.css HTTP/1.1" 200 154986 6265
0:0:0:0:0:0:0:1 - - [18/Nov/2025:22:28:20 +0700] "GET /swagger-ui/swagger-ui-standalone-preset.js HTTP/1.1" 200 229223 6388
0:0:0:0:0:0:0:1 - - [18/Nov/2025:22:28:20 +0700] "GET /swagger-ui/swagger-ui-bundle.js HTTP/1.1" 200 1468326 17283
0:0:0:0:0:0:0:1 - - [18/Nov/2025:22:28:20 +0700] "GET /swagger-ui/favicon-32x32.png HTTP/1.1" 200 628 3392
0:0:0:0:0:0:0:1 - - [18/Nov/2025:22:28:20 +0700] "GET /api-docs/swagger-config HTTP/1.1" 200 163 3715
0:0:0:0:0:0:0:1 - - [18/Nov/2025:22:28:20 +0700] "GET /swagger-ui/favicon-32x32.png HTTP/1.1" 200 628 5221
0:0:0:0:0:0:0:1 - - [18/Nov/2025:22:28:20 +0700] "GET /api-docs HTTP/1.1" 200 121215 31988
0:0:0:0:0:0:0:1 - - [18/Nov/2025:23:08:06 +0700] "POST /api/v1/auth/login HTTP/1.1" 200 877 116649
0:0:0:0:0:0:0:1 - - [18/Nov/2025:23:10:39 +0700] "POST /api/v1/bookings HTTP/1.1" 400 110 42071
0:0:0:0:0:0:0:1 - - [18/Nov/2025:23:11:44 +0700] "POST /api/v1/bookings HTTP/1.1" 500 281 700219
0:0:0:0:0:0:0:1 - - [18/Nov/2025:23:35:01 +0700] "POST /api/v1/bookings HTTP/1.1" 500 281 758501
0:0:0:0:0:0:0:1 - - [18/Nov/2025:23:36:31 +0700] "GET /swagger-ui/index.html HTTP/1.1" 200 734 43135
0:0:0:0:0:0:0:1 - - [18/Nov/2025:23:36:31 +0700] "GET /swagger-ui/index.css HTTP/1.1" 200 202 9154
0:0:0:0:0:0:0:1 - - [18/Nov/2025:23:36:31 +0700] "GET /swagger-ui/swagger-ui.css HTTP/1.1" 200 154986 12606
0:0:0:0:0:0:0:1 - - [18/Nov/2025:23:36:31 +0700] "GET /swagger-ui/swagger-ui-standalone-preset.js HTTP/1.1" 200 229223 11537
0:0:0:0:0:0:0:1 - - [18/Nov/2025:23:36:31 +0700] "GET /swagger-ui/swagger-initializer.js HTTP/1.1" 200 612 25696
0:0:0:0:0:0:0:1 - - [18/Nov/2025:23:36:31 +0700] "GET /swagger-ui/swagger-ui-bundle.js HTTP/1.1" 200 1468326 31319
0:0:0:0:0:0:0:1 - - [18/Nov/2025:23:36:31 +0700] "GET /swagger-ui/favicon-32x32.png HTTP/1.1" 200 628 11103
0:0:0:0:0:0:0:1 - - [18/Nov/2025:23:36:31 +0700] "GET /api-docs/swagger-config HTTP/1.1" 200 163 21561
0:0:0:0:0:0:0:1 - - [18/Nov/2025:23:36:33 +0700] "GET /api-docs HTTP/1.1" 200 121231 1909212
0:0:0:0:0:0:0:1 - - [18/Nov/2025:23:39:38 +0700] "POST /api/v1/bookings HTTP/1.1" 400 114 85409
