0:0:0:0:0:0:0:1 - - [10/Oct/2025:20:17:32 +0700] "GET /api/v1/cinema-clusters/all HTTP/1.1" 200 2703 407520
0:0:0:0:0:0:0:1 - - [10/Oct/2025:20:17:32 +0700] "GET /api/v1/movies?size=20 HTTP/1.1" 200 9726 430576
0:0:0:0:0:0:0:1 - - [10/Oct/2025:20:17:32 +0700] "GET /api/v1/movies/now-showing?size=12 HTTP/1.1" 200 5967 430594
0:0:0:0:0:0:0:1 - - [10/Oct/2025:20:17:32 +0700] "GET /api/v1/movies/top-rated?size=10 HTTP/1.1" 200 5625 430576
0:0:0:0:0:0:0:1 - - [10/Oct/2025:20:17:32 +0700] "GET /api/v1/cinema-clusters/all HTTP/1.1" 200 2702 26141
0:0:0:0:0:0:0:1 - - [10/Oct/2025:20:17:32 +0700] "GET /api/v1/movies/coming-soon?size=12 HTTP/1.1" 200 3121 431141
0:0:0:0:0:0:0:1 - - [10/Oct/2025:20:17:32 +0700] "GET /api/v1/movies/coming-soon?size=12 HTTP/1.1" 200 3121 30746
0:0:0:0:0:0:0:1 - - [10/Oct/2025:20:17:33 +0700] "GET /api/v1/movies/top-rated?size=10 HTTP/1.1" 200 5625 56795
0:0:0:0:0:0:0:1 - - [10/Oct/2025:20:17:33 +0700] "GET /api/v1/movies/now-showing?size=12 HTTP/1.1" 200 5967 58922
0:0:0:0:0:0:0:1 - - [10/Oct/2025:20:17:33 +0700] "GET /api/v1/movies?size=20 HTTP/1.1" 200 9726 95449
0:0:0:0:0:0:0:1 - - [10/Oct/2025:20:19:23 +0700] "GET /api/v1/movies/coming-soon?size=12 HTTP/1.1" 200 3121 28041
0:0:0:0:0:0:0:1 - - [10/Oct/2025:20:19:23 +0700] "GET /api/v1/movies/top-rated?size=10 HTTP/1.1" 200 5625 47939
0:0:0:0:0:0:0:1 - - [10/Oct/2025:20:19:23 +0700] "GET /api/v1/movies/coming-soon?size=12 HTTP/1.1" 200 3121 21835
0:0:0:0:0:0:0:1 - - [10/Oct/2025:20:19:23 +0700] "GET /api/v1/movies/now-showing?size=12 HTTP/1.1" 200 5967 52499
0:0:0:0:0:0:0:1 - - [10/Oct/2025:20:19:23 +0700] "GET /api/v1/movies?size=20 HTTP/1.1" 200 9726 74702
0:0:0:0:0:0:0:1 - - [10/Oct/2025:20:19:23 +0700] "GET /api/v1/movies/top-rated?size=10 HTTP/1.1" 200 5625 30914
0:0:0:0:0:0:0:1 - - [10/Oct/2025:20:19:23 +0700] "GET /api/v1/movies/now-showing?size=12 HTTP/1.1" 200 5967 39797
0:0:0:0:0:0:0:1 - - [10/Oct/2025:20:19:23 +0700] "GET /api/v1/movies?size=20 HTTP/1.1" 200 9726 63637
0:0:0:0:0:0:0:1 - - [10/Oct/2025:20:19:33 +0700] "OPTIONS /api/v1/auth/login HTTP/1.1" 200 - 2850
0:0:0:0:0:0:0:1 - - [10/Oct/2025:20:19:34 +0700] "POST /api/v1/auth/login HTTP/1.1" 200 877 965346
0:0:0:0:0:0:0:1 - - [10/Oct/2025:20:19:41 +0700] "OPTIONS /api/v1/cinema-clusters/all HTTP/1.1" 200 - 1219
0:0:0:0:0:0:0:1 - - [10/Oct/2025:20:19:41 +0700] "OPTIONS /api/v1/cinema-clusters/all HTTP/1.1" 200 - 889
0:0:0:0:0:0:0:1 - - [10/Oct/2025:20:19:42 +0700] "GET /api/v1/cinema-clusters/all HTTP/1.1" 200 2703 931854
0:0:0:0:0:0:0:1 - - [10/Oct/2025:20:19:42 +0700] "OPTIONS /api/v1/cinemas/cluster/1 HTTP/1.1" 200 - 1808
0:0:0:0:0:0:0:1 - - [10/Oct/2025:20:19:42 +0700] "GET /api/v1/cinema-clusters/all HTTP/1.1" 200 2703 25819
0:0:0:0:0:0:0:1 - - [10/Oct/2025:20:19:42 +0700] "GET /api/v1/cinemas/cluster/1 HTTP/1.1" 200 3195 59940
0:0:0:0:0:0:0:1 - - [10/Oct/2025:20:19:42 +0700] "GET /api/v1/cinemas/cluster/1 HTTP/1.1" 200 3196 43062
0:0:0:0:0:0:0:1 - - [10/Oct/2025:20:20:33 +0700] "OPTIONS /api/v1/cinema-clusters/all HTTP/1.1" 200 - 1299
0:0:0:0:0:0:0:1 - - [10/Oct/2025:20:20:33 +0700] "OPTIONS /api/v1/cinema-clusters/all HTTP/1.1" 200 - 1300
0:0:0:0:0:0:0:1 - - [10/Oct/2025:20:20:33 +0700] "GET /api/v1/cinema-clusters/all HTTP/1.1" 200 2703 33118
0:0:0:0:0:0:0:1 - - [10/Oct/2025:20:20:33 +0700] "OPTIONS /api/v1/cinemas/cluster/1 HTTP/1.1" 200 - 1815
0:0:0:0:0:0:0:1 - - [10/Oct/2025:20:20:33 +0700] "GET /api/v1/cinema-clusters/all HTTP/1.1" 200 2703 37699
0:0:0:0:0:0:0:1 - - [10/Oct/2025:20:20:33 +0700] "GET /api/v1/cinemas/cluster/1 HTTP/1.1" 200 3196 56058
0:0:0:0:0:0:0:1 - - [10/Oct/2025:20:20:33 +0700] "GET /api/v1/cinemas/cluster/1 HTTP/1.1" 200 3196 35570
0:0:0:0:0:0:0:1 - - [10/Oct/2025:20:20:35 +0700] "GET /api/v1/cinema-clusters/all HTTP/1.1" 200 2703 27755
0:0:0:0:0:0:0:1 - - [10/Oct/2025:20:20:35 +0700] "GET /api/v1/cinema-clusters/all HTTP/1.1" 200 2703 31774
0:0:0:0:0:0:0:1 - - [10/Oct/2025:20:20:35 +0700] "GET /api/v1/cinemas/cluster/1 HTTP/1.1" 200 3196 42612
0:0:0:0:0:0:0:1 - - [10/Oct/2025:20:20:35 +0700] "GET /api/v1/cinemas/cluster/1 HTTP/1.1" 200 3196 42282
0:0:0:0:0:0:0:1 - - [10/Oct/2025:20:20:40 +0700] "OPTIONS /api/v1/cinema-clusters/all HTTP/1.1" 200 - 1185
0:0:0:0:0:0:0:1 - - [10/Oct/2025:20:20:40 +0700] "OPTIONS /api/v1/cinema-clusters/all HTTP/1.1" 200 - 1175
0:0:0:0:0:0:0:1 - - [10/Oct/2025:20:20:40 +0700] "GET /api/v1/cinema-clusters/all HTTP/1.1" 200 2703 20948
0:0:0:0:0:0:0:1 - - [10/Oct/2025:20:20:40 +0700] "OPTIONS /api/v1/cinemas/cluster/1 HTTP/1.1" 200 - 1460
0:0:0:0:0:0:0:1 - - [10/Oct/2025:20:20:40 +0700] "GET /api/v1/cinema-clusters/all HTTP/1.1" 200 2703 22969
0:0:0:0:0:0:0:1 - - [10/Oct/2025:20:20:40 +0700] "GET /api/v1/cinemas/cluster/1 HTTP/1.1" 200 3196 27254
0:0:0:0:0:0:0:1 - - [10/Oct/2025:20:20:40 +0700] "GET /api/v1/cinemas/cluster/1 HTTP/1.1" 200 3196 37307
0:0:0:0:0:0:0:1 - - [10/Oct/2025:20:22:59 +0700] "OPTIONS /api/v1/cinemas/cluster/2 HTTP/1.1" 200 - 3873
0:0:0:0:0:0:0:1 - - [10/Oct/2025:20:22:59 +0700] "GET /api/v1/cinemas/cluster/2 HTTP/1.1" 200 3127 41146
0:0:0:0:0:0:0:1 - - [10/Oct/2025:20:23:02 +0700] "OPTIONS /api/v1/cinemas/cluster/3 HTTP/1.1" 200 - 1471
0:0:0:0:0:0:0:1 - - [10/Oct/2025:20:23:02 +0700] "GET /api/v1/cinemas/cluster/3 HTTP/1.1" 200 3188 36609
0:0:0:0:0:0:0:1 - - [10/Oct/2025:20:23:23 +0700] "OPTIONS /api/v1/cinemas/1 HTTP/1.1" 200 - 1427
0:0:0:0:0:0:0:1 - - [10/Oct/2025:20:23:23 +0700] "OPTIONS /api/v1/cinemas/1 HTTP/1.1" 200 - 2634
0:0:0:0:0:0:0:1 - - [10/Oct/2025:20:23:24 +0700] "GET /api/v1/cinemas/1 HTTP/1.1" 200 373 30284
0:0:0:0:0:0:0:1 - - [10/Oct/2025:20:23:24 +0700] "OPTIONS /api/v1/rooms/cinema/1 HTTP/1.1" 200 - 1164
0:0:0:0:0:0:0:1 - - [10/Oct/2025:20:23:24 +0700] "GET /api/v1/cinemas/1 HTTP/1.1" 200 373 21172
0:0:0:0:0:0:0:1 - - [10/Oct/2025:20:23:24 +0700] "GET /api/v1/rooms/cinema/1 HTTP/1.1" 200 217 29091
0:0:0:0:0:0:0:1 - - [10/Oct/2025:20:23:24 +0700] "GET /api/v1/rooms/cinema/1 HTTP/1.1" 200 217 18328
0:0:0:0:0:0:0:1 - - [10/Oct/2025:20:23:26 +0700] "OPTIONS /api/v1/seats/room/1 HTTP/1.1" 200 - 3142
0:0:0:0:0:0:0:1 - - [10/Oct/2025:20:23:26 +0700] "OPTIONS /api/v1/seats/room/1 HTTP/1.1" 200 - 3142
0:0:0:0:0:0:0:1 - - [10/Oct/2025:20:23:26 +0700] "GET /api/v1/seats/room/1 HTTP/1.1" 200 11567 42314
0:0:0:0:0:0:0:1 - - [10/Oct/2025:20:23:26 +0700] "GET /api/v1/seats/room/1 HTTP/1.1" 200 11567 45257
0:0:0:0:0:0:0:1 - - [10/Oct/2025:20:24:20 +0700] "OPTIONS /api/v1/seats/room/1 HTTP/1.1" 200 - 1493
0:0:0:0:0:0:0:1 - - [10/Oct/2025:20:24:20 +0700] "OPTIONS /api/v1/seats/room/1 HTTP/1.1" 200 - 1625
0:0:0:0:0:0:0:1 - - [10/Oct/2025:20:24:20 +0700] "GET /api/v1/seats/room/1 HTTP/1.1" 200 11567 29277
0:0:0:0:0:0:0:1 - - [10/Oct/2025:20:24:20 +0700] "GET /api/v1/seats/room/1 HTTP/1.1" 200 11567 28205
0:0:0:0:0:0:0:1 - - [10/Oct/2025:20:24:26 +0700] "OPTIONS /api/v1/seats/101 HTTP/1.1" 200 - 2133
0:0:0:0:0:0:0:1 - - [10/Oct/2025:20:24:26 +0700] "DELETE /api/v1/seats/101 HTTP/1.1" 200 114 45707
0:0:0:0:0:0:0:1 - - [10/Oct/2025:20:24:32 +0700] "OPTIONS /api/v1/seats/100 HTTP/1.1" 200 - 1705
0:0:0:0:0:0:0:1 - - [10/Oct/2025:20:24:32 +0700] "PUT /api/v1/seats/100 HTTP/1.1" 200 237 91866
0:0:0:0:0:0:0:1 - - [10/Oct/2025:20:24:38 +0700] "OPTIONS /api/v1/seats/99 HTTP/1.1" 200 - 1328
0:0:0:0:0:0:0:1 - - [10/Oct/2025:20:24:38 +0700] "PUT /api/v1/seats/99 HTTP/1.1" 200 235 21389
0:0:0:0:0:0:0:1 - - [10/Oct/2025:20:24:41 +0700] "OPTIONS /api/v1/seats/99 HTTP/1.1" 200 - 1715
0:0:0:0:0:0:0:1 - - [10/Oct/2025:20:24:41 +0700] "DELETE /api/v1/seats/99 HTTP/1.1" 200 114 29774
0:0:0:0:0:0:0:1 - - [10/Oct/2025:20:24:56 +0700] "OPTIONS /api/v1/seats/I13 HTTP/1.1" 200 - 1366
0:0:0:0:0:0:0:1 - - [10/Oct/2025:20:24:56 +0700] "PUT /api/v1/seats/I13 HTTP/1.1" 500 271 34287
0:0:0:0:0:0:0:1 - - [10/Oct/2025:20:24:57 +0700] "PUT /api/v1/seats/I13 HTTP/1.1" 500 272 32768
0:0:0:0:0:0:0:1 - - [10/Oct/2025:20:24:58 +0700] "PUT /api/v1/seats/I13 HTTP/1.1" 500 272 16760
0:0:0:0:0:0:0:1 - - [10/Oct/2025:20:24:58 +0700] "PUT /api/v1/seats/I13 HTTP/1.1" 500 270 20670
0:0:0:0:0:0:0:1 - - [10/Oct/2025:20:25:56 +0700] "OPTIONS /api/v1/cinema-clusters/all HTTP/1.1" 200 - 1056
0:0:0:0:0:0:0:1 - - [10/Oct/2025:20:25:56 +0700] "OPTIONS /api/v1/cinema-clusters/all HTTP/1.1" 200 - 1118
0:0:0:0:0:0:0:1 - - [10/Oct/2025:20:25:56 +0700] "GET /api/v1/cinema-clusters/all HTTP/1.1" 200 - 6137
0:0:0:0:0:0:0:1 - - [10/Oct/2025:20:25:56 +0700] "GET /api/v1/cinema-clusters/all HTTP/1.1" 200 - 3730
0:0:0:0:0:0:0:1 - - [10/Oct/2025:20:26:05 +0700] "OPTIONS /api/v1/cinema-clusters/all HTTP/1.1" 200 - 1249
0:0:0:0:0:0:0:1 - - [10/Oct/2025:20:26:05 +0700] "OPTIONS /api/v1/cinema-clusters/all HTTP/1.1" 200 - 1244
0:0:0:0:0:0:0:1 - - [10/Oct/2025:20:26:05 +0700] "GET /api/v1/cinema-clusters/all HTTP/1.1" 200 - 6487
0:0:0:0:0:0:0:1 - - [10/Oct/2025:20:26:05 +0700] "GET /api/v1/cinema-clusters/all HTTP/1.1" 200 - 5164
0:0:0:0:0:0:0:1 - - [10/Oct/2025:20:26:11 +0700] "OPTIONS /api/v1/cinema-clusters/all HTTP/1.1" 200 - 1045
0:0:0:0:0:0:0:1 - - [10/Oct/2025:20:26:11 +0700] "OPTIONS /api/v1/movies?size=20 HTTP/1.1" 200 - 791
0:0:0:0:0:0:0:1 - - [10/Oct/2025:20:26:11 +0700] "OPTIONS /api/v1/movies/coming-soon?size=12 HTTP/1.1" 200 - 1167
0:0:0:0:0:0:0:1 - - [10/Oct/2025:20:26:11 +0700] "OPTIONS /api/v1/movies/now-showing?size=12 HTTP/1.1" 200 - 1456
0:0:0:0:0:0:0:1 - - [10/Oct/2025:20:26:11 +0700] "OPTIONS /api/v1/movies/top-rated?size=10 HTTP/1.1" 200 - 882
0:0:0:0:0:0:0:1 - - [10/Oct/2025:20:26:11 +0700] "OPTIONS /api/v1/cinema-clusters/all HTTP/1.1" 200 - 2248
0:0:0:0:0:0:0:1 - - [10/Oct/2025:20:26:11 +0700] "OPTIONS /api/v1/movies?size=20 HTTP/1.1" 200 - 1070
0:0:0:0:0:0:0:1 - - [10/Oct/2025:20:26:11 +0700] "OPTIONS /api/v1/movies/now-showing?size=12 HTTP/1.1" 200 - 1112
0:0:0:0:0:0:0:1 - - [10/Oct/2025:20:26:11 +0700] "OPTIONS /api/v1/movies/coming-soon?size=12 HTTP/1.1" 200 - 1068
0:0:0:0:0:0:0:1 - - [10/Oct/2025:20:26:11 +0700] "OPTIONS /api/v1/movies/top-rated?size=10 HTTP/1.1" 200 - 768
0:0:0:0:0:0:0:1 - - [10/Oct/2025:20:26:11 +0700] "GET /api/v1/cinema-clusters/all HTTP/1.1" 200 - 4699
0:0:0:0:0:0:0:1 - - [10/Oct/2025:20:26:11 +0700] "GET /api/v1/movies/coming-soon?size=12 HTTP/1.1" 200 - 4221
0:0:0:0:0:0:0:1 - - [10/Oct/2025:20:26:11 +0700] "GET /api/v1/movies?size=20 HTTP/1.1" 200 - 4419
0:0:0:0:0:0:0:1 - - [10/Oct/2025:20:26:11 +0700] "GET /api/v1/movies/now-showing?size=12 HTTP/1.1" 200 - 4354
0:0:0:0:0:0:0:1 - - [10/Oct/2025:20:26:11 +0700] "GET /api/v1/movies/top-rated?size=10 HTTP/1.1" 200 - 3977
0:0:0:0:0:0:0:1 - - [10/Oct/2025:20:26:11 +0700] "GET /api/v1/movies/coming-soon?size=12 HTTP/1.1" 200 - 4049
0:0:0:0:0:0:0:1 - - [10/Oct/2025:20:26:11 +0700] "GET /api/v1/movies/now-showing?size=12 HTTP/1.1" 200 - 3045
0:0:0:0:0:0:0:1 - - [10/Oct/2025:20:26:11 +0700] "GET /api/v1/cinema-clusters/all HTTP/1.1" 200 - 3047
0:0:0:0:0:0:0:1 - - [10/Oct/2025:20:26:11 +0700] "GET /api/v1/movies?size=20 HTTP/1.1" 200 - 3329
0:0:0:0:0:0:0:1 - - [10/Oct/2025:20:26:11 +0700] "GET /api/v1/movies/top-rated?size=10 HTTP/1.1" 200 - 2913
0:0:0:0:0:0:0:1 - - [10/Oct/2025:20:26:18 +0700] "OPTIONS /api/v1/auth/login HTTP/1.1" 200 - 1031
0:0:0:0:0:0:0:1 - - [10/Oct/2025:20:26:18 +0700] "POST /api/v1/auth/login HTTP/1.1" 200 - 6066
0:0:0:0:0:0:0:1 - - [10/Oct/2025:20:26:27 +0700] "OPTIONS /api/v1/cinema-clusters/all HTTP/1.1" 200 - 722
0:0:0:0:0:0:0:1 - - [10/Oct/2025:20:26:27 +0700] "OPTIONS /api/v1/cinema-clusters/all HTTP/1.1" 200 - 793
0:0:0:0:0:0:0:1 - - [10/Oct/2025:20:26:27 +0700] "GET /api/v1/cinema-clusters/all HTTP/1.1" 200 - 4315
0:0:0:0:0:0:0:1 - - [10/Oct/2025:20:26:27 +0700] "GET /api/v1/cinema-clusters/all HTTP/1.1" 200 - 3544
0:0:0:0:0:0:0:1 - - [10/Oct/2025:20:26:30 +0700] "OPTIONS /api/v1/movies?size=20 HTTP/1.1" 200 - 1078
0:0:0:0:0:0:0:1 - - [10/Oct/2025:20:26:30 +0700] "OPTIONS /api/v1/movies/coming-soon?size=12 HTTP/1.1" 200 - 1493
0:0:0:0:0:0:0:1 - - [10/Oct/2025:20:26:30 +0700] "OPTIONS /api/v1/movies/now-showing?size=12 HTTP/1.1" 200 - 1237
0:0:0:0:0:0:0:1 - - [10/Oct/2025:20:26:30 +0700] "OPTIONS /api/v1/movies/top-rated?size=10 HTTP/1.1" 200 - 1037
0:0:0:0:0:0:0:1 - - [10/Oct/2025:20:26:30 +0700] "OPTIONS /api/v1/movies?size=20 HTTP/1.1" 200 - 1000
0:0:0:0:0:0:0:1 - - [10/Oct/2025:20:26:30 +0700] "GET /api/v1/cinema-clusters/all HTTP/1.1" 200 - 4395
0:0:0:0:0:0:0:1 - - [10/Oct/2025:20:26:30 +0700] "OPTIONS /api/v1/movies/coming-soon?size=12 HTTP/1.1" 200 - 942
0:0:0:0:0:0:0:1 - - [10/Oct/2025:20:26:30 +0700] "OPTIONS /api/v1/movies/now-showing?size=12 HTTP/1.1" 200 - 1065
0:0:0:0:0:0:0:1 - - [10/Oct/2025:20:26:30 +0700] "OPTIONS /api/v1/movies/top-rated?size=10 HTTP/1.1" 200 - 1013
0:0:0:0:0:0:0:1 - - [10/Oct/2025:20:26:30 +0700] "GET /api/v1/cinema-clusters/all HTTP/1.1" 200 - 4265
0:0:0:0:0:0:0:1 - - [10/Oct/2025:20:26:30 +0700] "GET /api/v1/movies?size=20 HTTP/1.1" 200 - 3953
0:0:0:0:0:0:0:1 - - [10/Oct/2025:20:26:30 +0700] "GET /api/v1/movies/coming-soon?size=12 HTTP/1.1" 200 - 3958
0:0:0:0:0:0:0:1 - - [10/Oct/2025:20:26:30 +0700] "GET /api/v1/movies/now-showing?size=12 HTTP/1.1" 200 - 5414
0:0:0:0:0:0:0:1 - - [10/Oct/2025:20:26:30 +0700] "GET /api/v1/movies/top-rated?size=10 HTTP/1.1" 200 - 4374
0:0:0:0:0:0:0:1 - - [10/Oct/2025:20:26:30 +0700] "GET /api/v1/movies/coming-soon?size=12 HTTP/1.1" 200 - 4882
0:0:0:0:0:0:0:1 - - [10/Oct/2025:20:26:30 +0700] "GET /api/v1/movies?size=20 HTTP/1.1" 200 - 4199
0:0:0:0:0:0:0:1 - - [10/Oct/2025:20:26:30 +0700] "GET /api/v1/movies/now-showing?size=12 HTTP/1.1" 200 - 5199
0:0:0:0:0:0:0:1 - - [10/Oct/2025:20:26:30 +0700] "GET /api/v1/movies/top-rated?size=10 HTTP/1.1" 200 - 5132
0:0:0:0:0:0:0:1 - - [10/Oct/2025:20:26:37 +0700] "OPTIONS /api/v1/cinema-clusters/all HTTP/1.1" 200 - 1746
0:0:0:0:0:0:0:1 - - [10/Oct/2025:20:26:37 +0700] "OPTIONS /api/v1/movies?size=20 HTTP/1.1" 200 - 1534
0:0:0:0:0:0:0:1 - - [10/Oct/2025:20:26:37 +0700] "OPTIONS /api/v1/movies/coming-soon?size=12 HTTP/1.1" 200 - 1358
0:0:0:0:0:0:0:1 - - [10/Oct/2025:20:26:37 +0700] "OPTIONS /api/v1/movies/top-rated?size=10 HTTP/1.1" 200 - 762
0:0:0:0:0:0:0:1 - - [10/Oct/2025:20:26:37 +0700] "OPTIONS /api/v1/movies/now-showing?size=12 HTTP/1.1" 200 - 1580
0:0:0:0:0:0:0:1 - - [10/Oct/2025:20:26:37 +0700] "OPTIONS /api/v1/cinema-clusters/all HTTP/1.1" 200 - 526
0:0:0:0:0:0:0:1 - - [10/Oct/2025:20:26:37 +0700] "OPTIONS /api/v1/movies?size=20 HTTP/1.1" 200 - 661
0:0:0:0:0:0:0:1 - - [10/Oct/2025:20:26:37 +0700] "OPTIONS /api/v1/movies/coming-soon?size=12 HTTP/1.1" 200 - 609
0:0:0:0:0:0:0:1 - - [10/Oct/2025:20:26:37 +0700] "OPTIONS /api/v1/movies/now-showing?size=12 HTTP/1.1" 200 - 690
0:0:0:0:0:0:0:1 - - [10/Oct/2025:20:26:37 +0700] "OPTIONS /api/v1/movies/top-rated?size=10 HTTP/1.1" 200 - 632
0:0:0:0:0:0:0:1 - - [10/Oct/2025:20:26:37 +0700] "GET /api/v1/cinema-clusters/all HTTP/1.1" 200 - 4483
0:0:0:0:0:0:0:1 - - [10/Oct/2025:20:26:37 +0700] "GET /api/v1/movies/top-rated?size=10 HTTP/1.1" 200 - 4054
0:0:0:0:0:0:0:1 - - [10/Oct/2025:20:26:37 +0700] "GET /api/v1/movies/coming-soon?size=12 HTTP/1.1" 200 - 4181
0:0:0:0:0:0:0:1 - - [10/Oct/2025:20:26:37 +0700] "GET /api/v1/movies/now-showing?size=12 HTTP/1.1" 200 - 3863
0:0:0:0:0:0:0:1 - - [10/Oct/2025:20:26:37 +0700] "GET /api/v1/movies?size=20 HTTP/1.1" 200 - 4129
0:0:0:0:0:0:0:1 - - [10/Oct/2025:20:26:37 +0700] "GET /api/v1/cinema-clusters/all HTTP/1.1" 200 - 5043
0:0:0:0:0:0:0:1 - - [10/Oct/2025:20:26:37 +0700] "GET /api/v1/movies/top-rated?size=10 HTTP/1.1" 200 - 3652
0:0:0:0:0:0:0:1 - - [10/Oct/2025:20:26:37 +0700] "GET /api/v1/movies/now-showing?size=12 HTTP/1.1" 200 - 4452
0:0:0:0:0:0:0:1 - - [10/Oct/2025:20:26:37 +0700] "GET /api/v1/movies/coming-soon?size=12 HTTP/1.1" 200 - 3855
0:0:0:0:0:0:0:1 - - [10/Oct/2025:20:26:37 +0700] "GET /api/v1/movies?size=20 HTTP/1.1" 200 - 5309
0:0:0:0:0:0:0:1 - - [10/Oct/2025:20:26:48 +0700] "OPTIONS /api/v1/auth/login HTTP/1.1" 200 - 1502
0:0:0:0:0:0:0:1 - - [10/Oct/2025:20:26:48 +0700] "POST /api/v1/auth/login HTTP/1.1" 200 - 3429
0:0:0:0:0:0:0:1 - - [10/Oct/2025:20:26:54 +0700] "OPTIONS /api/v1/notifications HTTP/1.1" 200 - 6584
0:0:0:0:0:0:0:1 - - [10/Oct/2025:20:26:54 +0700] "OPTIONS /api/v1/notifications HTTP/1.1" 200 - 6680
0:0:0:0:0:0:0:1 - - [10/Oct/2025:20:26:54 +0700] "GET /api/v1/notifications HTTP/1.1" 200 - 4239
0:0:0:0:0:0:0:1 - - [10/Oct/2025:20:26:54 +0700] "GET /api/v1/notifications HTTP/1.1" 200 - 3973
0:0:0:0:0:0:0:1 - - [10/Oct/2025:20:26:57 +0700] "OPTIONS /api/v1/auth/logout HTTP/1.1" 200 - 1588
0:0:0:0:0:0:0:1 - - [10/Oct/2025:20:26:57 +0700] "POST /api/v1/auth/logout HTTP/1.1" 200 - 5160
0:0:0:0:0:0:0:1 - - [10/Oct/2025:20:27:47 +0700] "GET /api/v1/cinema-clusters/all HTTP/1.1" 200 2703 9804
0:0:0:0:0:0:0:1 - - [10/Oct/2025:20:27:47 +0700] "GET /api/v1/cinema-clusters/all HTTP/1.1" 200 2703 6156
0:0:0:0:0:0:0:1 - - [10/Oct/2025:20:27:47 +0700] "GET /api/v1/movies/coming-soon?size=12 HTTP/1.1" 200 3121 16860
0:0:0:0:0:0:0:1 - - [10/Oct/2025:20:27:47 +0700] "GET /api/v1/movies/top-rated?size=10 HTTP/1.1" 200 5625 30770
0:0:0:0:0:0:0:1 - - [10/Oct/2025:20:27:47 +0700] "GET /api/v1/movies/now-showing?size=12 HTTP/1.1" 200 5967 34863
0:0:0:0:0:0:0:1 - - [10/Oct/2025:20:27:47 +0700] "GET /api/v1/movies/coming-soon?size=12 HTTP/1.1" 200 3121 22789
0:0:0:0:0:0:0:1 - - [10/Oct/2025:20:27:47 +0700] "GET /api/v1/movies?size=20 HTTP/1.1" 200 9726 55266
0:0:0:0:0:0:0:1 - - [10/Oct/2025:20:27:47 +0700] "GET /api/v1/movies/top-rated?size=10 HTTP/1.1" 200 5625 28525
0:0:0:0:0:0:0:1 - - [10/Oct/2025:20:27:47 +0700] "GET /api/v1/movies/now-showing?size=12 HTTP/1.1" 200 5967 40174
0:0:0:0:0:0:0:1 - - [10/Oct/2025:20:27:47 +0700] "GET /api/v1/movies?size=20 HTTP/1.1" 200 9726 51406
0:0:0:0:0:0:0:1 - - [10/Oct/2025:20:27:58 +0700] "OPTIONS /api/v1/auth/login HTTP/1.1" 200 - 880
0:0:0:0:0:0:0:1 - - [10/Oct/2025:20:27:58 +0700] "POST /api/v1/auth/login HTTP/1.1" 200 877 147515
0:0:0:0:0:0:0:1 - - [10/Oct/2025:20:28:03 +0700] "OPTIONS /api/v1/cinema-clusters/all HTTP/1.1" 200 - 680
0:0:0:0:0:0:0:1 - - [10/Oct/2025:20:28:03 +0700] "OPTIONS /api/v1/cinema-clusters/all HTTP/1.1" 200 - 709
0:0:0:0:0:0:0:1 - - [10/Oct/2025:20:28:04 +0700] "GET /api/v1/cinema-clusters/all HTTP/1.1" 200 2703 19016
0:0:0:0:0:0:0:1 - - [10/Oct/2025:20:28:04 +0700] "OPTIONS /api/v1/cinemas/cluster/1 HTTP/1.1" 200 - 1167
0:0:0:0:0:0:0:1 - - [10/Oct/2025:20:28:04 +0700] "GET /api/v1/cinema-clusters/all HTTP/1.1" 200 2703 15589
0:0:0:0:0:0:0:1 - - [10/Oct/2025:20:28:04 +0700] "GET /api/v1/cinemas/cluster/1 HTTP/1.1" 200 3196 27163
0:0:0:0:0:0:0:1 - - [10/Oct/2025:20:28:04 +0700] "GET /api/v1/cinemas/cluster/1 HTTP/1.1" 200 3196 42381
0:0:0:0:0:0:0:1 - - [10/Oct/2025:20:28:06 +0700] "OPTIONS /api/v1/cinemas/1 HTTP/1.1" 200 - 2836
0:0:0:0:0:0:0:1 - - [10/Oct/2025:20:28:06 +0700] "OPTIONS /api/v1/cinemas/1 HTTP/1.1" 200 - 2681
0:0:0:0:0:0:0:1 - - [10/Oct/2025:20:28:06 +0700] "GET /api/v1/cinemas/1 HTTP/1.1" 200 373 17124
0:0:0:0:0:0:0:1 - - [10/Oct/2025:20:28:06 +0700] "OPTIONS /api/v1/rooms/cinema/1 HTTP/1.1" 200 - 758
0:0:0:0:0:0:0:1 - - [10/Oct/2025:20:28:06 +0700] "GET /api/v1/cinemas/1 HTTP/1.1" 200 373 14201
0:0:0:0:0:0:0:1 - - [10/Oct/2025:20:28:06 +0700] "GET /api/v1/rooms/cinema/1 HTTP/1.1" 200 217 12406
0:0:0:0:0:0:0:1 - - [10/Oct/2025:20:28:06 +0700] "GET /api/v1/rooms/cinema/1 HTTP/1.1" 200 217 12638
0:0:0:0:0:0:0:1 - - [10/Oct/2025:20:28:35 +0700] "OPTIONS /api/v1/seats/room/1 HTTP/1.1" 200 - 2723
0:0:0:0:0:0:0:1 - - [10/Oct/2025:20:28:35 +0700] "OPTIONS /api/v1/seats/room/1 HTTP/1.1" 200 - 2593
0:0:0:0:0:0:0:1 - - [10/Oct/2025:20:28:35 +0700] "GET /api/v1/seats/room/1 HTTP/1.1" 200 11339 21039
0:0:0:0:0:0:0:1 - - [10/Oct/2025:20:28:35 +0700] "GET /api/v1/seats/room/1 HTTP/1.1" 200 11339 16057
0:0:0:0:0:0:0:1 - - [10/Oct/2025:20:36:26 +0700] "OPTIONS /api/v1/seats/room/1 HTTP/1.1" 200 - 1840
0:0:0:0:0:0:0:1 - - [10/Oct/2025:20:36:26 +0700] "OPTIONS /api/v1/seats/room/1 HTTP/1.1" 200 - 1848
0:0:0:0:0:0:0:1 - - [10/Oct/2025:20:36:26 +0700] "GET /api/v1/seats/room/1 HTTP/1.1" 200 11339 18953
0:0:0:0:0:0:0:1 - - [10/Oct/2025:20:36:26 +0700] "GET /api/v1/seats/room/1 HTTP/1.1" 200 11339 13518
0:0:0:0:0:0:0:1 - - [10/Oct/2025:20:57:21 +0700] "OPTIONS /api/v1/rooms/cinema/1 HTTP/1.1" 200 - 102161
0:0:0:0:0:0:0:1 - - [10/Oct/2025:20:57:22 +0700] "POST /api/v1/rooms/cinema/1 HTTP/1.1" 201 199 1181853
0:0:0:0:0:0:0:1 - - [10/Oct/2025:20:57:23 +0700] "OPTIONS /api/v1/cinemas/1 HTTP/1.1" 200 - 3250
0:0:0:0:0:0:0:1 - - [10/Oct/2025:20:57:23 +0700] "GET /api/v1/cinemas/1 HTTP/1.1" 200 373 37246
0:0:0:0:0:0:0:1 - - [10/Oct/2025:20:57:23 +0700] "GET /api/v1/rooms/cinema/1 HTTP/1.1" 200 344 32547
0:0:0:0:0:0:0:1 - - [10/Oct/2025:20:57:30 +0700] "OPTIONS /api/v1/seats/room/2 HTTP/1.1" 200 - 1969
0:0:0:0:0:0:0:1 - - [10/Oct/2025:20:57:30 +0700] "OPTIONS /api/v1/seats/room/2 HTTP/1.1" 200 - 2671
0:0:0:0:0:0:0:1 - - [10/Oct/2025:20:57:30 +0700] "GET /api/v1/seats/room/2 HTTP/1.1" 200 14114 78273
0:0:0:0:0:0:0:1 - - [10/Oct/2025:20:57:30 +0700] "GET /api/v1/seats/room/2 HTTP/1.1" 200 14116 113135
0:0:0:0:0:0:0:1 - - [10/Oct/2025:21:10:31 +0700] "OPTIONS /api/v1/seats/231 HTTP/1.1" 200 - 2256
0:0:0:0:0:0:0:1 - - [10/Oct/2025:21:10:31 +0700] "DELETE /api/v1/seats/231 HTTP/1.1" 200 114 33926
0:0:0:0:0:0:0:1 - - [10/Oct/2025:21:10:43 +0700] "OPTIONS /api/v1/seats/room/2 HTTP/1.1" 200 - 863
0:0:0:0:0:0:0:1 - - [10/Oct/2025:21:10:43 +0700] "OPTIONS /api/v1/seats/room/2 HTTP/1.1" 200 - 1589
0:0:0:0:0:0:0:1 - - [10/Oct/2025:21:10:43 +0700] "GET /api/v1/seats/room/2 HTTP/1.1" 200 14000 34086
0:0:0:0:0:0:0:1 - - [10/Oct/2025:21:10:43 +0700] "GET /api/v1/seats/room/2 HTTP/1.1" 200 14000 54861
0:0:0:0:0:0:0:1 - - [10/Oct/2025:21:10:47 +0700] "OPTIONS /api/v1/seats HTTP/1.1" 200 - 2831
0:0:0:0:0:0:0:1 - - [10/Oct/2025:21:10:47 +0700] "POST /api/v1/seats HTTP/1.1" 500 322 25355
0:0:0:0:0:0:0:1 - - [10/Oct/2025:21:10:50 +0700] "POST /api/v1/seats HTTP/1.1" 500 322 22777
0:0:0:0:0:0:0:1 - - [10/Oct/2025:21:13:07 +0700] "OPTIONS /api/v1/seats HTTP/1.1" 200 - 917
0:0:0:0:0:0:0:1 - - [10/Oct/2025:21:13:07 +0700] "POST /api/v1/seats HTTP/1.1" 500 322 17241
0:0:0:0:0:0:0:1 - - [10/Oct/2025:21:14:01 +0700] "OPTIONS /api/v1/seats HTTP/1.1" 200 - 1847
0:0:0:0:0:0:0:1 - - [10/Oct/2025:21:14:01 +0700] "POST /api/v1/seats HTTP/1.1" 201 237 94870
0:0:0:0:0:0:0:1 - - [10/Oct/2025:21:14:17 +0700] "OPTIONS /api/v1/seats/room/2 HTTP/1.1" 200 - 694
0:0:0:0:0:0:0:1 - - [10/Oct/2025:21:14:17 +0700] "OPTIONS /api/v1/seats/room/2 HTTP/1.1" 200 - 1346
0:0:0:0:0:0:0:1 - - [10/Oct/2025:21:14:17 +0700] "GET /api/v1/seats/room/2 HTTP/1.1" 200 14115 18757
0:0:0:0:0:0:0:1 - - [10/Oct/2025:21:14:17 +0700] "GET /api/v1/seats/room/2 HTTP/1.1" 200 14116 14035
0:0:0:0:0:0:0:1 - - [10/Oct/2025:21:14:19 +0700] "OPTIONS /api/v1/seats HTTP/1.1" 200 - 1135
0:0:0:0:0:0:0:1 - - [10/Oct/2025:21:14:19 +0700] "POST /api/v1/seats HTTP/1.1" 500 322 12773
0:0:0:0:0:0:0:1 - - [10/Oct/2025:21:14:41 +0700] "OPTIONS /api/v1/seats HTTP/1.1" 200 - 1887
0:0:0:0:0:0:0:1 - - [10/Oct/2025:21:14:41 +0700] "POST /api/v1/seats HTTP/1.1" 201 239 31683
0:0:0:0:0:0:0:1 - - [10/Oct/2025:21:14:49 +0700] "OPTIONS /api/v1/seats HTTP/1.1" 200 - 905
0:0:0:0:0:0:0:1 - - [10/Oct/2025:21:14:49 +0700] "POST /api/v1/seats HTTP/1.1" 201 239 27297
0:0:0:0:0:0:0:1 - - [10/Oct/2025:21:14:51 +0700] "POST /api/v1/seats HTTP/1.1" 201 239 36336
0:0:0:0:0:0:0:1 - - [10/Oct/2025:21:15:10 +0700] "OPTIONS /api/v1/cinema-clusters/all HTTP/1.1" 200 - 1072
0:0:0:0:0:0:0:1 - - [10/Oct/2025:21:15:10 +0700] "OPTIONS /api/v1/cinema-clusters/all HTTP/1.1" 200 - 3464
0:0:0:0:0:0:0:1 - - [10/Oct/2025:21:15:10 +0700] "GET /api/v1/cinema-clusters/all HTTP/1.1" 200 2703 25688
0:0:0:0:0:0:0:1 - - [10/Oct/2025:21:15:10 +0700] "OPTIONS /api/v1/cinemas/cluster/1 HTTP/1.1" 200 - 1857
0:0:0:0:0:0:0:1 - - [10/Oct/2025:21:15:10 +0700] "GET /api/v1/cinema-clusters/all HTTP/1.1" 200 2703 22314
0:0:0:0:0:0:0:1 - - [10/Oct/2025:21:15:10 +0700] "GET /api/v1/cinemas/cluster/1 HTTP/1.1" 200 3196 34216
0:0:0:0:0:0:0:1 - - [10/Oct/2025:21:15:10 +0700] "GET /api/v1/cinemas/cluster/1 HTTP/1.1" 200 3196 32203
0:0:0:0:0:0:0:1 - - [10/Oct/2025:21:15:12 +0700] "OPTIONS /api/v1/cinemas/1 HTTP/1.1" 200 - 1227
0:0:0:0:0:0:0:1 - - [10/Oct/2025:21:15:12 +0700] "OPTIONS /api/v1/cinemas/1 HTTP/1.1" 200 - 1324
0:0:0:0:0:0:0:1 - - [10/Oct/2025:21:15:12 +0700] "GET /api/v1/cinemas/1 HTTP/1.1" 200 373 20036
0:0:0:0:0:0:0:1 - - [10/Oct/2025:21:15:12 +0700] "OPTIONS /api/v1/rooms/cinema/1 HTTP/1.1" 200 - 654
0:0:0:0:0:0:0:1 - - [10/Oct/2025:21:15:12 +0700] "GET /api/v1/cinemas/1 HTTP/1.1" 200 373 17884
0:0:0:0:0:0:0:1 - - [10/Oct/2025:21:15:12 +0700] "GET /api/v1/rooms/cinema/1 HTTP/1.1" 200 344 20666
0:0:0:0:0:0:0:1 - - [10/Oct/2025:21:15:12 +0700] "GET /api/v1/rooms/cinema/1 HTTP/1.1" 200 344 17954
0:0:0:0:0:0:0:1 - - [10/Oct/2025:21:15:14 +0700] "OPTIONS /api/v1/seats/room/2 HTTP/1.1" 200 - 1232
0:0:0:0:0:0:0:1 - - [10/Oct/2025:21:15:14 +0700] "OPTIONS /api/v1/seats/room/2 HTTP/1.1" 200 - 1462
0:0:0:0:0:0:0:1 - - [10/Oct/2025:21:15:14 +0700] "GET /api/v1/seats/room/2 HTTP/1.1" 200 14470 22563
0:0:0:0:0:0:0:1 - - [10/Oct/2025:21:15:14 +0700] "GET /api/v1/seats/room/2 HTTP/1.1" 200 14470 19856
0:0:0:0:0:0:0:1 - - [10/Oct/2025:21:15:47 +0700] "OPTIONS /api/v1/seats/193 HTTP/1.1" 200 - 2376
0:0:0:0:0:0:0:1 - - [10/Oct/2025:21:15:47 +0700] "DELETE /api/v1/seats/193 HTTP/1.1" 200 114 27079
0:0:0:0:0:0:0:1 - - [10/Oct/2025:21:15:56 +0700] "OPTIONS /api/v1/seats/184 HTTP/1.1" 200 - 2409
0:0:0:0:0:0:0:1 - - [10/Oct/2025:21:15:56 +0700] "DELETE /api/v1/seats/184 HTTP/1.1" 200 114 33400
0:0:0:0:0:0:0:1 - - [10/Oct/2025:21:15:58 +0700] "OPTIONS /api/v1/seats/181 HTTP/1.1" 200 - 1270
0:0:0:0:0:0:0:1 - - [10/Oct/2025:21:15:58 +0700] "DELETE /api/v1/seats/181 HTTP/1.1" 200 114 30445
0:0:0:0:0:0:0:1 - - [10/Oct/2025:21:18:47 +0700] "OPTIONS /api/v1/seats/room/2 HTTP/1.1" 200 - 2110
0:0:0:0:0:0:0:1 - - [10/Oct/2025:21:18:47 +0700] "OPTIONS /api/v1/seats/room/2 HTTP/1.1" 200 - 2335
0:0:0:0:0:0:0:1 - - [10/Oct/2025:21:18:47 +0700] "GET /api/v1/seats/room/2 HTTP/1.1" 200 14122 31728
0:0:0:0:0:0:0:1 - - [10/Oct/2025:21:18:47 +0700] "GET /api/v1/seats/room/2 HTTP/1.1" 200 14122 25955
0:0:0:0:0:0:0:1 - - [10/Oct/2025:21:18:51 +0700] "OPTIONS /api/v1/seats/169 HTTP/1.1" 200 - 1886
0:0:0:0:0:0:0:1 - - [10/Oct/2025:21:18:51 +0700] "DELETE /api/v1/seats/169 HTTP/1.1" 200 114 30696
0:0:0:0:0:0:0:1 - - [10/Oct/2025:21:18:55 +0700] "OPTIONS /api/v1/seats/244 HTTP/1.1" 200 - 2579
0:0:0:0:0:0:0:1 - - [10/Oct/2025:21:18:55 +0700] "DELETE /api/v1/seats/244 HTTP/1.1" 200 114 35285
0:0:0:0:0:0:0:1 - - [10/Oct/2025:21:18:57 +0700] "OPTIONS /api/v1/seats/243 HTTP/1.1" 200 - 1532
0:0:0:0:0:0:0:1 - - [10/Oct/2025:21:18:57 +0700] "DELETE /api/v1/seats/243 HTTP/1.1" 200 114 25368
0:0:0:0:0:0:0:1 - - [10/Oct/2025:21:18:59 +0700] "OPTIONS /api/v1/seats/242 HTTP/1.1" 200 - 1955
0:0:0:0:0:0:0:1 - - [10/Oct/2025:21:18:59 +0700] "DELETE /api/v1/seats/242 HTTP/1.1" 200 114 26453
0:0:0:0:0:0:0:1 - - [10/Oct/2025:21:19:01 +0700] "OPTIONS /api/v1/seats HTTP/1.1" 200 - 1545
0:0:0:0:0:0:0:1 - - [10/Oct/2025:21:19:02 +0700] "POST /api/v1/seats HTTP/1.1" 201 239 33620
0:0:0:0:0:0:0:1 - - [10/Oct/2025:21:19:03 +0700] "POST /api/v1/seats HTTP/1.1" 201 239 39292
0:0:0:0:0:0:0:1 - - [10/Oct/2025:21:23:44 +0700] "OPTIONS /api/v1/seats/room/2 HTTP/1.1" 200 - 1735
0:0:0:0:0:0:0:1 - - [10/Oct/2025:21:23:44 +0700] "OPTIONS /api/v1/seats/room/2 HTTP/1.1" 200 - 1699
0:0:0:0:0:0:0:1 - - [10/Oct/2025:21:23:44 +0700] "GET /api/v1/seats/room/2 HTTP/1.1" 200 13888 32055
0:0:0:0:0:0:0:1 - - [10/Oct/2025:21:23:44 +0700] "GET /api/v1/seats/room/2 HTTP/1.1" 200 13888 21419
0:0:0:0:0:0:0:1 - - [10/Oct/2025:21:23:47 +0700] "OPTIONS /api/v1/seats/246 HTTP/1.1" 200 - 1147
0:0:0:0:0:0:0:1 - - [10/Oct/2025:21:23:47 +0700] "DELETE /api/v1/seats/246 HTTP/1.1" 200 113 22666
0:0:0:0:0:0:0:1 - - [10/Oct/2025:21:23:49 +0700] "OPTIONS /api/v1/seats HTTP/1.1" 200 - 1240
0:0:0:0:0:0:0:1 - - [10/Oct/2025:21:23:49 +0700] "POST /api/v1/seats HTTP/1.1" 201 239 30556
0:0:0:0:0:0:0:1 - - [10/Oct/2025:21:23:51 +0700] "OPTIONS /api/v1/seats/247 HTTP/1.1" 200 - 1311
0:0:0:0:0:0:0:1 - - [10/Oct/2025:21:23:51 +0700] "DELETE /api/v1/seats/247 HTTP/1.1" 200 114 25003
0:0:0:0:0:0:0:1 - - [10/Oct/2025:21:23:53 +0700] "OPTIONS /api/v1/seats/245 HTTP/1.1" 200 - 1689
0:0:0:0:0:0:0:1 - - [10/Oct/2025:21:23:53 +0700] "DELETE /api/v1/seats/245 HTTP/1.1" 200 114 27842
0:0:0:0:0:0:0:1 - - [10/Oct/2025:21:23:54 +0700] "OPTIONS /api/v1/seats HTTP/1.1" 200 - 1540
0:0:0:0:0:0:0:1 - - [10/Oct/2025:21:23:54 +0700] "POST /api/v1/seats HTTP/1.1" 201 238 33122
0:0:0:0:0:0:0:1 - - [10/Oct/2025:21:23:55 +0700] "POST /api/v1/seats HTTP/1.1" 201 239 32430
0:0:0:0:0:0:0:1 - - [10/Oct/2025:21:23:56 +0700] "POST /api/v1/seats HTTP/1.1" 201 239 39097
0:0:0:0:0:0:0:1 - - [10/Oct/2025:21:24:00 +0700] "OPTIONS /api/v1/seats/250 HTTP/1.1" 200 - 1904
0:0:0:0:0:0:0:1 - - [10/Oct/2025:21:24:00 +0700] "DELETE /api/v1/seats/250 HTTP/1.1" 200 114 29564
0:0:0:0:0:0:0:1 - - [10/Oct/2025:21:24:02 +0700] "OPTIONS /api/v1/seats/249 HTTP/1.1" 200 - 1559
0:0:0:0:0:0:0:1 - - [10/Oct/2025:21:24:02 +0700] "DELETE /api/v1/seats/249 HTTP/1.1" 200 114 20748
0:0:0:0:0:0:0:1 - - [10/Oct/2025:21:25:45 +0700] "OPTIONS /api/v1/seats/room/2 HTTP/1.1" 200 - 1185
0:0:0:0:0:0:0:1 - - [10/Oct/2025:21:25:45 +0700] "OPTIONS /api/v1/seats/room/2 HTTP/1.1" 200 - 1258
0:0:0:0:0:0:0:1 - - [10/Oct/2025:21:25:45 +0700] "GET /api/v1/seats/room/2 HTTP/1.1" 200 13770 37829
0:0:0:0:0:0:0:1 - - [10/Oct/2025:21:25:45 +0700] "GET /api/v1/seats/room/2 HTTP/1.1" 200 13770 22816
0:0:0:0:0:0:0:1 - - [10/Oct/2025:21:25:47 +0700] "OPTIONS /api/v1/seats HTTP/1.1" 200 - 1206
0:0:0:0:0:0:0:1 - - [10/Oct/2025:21:25:47 +0700] "POST /api/v1/seats HTTP/1.1" 201 238 25682
0:0:0:0:0:0:0:1 - - [10/Oct/2025:21:27:38 +0700] "OPTIONS /api/v1/seats/room/2 HTTP/1.1" 200 - 1692
0:0:0:0:0:0:0:1 - - [10/Oct/2025:21:27:38 +0700] "OPTIONS /api/v1/seats/room/2 HTTP/1.1" 200 - 1648
0:0:0:0:0:0:0:1 - - [10/Oct/2025:21:27:38 +0700] "GET /api/v1/seats/room/2 HTTP/1.1" 200 13888 28774
0:0:0:0:0:0:0:1 - - [10/Oct/2025:21:27:38 +0700] "GET /api/v1/seats/room/2 HTTP/1.1" 200 13888 28597
0:0:0:0:0:0:0:1 - - [10/Oct/2025:21:28:12 +0700] "OPTIONS /api/v1/seats/room/2 HTTP/1.1" 200 - 1693
0:0:0:0:0:0:0:1 - - [10/Oct/2025:21:28:12 +0700] "OPTIONS /api/v1/seats/room/2 HTTP/1.1" 200 - 1667
0:0:0:0:0:0:0:1 - - [10/Oct/2025:21:28:12 +0700] "GET /api/v1/seats/room/2 HTTP/1.1" 200 13887 28485
0:0:0:0:0:0:0:1 - - [10/Oct/2025:21:28:12 +0700] "GET /api/v1/seats/room/2 HTTP/1.1" 200 13888 23869
0:0:0:0:0:0:0:1 - - [10/Oct/2025:21:29:55 +0700] "OPTIONS /api/v1/seats/room/2 HTTP/1.1" 200 - 1405
0:0:0:0:0:0:0:1 - - [10/Oct/2025:21:29:55 +0700] "OPTIONS /api/v1/seats/room/2 HTTP/1.1" 200 - 1399
0:0:0:0:0:0:0:1 - - [10/Oct/2025:21:29:55 +0700] "GET /api/v1/seats/room/2 HTTP/1.1" 200 13888 29167
0:0:0:0:0:0:0:1 - - [10/Oct/2025:21:29:55 +0700] "GET /api/v1/seats/room/2 HTTP/1.1" 200 13887 27413
0:0:0:0:0:0:0:1 - - [10/Oct/2025:21:30:11 +0700] "OPTIONS /api/v1/seats HTTP/1.1" 200 - 1016
0:0:0:0:0:0:0:1 - - [10/Oct/2025:21:30:11 +0700] "POST /api/v1/seats HTTP/1.1" 201 239 29198
0:0:0:0:0:0:0:1 - - [10/Oct/2025:21:30:14 +0700] "OPTIONS /api/v1/seats/room/2 HTTP/1.1" 200 - 1401
0:0:0:0:0:0:0:1 - - [10/Oct/2025:21:30:14 +0700] "OPTIONS /api/v1/seats/room/2 HTTP/1.1" 200 - 1379
0:0:0:0:0:0:0:1 - - [10/Oct/2025:21:30:14 +0700] "GET /api/v1/seats/room/2 HTTP/1.1" 200 14006 29285
0:0:0:0:0:0:0:1 - - [10/Oct/2025:21:30:14 +0700] "GET /api/v1/seats/room/2 HTTP/1.1" 200 14006 20437
0:0:0:0:0:0:0:1 - - [10/Oct/2025:21:33:47 +0700] "OPTIONS /api/v1/cinema-clusters/all HTTP/1.1" 200 - 948
0:0:0:0:0:0:0:1 - - [10/Oct/2025:21:33:47 +0700] "OPTIONS /api/v1/cinema-clusters/all HTTP/1.1" 200 - 1053
0:0:0:0:0:0:0:1 - - [10/Oct/2025:21:33:47 +0700] "GET /api/v1/cinema-clusters/all HTTP/1.1" 200 2703 33375
0:0:0:0:0:0:0:1 - - [10/Oct/2025:21:33:47 +0700] "OPTIONS /api/v1/cinemas/cluster/1 HTTP/1.1" 200 - 1299
0:0:0:0:0:0:0:1 - - [10/Oct/2025:21:33:47 +0700] "GET /api/v1/cinema-clusters/all HTTP/1.1" 200 2703 21103
0:0:0:0:0:0:0:1 - - [10/Oct/2025:21:33:47 +0700] "GET /api/v1/cinemas/cluster/1 HTTP/1.1" 200 3196 39138
0:0:0:0:0:0:0:1 - - [10/Oct/2025:21:33:47 +0700] "GET /api/v1/cinemas/cluster/1 HTTP/1.1" 200 3196 26744
0:0:0:0:0:0:0:1 - - [10/Oct/2025:21:42:16 +0700] "OPTIONS /api/v1/cinema-clusters/all HTTP/1.1" 200 - 119633
0:0:0:0:0:0:0:1 - - [10/Oct/2025:21:42:16 +0700] "OPTIONS /api/v1/cinema-clusters/all HTTP/1.1" 200 - 119633
0:0:0:0:0:0:0:1 - - [10/Oct/2025:21:42:17 +0700] "GET /api/v1/cinema-clusters/all HTTP/1.1" 200 2703 1097326
0:0:0:0:0:0:0:1 - - [10/Oct/2025:21:42:17 +0700] "OPTIONS /api/v1/cinemas/cluster/1 HTTP/1.1" 200 - 4732
0:0:0:0:0:0:0:1 - - [10/Oct/2025:21:42:17 +0700] "GET /api/v1/cinema-clusters/all HTTP/1.1" 200 2703 30343
0:0:0:0:0:0:0:1 - - [10/Oct/2025:21:42:17 +0700] "GET /api/v1/cinemas/cluster/1 HTTP/1.1" 200 3412 155341
0:0:0:0:0:0:0:1 - - [10/Oct/2025:21:42:17 +0700] "GET /api/v1/cinemas/cluster/1 HTTP/1.1" 200 3412 93499
0:0:0:0:0:0:0:1 - - [10/Oct/2025:21:51:18 +0700] "OPTIONS /api/v1/cinema-clusters/all HTTP/1.1" 200 - 57325
0:0:0:0:0:0:0:1 - - [10/Oct/2025:21:51:18 +0700] "OPTIONS /api/v1/cinema-clusters/all HTTP/1.1" 200 - 57325
0:0:0:0:0:0:0:1 - - [10/Oct/2025:21:51:18 +0700] "GET /api/v1/cinema-clusters/all HTTP/1.1" 200 2703 570804
0:0:0:0:0:0:0:1 - - [10/Oct/2025:21:51:18 +0700] "OPTIONS /api/v1/cinemas/cluster/1 HTTP/1.1" 200 - 2816
0:0:0:0:0:0:0:1 - - [10/Oct/2025:21:51:18 +0700] "GET /api/v1/cinema-clusters/all HTTP/1.1" 200 2703 21697
0:0:0:0:0:0:0:1 - - [10/Oct/2025:21:51:18 +0700] "GET /api/v1/cinemas/cluster/1 HTTP/1.1" 200 3412 105575
0:0:0:0:0:0:0:1 - - [10/Oct/2025:21:51:19 +0700] "GET /api/v1/cinemas/cluster/1 HTTP/1.1" 200 3411 86707
0:0:0:0:0:0:0:1 - - [10/Oct/2025:21:52:59 +0700] "OPTIONS /api/v1/cinemas/1 HTTP/1.1" 200 - 1593
0:0:0:0:0:0:0:1 - - [10/Oct/2025:21:52:59 +0700] "OPTIONS /api/v1/cinemas/1 HTTP/1.1" 200 - 1606
0:0:0:0:0:0:0:1 - - [10/Oct/2025:21:52:59 +0700] "GET /api/v1/cinemas/1 HTTP/1.1" 200 391 24954
0:0:0:0:0:0:0:1 - - [10/Oct/2025:21:52:59 +0700] "OPTIONS /api/v1/rooms/cinema/1 HTTP/1.1" 200 - 2109
0:0:0:0:0:0:0:1 - - [10/Oct/2025:21:52:59 +0700] "GET /api/v1/cinemas/1 HTTP/1.1" 200 391 19691
0:0:0:0:0:0:0:1 - - [10/Oct/2025:21:52:59 +0700] "GET /api/v1/rooms/cinema/1 HTTP/1.1" 200 344 22777
0:0:0:0:0:0:0:1 - - [10/Oct/2025:21:53:00 +0700] "GET /api/v1/rooms/cinema/1 HTTP/1.1" 200 344 16067
0:0:0:0:0:0:0:1 - - [10/Oct/2025:21:53:01 +0700] "OPTIONS /api/v1/cinema-clusters/all HTTP/1.1" 200 - 1225
0:0:0:0:0:0:0:1 - - [10/Oct/2025:21:53:01 +0700] "OPTIONS /api/v1/cinema-clusters/all HTTP/1.1" 200 - 746
0:0:0:0:0:0:0:1 - - [10/Oct/2025:21:53:01 +0700] "GET /api/v1/cinema-clusters/all HTTP/1.1" 200 2703 17236
0:0:0:0:0:0:0:1 - - [10/Oct/2025:21:53:01 +0700] "OPTIONS /api/v1/cinemas/cluster/1 HTTP/1.1" 200 - 1165
0:0:0:0:0:0:0:1 - - [10/Oct/2025:21:53:01 +0700] "GET /api/v1/cinema-clusters/all HTTP/1.1" 200 2702 17665
0:0:0:0:0:0:0:1 - - [10/Oct/2025:21:53:01 +0700] "GET /api/v1/cinemas/cluster/1 HTTP/1.1" 200 3412 52342
0:0:0:0:0:0:0:1 - - [10/Oct/2025:21:53:01 +0700] "GET /api/v1/cinemas/cluster/1 HTTP/1.1" 200 3412 56790
0:0:0:0:0:0:0:1 - - [10/Oct/2025:21:53:24 +0700] "OPTIONS /api/v1/cinema-clusters/all HTTP/1.1" 200 - 954
0:0:0:0:0:0:0:1 - - [10/Oct/2025:21:53:24 +0700] "OPTIONS /api/v1/cinema-clusters/all HTTP/1.1" 200 - 1093
0:0:0:0:0:0:0:1 - - [10/Oct/2025:21:53:24 +0700] "GET /api/v1/cinema-clusters/all HTTP/1.1" 200 2703 19011
0:0:0:0:0:0:0:1 - - [10/Oct/2025:21:53:24 +0700] "OPTIONS /api/v1/cinemas/cluster/1 HTTP/1.1" 200 - 976
0:0:0:0:0:0:0:1 - - [10/Oct/2025:21:53:24 +0700] "GET /api/v1/cinema-clusters/all HTTP/1.1" 200 2703 18176
0:0:0:0:0:0:0:1 - - [10/Oct/2025:21:53:24 +0700] "GET /api/v1/cinemas/cluster/1 HTTP/1.1" 200 3412 52390
0:0:0:0:0:0:0:1 - - [10/Oct/2025:21:53:24 +0700] "GET /api/v1/cinemas/cluster/1 HTTP/1.1" 200 3412 54205
0:0:0:0:0:0:0:1 - - [10/Oct/2025:21:54:34 +0700] "OPTIONS /api/v1/cinema-clusters/all HTTP/1.1" 200 - 1173
0:0:0:0:0:0:0:1 - - [10/Oct/2025:21:54:34 +0700] "OPTIONS /api/v1/cinema-clusters/all HTTP/1.1" 200 - 1192
0:0:0:0:0:0:0:1 - - [10/Oct/2025:21:54:34 +0700] "OPTIONS /api/v1/cinema-clusters/all HTTP/1.1" 200 - 923
0:0:0:0:0:0:0:1 - - [10/Oct/2025:21:54:34 +0700] "GET /api/v1/cinema-clusters/all HTTP/1.1" 200 2703 23420
0:0:0:0:0:0:0:1 - - [10/Oct/2025:21:54:34 +0700] "OPTIONS /api/v1/cinemas/cluster/1 HTTP/1.1" 200 - 1719
0:0:0:0:0:0:0:1 - - [10/Oct/2025:21:54:34 +0700] "GET /api/v1/cinema-clusters/all HTTP/1.1" 200 2702 27461
0:0:0:0:0:0:0:1 - - [10/Oct/2025:21:54:34 +0700] "GET /api/v1/cinema-clusters/all HTTP/1.1" 200 2703 28987
0:0:0:0:0:0:0:1 - - [10/Oct/2025:21:54:34 +0700] "GET /api/v1/cinemas/cluster/1 HTTP/1.1" 200 3412 72992
0:0:0:0:0:0:0:1 - - [10/Oct/2025:21:54:34 +0700] "GET /api/v1/cinemas/cluster/1 HTTP/1.1" 200 3412 55146
0:0:0:0:0:0:0:1 - - [10/Oct/2025:21:54:34 +0700] "GET /api/v1/cinemas/cluster/1 HTTP/1.1" 200 3412 50448
0:0:0:0:0:0:0:1 - - [10/Oct/2025:21:54:34 +0700] "OPTIONS /api/v1/cinema-clusters/all HTTP/1.1" 200 - 1971
0:0:0:0:0:0:0:1 - - [10/Oct/2025:21:54:34 +0700] "OPTIONS /api/v1/cinema-clusters/all HTTP/1.1" 200 - 1432
0:0:0:0:0:0:0:1 - - [10/Oct/2025:21:54:34 +0700] "OPTIONS /api/v1/cinema-clusters/all HTTP/1.1" 200 - 1711
0:0:0:0:0:0:0:1 - - [10/Oct/2025:21:54:34 +0700] "GET /api/v1/cinema-clusters/all HTTP/1.1" 200 2703 16470
0:0:0:0:0:0:0:1 - - [10/Oct/2025:21:54:34 +0700] "OPTIONS /api/v1/cinemas/cluster/1 HTTP/1.1" 200 - 1386
0:0:0:0:0:0:0:1 - - [10/Oct/2025:21:54:34 +0700] "GET /api/v1/cinema-clusters/all HTTP/1.1" 200 2703 16565
0:0:0:0:0:0:0:1 - - [10/Oct/2025:21:54:34 +0700] "GET /api/v1/cinema-clusters/all HTTP/1.1" 200 2703 14786
0:0:0:0:0:0:0:1 - - [10/Oct/2025:21:54:34 +0700] "GET /api/v1/cinemas/cluster/1 HTTP/1.1" 200 3412 48234
0:0:0:0:0:0:0:1 - - [10/Oct/2025:21:54:34 +0700] "GET /api/v1/cinemas/cluster/1 HTTP/1.1" 200 3412 74325
0:0:0:0:0:0:0:1 - - [10/Oct/2025:21:54:34 +0700] "GET /api/v1/cinemas/cluster/1 HTTP/1.1" 200 3412 43075
0:0:0:0:0:0:0:1 - - [10/Oct/2025:23:10:50 +0700] "OPTIONS /api/v1/cinema-clusters/all HTTP/1.1" 200 - 11425
0:0:0:0:0:0:0:1 - - [10/Oct/2025:23:10:50 +0700] "GET /api/v1/cinema-clusters/all HTTP/1.1" 200 2703 53205
0:0:0:0:0:0:0:1 - - [10/Oct/2025:23:10:50 +0700] "OPTIONS /api/v1/cinemas/cluster/1 HTTP/1.1" 200 - 1562
0:0:0:0:0:0:0:1 - - [10/Oct/2025:23:10:51 +0700] "GET /api/v1/cinemas/cluster/1 HTTP/1.1" 200 3412 156677
0:0:0:0:0:0:0:1 - - [10/Oct/2025:23:10:51 +0700] "OPTIONS /api/v1/cinema-clusters/all HTTP/1.1" 200 - 1152
0:0:0:0:0:0:0:1 - - [10/Oct/2025:23:10:51 +0700] "GET /api/v1/cinema-clusters/all HTTP/1.1" 200 2703 17088
0:0:0:0:0:0:0:1 - - [10/Oct/2025:23:10:51 +0700] "OPTIONS /api/v1/cinemas/cluster/1 HTTP/1.1" 200 - 1287
0:0:0:0:0:0:0:1 - - [10/Oct/2025:23:10:51 +0700] "GET /api/v1/cinemas/cluster/1 HTTP/1.1" 200 3412 45311
0:0:0:0:0:0:0:1 - - [10/Oct/2025:23:11:13 +0700] "OPTIONS /api/v1/cinema-clusters/all HTTP/1.1" 200 - 1249
0:0:0:0:0:0:0:1 - - [10/Oct/2025:23:11:13 +0700] "OPTIONS /api/v1/cities/active HTTP/1.1" 200 - 2782
0:0:0:0:0:0:0:1 - - [10/Oct/2025:23:11:13 +0700] "GET /api/v1/cinema-clusters/all HTTP/1.1" 200 2703 21102
0:0:0:0:0:0:0:1 - - [10/Oct/2025:23:11:13 +0700] "OPTIONS /api/v1/cinemas/cluster/1 HTTP/1.1" 200 - 1168
0:0:0:0:0:0:0:1 - - [10/Oct/2025:23:11:13 +0700] "GET /api/v1/cities/active HTTP/1.1" 200 106246 68531
0:0:0:0:0:0:0:1 - - [10/Oct/2025:23:11:13 +0700] "GET /api/v1/cinemas/cluster/1 HTTP/1.1" 200 3412 57887
0:0:0:0:0:0:0:1 - - [10/Oct/2025:23:11:13 +0700] "OPTIONS /api/v1/cinema-clusters/all HTTP/1.1" 200 - 1229
0:0:0:0:0:0:0:1 - - [10/Oct/2025:23:11:13 +0700] "OPTIONS /api/v1/cities/active HTTP/1.1" 200 - 971
0:0:0:0:0:0:0:1 - - [10/Oct/2025:23:11:13 +0700] "GET /api/v1/cinema-clusters/all HTTP/1.1" 200 2703 17534
0:0:0:0:0:0:0:1 - - [10/Oct/2025:23:11:13 +0700] "OPTIONS /api/v1/cinemas/cluster/1 HTTP/1.1" 200 - 1567
0:0:0:0:0:0:0:1 - - [10/Oct/2025:23:11:13 +0700] "GET /api/v1/cities/active HTTP/1.1" 200 106246 39675
0:0:0:0:0:0:0:1 - - [10/Oct/2025:23:11:13 +0700] "GET /api/v1/cinemas/cluster/1 HTTP/1.1" 200 3412 63904
0:0:0:0:0:0:0:1 - - [10/Oct/2025:23:17:33 +0700] "OPTIONS /api/v1/cities/active HTTP/1.1" 200 - 1326
0:0:0:0:0:0:0:1 - - [10/Oct/2025:23:17:33 +0700] "OPTIONS /api/v1/cinema-clusters/all HTTP/1.1" 200 - 1287
0:0:0:0:0:0:0:1 - - [10/Oct/2025:23:17:33 +0700] "OPTIONS /api/v1/cinema-clusters/all HTTP/1.1" 200 - 1622
0:0:0:0:0:0:0:1 - - [10/Oct/2025:23:17:33 +0700] "OPTIONS /api/v1/cities/active HTTP/1.1" 200 - 1123
0:0:0:0:0:0:0:1 - - [10/Oct/2025:23:17:33 +0700] "GET /api/v1/cinema-clusters/all HTTP/1.1" 200 2703 21324
0:0:0:0:0:0:0:1 - - [10/Oct/2025:23:17:33 +0700] "OPTIONS /api/v1/cinemas/cluster/1 HTTP/1.1" 200 - 1200
0:0:0:0:0:0:0:1 - - [10/Oct/2025:23:17:33 +0700] "GET /api/v1/cinema-clusters/all HTTP/1.1" 200 2703 24488
0:0:0:0:0:0:0:1 - - [10/Oct/2025:23:17:33 +0700] "GET /api/v1/cities/active HTTP/1.1" 200 106245 47207
0:0:0:0:0:0:0:1 - - [10/Oct/2025:23:17:33 +0700] "GET /api/v1/cities/active HTTP/1.1" 200 106246 57529
0:0:0:0:0:0:0:1 - - [10/Oct/2025:23:17:33 +0700] "GET /api/v1/cinemas/cluster/1 HTTP/1.1" 200 3412 67569
0:0:0:0:0:0:0:1 - - [10/Oct/2025:23:17:33 +0700] "GET /api/v1/cinemas/cluster/1 HTTP/1.1" 200 3412 64821
0:0:0:0:0:0:0:1 - - [10/Oct/2025:23:51:02 +0700] "OPTIONS /api/v1/cities/active HTTP/1.1" 200 - 119955
0:0:0:0:0:0:0:1 - - [10/Oct/2025:23:51:02 +0700] "OPTIONS /api/v1/cinema-clusters/all HTTP/1.1" 200 - 119948
0:0:0:0:0:0:0:1 - - [10/Oct/2025:23:51:02 +0700] "OPTIONS /api/v1/cinema-clusters/all HTTP/1.1" 200 - 119945
0:0:0:0:0:0:0:1 - - [10/Oct/2025:23:51:02 +0700] "OPTIONS /api/v1/cities/active HTTP/1.1" 200 - 119948
0:0:0:0:0:0:0:1 - - [10/Oct/2025:23:51:03 +0700] "GET /api/v1/cities/active HTTP/1.1" 200 1029 1183016
0:0:0:0:0:0:0:1 - - [10/Oct/2025:23:51:03 +0700] "GET /api/v1/cinema-clusters/all HTTP/1.1" 200 2703 1183268
0:0:0:0:0:0:0:1 - - [10/Oct/2025:23:51:03 +0700] "OPTIONS /api/v1/cinemas/cluster/1 HTTP/1.1" 200 - 5685
0:0:0:0:0:0:0:1 - - [10/Oct/2025:23:51:03 +0700] "GET /api/v1/cities/active HTTP/1.1" 200 1029 32214
0:0:0:0:0:0:0:1 - - [10/Oct/2025:23:51:03 +0700] "GET /api/v1/cinema-clusters/all HTTP/1.1" 200 2703 33967
0:0:0:0:0:0:0:1 - - [10/Oct/2025:23:51:03 +0700] "GET /api/v1/cinemas/cluster/1 HTTP/1.1" 200 3412 174404
0:0:0:0:0:0:0:1 - - [10/Oct/2025:23:51:03 +0700] "GET /api/v1/cinemas/cluster/1 HTTP/1.1" 200 3412 104487
