0:0:0:0:0:0:0:1 - - [02/Dec/2025:11:04:29 +0700] "GET /api/v1/movies/now-showing?size=12 HTTP/1.1" 200 6159 691328
0:0:0:0:0:0:0:1 - - [02/Dec/2025:11:04:29 +0700] "GET /api/v1/movies/coming-soon?size=12 HTTP/1.1" 200 2246 690496
0:0:0:0:0:0:0:1 - - [02/Dec/2025:11:04:29 +0700] "GET /api/v1/movies/top-rated?size=10 HTTP/1.1" 200 5702 690184
0:0:0:0:0:0:0:1 - - [02/Dec/2025:11:04:29 +0700] "GET /api/v1/movies?size=20 HTTP/1.1" 200 10171 689982
0:0:0:0:0:0:0:1 - - [02/Dec/2025:11:04:29 +0700] "GET /api/v1/movies/coming-soon?size=12 HTTP/1.1" 200 2246 24724
0:0:0:0:0:0:0:1 - - [02/Dec/2025:11:04:29 +0700] "GET /api/v1/movies/top-rated?size=10 HTTP/1.1" 200 5702 42205
0:0:0:0:0:0:0:1 - - [02/Dec/2025:11:04:29 +0700] "GET /api/v1/movies/now-showing?size=12 HTTP/1.1" 200 6159 48165
0:0:0:0:0:0:0:1 - - [02/Dec/2025:11:04:29 +0700] "GET /api/v1/movies?size=20 HTTP/1.1" 200 10171 63306
0:0:0:0:0:0:0:1 - - [02/Dec/2025:11:04:44 +0700] "GET /api/v1/cities/all-no-page HTTP/1.1" 200 1150 29488
0:0:0:0:0:0:0:1 - - [02/Dec/2025:11:04:44 +0700] "GET /api/v1/cities/all-no-page HTTP/1.1" 200 1151 14696
0:0:0:0:0:0:0:1 - - [02/Dec/2025:11:04:44 +0700] "GET /api/v1/movies/42 HTTP/1.1" 200 864 50952
0:0:0:0:0:0:0:1 - - [02/Dec/2025:11:04:44 +0700] "GET /api/v1/movies/42 HTTP/1.1" 200 864 19697
0:0:0:0:0:0:0:1 - - [02/Dec/2025:11:04:44 +0700] "GET /api/v1/showtime/movie/42/date/2025-12-01?page=0&size=5&cityId=1 HTTP/1.1" 200 4489 79584
0:0:0:0:0:0:0:1 - - [02/Dec/2025:11:04:44 +0700] "GET /api/v1/showtime/movie/42/date/2025-12-01?page=0&size=5&cityId=1 HTTP/1.1" 200 4489 42629
0:0:0:0:0:0:0:1 - - [02/Dec/2025:11:05:14 +0700] "GET /api/v1/showtime/movie/42/date/2025-12-01?page=1&size=5&cityId=1 HTTP/1.1" 200 4526 31681
0:0:0:0:0:0:0:1 - - [02/Dec/2025:11:05:16 +0700] "GET /api/v1/showtime/movie/42/date/2025-12-07?page=0&size=5&cityId=1 HTTP/1.1" 200 478 28970
0:0:0:0:0:0:0:1 - - [02/Dec/2025:11:05:17 +0700] "GET /api/v1/showtime/movie/42/date/2025-12-06?page=0&size=5&cityId=1 HTTP/1.1" 200 478 24460
0:0:0:0:0:0:0:1 - - [02/Dec/2025:11:05:18 +0700] "GET /api/v1/showtime/movie/42/date/2025-12-05?page=0&size=5&cityId=1 HTTP/1.1" 200 4650 20595
0:0:0:0:0:0:0:1 - - [02/Dec/2025:11:05:19 +0700] "GET /api/v1/showtime/movie/42/date/2025-12-04?page=0&size=5&cityId=1 HTTP/1.1" 200 4650 36920
0:0:0:0:0:0:0:1 - - [02/Dec/2025:11:05:19 +0700] "GET /api/v1/showtime/movie/42/date/2025-12-03?page=0&size=5&cityId=1 HTTP/1.1" 200 4650 23216
0:0:0:0:0:0:0:1 - - [02/Dec/2025:11:05:20 +0700] "GET /api/v1/showtime/movie/42/date/2025-12-02?page=0&size=5&cityId=1 HTTP/1.1" 200 4490 28191
0:0:0:0:0:0:0:1 - - [02/Dec/2025:11:05:20 +0700] "GET /api/v1/showtime/movie/42/date/2025-12-01?page=0&size=5&cityId=1 HTTP/1.1" 200 4486 24937
0:0:0:0:0:0:0:1 - - [02/Dec/2025:11:12:45 +0700] "OPTIONS /api/v1/auth/verify HTTP/1.1" 200 - 3970
0:0:0:0:0:0:0:1 - - [02/Dec/2025:11:12:45 +0700] "OPTIONS /api/v1/movies?size=20 HTTP/1.1" 200 - 1801
0:0:0:0:0:0:0:1 - - [02/Dec/2025:11:12:45 +0700] "OPTIONS /api/v1/movies/coming-soon?size=12 HTTP/1.1" 200 - 1114
0:0:0:0:0:0:0:1 - - [02/Dec/2025:11:12:45 +0700] "OPTIONS /api/v1/movies/now-showing?size=12 HTTP/1.1" 200 - 1110
0:0:0:0:0:0:0:1 - - [02/Dec/2025:11:12:45 +0700] "OPTIONS /api/v1/movies/top-rated?size=10 HTTP/1.1" 200 - 1381
0:0:0:0:0:0:0:1 - - [02/Dec/2025:11:12:45 +0700] "OPTIONS /api/v1/movies?size=20 HTTP/1.1" 200 - 1505
0:0:0:0:0:0:0:1 - - [02/Dec/2025:11:12:45 +0700] "OPTIONS /api/v1/movies/coming-soon?size=12 HTTP/1.1" 200 - 2807
0:0:0:0:0:0:0:1 - - [02/Dec/2025:11:12:45 +0700] "OPTIONS /api/v1/movies/top-rated?size=10 HTTP/1.1" 200 - 2695
0:0:0:0:0:0:0:1 - - [02/Dec/2025:11:12:45 +0700] "OPTIONS /api/v1/movies/now-showing?size=12 HTTP/1.1" 200 - 2940
0:0:0:0:0:0:0:1 - - [02/Dec/2025:11:12:45 +0700] "GET /api/v1/movies/coming-soon?size=12 HTTP/1.1" 200 2246 296241
0:0:0:0:0:0:0:1 - - [02/Dec/2025:11:12:45 +0700] "GET /api/v1/auth/verify HTTP/1.1" 200 262 299738
0:0:0:0:0:0:0:1 - - [02/Dec/2025:11:12:45 +0700] "GET /api/v1/movies/top-rated?size=10 HTTP/1.1" 200 5702 312266
0:0:0:0:0:0:0:1 - - [02/Dec/2025:11:12:45 +0700] "GET /api/v1/movies/now-showing?size=12 HTTP/1.1" 200 6159 318496
0:0:0:0:0:0:0:1 - - [02/Dec/2025:11:12:45 +0700] "GET /api/v1/movies/coming-soon?size=12 HTTP/1.1" 200 2246 33163
0:0:0:0:0:0:0:1 - - [02/Dec/2025:11:12:45 +0700] "GET /api/v1/movies/top-rated?size=10 HTTP/1.1" 200 5702 38622
0:0:0:0:0:0:0:1 - - [02/Dec/2025:11:12:45 +0700] "GET /api/v1/movies?size=20 HTTP/1.1" 200 10171 353375
0:0:0:0:0:0:0:1 - - [02/Dec/2025:11:12:45 +0700] "GET /api/v1/movies/now-showing?size=12 HTTP/1.1" 200 6159 46388
0:0:0:0:0:0:0:1 - - [02/Dec/2025:11:12:45 +0700] "GET /api/v1/movies?size=20 HTTP/1.1" 200 10171 49945
0:0:0:0:0:0:0:1 - - [02/Dec/2025:11:13:42 +0700] "OPTIONS /api/v1/cities/all-no-page HTTP/1.1" 200 - 1040
0:0:0:0:0:0:0:1 - - [02/Dec/2025:11:13:42 +0700] "OPTIONS /api/v1/movies/42 HTTP/1.1" 200 - 1114
0:0:0:0:0:0:0:1 - - [02/Dec/2025:11:13:42 +0700] "OPTIONS /api/v1/cities/all-no-page HTTP/1.1" 200 - 1696
0:0:0:0:0:0:0:1 - - [02/Dec/2025:11:13:42 +0700] "OPTIONS /api/v1/movies/42 HTTP/1.1" 200 - 1932
0:0:0:0:0:0:0:1 - - [02/Dec/2025:11:13:42 +0700] "GET /api/v1/movies/42 HTTP/1.1" 200 864 27408
0:0:0:0:0:0:0:1 - - [02/Dec/2025:11:13:42 +0700] "GET /api/v1/cities/all-no-page HTTP/1.1" 200 1151 27557
0:0:0:0:0:0:0:1 - - [02/Dec/2025:11:13:42 +0700] "GET /api/v1/cities/all-no-page HTTP/1.1" 200 1151 22382
0:0:0:0:0:0:0:1 - - [02/Dec/2025:11:13:42 +0700] "GET /api/v1/movies/42 HTTP/1.1" 200 864 23150
0:0:0:0:0:0:0:1 - - [02/Dec/2025:11:13:42 +0700] "OPTIONS /api/v1/showtime/movie/42/date/2025-12-01?page=0&size=5&cityId=1 HTTP/1.1" 200 - 2313
0:0:0:0:0:0:0:1 - - [02/Dec/2025:11:13:42 +0700] "GET /api/v1/showtime/movie/42/date/2025-12-01?page=0&size=5&cityId=1 HTTP/1.1" 200 4489 41371
0:0:0:0:0:0:0:1 - - [02/Dec/2025:11:13:42 +0700] "GET /api/v1/showtime/movie/42/date/2025-12-01?page=0&size=5&cityId=1 HTTP/1.1" 200 4489 38790
0:0:0:0:0:0:0:1 - - [02/Dec/2025:11:15:47 +0700] "OPTIONS /api/v1/auth/verify HTTP/1.1" 200 - 1750
0:0:0:0:0:0:0:1 - - [02/Dec/2025:11:15:47 +0700] "OPTIONS /api/v1/auth/verify HTTP/1.1" 200 - 1253
0:0:0:0:0:0:0:1 - - [02/Dec/2025:11:15:47 +0700] "OPTIONS /api/v1/auth/verify HTTP/1.1" 200 - 1236
0:0:0:0:0:0:0:1 - - [02/Dec/2025:11:15:47 +0700] "GET /api/v1/auth/verify HTTP/1.1" 200 262 30106
0:0:0:0:0:0:0:1 - - [02/Dec/2025:11:15:47 +0700] "GET /api/v1/auth/verify HTTP/1.1" 200 262 25540
0:0:0:0:0:0:0:1 - - [02/Dec/2025:11:15:47 +0700] "GET /api/v1/auth/verify HTTP/1.1" 200 262 17714
0:0:0:0:0:0:0:1 - - [02/Dec/2025:11:15:47 +0700] "OPTIONS /api/v1/showtime/23/seats HTTP/1.1" 200 - 1692
0:0:0:0:0:0:0:1 - - [02/Dec/2025:11:15:47 +0700] "OPTIONS /api/v1/showtime/23 HTTP/1.1" 200 - 1303
0:0:0:0:0:0:0:1 - - [02/Dec/2025:11:15:47 +0700] "OPTIONS /api/v1/showtime/23 HTTP/1.1" 200 - 1778
0:0:0:0:0:0:0:1 - - [02/Dec/2025:11:15:47 +0700] "OPTIONS /api/v1/showtime/23/seats HTTP/1.1" 200 - 1216
0:0:0:0:0:0:0:1 - - [02/Dec/2025:11:15:47 +0700] "GET /ws-booking/info?t=1764648947885 HTTP/1.1" 200 78 16160
0:0:0:0:0:0:0:1 - - [02/Dec/2025:11:15:47 +0700] "GET /api/v1/showtime/23 HTTP/1.1" 200 473 62743
0:0:0:0:0:0:0:1 - - [02/Dec/2025:11:15:47 +0700] "GET /api/v1/showtime/23/seats HTTP/1.1" 200 9353 72782
0:0:0:0:0:0:0:1 - - [02/Dec/2025:11:15:47 +0700] "GET /ws-booking/287/xoe0iaml/websocket HTTP/1.1" 101 - 64848
0:0:0:0:0:0:0:1 - - [02/Dec/2025:11:15:47 +0700] "GET /api/v1/showtime/23 HTTP/1.1" 200 473 36810
0:0:0:0:0:0:0:1 - - [02/Dec/2025:11:15:47 +0700] "GET /api/v1/showtime/23/seats HTTP/1.1" 200 9353 38250
0:0:0:0:0:0:0:1 - - [02/Dec/2025:11:15:49 +0700] "GET /ws-booking/info?t=1764648949506 HTTP/1.1" 200 78 7615
0:0:0:0:0:0:0:1 - - [02/Dec/2025:11:15:49 +0700] "GET /ws-booking/244/vnbho45l/websocket HTTP/1.1" 101 - 8060
0:0:0:0:0:0:0:1 - - [02/Dec/2025:11:15:49 +0700] "GET /api/v1/showtime/23 HTTP/1.1" 200 472 38806
0:0:0:0:0:0:0:1 - - [02/Dec/2025:11:15:49 +0700] "GET /api/v1/showtime/23/seats HTTP/1.1" 200 9353 39848
0:0:0:0:0:0:0:1 - - [02/Dec/2025:11:15:49 +0700] "GET /api/v1/showtime/23 HTTP/1.1" 200 473 49250
0:0:0:0:0:0:0:1 - - [02/Dec/2025:11:15:49 +0700] "GET /api/v1/showtime/23/seats HTTP/1.1" 200 9353 48825
0:0:0:0:0:0:0:1 - - [02/Dec/2025:11:21:30 +0700] "POST /api/v1/showtime/23/lock-seat/1?userId=0 HTTP/1.1" 200 104 42058
0:0:0:0:0:0:0:1 - - [02/Dec/2025:11:21:30 +0700] "POST /api/v1/showtime/23/lock-seat/2?userId=0 HTTP/1.1" 200 104 14118
0:0:0:0:0:0:0:1 - - [02/Dec/2025:11:21:38 +0700] "OPTIONS /api/v1/auth/login HTTP/1.1" 200 - 1851
0:0:0:0:0:0:0:1 - - [02/Dec/2025:11:21:39 +0700] "POST /api/v1/auth/login HTTP/1.1" 200 877 600969
0:0:0:0:0:0:0:1 - - [02/Dec/2025:11:21:44 +0700] "OPTIONS /api/v1/auth/login HTTP/1.1" 200 - 1282
0:0:0:0:0:0:0:1 - - [02/Dec/2025:11:21:44 +0700] "POST /api/v1/auth/login HTTP/1.1" 200 877 249247
0:0:0:0:0:0:0:1 - - [02/Dec/2025:11:21:54 +0700] "OPTIONS /api/v1/auth/verify HTTP/1.1" 200 - 846
0:0:0:0:0:0:0:1 - - [02/Dec/2025:11:21:54 +0700] "OPTIONS /api/v1/auth/verify HTTP/1.1" 200 - 1524
0:0:0:0:0:0:0:1 - - [02/Dec/2025:11:21:54 +0700] "OPTIONS /api/v1/auth/verify HTTP/1.1" 200 - 787
0:0:0:0:0:0:0:1 - - [02/Dec/2025:11:21:54 +0700] "GET /api/v1/auth/verify HTTP/1.1" 200 262 33960
0:0:0:0:0:0:0:1 - - [02/Dec/2025:11:21:54 +0700] "GET /api/v1/auth/verify HTTP/1.1" 200 262 30382
0:0:0:0:0:0:0:1 - - [02/Dec/2025:11:21:54 +0700] "GET /api/v1/auth/verify HTTP/1.1" 200 262 32244
0:0:0:0:0:0:0:1 - - [02/Dec/2025:11:21:55 +0700] "OPTIONS /api/v1/showtime/23/seats HTTP/1.1" 200 - 8686
0:0:0:0:0:0:0:1 - - [02/Dec/2025:11:21:55 +0700] "OPTIONS /api/v1/showtime/23 HTTP/1.1" 200 - 7842
0:0:0:0:0:0:0:1 - - [02/Dec/2025:11:21:55 +0700] "OPTIONS /api/v1/showtime/23 HTTP/1.1" 200 - 7860
0:0:0:0:0:0:0:1 - - [02/Dec/2025:11:21:55 +0700] "OPTIONS /api/v1/showtime/23/seats HTTP/1.1" 200 - 8409
0:0:0:0:0:0:0:1 - - [02/Dec/2025:11:21:55 +0700] "GET /ws-booking/info?t=1764649315166 HTTP/1.1" 200 79 9259
0:0:0:0:0:0:0:1 - - [02/Dec/2025:11:21:55 +0700] "GET /ws-booking/407/fxpjuq3c/websocket HTTP/1.1" 101 - 4289
0:0:0:0:0:0:0:1 - - [02/Dec/2025:11:21:55 +0700] "GET /api/v1/showtime/23 HTTP/1.1" 200 473 39493
0:0:0:0:0:0:0:1 - - [02/Dec/2025:11:21:55 +0700] "GET /api/v1/showtime/23/seats HTTP/1.1" 200 9343 40500
0:0:0:0:0:0:0:1 - - [02/Dec/2025:11:21:55 +0700] "GET /api/v1/showtime/23 HTTP/1.1" 200 473 29187
0:0:0:0:0:0:0:1 - - [02/Dec/2025:11:21:55 +0700] "GET /api/v1/showtime/23/seats HTTP/1.1" 200 9343 37653
0:0:0:0:0:0:0:1 - - [02/Dec/2025:11:21:57 +0700] "OPTIONS /api/v1/showtime/23/lock-seat/3?userId=2 HTTP/1.1" 200 - 1395
0:0:0:0:0:0:0:1 - - [02/Dec/2025:11:21:57 +0700] "POST /api/v1/showtime/23/lock-seat/3?userId=2 HTTP/1.1" 200 104 19892
0:0:0:0:0:0:0:1 - - [02/Dec/2025:11:21:57 +0700] "OPTIONS /api/v1/showtime/23/lock-seat/4?userId=2 HTTP/1.1" 200 - 1500
0:0:0:0:0:0:0:1 - - [02/Dec/2025:11:21:57 +0700] "POST /api/v1/showtime/23/lock-seat/4?userId=2 HTTP/1.1" 200 103 24344
0:0:0:0:0:0:0:1 - - [02/Dec/2025:11:21:58 +0700] "OPTIONS /api/v1/bookings HTTP/1.1" 200 - 1151
0:0:0:0:0:0:0:1 - - [02/Dec/2025:11:21:59 +0700] "POST /api/v1/bookings HTTP/1.1" 201 660 271193
0:0:0:0:0:0:0:1 - - [02/Dec/2025:11:22:05 +0700] "OPTIONS /api/v1/showtime/23 HTTP/1.1" 200 - 1531
0:0:0:0:0:0:0:1 - - [02/Dec/2025:11:22:05 +0700] "OPTIONS /api/v1/showtime/23/seats HTTP/1.1" 200 - 1454
0:0:0:0:0:0:0:1 - - [02/Dec/2025:11:22:05 +0700] "OPTIONS /api/v1/showtime/23 HTTP/1.1" 200 - 1662
0:0:0:0:0:0:0:1 - - [02/Dec/2025:11:22:05 +0700] "OPTIONS /api/v1/showtime/23/seats HTTP/1.1" 200 - 1514
0:0:0:0:0:0:0:1 - - [02/Dec/2025:11:22:05 +0700] "GET /ws-booking/info?t=1764649325576 HTTP/1.1" 200 77 3429
0:0:0:0:0:0:0:1 - - [02/Dec/2025:11:22:05 +0700] "GET /ws-booking/394/mmsxbr4j/websocket HTTP/1.1" 101 - 2391
0:0:0:0:0:0:0:1 - - [02/Dec/2025:11:22:05 +0700] "GET /api/v1/showtime/23 HTTP/1.1" 200 473 28400
0:0:0:0:0:0:0:1 - - [02/Dec/2025:11:22:05 +0700] "GET /api/v1/showtime/23/seats HTTP/1.1" 200 9333 57682
0:0:0:0:0:0:0:1 - - [02/Dec/2025:11:22:05 +0700] "GET /api/v1/showtime/23 HTTP/1.1" 200 473 37532
0:0:0:0:0:0:0:1 - - [02/Dec/2025:11:22:05 +0700] "GET /api/v1/showtime/23/seats HTTP/1.1" 200 9333 40372
0:0:0:0:0:0:0:1 - - [02/Dec/2025:11:22:07 +0700] "OPTIONS /api/v1/movies?size=20 HTTP/1.1" 200 - 2675
0:0:0:0:0:0:0:1 - - [02/Dec/2025:11:22:07 +0700] "OPTIONS /api/v1/movies/now-showing?size=12 HTTP/1.1" 200 - 1559
0:0:0:0:0:0:0:1 - - [02/Dec/2025:11:22:07 +0700] "OPTIONS /api/v1/movies/coming-soon?size=12 HTTP/1.1" 200 - 1870
0:0:0:0:0:0:0:1 - - [02/Dec/2025:11:22:07 +0700] "OPTIONS /api/v1/movies/top-rated?size=10 HTTP/1.1" 200 - 2196
0:0:0:0:0:0:0:1 - - [02/Dec/2025:11:22:07 +0700] "OPTIONS /api/v1/movies/coming-soon?size=12 HTTP/1.1" 200 - 1072
0:0:0:0:0:0:0:1 - - [02/Dec/2025:11:22:07 +0700] "OPTIONS /api/v1/movies?size=20 HTTP/1.1" 200 - 1518
0:0:0:0:0:0:0:1 - - [02/Dec/2025:11:22:07 +0700] "OPTIONS /api/v1/movies/top-rated?size=10 HTTP/1.1" 200 - 1163
0:0:0:0:0:0:0:1 - - [02/Dec/2025:11:22:07 +0700] "OPTIONS /api/v1/movies/now-showing?size=12 HTTP/1.1" 200 - 1304
0:0:0:0:0:0:0:1 - - [02/Dec/2025:11:22:07 +0700] "GET /api/v1/movies/coming-soon?size=12 HTTP/1.1" 200 2246 31429
0:0:0:0:0:0:0:1 - - [02/Dec/2025:11:22:07 +0700] "GET /api/v1/movies/top-rated?size=10 HTTP/1.1" 200 5702 49262
0:0:0:0:0:0:0:1 - - [02/Dec/2025:11:22:07 +0700] "GET /api/v1/movies/now-showing?size=12 HTTP/1.1" 200 6159 57665
0:0:0:0:0:0:0:1 - - [02/Dec/2025:11:22:07 +0700] "GET /api/v1/movies/coming-soon?size=12 HTTP/1.1" 200 2246 33125
0:0:0:0:0:0:0:1 - - [02/Dec/2025:11:22:07 +0700] "GET /api/v1/movies?size=20 HTTP/1.1" 200 10171 77120
0:0:0:0:0:0:0:1 - - [02/Dec/2025:11:22:07 +0700] "GET /api/v1/movies/top-rated?size=10 HTTP/1.1" 200 5702 43153
0:0:0:0:0:0:0:1 - - [02/Dec/2025:11:22:07 +0700] "GET /api/v1/movies/now-showing?size=12 HTTP/1.1" 200 6159 43126
0:0:0:0:0:0:0:1 - - [02/Dec/2025:11:22:07 +0700] "GET /api/v1/movies?size=20 HTTP/1.1" 200 10171 51099
0:0:0:0:0:0:0:1 - - [02/Dec/2025:11:22:10 +0700] "OPTIONS /api/v1/cities/all-no-page HTTP/1.1" 200 - 1264
0:0:0:0:0:0:0:1 - - [02/Dec/2025:11:22:10 +0700] "OPTIONS /api/v1/cities/all-no-page HTTP/1.1" 200 - 4708
0:0:0:0:0:0:0:1 - - [02/Dec/2025:11:22:10 +0700] "OPTIONS /api/v1/movies/40 HTTP/1.1" 200 - 9791
0:0:0:0:0:0:0:1 - - [02/Dec/2025:11:22:10 +0700] "OPTIONS /api/v1/movies/40 HTTP/1.1" 200 - 11049
0:0:0:0:0:0:0:1 - - [02/Dec/2025:11:22:10 +0700] "GET /api/v1/cities/all-no-page HTTP/1.1" 200 1151 33649
0:0:0:0:0:0:0:1 - - [02/Dec/2025:11:22:10 +0700] "GET /api/v1/movies/40 HTTP/1.1" 200 800 33364
0:0:0:0:0:0:0:1 - - [02/Dec/2025:11:22:10 +0700] "GET /api/v1/cities/all-no-page HTTP/1.1" 200 1151 26065
0:0:0:0:0:0:0:1 - - [02/Dec/2025:11:22:10 +0700] "GET /api/v1/movies/40 HTTP/1.1" 200 800 23152
0:0:0:0:0:0:0:1 - - [02/Dec/2025:11:22:10 +0700] "OPTIONS /api/v1/showtime/movie/40/date/2025-12-01?page=0&size=5&cityId=1 HTTP/1.1" 200 - 2852
0:0:0:0:0:0:0:1 - - [02/Dec/2025:11:22:11 +0700] "GET /api/v1/showtime/movie/40/date/2025-12-01?page=0&size=5&cityId=1 HTTP/1.1" 200 4489 40982
0:0:0:0:0:0:0:1 - - [02/Dec/2025:11:22:11 +0700] "GET /api/v1/showtime/movie/40/date/2025-12-01?page=0&size=5&cityId=1 HTTP/1.1" 200 4489 47701
0:0:0:0:0:0:0:1 - - [02/Dec/2025:11:22:12 +0700] "OPTIONS /api/v1/showtime/26 HTTP/1.1" 200 - 1422
0:0:0:0:0:0:0:1 - - [02/Dec/2025:11:22:12 +0700] "OPTIONS /api/v1/showtime/26 HTTP/1.1" 200 - 1646
0:0:0:0:0:0:0:1 - - [02/Dec/2025:11:22:12 +0700] "OPTIONS /api/v1/showtime/26/seats HTTP/1.1" 200 - 1422
0:0:0:0:0:0:0:1 - - [02/Dec/2025:11:22:12 +0700] "OPTIONS /api/v1/showtime/26/seats HTTP/1.1" 200 - 1652
0:0:0:0:0:0:0:1 - - [02/Dec/2025:11:22:12 +0700] "GET /ws-booking/info?t=1764649332839 HTTP/1.1" 200 78 2177
0:0:0:0:0:0:0:1 - - [02/Dec/2025:11:22:12 +0700] "GET /ws-booking/694/jsc1iswi/websocket HTTP/1.1" 101 - 2722
0:0:0:0:0:0:0:1 - - [02/Dec/2025:11:22:12 +0700] "GET /api/v1/showtime/26/seats HTTP/1.1" 200 9353 28395
0:0:0:0:0:0:0:1 - - [02/Dec/2025:11:22:12 +0700] "GET /api/v1/showtime/26 HTTP/1.1" 200 446 28534
0:0:0:0:0:0:0:1 - - [02/Dec/2025:11:22:12 +0700] "GET /api/v1/showtime/26 HTTP/1.1" 200 446 34099
0:0:0:0:0:0:0:1 - - [02/Dec/2025:11:22:12 +0700] "GET /api/v1/showtime/26/seats HTTP/1.1" 200 9353 35084
0:0:0:0:0:0:0:1 - - [02/Dec/2025:11:22:16 +0700] "OPTIONS /api/v1/showtime/26/lock-seat/1?userId=2 HTTP/1.1" 200 - 1585
0:0:0:0:0:0:0:1 - - [02/Dec/2025:11:22:16 +0700] "POST /api/v1/showtime/26/lock-seat/1?userId=2 HTTP/1.1" 200 104 20359
0:0:0:0:0:0:0:1 - - [02/Dec/2025:11:22:16 +0700] "OPTIONS /api/v1/showtime/26/lock-seat/2?userId=2 HTTP/1.1" 200 - 1795
0:0:0:0:0:0:0:1 - - [02/Dec/2025:11:22:16 +0700] "POST /api/v1/showtime/26/lock-seat/2?userId=2 HTTP/1.1" 200 104 21431
0:0:0:0:0:0:0:1 - - [02/Dec/2025:11:22:18 +0700] "OPTIONS /api/v1/bookings HTTP/1.1" 200 - 935
0:0:0:0:0:0:0:1 - - [02/Dec/2025:11:22:18 +0700] "POST /api/v1/bookings HTTP/1.1" 201 633 46868
0:0:0:0:0:0:0:1 - - [02/Dec/2025:11:22:24 +0700] "OPTIONS /api/v1/payments HTTP/1.1" 200 - 954
0:0:0:0:0:0:0:1 - - [02/Dec/2025:11:22:25 +0700] "POST /api/v1/payments HTTP/1.1" 201 459 1100964
0:0:0:0:0:0:0:1 - - [02/Dec/2025:11:22:57 +0700] "POST /api/v1/payments/momo-callback HTTP/1.1" 200 82 64397
0:0:0:0:0:0:0:1 - - [02/Dec/2025:11:23:02 +0700] "OPTIONS /api/v1/auth/verify HTTP/1.1" 200 - 843
0:0:0:0:0:0:0:1 - - [02/Dec/2025:11:23:02 +0700] "OPTIONS /api/v1/auth/verify HTTP/1.1" 200 - 1226
0:0:0:0:0:0:0:1 - - [02/Dec/2025:11:23:02 +0700] "OPTIONS /api/v1/auth/verify HTTP/1.1" 200 - 996
0:0:0:0:0:0:0:1 - - [02/Dec/2025:11:23:02 +0700] "GET /api/v1/auth/verify HTTP/1.1" 200 262 13715
0:0:0:0:0:0:0:1 - - [02/Dec/2025:11:23:02 +0700] "GET /api/v1/auth/verify HTTP/1.1" 200 262 15450
0:0:0:0:0:0:0:1 - - [02/Dec/2025:11:23:02 +0700] "GET /api/v1/auth/verify HTTP/1.1" 200 262 12806
0:0:0:0:0:0:0:1 - - [02/Dec/2025:11:23:04 +0700] "OPTIONS /api/v1/payments/transaction/BK1764649338571956 HTTP/1.1" 200 - 1738
0:0:0:0:0:0:0:1 - - [02/Dec/2025:11:23:04 +0700] "OPTIONS /api/v1/payments/transaction/BK1764649338571956 HTTP/1.1" 200 - 1733
0:0:0:0:0:0:0:1 - - [02/Dec/2025:11:23:04 +0700] "GET /api/v1/payments/transaction/BK1764649338571956 HTTP/1.1" 500 158 48782
0:0:0:0:0:0:0:1 - - [02/Dec/2025:11:23:04 +0700] "GET /api/v1/payments/transaction/BK1764649338571956 HTTP/1.1" 500 158 26739
0:0:0:0:0:0:0:1 - - [02/Dec/2025:11:23:34 +0700] "OPTIONS /api/v1/auth/verify HTTP/1.1" 200 - 1538
0:0:0:0:0:0:0:1 - - [02/Dec/2025:11:23:34 +0700] "OPTIONS /api/v1/auth/verify HTTP/1.1" 200 - 643
0:0:0:0:0:0:0:1 - - [02/Dec/2025:11:23:34 +0700] "OPTIONS /api/v1/auth/verify HTTP/1.1" 200 - 833
0:0:0:0:0:0:0:1 - - [02/Dec/2025:11:23:34 +0700] "GET /api/v1/auth/verify HTTP/1.1" 200 262 24406
0:0:0:0:0:0:0:1 - - [02/Dec/2025:11:23:34 +0700] "GET /api/v1/auth/verify HTTP/1.1" 200 262 22322
0:0:0:0:0:0:0:1 - - [02/Dec/2025:11:23:34 +0700] "GET /api/v1/auth/verify HTTP/1.1" 200 262 16164
0:0:0:0:0:0:0:1 - - [02/Dec/2025:11:23:34 +0700] "OPTIONS /api/v1/payments/transaction/BK1764649338571956/ HTTP/1.1" 200 - 2145
0:0:0:0:0:0:0:1 - - [02/Dec/2025:11:23:34 +0700] "OPTIONS /api/v1/payments/transaction/BK1764649338571956/ HTTP/1.1" 200 - 2145
0:0:0:0:0:0:0:1 - - [02/Dec/2025:11:23:34 +0700] "GET /api/v1/payments/transaction/BK1764649338571956/ HTTP/1.1" 500 159 22586
0:0:0:0:0:0:0:1 - - [02/Dec/2025:11:23:34 +0700] "GET /api/v1/payments/transaction/BK1764649338571956/ HTTP/1.1" 500 159 14171
0:0:0:0:0:0:0:1 - - [02/Dec/2025:11:23:36 +0700] "GET /api/v1/auth/verify HTTP/1.1" 200 262 15621
0:0:0:0:0:0:0:1 - - [02/Dec/2025:11:23:36 +0700] "GET /api/v1/auth/verify HTTP/1.1" 200 262 22766
0:0:0:0:0:0:0:1 - - [02/Dec/2025:11:23:36 +0700] "GET /api/v1/auth/verify HTTP/1.1" 200 262 26406
0:0:0:0:0:0:0:1 - - [02/Dec/2025:11:23:37 +0700] "OPTIONS /api/v1/payments/transaction/BK1764649338571956 HTTP/1.1" 200 - 1404
0:0:0:0:0:0:0:1 - - [02/Dec/2025:11:23:37 +0700] "OPTIONS /api/v1/payments/transaction/BK1764649338571956 HTTP/1.1" 200 - 1478
0:0:0:0:0:0:0:1 - - [02/Dec/2025:11:23:37 +0700] "GET /api/v1/payments/transaction/BK1764649338571956 HTTP/1.1" 500 158 19823
0:0:0:0:0:0:0:1 - - [02/Dec/2025:11:23:37 +0700] "GET /api/v1/payments/transaction/BK1764649338571956 HTTP/1.1" 500 158 19210
0:0:0:0:0:0:0:1 - - [02/Dec/2025:11:34:16 +0700] "OPTIONS /api/v1/auth/verify HTTP/1.1" 200 - 990
0:0:0:0:0:0:0:1 - - [02/Dec/2025:11:34:16 +0700] "OPTIONS /api/v1/auth/verify HTTP/1.1" 200 - 995
0:0:0:0:0:0:0:1 - - [02/Dec/2025:11:34:16 +0700] "OPTIONS /api/v1/auth/verify HTTP/1.1" 200 - 1293
0:0:0:0:0:0:0:1 - - [02/Dec/2025:11:34:16 +0700] "GET /api/v1/auth/verify HTTP/1.1" 200 262 33444
0:0:0:0:0:0:0:1 - - [02/Dec/2025:11:34:16 +0700] "GET /api/v1/auth/verify HTTP/1.1" 200 262 18928
0:0:0:0:0:0:0:1 - - [02/Dec/2025:11:34:16 +0700] "GET /api/v1/auth/verify HTTP/1.1" 200 262 41184
0:0:0:0:0:0:0:1 - - [02/Dec/2025:11:34:17 +0700] "OPTIONS /api/v1/payments/transaction/BK1764649338571956 HTTP/1.1" 200 - 2469
0:0:0:0:0:0:0:1 - - [02/Dec/2025:11:34:17 +0700] "OPTIONS /api/v1/payments/transaction/BK1764649338571956 HTTP/1.1" 200 - 2373
0:0:0:0:0:0:0:1 - - [02/Dec/2025:11:34:17 +0700] "GET /api/v1/payments/transaction/BK1764649338571956 HTTP/1.1" 500 158 32274
0:0:0:0:0:0:0:1 - - [02/Dec/2025:11:34:17 +0700] "GET /api/v1/payments/transaction/BK1764649338571956 HTTP/1.1" 500 158 21886
0:0:0:0:0:0:0:1 - - [02/Dec/2025:11:34:18 +0700] "OPTIONS /api/v1/auth/verify HTTP/1.1" 200 - 1611
0:0:0:0:0:0:0:1 - - [02/Dec/2025:11:34:18 +0700] "OPTIONS /api/v1/auth/verify HTTP/1.1" 200 - 712
0:0:0:0:0:0:0:1 - - [02/Dec/2025:11:34:18 +0700] "OPTIONS /api/v1/auth/verify HTTP/1.1" 200 - 914
0:0:0:0:0:0:0:1 - - [02/Dec/2025:11:34:18 +0700] "GET /api/v1/auth/verify HTTP/1.1" 200 262 13655
0:0:0:0:0:0:0:1 - - [02/Dec/2025:11:34:18 +0700] "GET /api/v1/auth/verify HTTP/1.1" 200 262 14904
0:0:0:0:0:0:0:1 - - [02/Dec/2025:11:34:18 +0700] "GET /api/v1/auth/verify HTTP/1.1" 200 262 15475
0:0:0:0:0:0:0:1 - - [02/Dec/2025:11:34:18 +0700] "OPTIONS /api/v1/payments/transaction/BK1764649338571956 HTTP/1.1" 200 - 1625
0:0:0:0:0:0:0:1 - - [02/Dec/2025:11:34:18 +0700] "OPTIONS /api/v1/payments/transaction/BK1764649338571956 HTTP/1.1" 200 - 2264
0:0:0:0:0:0:0:1 - - [02/Dec/2025:11:34:18 +0700] "GET /api/v1/payments/transaction/BK1764649338571956 HTTP/1.1" 500 157 15917
0:0:0:0:0:0:0:1 - - [02/Dec/2025:11:34:18 +0700] "GET /api/v1/payments/transaction/BK1764649338571956 HTTP/1.1" 500 158 13338
0:0:0:0:0:0:0:1 - - [02/Dec/2025:11:58:31 +0700] "OPTIONS /api/v1/auth/verify HTTP/1.1" 200 - 1046
0:0:0:0:0:0:0:1 - - [02/Dec/2025:11:58:31 +0700] "OPTIONS /api/v1/auth/verify HTTP/1.1" 200 - 970
0:0:0:0:0:0:0:1 - - [02/Dec/2025:11:58:31 +0700] "OPTIONS /api/v1/auth/verify HTTP/1.1" 200 - 982
0:0:0:0:0:0:0:1 - - [02/Dec/2025:11:58:31 +0700] "GET /api/v1/auth/verify HTTP/1.1" 200 262 16668
0:0:0:0:0:0:0:1 - - [02/Dec/2025:11:58:31 +0700] "GET /api/v1/auth/verify HTTP/1.1" 200 262 34861
0:0:0:0:0:0:0:1 - - [02/Dec/2025:11:58:31 +0700] "GET /api/v1/auth/verify HTTP/1.1" 200 262 20746
0:0:0:0:0:0:0:1 - - [02/Dec/2025:11:58:31 +0700] "OPTIONS /api/v1/payments/transaction/BK1764649338571956 HTTP/1.1" 200 - 1279
0:0:0:0:0:0:0:1 - - [02/Dec/2025:11:58:31 +0700] "OPTIONS /api/v1/payments/transaction/BK1764649338571956 HTTP/1.1" 200 - 1330
0:0:0:0:0:0:0:1 - - [02/Dec/2025:11:58:31 +0700] "GET /api/v1/payments/transaction/BK1764649338571956 HTTP/1.1" 500 158 25294
0:0:0:0:0:0:0:1 - - [02/Dec/2025:11:58:31 +0700] "GET /api/v1/payments/transaction/BK1764649338571956 HTTP/1.1" 500 158 19518
0:0:0:0:0:0:0:1 - - [02/Dec/2025:12:32:24 +0700] "OPTIONS /api/v1/auth/verify HTTP/1.1" 200 - 151265
0:0:0:0:0:0:0:1 - - [02/Dec/2025:12:32:24 +0700] "OPTIONS /api/v1/auth/verify HTTP/1.1" 200 - 151255
0:0:0:0:0:0:0:1 - - [02/Dec/2025:12:32:24 +0700] "OPTIONS /api/v1/auth/verify HTTP/1.1" 200 - 151265
0:0:0:0:0:0:0:1 - - [02/Dec/2025:12:32:25 +0700] "GET /api/v1/auth/verify HTTP/1.1" 200 262 399393
0:0:0:0:0:0:0:1 - - [02/Dec/2025:12:32:25 +0700] "GET /api/v1/auth/verify HTTP/1.1" 200 262 22712
0:0:0:0:0:0:0:1 - - [02/Dec/2025:12:32:25 +0700] "GET /api/v1/auth/verify HTTP/1.1" 200 262 18255
0:0:0:0:0:0:0:1 - - [02/Dec/2025:12:32:26 +0700] "OPTIONS /api/v1/movies/top-rated?size=10 HTTP/1.1" 200 - 1640
0:0:0:0:0:0:0:1 - - [02/Dec/2025:12:32:26 +0700] "OPTIONS /api/v1/movies/coming-soon?size=12 HTTP/1.1" 200 - 1553
0:0:0:0:0:0:0:1 - - [02/Dec/2025:12:32:26 +0700] "OPTIONS /api/v1/movies/now-showing?size=12 HTTP/1.1" 200 - 1842
0:0:0:0:0:0:0:1 - - [02/Dec/2025:12:32:26 +0700] "OPTIONS /api/v1/movies?size=20 HTTP/1.1" 200 - 3591
0:0:0:0:0:0:0:1 - - [02/Dec/2025:12:32:26 +0700] "OPTIONS /api/v1/movies?size=20 HTTP/1.1" 200 - 2112
0:0:0:0:0:0:0:1 - - [02/Dec/2025:12:32:26 +0700] "OPTIONS /api/v1/movies/now-showing?size=12 HTTP/1.1" 200 - 1700
0:0:0:0:0:0:0:1 - - [02/Dec/2025:12:32:26 +0700] "OPTIONS /api/v1/movies/coming-soon?size=12 HTTP/1.1" 200 - 2102
0:0:0:0:0:0:0:1 - - [02/Dec/2025:12:32:26 +0700] "OPTIONS /api/v1/movies/top-rated?size=10 HTTP/1.1" 200 - 3169
0:0:0:0:0:0:0:1 - - [02/Dec/2025:12:32:26 +0700] "GET /api/v1/auth/verify HTTP/1.1" 200 262 42927
0:0:0:0:0:0:0:1 - - [02/Dec/2025:12:32:26 +0700] "GET /api/v1/auth/verify HTTP/1.1" 200 262 20862
0:0:0:0:0:0:0:1 - - [02/Dec/2025:12:32:26 +0700] "GET /api/v1/auth/verify HTTP/1.1" 200 262 18078
0:0:0:0:0:0:0:1 - - [02/Dec/2025:12:32:26 +0700] "GET /api/v1/movies/coming-soon?size=12 HTTP/1.1" 200 2246 158443
0:0:0:0:0:0:0:1 - - [02/Dec/2025:12:32:26 +0700] "GET /api/v1/movies/top-rated?size=10 HTTP/1.1" 200 5702 156006
0:0:0:0:0:0:0:1 - - [02/Dec/2025:12:32:26 +0700] "GET /api/v1/movies/now-showing?size=12 HTTP/1.1" 200 6159 156669
0:0:0:0:0:0:0:1 - - [02/Dec/2025:12:32:26 +0700] "GET /api/v1/movies?size=20 HTTP/1.1" 200 10171 161320
0:0:0:0:0:0:0:1 - - [02/Dec/2025:12:32:26 +0700] "GET /api/v1/movies/coming-soon?size=12 HTTP/1.1" 200 2246 33213
0:0:0:0:0:0:0:1 - - [02/Dec/2025:12:32:26 +0700] "GET /api/v1/movies/top-rated?size=10 HTTP/1.1" 200 5702 46147
0:0:0:0:0:0:0:1 - - [02/Dec/2025:12:32:26 +0700] "GET /api/v1/movies/now-showing?size=12 HTTP/1.1" 200 6159 52588
0:0:0:0:0:0:0:1 - - [02/Dec/2025:12:32:26 +0700] "GET /api/v1/movies?size=20 HTTP/1.1" 200 10171 68059
0:0:0:0:0:0:0:1 - - [02/Dec/2025:12:32:28 +0700] "GET /api/v1/auth/verify HTTP/1.1" 200 262 29322
0:0:0:0:0:0:0:1 - - [02/Dec/2025:12:32:28 +0700] "GET /api/v1/auth/verify HTTP/1.1" 200 262 23623
0:0:0:0:0:0:0:1 - - [02/Dec/2025:12:32:28 +0700] "GET /api/v1/auth/verify HTTP/1.1" 200 262 17360
0:0:0:0:0:0:0:1 - - [02/Dec/2025:12:32:35 +0700] "OPTIONS /api/v1/auth/verify HTTP/1.1" 200 - 1593
0:0:0:0:0:0:0:1 - - [02/Dec/2025:12:32:35 +0700] "OPTIONS /api/v1/auth/verify HTTP/1.1" 200 - 1599
0:0:0:0:0:0:0:1 - - [02/Dec/2025:12:32:35 +0700] "OPTIONS /api/v1/auth/verify HTTP/1.1" 200 - 2971
0:0:0:0:0:0:0:1 - - [02/Dec/2025:12:32:35 +0700] "GET /api/v1/auth/verify HTTP/1.1" 200 262 32651
0:0:0:0:0:0:0:1 - - [02/Dec/2025:12:32:35 +0700] "GET /api/v1/auth/verify HTTP/1.1" 200 262 32789
0:0:0:0:0:0:0:1 - - [02/Dec/2025:12:32:35 +0700] "GET /api/v1/auth/verify HTTP/1.1" 200 262 70829
0:0:0:0:0:0:0:1 - - [02/Dec/2025:12:32:55 +0700] "OPTIONS /api/v1/auth/verify HTTP/1.1" 200 - 1572
0:0:0:0:0:0:0:1 - - [02/Dec/2025:12:32:55 +0700] "OPTIONS /api/v1/auth/verify HTTP/1.1" 200 - 1068
0:0:0:0:0:0:0:1 - - [02/Dec/2025:12:32:55 +0700] "OPTIONS /api/v1/auth/verify HTTP/1.1" 200 - 1022
0:0:0:0:0:0:0:1 - - [02/Dec/2025:12:32:55 +0700] "GET /api/v1/auth/verify HTTP/1.1" 200 262 38117
0:0:0:0:0:0:0:1 - - [02/Dec/2025:12:32:55 +0700] "GET /api/v1/auth/verify HTTP/1.1" 200 262 22973
0:0:0:0:0:0:0:1 - - [02/Dec/2025:12:32:55 +0700] "GET /api/v1/auth/verify HTTP/1.1" 200 262 30510
0:0:0:0:0:0:0:1 - - [02/Dec/2025:12:33:17 +0700] "OPTIONS /api/v1/auth/verify HTTP/1.1" 200 - 1435
0:0:0:0:0:0:0:1 - - [02/Dec/2025:12:33:17 +0700] "OPTIONS /api/v1/auth/verify HTTP/1.1" 200 - 1377
0:0:0:0:0:0:0:1 - - [02/Dec/2025:12:33:17 +0700] "OPTIONS /api/v1/auth/verify HTTP/1.1" 200 - 2650
0:0:0:0:0:0:0:1 - - [02/Dec/2025:12:33:17 +0700] "GET /api/v1/auth/verify HTTP/1.1" 200 262 28165
0:0:0:0:0:0:0:1 - - [02/Dec/2025:12:33:17 +0700] "GET /api/v1/auth/verify HTTP/1.1" 200 262 38948
0:0:0:0:0:0:0:1 - - [02/Dec/2025:12:33:17 +0700] "GET /api/v1/auth/verify HTTP/1.1" 200 262 32567
0:0:0:0:0:0:0:1 - - [02/Dec/2025:12:34:51 +0700] "OPTIONS /api/v1/auth/verify HTTP/1.1" 200 - 2867
0:0:0:0:0:0:0:1 - - [02/Dec/2025:12:34:51 +0700] "OPTIONS /api/v1/auth/verify HTTP/1.1" 200 - 2374
0:0:0:0:0:0:0:1 - - [02/Dec/2025:12:34:51 +0700] "OPTIONS /api/v1/auth/verify HTTP/1.1" 200 - 1630
0:0:0:0:0:0:0:1 - - [02/Dec/2025:12:34:52 +0700] "GET /api/v1/auth/verify HTTP/1.1" 200 262 72484
0:0:0:0:0:0:0:1 - - [02/Dec/2025:12:34:52 +0700] "GET /api/v1/auth/verify HTTP/1.1" 200 262 80825
0:0:0:0:0:0:0:1 - - [02/Dec/2025:12:34:52 +0700] "GET /api/v1/auth/verify HTTP/1.1" 200 262 35588
0:0:0:0:0:0:0:1 - - [02/Dec/2025:12:34:52 +0700] "OPTIONS /api/v1/bookings/code/BK1764649338571956 HTTP/1.1" 200 - 2870
0:0:0:0:0:0:0:1 - - [02/Dec/2025:12:34:52 +0700] "OPTIONS /api/v1/bookings/code/BK1764649338571956 HTTP/1.1" 200 - 2702
0:0:0:0:0:0:0:1 - - [02/Dec/2025:12:34:52 +0700] "GET /api/v1/bookings/code/BK1764649338571956 HTTP/1.1" 200 624 148585
0:0:0:0:0:0:0:1 - - [02/Dec/2025:12:34:52 +0700] "GET /api/v1/bookings/code/BK1764649338571956 HTTP/1.1" 200 625 77046
0:0:0:0:0:0:0:1 - - [02/Dec/2025:12:35:17 +0700] "OPTIONS /api/v1/auth/verify HTTP/1.1" 200 - 1268
0:0:0:0:0:0:0:1 - - [02/Dec/2025:12:35:17 +0700] "OPTIONS /api/v1/auth/verify HTTP/1.1" 200 - 1310
0:0:0:0:0:0:0:1 - - [02/Dec/2025:12:35:17 +0700] "OPTIONS /api/v1/auth/verify HTTP/1.1" 200 - 1571
0:0:0:0:0:0:0:1 - - [02/Dec/2025:12:35:17 +0700] "GET /api/v1/auth/verify HTTP/1.1" 200 262 27328
0:0:0:0:0:0:0:1 - - [02/Dec/2025:12:35:17 +0700] "GET /api/v1/auth/verify HTTP/1.1" 200 262 26189
0:0:0:0:0:0:0:1 - - [02/Dec/2025:12:35:17 +0700] "GET /api/v1/auth/verify HTTP/1.1" 200 262 18364
0:0:0:0:0:0:0:1 - - [02/Dec/2025:12:35:17 +0700] "OPTIONS /api/v1/bookings/code/BK1764649338571956 HTTP/1.1" 200 - 1695
0:0:0:0:0:0:0:1 - - [02/Dec/2025:12:35:17 +0700] "OPTIONS /api/v1/bookings/code/BK1764649338571956 HTTP/1.1" 200 - 1766
0:0:0:0:0:0:0:1 - - [02/Dec/2025:12:35:17 +0700] "GET /api/v1/bookings/code/BK1764649338571956 HTTP/1.1" 200 625 69779
0:0:0:0:0:0:0:1 - - [02/Dec/2025:12:35:18 +0700] "GET /api/v1/bookings/code/BK1764649338571956 HTTP/1.1" 200 625 63973
0:0:0:0:0:0:0:1 - - [02/Dec/2025:12:46:12 +0700] "OPTIONS /api/v1/auth/verify HTTP/1.1" 200 - 119791
0:0:0:0:0:0:0:1 - - [02/Dec/2025:12:46:12 +0700] "OPTIONS /api/v1/auth/verify HTTP/1.1" 200 - 119791
0:0:0:0:0:0:0:1 - - [02/Dec/2025:12:46:12 +0700] "OPTIONS /api/v1/auth/verify HTTP/1.1" 200 - 119797
0:0:0:0:0:0:0:1 - - [02/Dec/2025:12:46:12 +0700] "OPTIONS /api/v1/bookings/code/BK1764649338571956 HTTP/1.1" 200 - 7245
0:0:0:0:0:0:0:1 - - [02/Dec/2025:12:46:12 +0700] "OPTIONS /api/v1/bookings/code/BK1764649338571956 HTTP/1.1" 200 - 8748
0:0:0:0:0:0:0:1 - - [02/Dec/2025:12:46:13 +0700] "GET /api/v1/auth/verify HTTP/1.1" 200 262 408169
0:0:0:0:0:0:0:1 - - [02/Dec/2025:12:46:13 +0700] "GET /api/v1/auth/verify HTTP/1.1" 200 262 26581
0:0:0:0:0:0:0:1 - - [02/Dec/2025:12:46:13 +0700] "GET /api/v1/auth/verify HTTP/1.1" 200 262 21295
0:0:0:0:0:0:0:1 - - [02/Dec/2025:12:46:13 +0700] "GET /api/v1/bookings/code/BK1764649338571956 HTTP/1.1" 200 712 371844
0:0:0:0:0:0:0:1 - - [02/Dec/2025:12:46:13 +0700] "GET /api/v1/bookings/code/BK1764649338571956 HTTP/1.1" 200 712 43737
0:0:0:0:0:0:0:1 - - [02/Dec/2025:12:54:50 +0700] "OPTIONS /api/v1/auth/verify HTTP/1.1" 200 - 1255
0:0:0:0:0:0:0:1 - - [02/Dec/2025:12:54:50 +0700] "OPTIONS /api/v1/auth/verify HTTP/1.1" 200 - 1257
0:0:0:0:0:0:0:1 - - [02/Dec/2025:12:54:50 +0700] "OPTIONS /api/v1/auth/verify HTTP/1.1" 200 - 2103
0:0:0:0:0:0:0:1 - - [02/Dec/2025:12:54:50 +0700] "GET /api/v1/auth/verify HTTP/1.1" 200 262 29973
0:0:0:0:0:0:0:1 - - [02/Dec/2025:12:54:50 +0700] "GET /api/v1/auth/verify HTTP/1.1" 200 262 20492
0:0:0:0:0:0:0:1 - - [02/Dec/2025:12:54:50 +0700] "GET /api/v1/auth/verify HTTP/1.1" 200 262 24474
0:0:0:0:0:0:0:1 - - [02/Dec/2025:12:54:50 +0700] "OPTIONS /api/v1/bookings/code/BK1764649338571956 HTTP/1.1" 200 - 4468
0:0:0:0:0:0:0:1 - - [02/Dec/2025:12:54:50 +0700] "OPTIONS /api/v1/bookings/code/BK1764649338571956 HTTP/1.1" 200 - 4365
0:0:0:0:0:0:0:1 - - [02/Dec/2025:12:54:51 +0700] "GET /api/v1/bookings/code/BK1764649338571956 HTTP/1.1" 200 712 64197
0:0:0:0:0:0:0:1 - - [02/Dec/2025:12:54:51 +0700] "GET /api/v1/bookings/code/BK1764649338571956 HTTP/1.1" 200 712 59033
0:0:0:0:0:0:0:1 - - [02/Dec/2025:12:56:36 +0700] "OPTIONS /api/v1/auth/verify HTTP/1.1" 200 - 1429
0:0:0:0:0:0:0:1 - - [02/Dec/2025:12:56:36 +0700] "OPTIONS /api/v1/auth/verify HTTP/1.1" 200 - 1014
0:0:0:0:0:0:0:1 - - [02/Dec/2025:12:56:36 +0700] "OPTIONS /api/v1/auth/verify HTTP/1.1" 200 - 862
0:0:0:0:0:0:0:1 - - [02/Dec/2025:12:56:36 +0700] "GET /api/v1/auth/verify HTTP/1.1" 200 262 26776
0:0:0:0:0:0:0:1 - - [02/Dec/2025:12:56:36 +0700] "GET /api/v1/auth/verify HTTP/1.1" 200 262 30774
0:0:0:0:0:0:0:1 - - [02/Dec/2025:12:56:36 +0700] "GET /api/v1/auth/verify HTTP/1.1" 200 262 27361
0:0:0:0:0:0:0:1 - - [02/Dec/2025:12:56:37 +0700] "OPTIONS /api/v1/bookings/code/BK1764649338571956 HTTP/1.1" 200 - 5997
0:0:0:0:0:0:0:1 - - [02/Dec/2025:12:56:37 +0700] "OPTIONS /api/v1/bookings/code/BK1764649338571956 HTTP/1.1" 200 - 5950
0:0:0:0:0:0:0:1 - - [02/Dec/2025:12:56:37 +0700] "GET /api/v1/bookings/code/BK1764649338571956 HTTP/1.1" 200 712 66442
0:0:0:0:0:0:0:1 - - [02/Dec/2025:12:56:37 +0700] "GET /api/v1/bookings/code/BK1764649338571956 HTTP/1.1" 200 712 49367
0:0:0:0:0:0:0:1 - - [02/Dec/2025:13:11:37 +0700] "OPTIONS /api/v1/auth/verify HTTP/1.1" 200 - 1190
0:0:0:0:0:0:0:1 - - [02/Dec/2025:13:11:37 +0700] "OPTIONS /api/v1/auth/verify HTTP/1.1" 200 - 1261
0:0:0:0:0:0:0:1 - - [02/Dec/2025:13:11:37 +0700] "OPTIONS /api/v1/auth/verify HTTP/1.1" 200 - 1518
0:0:0:0:0:0:0:1 - - [02/Dec/2025:13:11:37 +0700] "GET /api/v1/auth/verify HTTP/1.1" 200 262 36874
0:0:0:0:0:0:0:1 - - [02/Dec/2025:13:11:37 +0700] "GET /api/v1/auth/verify HTTP/1.1" 200 262 47263
0:0:0:0:0:0:0:1 - - [02/Dec/2025:13:11:37 +0700] "GET /api/v1/auth/verify HTTP/1.1" 200 262 37200
0:0:0:0:0:0:0:1 - - [02/Dec/2025:13:11:37 +0700] "OPTIONS /api/v1/bookings/code/BK1764649338571956 HTTP/1.1" 200 - 1975
0:0:0:0:0:0:0:1 - - [02/Dec/2025:13:11:37 +0700] "OPTIONS /api/v1/bookings/code/BK1764649338571956 HTTP/1.1" 200 - 1980
0:0:0:0:0:0:0:1 - - [02/Dec/2025:13:11:37 +0700] "GET /api/v1/bookings/code/BK1764649338571956 HTTP/1.1" 200 712 76958
0:0:0:0:0:0:0:1 - - [02/Dec/2025:13:11:37 +0700] "GET /api/v1/bookings/code/BK1764649338571956 HTTP/1.1" 200 712 43984
0:0:0:0:0:0:0:1 - - [02/Dec/2025:13:13:16 +0700] "OPTIONS /api/v1/auth/verify HTTP/1.1" 200 - 1976
0:0:0:0:0:0:0:1 - - [02/Dec/2025:13:13:16 +0700] "OPTIONS /api/v1/auth/verify HTTP/1.1" 200 - 1926
0:0:0:0:0:0:0:1 - - [02/Dec/2025:13:13:16 +0700] "OPTIONS /api/v1/auth/verify HTTP/1.1" 200 - 2378
0:0:0:0:0:0:0:1 - - [02/Dec/2025:13:13:16 +0700] "GET /api/v1/auth/verify HTTP/1.1" 200 262 65685
0:0:0:0:0:0:0:1 - - [02/Dec/2025:13:13:16 +0700] "GET /api/v1/auth/verify HTTP/1.1" 200 262 51156
0:0:0:0:0:0:0:1 - - [02/Dec/2025:13:13:16 +0700] "GET /api/v1/auth/verify HTTP/1.1" 200 262 37084
0:0:0:0:0:0:0:1 - - [02/Dec/2025:13:13:16 +0700] "OPTIONS /api/v1/bookings/code/BK1764649338571956 HTTP/1.1" 200 - 2019
0:0:0:0:0:0:0:1 - - [02/Dec/2025:13:13:16 +0700] "OPTIONS /api/v1/bookings/code/BK1764649338571956 HTTP/1.1" 200 - 1805
0:0:0:0:0:0:0:1 - - [02/Dec/2025:13:13:16 +0700] "GET /api/v1/bookings/code/BK1764649338571956 HTTP/1.1" 200 712 48494
0:0:0:0:0:0:0:1 - - [02/Dec/2025:13:13:16 +0700] "GET /api/v1/bookings/code/BK1764649338571956 HTTP/1.1" 200 712 40724
0:0:0:0:0:0:0:1 - - [02/Dec/2025:13:14:41 +0700] "GET /api/v1/bookings/code/BK1764649338571956 HTTP/1.1" 200 849 430816
0:0:0:0:0:0:0:1 - - [02/Dec/2025:13:14:41 +0700] "GET /api/v1/bookings/code/BK1764649338571956 HTTP/1.1" 200 850 31041
0:0:0:0:0:0:0:1 - - [02/Dec/2025:16:08:02 +0700] "GET /api/v1/movies/now-showing?size=12 HTTP/1.1" 200 6159 485018
0:0:0:0:0:0:0:1 - - [02/Dec/2025:16:08:02 +0700] "GET /api/v1/movies/top-rated?size=10 HTTP/1.1" 200 5702 484649
0:0:0:0:0:0:0:1 - - [02/Dec/2025:16:08:02 +0700] "GET /api/v1/movies?size=20 HTTP/1.1" 200 10171 484602
0:0:0:0:0:0:0:1 - - [02/Dec/2025:16:08:02 +0700] "GET /api/v1/movies/coming-soon?size=12 HTTP/1.1" 200 2246 484589
0:0:0:0:0:0:0:1 - - [02/Dec/2025:16:08:02 +0700] "GET /api/v1/movies/coming-soon?size=12 HTTP/1.1" 200 2246 22530
0:0:0:0:0:0:0:1 - - [02/Dec/2025:16:08:02 +0700] "GET /api/v1/movies/top-rated?size=10 HTTP/1.1" 200 5702 47949
0:0:0:0:0:0:0:1 - - [02/Dec/2025:16:08:02 +0700] "GET /api/v1/movies/now-showing?size=12 HTTP/1.1" 200 6159 52292
0:0:0:0:0:0:0:1 - - [02/Dec/2025:16:08:02 +0700] "GET /api/v1/movies?size=20 HTTP/1.1" 200 10171 74813
0:0:0:0:0:0:0:1 - - [02/Dec/2025:16:08:03 +0700] "GET /api/v1/bookings/code/BK1764649338571956 HTTP/1.1" 200 1299 440817
0:0:0:0:0:0:0:1 - - [02/Dec/2025:16:08:03 +0700] "GET /api/v1/bookings/code/BK1764649338571956 HTTP/1.1" 200 1299 45772
0:0:0:0:0:0:0:1 - - [02/Dec/2025:17:27:26 +0700] "GET /api/v1/tickets/download-booking-code/BK1764649338571956 HTTP/1.1" 404 - 483882
0:0:0:0:0:0:0:1 - - [02/Dec/2025:17:30:31 +0700] "GET /api/v1/bookings/code/BK1764649338571956 HTTP/1.1" 200 1299 237149
0:0:0:0:0:0:0:1 - - [02/Dec/2025:17:30:31 +0700] "GET /api/v1/bookings/code/BK1764649338571956 HTTP/1.1" 200 1299 36589
0:0:0:0:0:0:0:1 - - [02/Dec/2025:17:30:34 +0700] "GET /api/v1/tickets/download-booking/7 HTTP/1.1" 404 - 47959
0:0:0:0:0:0:0:1 - - [02/Dec/2025:17:33:46 +0700] "GET /swagger-ui/index.html HTTP/1.1" 200 734 532808
0:0:0:0:0:0:0:1 - - [02/Dec/2025:17:33:46 +0700] "GET /swagger-ui/index.css HTTP/1.1" 200 202 10721
0:0:0:0:0:0:0:1 - - [02/Dec/2025:17:33:46 +0700] "GET /swagger-ui/swagger-ui.css HTTP/1.1" 200 154986 16863
0:0:0:0:0:0:0:1 - - [02/Dec/2025:17:33:46 +0700] "GET /swagger-ui/swagger-ui-standalone-preset.js HTTP/1.1" 200 229223 17545
0:0:0:0:0:0:0:1 - - [02/Dec/2025:17:33:46 +0700] "GET /swagger-ui/swagger-ui-bundle.js HTTP/1.1" 200 1468326 34077
0:0:0:0:0:0:0:1 - - [02/Dec/2025:17:33:46 +0700] "GET /swagger-ui/swagger-initializer.js HTTP/1.1" 200 612 56441
0:0:0:0:0:0:0:1 - - [02/Dec/2025:17:33:46 +0700] "GET /api-docs/swagger-config HTTP/1.1" 200 163 25275
0:0:0:0:0:0:0:1 - - [02/Dec/2025:17:33:46 +0700] "GET /swagger-ui/favicon-32x32.png HTTP/1.1" 200 628 9006
0:0:0:0:0:0:0:1 - - [02/Dec/2025:17:33:46 +0700] "GET /swagger-ui/favicon-32x32.png HTTP/1.1" 200 628 8380
0:0:0:0:0:0:0:1 - - [02/Dec/2025:17:33:51 +0700] "GET /api-docs HTTP/1.1" 200 117577 4991143
0:0:0:0:0:0:0:1 - - [02/Dec/2025:17:35:13 +0700] "GET /swagger-ui/index.html HTTP/1.1" 200 734 151386
0:0:0:0:0:0:0:1 - - [02/Dec/2025:17:35:13 +0700] "GET /swagger-ui/index.css HTTP/1.1" 200 202 7598
0:0:0:0:0:0:0:1 - - [02/Dec/2025:17:35:13 +0700] "GET /swagger-ui/swagger-ui.css HTTP/1.1" 200 154986 11434
0:0:0:0:0:0:0:1 - - [02/Dec/2025:17:35:13 +0700] "GET /swagger-ui/swagger-ui-standalone-preset.js HTTP/1.1" 200 229223 16377
0:0:0:0:0:0:0:1 - - [02/Dec/2025:17:35:13 +0700] "GET /swagger-ui/swagger-ui-bundle.js HTTP/1.1" 200 1468326 33751
0:0:0:0:0:0:0:1 - - [02/Dec/2025:17:35:13 +0700] "GET /swagger-ui/swagger-initializer.js HTTP/1.1" 200 612 52323
0:0:0:0:0:0:0:1 - - [02/Dec/2025:17:35:14 +0700] "GET /swagger-ui/favicon-32x32.png HTTP/1.1" 200 628 6445
0:0:0:0:0:0:0:1 - - [02/Dec/2025:17:35:14 +0700] "GET /api-docs/swagger-config HTTP/1.1" 200 163 50148
0:0:0:0:0:0:0:1 - - [02/Dec/2025:17:35:15 +0700] "GET /api-docs HTTP/1.1" 200 117833 1146847
0:0:0:0:0:0:0:1 - - [02/Dec/2025:17:36:07 +0700] "GET /download-booking/7 HTTP/1.1" 200 - 5045949
0:0:0:0:0:0:0:1 - - [02/Dec/2025:17:36:30 +0700] "GET /api/v1/tickets/download-booking/7 HTTP/1.1" 404 - 58444
0:0:0:0:0:0:0:1 - - [02/Dec/2025:17:36:36 +0700] "GET /api/v1/bookings/code/BK1764649338571956 HTTP/1.1" 200 1299 95277
0:0:0:0:0:0:0:1 - - [02/Dec/2025:17:36:36 +0700] "GET /api/v1/bookings/code/BK1764649338571956 HTTP/1.1" 200 1298 77875
0:0:0:0:0:0:0:1 - - [02/Dec/2025:17:36:38 +0700] "GET /api/v1/tickets/download-booking/7 HTTP/1.1" 404 - 13712
0:0:0:0:0:0:0:1 - - [02/Dec/2025:17:39:01 +0700] "GET /api/v1/tickets/download-booking/7 HTTP/1.1" 404 - 15696
0:0:0:0:0:0:0:1 - - [02/Dec/2025:17:42:21 +0700] "GET /api/v1/tickets/download-booking/7 HTTP/1.1" 200 - 1715424
0:0:0:0:0:0:0:1 - - [02/Dec/2025:17:48:16 +0700] "GET /api/v1/tickets/download-booking/7 HTTP/1.1" 200 - 1756624
