0:0:0:0:0:0:0:1 - - [19/Nov/2025:13:59:24 +0700] "GET /swagger-ui/index.html HTTP/1.1" 200 734 884648
0:0:0:0:0:0:0:1 - - [19/Nov/2025:13:59:24 +0700] "GET /swagger-ui/index.css HTTP/1.1" 200 202 12008
0:0:0:0:0:0:0:1 - - [19/Nov/2025:13:59:24 +0700] "GET /swagger-ui/swagger-ui.css HTTP/1.1" 200 154986 18015
0:0:0:0:0:0:0:1 - - [19/Nov/2025:13:59:24 +0700] "GET /swagger-ui/swagger-ui-bundle.js HTTP/1.1" 200 1468326 35104
0:0:0:0:0:0:0:1 - - [19/Nov/2025:13:59:24 +0700] "GET /swagger-ui/swagger-ui-standalone-preset.js HTTP/1.1" 200 229223 13018
0:0:0:0:0:0:0:1 - - [19/Nov/2025:13:59:24 +0700] "GET /swagger-ui/swagger-initializer.js HTTP/1.1" 200 612 49637
0:0:0:0:0:0:0:1 - - [19/Nov/2025:13:59:24 +0700] "GET /swagger-ui/favicon-32x32.png HTTP/1.1" 200 628 9310
0:0:0:0:0:0:0:1 - - [19/Nov/2025:13:59:24 +0700] "GET /api-docs/swagger-config HTTP/1.1" 200 163 70522
0:0:0:0:0:0:0:1 - - [19/Nov/2025:13:59:30 +0700] "GET /api-docs HTTP/1.1" 200 121231 5226163
0:0:0:0:0:0:0:1 - - [19/Nov/2025:14:57:45 +0700] "GET /api/v1/promotions?page=0&size=10&sort=id,desc HTTP/1.1" 200 3478 471701
0:0:0:0:0:0:0:1 - - [19/Nov/2025:14:57:45 +0700] "OPTIONS /api/v1/auth/refresh HTTP/1.1" 200 - 8463
0:0:0:0:0:0:0:1 - - [19/Nov/2025:14:57:45 +0700] "GET /api/v1/promotions?page=0&size=10&sort=id,desc HTTP/1.1" 200 3478 21101
0:0:0:0:0:0:0:1 - - [19/Nov/2025:14:57:45 +0700] "POST /api/v1/auth/refresh HTTP/1.1" 500 131 28934
0:0:0:0:0:0:0:1 - - [19/Nov/2025:14:57:48 +0700] "GET /api/v1/cinema-clusters/all HTTP/1.1" 200 2823 36891
0:0:0:0:0:0:0:1 - - [19/Nov/2025:14:57:48 +0700] "GET /api/v1/cinema-clusters/all HTTP/1.1" 200 2823 17613
0:0:0:0:0:0:0:1 - - [19/Nov/2025:14:57:48 +0700] "GET /api/v1/movies/coming-soon?size=12 HTTP/1.1" 200 3245 87724
0:0:0:0:0:0:0:1 - - [19/Nov/2025:14:57:48 +0700] "GET /api/v1/movies/top-rated?size=10 HTTP/1.1" 200 5702 96586
0:0:0:0:0:0:0:1 - - [19/Nov/2025:14:57:48 +0700] "GET /api/v1/movies/now-showing?size=12 HTTP/1.1" 200 6159 96667
0:0:0:0:0:0:0:1 - - [19/Nov/2025:14:57:48 +0700] "GET /api/v1/movies/coming-soon?size=12 HTTP/1.1" 200 3245 32800
0:0:0:0:0:0:0:1 - - [19/Nov/2025:14:57:48 +0700] "GET /api/v1/movies?size=20 HTTP/1.1" 200 10046 123775
0:0:0:0:0:0:0:1 - - [19/Nov/2025:14:57:48 +0700] "GET /api/v1/movies/top-rated?size=10 HTTP/1.1" 200 5702 44407
0:0:0:0:0:0:0:1 - - [19/Nov/2025:14:57:48 +0700] "GET /api/v1/movies/now-showing?size=12 HTTP/1.1" 200 6159 49166
0:0:0:0:0:0:0:1 - - [19/Nov/2025:14:57:48 +0700] "GET /api/v1/movies?size=20 HTTP/1.1" 200 10046 66159
0:0:0:0:0:0:0:1 - - [19/Nov/2025:14:58:10 +0700] "GET /api/v1/movies?page=0&size=12&sort=id,desc HTTP/1.1" 200 6427 68758
0:0:0:0:0:0:0:1 - - [19/Nov/2025:14:58:10 +0700] "GET /api/v1/movies?page=0&size=12&sort=id,desc HTTP/1.1" 200 6427 40366
0:0:0:0:0:0:0:1 - - [19/Nov/2025:14:58:17 +0700] "GET /api/v1/movies/45 HTTP/1.1" 200 886 46981
0:0:0:0:0:0:0:1 - - [19/Nov/2025:14:58:17 +0700] "GET /api/v1/movies/45 HTTP/1.1" 200 886 20899
0:0:0:0:0:0:0:1 - - [19/Nov/2025:14:58:18 +0700] "GET /api/v1/showtime?movieId=45 HTTP/1.1" 200 1305 162242
0:0:0:0:0:0:0:1 - - [19/Nov/2025:14:58:18 +0700] "GET /api/v1/showtime?movieId=45 HTTP/1.1" 200 1303 73920
0:0:0:0:0:0:0:1 - - [19/Nov/2025:16:15:43 +0700] "OPTIONS /api/v1/auth/verify HTTP/1.1" 200 - 7736
0:0:0:0:0:0:0:1 - - [19/Nov/2025:16:15:43 +0700] "OPTIONS /api/v1/cinema-clusters/all HTTP/1.1" 200 - 7137
0:0:0:0:0:0:0:1 - - [19/Nov/2025:16:15:43 +0700] "OPTIONS /api/v1/cinema-clusters/all HTTP/1.1" 200 - 7810
0:0:0:0:0:0:0:1 - - [19/Nov/2025:16:15:43 +0700] "OPTIONS /api/v1/movies?page=0&size=12&sort=id,desc HTTP/1.1" 200 - 3484
0:0:0:0:0:0:0:1 - - [19/Nov/2025:16:15:43 +0700] "OPTIONS /api/v1/movies?page=0&size=12&sort=id,desc HTTP/1.1" 200 - 3080
0:0:0:0:0:0:0:1 - - [19/Nov/2025:16:15:44 +0700] "GET /api/v1/cinema-clusters/all HTTP/1.1" 200 2823 1222457
0:0:0:0:0:0:0:1 - - [19/Nov/2025:16:15:44 +0700] "GET /api/v1/auth/verify HTTP/1.1" 200 262 1223833
0:0:0:0:0:0:0:1 - - [19/Nov/2025:16:15:44 +0700] "GET /api/v1/cinema-clusters/all HTTP/1.1" 200 2823 22618
0:0:0:0:0:0:0:1 - - [19/Nov/2025:16:15:44 +0700] "GET /api/v1/movies?page=0&size=12&sort=id,desc HTTP/1.1" 200 6427 981389
0:0:0:0:0:0:0:1 - - [19/Nov/2025:16:15:44 +0700] "GET /api/v1/movies?page=0&size=12&sort=id,desc HTTP/1.1" 200 6427 57235
0:0:0:0:0:0:0:1 - - [19/Nov/2025:16:15:46 +0700] "OPTIONS /api/v1/movies/coming-soon?size=12 HTTP/1.1" 200 - 3112
0:0:0:0:0:0:0:1 - - [19/Nov/2025:16:15:46 +0700] "OPTIONS /api/v1/movies/top-rated?size=10 HTTP/1.1" 200 - 2895
0:0:0:0:0:0:0:1 - - [19/Nov/2025:16:15:46 +0700] "OPTIONS /api/v1/movies/now-showing?size=12 HTTP/1.1" 200 - 4604
0:0:0:0:0:0:0:1 - - [19/Nov/2025:16:15:46 +0700] "OPTIONS /api/v1/movies?size=20 HTTP/1.1" 200 - 2941
0:0:0:0:0:0:0:1 - - [19/Nov/2025:16:15:46 +0700] "OPTIONS /api/v1/movies/coming-soon?size=12 HTTP/1.1" 200 - 3029
0:0:0:0:0:0:0:1 - - [19/Nov/2025:16:15:46 +0700] "OPTIONS /api/v1/movies?size=20 HTTP/1.1" 200 - 8392
0:0:0:0:0:0:0:1 - - [19/Nov/2025:16:15:46 +0700] "OPTIONS /api/v1/movies/top-rated?size=10 HTTP/1.1" 200 - 3128
0:0:0:0:0:0:0:1 - - [19/Nov/2025:16:15:46 +0700] "OPTIONS /api/v1/movies/now-showing?size=12 HTTP/1.1" 200 - 4416
0:0:0:0:0:0:0:1 - - [19/Nov/2025:16:15:46 +0700] "GET /api/v1/movies/coming-soon?size=12 HTTP/1.1" 200 3245 33512
0:0:0:0:0:0:0:1 - - [19/Nov/2025:16:15:46 +0700] "GET /api/v1/movies/top-rated?size=10 HTTP/1.1" 200 5702 50979
0:0:0:0:0:0:0:1 - - [19/Nov/2025:16:15:46 +0700] "GET /api/v1/movies/now-showing?size=12 HTTP/1.1" 200 6159 66621
0:0:0:0:0:0:0:1 - - [19/Nov/2025:16:15:46 +0700] "GET /api/v1/movies/coming-soon?size=12 HTTP/1.1" 200 3245 40386
0:0:0:0:0:0:0:1 - - [19/Nov/2025:16:15:46 +0700] "GET /api/v1/movies?size=20 HTTP/1.1" 200 10046 78048
0:0:0:0:0:0:0:1 - - [19/Nov/2025:16:15:46 +0700] "GET /api/v1/movies/top-rated?size=10 HTTP/1.1" 200 5702 51620
0:0:0:0:0:0:0:1 - - [19/Nov/2025:16:15:46 +0700] "GET /api/v1/movies/now-showing?size=12 HTTP/1.1" 200 6159 47607
0:0:0:0:0:0:0:1 - - [19/Nov/2025:16:15:46 +0700] "GET /api/v1/movies?size=20 HTTP/1.1" 200 10046 56034
0:0:0:0:0:0:0:1 - - [19/Nov/2025:16:15:48 +0700] "OPTIONS /api/v1/movies/45 HTTP/1.1" 200 - 1938
0:0:0:0:0:0:0:1 - - [19/Nov/2025:16:15:48 +0700] "OPTIONS /api/v1/movies/45 HTTP/1.1" 200 - 1852
0:0:0:0:0:0:0:1 - - [19/Nov/2025:16:15:48 +0700] "GET /api/v1/movies/45 HTTP/1.1" 200 886 28939
0:0:0:0:0:0:0:1 - - [19/Nov/2025:16:15:48 +0700] "GET /api/v1/movies/45 HTTP/1.1" 200 886 29294
0:0:0:0:0:0:0:1 - - [19/Nov/2025:16:15:49 +0700] "OPTIONS /api/v1/showtime?movieId=45 HTTP/1.1" 200 - 2452
0:0:0:0:0:0:0:1 - - [19/Nov/2025:16:15:49 +0700] "GET /api/v1/showtime?movieId=45 HTTP/1.1" 200 1306 240341
0:0:0:0:0:0:0:1 - - [19/Nov/2025:16:15:49 +0700] "GET /api/v1/showtime?movieId=45 HTTP/1.1" 200 1306 267191
0:0:0:0:0:0:0:1 - - [19/Nov/2025:16:23:09 +0700] "OPTIONS /api/v1/movies/45 HTTP/1.1" 200 - 4970
0:0:0:0:0:0:0:1 - - [19/Nov/2025:16:23:09 +0700] "GET /api/v1/movies/45 HTTP/1.1" 200 886 24116
0:0:0:0:0:0:0:1 - - [19/Nov/2025:16:23:09 +0700] "OPTIONS /api/v1/showtime?movieId=45 HTTP/1.1" 200 - 1298
0:0:0:0:0:0:0:1 - - [19/Nov/2025:16:23:09 +0700] "GET /api/v1/showtime?movieId=45 HTTP/1.1" 200 1306 116493
0:0:0:0:0:0:0:1 - - [19/Nov/2025:16:23:10 +0700] "GET /api/v1/movies/45 HTTP/1.1" 200 886 16964
0:0:0:0:0:0:0:1 - - [19/Nov/2025:16:23:10 +0700] "GET /api/v1/showtime?movieId=45 HTTP/1.1" 200 1306 66226
0:0:0:0:0:0:0:1 - - [19/Nov/2025:16:23:44 +0700] "OPTIONS /api/v1/movies/45 HTTP/1.1" 200 - 1506
0:0:0:0:0:0:0:1 - - [19/Nov/2025:16:23:44 +0700] "GET /api/v1/movies/45 HTTP/1.1" 200 886 22524
0:0:0:0:0:0:0:1 - - [19/Nov/2025:16:23:44 +0700] "OPTIONS /api/v1/showtime?movieId=45 HTTP/1.1" 200 - 1165
0:0:0:0:0:0:0:1 - - [19/Nov/2025:16:23:44 +0700] "GET /api/v1/showtime?movieId=45 HTTP/1.1" 200 1306 69578
0:0:0:0:0:0:0:1 - - [19/Nov/2025:16:23:44 +0700] "GET /api/v1/movies/45 HTTP/1.1" 200 886 17306
0:0:0:0:0:0:0:1 - - [19/Nov/2025:16:23:44 +0700] "GET /api/v1/showtime?movieId=45 HTTP/1.1" 200 1306 54751
0:0:0:0:0:0:0:1 - - [19/Nov/2025:16:23:59 +0700] "OPTIONS /api/v1/movies/45 HTTP/1.1" 200 - 5714
0:0:0:0:0:0:0:1 - - [19/Nov/2025:16:23:59 +0700] "GET /api/v1/movies/45 HTTP/1.1" 200 886 81731
0:0:0:0:0:0:0:1 - - [19/Nov/2025:16:23:59 +0700] "GET /api/v1/movies/45 HTTP/1.1" 200 886 38112
0:0:0:0:0:0:0:1 - - [19/Nov/2025:16:23:59 +0700] "GET /api/v1/movies/45 HTTP/1.1" 200 886 68589
0:0:0:0:0:0:0:1 - - [19/Nov/2025:16:24:00 +0700] "OPTIONS /api/v1/showtime?movieId=45 HTTP/1.1" 200 - 1958
0:0:0:0:0:0:0:1 - - [19/Nov/2025:16:24:00 +0700] "GET /api/v1/showtime?movieId=45 HTTP/1.1" 200 1306 181372
0:0:0:0:0:0:0:1 - - [19/Nov/2025:16:24:00 +0700] "GET /api/v1/showtime?movieId=45 HTTP/1.1" 200 1306 93901
0:0:0:0:0:0:0:1 - - [19/Nov/2025:16:24:01 +0700] "GET /api/v1/movies/45 HTTP/1.1" 200 886 16989
0:0:0:0:0:0:0:1 - - [19/Nov/2025:16:24:01 +0700] "GET /api/v1/movies/45 HTTP/1.1" 200 886 13536
0:0:0:0:0:0:0:1 - - [19/Nov/2025:16:24:01 +0700] "GET /api/v1/movies/45 HTTP/1.1" 200 886 10560
0:0:0:0:0:0:0:1 - - [19/Nov/2025:16:24:01 +0700] "GET /api/v1/showtime?movieId=45 HTTP/1.1" 200 1306 45682
0:0:0:0:0:0:0:1 - - [19/Nov/2025:16:24:01 +0700] "GET /api/v1/showtime?movieId=45 HTTP/1.1" 200 1306 44228
0:0:0:0:0:0:0:1 - - [19/Nov/2025:16:24:19 +0700] "OPTIONS /api/v1/movies/45 HTTP/1.1" 200 - 7322
0:0:0:0:0:0:0:1 - - [19/Nov/2025:16:24:19 +0700] "GET /api/v1/movies/45 HTTP/1.1" 200 886 61929
0:0:0:0:0:0:0:1 - - [19/Nov/2025:16:24:19 +0700] "OPTIONS /api/v1/showtime?movieId=45 HTTP/1.1" 200 - 1505
0:0:0:0:0:0:0:1 - - [19/Nov/2025:16:24:20 +0700] "GET /api/v1/showtime?movieId=45 HTTP/1.1" 200 1306 221516
0:0:0:0:0:0:0:1 - - [19/Nov/2025:16:24:21 +0700] "GET /api/v1/movies/45 HTTP/1.1" 200 886 14647
0:0:0:0:0:0:0:1 - - [19/Nov/2025:16:24:21 +0700] "GET /api/v1/showtime?movieId=45 HTTP/1.1" 200 1306 43714
0:0:0:0:0:0:0:1 - - [19/Nov/2025:16:52:09 +0700] "OPTIONS /api/v1/movies/45 HTTP/1.1" 200 - 1595
0:0:0:0:0:0:0:1 - - [19/Nov/2025:16:52:09 +0700] "GET /api/v1/movies/45 HTTP/1.1" 200 886 30834
0:0:0:0:0:0:0:1 - - [19/Nov/2025:16:52:10 +0700] "OPTIONS /api/v1/showtime?movieId=45 HTTP/1.1" 200 - 1168
0:0:0:0:0:0:0:1 - - [19/Nov/2025:16:52:10 +0700] "GET /api/v1/showtime?movieId=45 HTTP/1.1" 200 1306 68169
0:0:0:0:0:0:0:1 - - [19/Nov/2025:16:52:10 +0700] "GET /api/v1/movies/45 HTTP/1.1" 200 886 16212
0:0:0:0:0:0:0:1 - - [19/Nov/2025:16:52:11 +0700] "GET /api/v1/showtime?movieId=45 HTTP/1.1" 200 1306 50653
0:0:0:0:0:0:0:1 - - [19/Nov/2025:16:56:09 +0700] "OPTIONS /api/v1/movies/45 HTTP/1.1" 200 - 3728
0:0:0:0:0:0:0:1 - - [19/Nov/2025:16:56:09 +0700] "GET /api/v1/movies/45 HTTP/1.1" 200 886 36916
0:0:0:0:0:0:0:1 - - [19/Nov/2025:16:56:09 +0700] "GET /api/v1/movies/45 HTTP/1.1" 200 886 12276
0:0:0:0:0:0:0:1 - - [19/Nov/2025:16:56:09 +0700] "OPTIONS /api/v1/showtime?movieId=45 HTTP/1.1" 200 - 1094
0:0:0:0:0:0:0:1 - - [19/Nov/2025:16:56:09 +0700] "GET /api/v1/showtime?movieId=45 HTTP/1.1" 200 1306 119173
0:0:0:0:0:0:0:1 - - [19/Nov/2025:16:56:09 +0700] "GET /api/v1/showtime?movieId=45 HTTP/1.1" 200 1306 41470
0:0:0:0:0:0:0:1 - - [19/Nov/2025:17:01:20 +0700] "OPTIONS /api/v1/movies/45 HTTP/1.1" 200 - 1481
0:0:0:0:0:0:0:1 - - [19/Nov/2025:17:01:20 +0700] "GET /api/v1/movies/45 HTTP/1.1" 200 886 36977
0:0:0:0:0:0:0:1 - - [19/Nov/2025:17:01:20 +0700] "OPTIONS /api/v1/showtime?movieId=45 HTTP/1.1" 200 - 1265
0:0:0:0:0:0:0:1 - - [19/Nov/2025:17:01:20 +0700] "GET /api/v1/showtime?movieId=45 HTTP/1.1" 200 1306 52960
0:0:0:0:0:0:0:1 - - [19/Nov/2025:17:01:20 +0700] "GET /api/v1/movies/45 HTTP/1.1" 200 886 12740
0:0:0:0:0:0:0:1 - - [19/Nov/2025:17:01:20 +0700] "GET /api/v1/showtime?movieId=45 HTTP/1.1" 200 1306 41679
0:0:0:0:0:0:0:1 - - [19/Nov/2025:17:01:31 +0700] "OPTIONS /api/v1/movies/45 HTTP/1.1" 200 - 1624
0:0:0:0:0:0:0:1 - - [19/Nov/2025:17:01:31 +0700] "GET /api/v1/movies/45 HTTP/1.1" 200 886 45321
0:0:0:0:0:0:0:1 - - [19/Nov/2025:17:01:31 +0700] "OPTIONS /api/v1/showtime?movieId=45 HTTP/1.1" 200 - 2647
0:0:0:0:0:0:0:1 - - [19/Nov/2025:17:01:31 +0700] "GET /api/v1/showtime?movieId=45 HTTP/1.1" 200 1306 76393
0:0:0:0:0:0:0:1 - - [19/Nov/2025:17:01:32 +0700] "GET /api/v1/movies/45 HTTP/1.1" 200 886 9872
0:0:0:0:0:0:0:1 - - [19/Nov/2025:17:01:32 +0700] "GET /api/v1/showtime?movieId=45 HTTP/1.1" 200 1306 37938
0:0:0:0:0:0:0:1 - - [19/Nov/2025:17:02:52 +0700] "OPTIONS /api/v1/movies/45 HTTP/1.1" 200 - 1344
0:0:0:0:0:0:0:1 - - [19/Nov/2025:17:02:52 +0700] "GET /api/v1/movies/45 HTTP/1.1" 200 886 30605
0:0:0:0:0:0:0:1 - - [19/Nov/2025:17:02:52 +0700] "OPTIONS /api/v1/showtime?movieId=45 HTTP/1.1" 200 - 957
0:0:0:0:0:0:0:1 - - [19/Nov/2025:17:02:52 +0700] "GET /api/v1/showtime?movieId=45 HTTP/1.1" 200 1305 63383
0:0:0:0:0:0:0:1 - - [19/Nov/2025:17:02:52 +0700] "GET /api/v1/movies/45 HTTP/1.1" 200 886 11303
0:0:0:0:0:0:0:1 - - [19/Nov/2025:17:02:52 +0700] "GET /api/v1/showtime?movieId=45 HTTP/1.1" 200 1306 38983
0:0:0:0:0:0:0:1 - - [19/Nov/2025:17:03:10 +0700] "OPTIONS /api/v1/movies/45 HTTP/1.1" 200 - 1693
0:0:0:0:0:0:0:1 - - [19/Nov/2025:17:03:10 +0700] "GET /api/v1/movies/45 HTTP/1.1" 200 886 21561
0:0:0:0:0:0:0:1 - - [19/Nov/2025:17:03:10 +0700] "OPTIONS /api/v1/showtime?movieId=45 HTTP/1.1" 200 - 1481
0:0:0:0:0:0:0:1 - - [19/Nov/2025:17:03:10 +0700] "GET /api/v1/showtime?movieId=45 HTTP/1.1" 200 1306 61480
0:0:0:0:0:0:0:1 - - [19/Nov/2025:17:03:11 +0700] "GET /api/v1/movies/45 HTTP/1.1" 200 886 12513
0:0:0:0:0:0:0:1 - - [19/Nov/2025:17:03:12 +0700] "GET /api/v1/showtime?movieId=45 HTTP/1.1" 200 1306 46509
0:0:0:0:0:0:0:1 - - [19/Nov/2025:17:04:18 +0700] "OPTIONS /api/v1/movies/45 HTTP/1.1" 200 - 2281
0:0:0:0:0:0:0:1 - - [19/Nov/2025:17:04:18 +0700] "GET /api/v1/movies/45 HTTP/1.1" 200 886 30558
0:0:0:0:0:0:0:1 - - [19/Nov/2025:17:04:19 +0700] "OPTIONS /api/v1/showtime?movieId=45 HTTP/1.1" 200 - 1309
0:0:0:0:0:0:0:1 - - [19/Nov/2025:17:04:19 +0700] "GET /api/v1/showtime?movieId=45 HTTP/1.1" 200 1306 65392
0:0:0:0:0:0:0:1 - - [19/Nov/2025:17:04:19 +0700] "GET /api/v1/movies/45 HTTP/1.1" 200 886 12054
0:0:0:0:0:0:0:1 - - [19/Nov/2025:17:04:19 +0700] "GET /api/v1/showtime?movieId=45 HTTP/1.1" 200 1306 38356
0:0:0:0:0:0:0:1 - - [19/Nov/2025:17:09:29 +0700] "OPTIONS /api/v1/movies/45 HTTP/1.1" 200 - 1434
0:0:0:0:0:0:0:1 - - [19/Nov/2025:17:09:29 +0700] "GET /api/v1/movies/45 HTTP/1.1" 200 886 45405
0:0:0:0:0:0:0:1 - - [19/Nov/2025:17:09:29 +0700] "OPTIONS /api/v1/showtime?movieId=45 HTTP/1.1" 200 - 1465
0:0:0:0:0:0:0:1 - - [19/Nov/2025:17:09:29 +0700] "GET /api/v1/showtime?movieId=45 HTTP/1.1" 200 1306 61342
0:0:0:0:0:0:0:1 - - [19/Nov/2025:17:09:29 +0700] "GET /api/v1/movies/45 HTTP/1.1" 200 886 9559
0:0:0:0:0:0:0:1 - - [19/Nov/2025:17:09:29 +0700] "GET /api/v1/showtime?movieId=45 HTTP/1.1" 200 1305 31879
0:0:0:0:0:0:0:1 - - [19/Nov/2025:17:11:46 +0700] "OPTIONS /api/v1/movies/45 HTTP/1.1" 200 - 2166
0:0:0:0:0:0:0:1 - - [19/Nov/2025:17:11:46 +0700] "GET /api/v1/movies/45 HTTP/1.1" 200 886 27034
0:0:0:0:0:0:0:1 - - [19/Nov/2025:17:11:46 +0700] "OPTIONS /api/v1/showtime?movieId=45 HTTP/1.1" 200 - 998
0:0:0:0:0:0:0:1 - - [19/Nov/2025:17:11:46 +0700] "GET /api/v1/showtime?movieId=45 HTTP/1.1" 200 1306 61644
0:0:0:0:0:0:0:1 - - [19/Nov/2025:17:14:31 +0700] "OPTIONS /api/v1/movies/45 HTTP/1.1" 200 - 1447
0:0:0:0:0:0:0:1 - - [19/Nov/2025:17:14:31 +0700] "GET /api/v1/movies/45 HTTP/1.1" 200 886 19426
0:0:0:0:0:0:0:1 - - [19/Nov/2025:17:14:31 +0700] "OPTIONS /api/v1/showtime?movieId=45 HTTP/1.1" 200 - 906
0:0:0:0:0:0:0:1 - - [19/Nov/2025:17:14:31 +0700] "GET /api/v1/showtime?movieId=45 HTTP/1.1" 200 1306 48454
0:0:0:0:0:0:0:1 - - [19/Nov/2025:17:24:57 +0700] "OPTIONS /api/v1/movies/45 HTTP/1.1" 200 - 1736
0:0:0:0:0:0:0:1 - - [19/Nov/2025:17:24:57 +0700] "GET /api/v1/movies/45 HTTP/1.1" 200 886 28432
0:0:0:0:0:0:0:1 - - [19/Nov/2025:17:24:57 +0700] "OPTIONS /api/v1/showtime?movieId=45 HTTP/1.1" 200 - 1562
0:0:0:0:0:0:0:1 - - [19/Nov/2025:17:24:57 +0700] "GET /api/v1/showtime?movieId=45 HTTP/1.1" 200 1306 83726
0:0:0:0:0:0:0:1 - - [19/Nov/2025:17:28:09 +0700] "OPTIONS /api/v1/movies/45 HTTP/1.1" 200 - 2215
0:0:0:0:0:0:0:1 - - [19/Nov/2025:17:28:09 +0700] "GET /api/v1/movies/45 HTTP/1.1" 200 886 29247
0:0:0:0:0:0:0:1 - - [19/Nov/2025:17:28:09 +0700] "OPTIONS /api/v1/showtime?movieId=45 HTTP/1.1" 200 - 1361
0:0:0:0:0:0:0:1 - - [19/Nov/2025:17:28:09 +0700] "GET /api/v1/showtime?movieId=45 HTTP/1.1" 200 1306 66843
0:0:0:0:0:0:0:1 - - [19/Nov/2025:17:30:31 +0700] "OPTIONS /api/v1/movies/45 HTTP/1.1" 200 - 2069
0:0:0:0:0:0:0:1 - - [19/Nov/2025:17:30:31 +0700] "GET /api/v1/movies/45 HTTP/1.1" 200 886 44998
0:0:0:0:0:0:0:1 - - [19/Nov/2025:17:30:31 +0700] "OPTIONS /api/v1/showtime?movieId=45 HTTP/1.1" 200 - 1207
0:0:0:0:0:0:0:1 - - [19/Nov/2025:17:30:31 +0700] "GET /api/v1/showtime?movieId=45 HTTP/1.1" 200 1306 54237
0:0:0:0:0:0:0:1 - - [19/Nov/2025:17:32:30 +0700] "OPTIONS /api/v1/auth/verify HTTP/1.1" 200 - 1310
0:0:0:0:0:0:0:1 - - [19/Nov/2025:17:32:30 +0700] "OPTIONS /api/v1/cinema-clusters/all HTTP/1.1" 200 - 1527
0:0:0:0:0:0:0:1 - - [19/Nov/2025:17:32:30 +0700] "OPTIONS /api/v1/cinema-clusters/all HTTP/1.1" 200 - 849
0:0:0:0:0:0:0:1 - - [19/Nov/2025:17:32:30 +0700] "GET /api/v1/auth/verify HTTP/1.1" 200 262 30549
0:0:0:0:0:0:0:1 - - [19/Nov/2025:17:32:30 +0700] "GET /api/v1/cinema-clusters/all HTTP/1.1" 200 2823 40881
0:0:0:0:0:0:0:1 - - [19/Nov/2025:17:32:30 +0700] "GET /api/v1/cinema-clusters/all HTTP/1.1" 200 2822 29082
0:0:0:0:0:0:0:1 - - [19/Nov/2025:17:32:30 +0700] "OPTIONS /api/v1/movies?page=0&size=12&sort=id,desc HTTP/1.1" 200 - 1572
0:0:0:0:0:0:0:1 - - [19/Nov/2025:17:32:30 +0700] "OPTIONS /api/v1/movies?page=0&size=12&sort=id,desc HTTP/1.1" 200 - 1572
0:0:0:0:0:0:0:1 - - [19/Nov/2025:17:32:31 +0700] "GET /api/v1/movies?page=0&size=12&sort=id,desc HTTP/1.1" 200 6427 50813
0:0:0:0:0:0:0:1 - - [19/Nov/2025:17:32:31 +0700] "GET /api/v1/movies?page=0&size=12&sort=id,desc HTTP/1.1" 200 6427 36894
0:0:0:0:0:0:0:1 - - [19/Nov/2025:17:32:33 +0700] "OPTIONS /api/v1/movies/45 HTTP/1.1" 200 - 4043
0:0:0:0:0:0:0:1 - - [19/Nov/2025:17:32:33 +0700] "OPTIONS /api/v1/movies/45 HTTP/1.1" 200 - 4038
0:0:0:0:0:0:0:1 - - [19/Nov/2025:17:32:33 +0700] "GET /api/v1/movies/45 HTTP/1.1" 200 886 25172
0:0:0:0:0:0:0:1 - - [19/Nov/2025:17:32:33 +0700] "GET /api/v1/movies/45 HTTP/1.1" 200 886 19184
0:0:0:0:0:0:0:1 - - [19/Nov/2025:17:32:33 +0700] "OPTIONS /api/v1/showtime?movieId=45 HTTP/1.1" 200 - 1146
0:0:0:0:0:0:0:1 - - [19/Nov/2025:17:32:33 +0700] "GET /api/v1/showtime?movieId=45 HTTP/1.1" 200 1306 62899
0:0:0:0:0:0:0:1 - - [19/Nov/2025:17:32:33 +0700] "GET /api/v1/showtime?movieId=45 HTTP/1.1" 200 1305 73122
0:0:0:0:0:0:0:1 - - [19/Nov/2025:17:39:07 +0700] "OPTIONS /api/v1/movies/45 HTTP/1.1" 200 - 1766
0:0:0:0:0:0:0:1 - - [19/Nov/2025:17:39:07 +0700] "GET /api/v1/movies/45 HTTP/1.1" 200 886 36460
0:0:0:0:0:0:0:1 - - [19/Nov/2025:17:39:07 +0700] "OPTIONS /api/v1/showtime?movieId=45 HTTP/1.1" 200 - 1687
0:0:0:0:0:0:0:1 - - [19/Nov/2025:17:39:07 +0700] "GET /api/v1/showtime?movieId=45 HTTP/1.1" 200 1306 52269
0:0:0:0:0:0:0:1 - - [19/Nov/2025:17:40:05 +0700] "OPTIONS /api/v1/movies/45 HTTP/1.1" 200 - 1310
0:0:0:0:0:0:0:1 - - [19/Nov/2025:17:40:05 +0700] "GET /api/v1/movies/45 HTTP/1.1" 200 886 40642
0:0:0:0:0:0:0:1 - - [19/Nov/2025:17:40:05 +0700] "OPTIONS /api/v1/showtime?movieId=45 HTTP/1.1" 200 - 1161
0:0:0:0:0:0:0:1 - - [19/Nov/2025:17:40:05 +0700] "GET /api/v1/showtime?movieId=45 HTTP/1.1" 200 1306 88380
0:0:0:0:0:0:0:1 - - [19/Nov/2025:17:40:19 +0700] "OPTIONS /api/v1/movies/45 HTTP/1.1" 200 - 1674
0:0:0:0:0:0:0:1 - - [19/Nov/2025:17:40:19 +0700] "GET /api/v1/movies/45 HTTP/1.1" 200 886 26250
0:0:0:0:0:0:0:1 - - [19/Nov/2025:17:40:19 +0700] "OPTIONS /api/v1/showtime?movieId=45 HTTP/1.1" 200 - 1157
0:0:0:0:0:0:0:1 - - [19/Nov/2025:17:40:19 +0700] "GET /api/v1/showtime?movieId=45 HTTP/1.1" 200 1306 47272
0:0:0:0:0:0:0:1 - - [19/Nov/2025:17:41:56 +0700] "GET /api/v1/movies/45 HTTP/1.1" 200 886 12039
0:0:0:0:0:0:0:1 - - [19/Nov/2025:17:41:56 +0700] "GET /api/v1/showtime?movieId=45 HTTP/1.1" 200 1306 44037
0:0:0:0:0:0:0:1 - - [19/Nov/2025:17:41:56 +0700] "GET /api/v1/movies/45 HTTP/1.1" 200 886 19332
0:0:0:0:0:0:0:1 - - [19/Nov/2025:17:41:56 +0700] "GET /api/v1/showtime?movieId=45 HTTP/1.1" 200 1306 35732
0:0:0:0:0:0:0:1 - - [19/Nov/2025:17:41:56 +0700] "GET /api/v1/movies/45 HTTP/1.1" 200 886 19574
0:0:0:0:0:0:0:1 - - [19/Nov/2025:17:41:56 +0700] "GET /api/v1/showtime?movieId=45 HTTP/1.1" 200 1305 41151
0:0:0:0:0:0:0:1 - - [19/Nov/2025:17:41:56 +0700] "GET /api/v1/movies/45 HTTP/1.1" 200 886 14144
0:0:0:0:0:0:0:1 - - [19/Nov/2025:17:41:56 +0700] "GET /api/v1/showtime?movieId=45 HTTP/1.1" 200 1306 56803
0:0:0:0:0:0:0:1 - - [19/Nov/2025:17:42:19 +0700] "GET /api/v1/movies/45 HTTP/1.1" 200 886 9901
0:0:0:0:0:0:0:1 - - [19/Nov/2025:17:42:19 +0700] "OPTIONS /api/v1/movies/45 HTTP/1.1" 200 - 4812
0:0:0:0:0:0:0:1 - - [19/Nov/2025:17:42:19 +0700] "GET /api/v1/movies/45 HTTP/1.1" 200 886 39433
0:0:0:0:0:0:0:1 - - [19/Nov/2025:17:42:19 +0700] "GET /api/v1/showtime?movieId=45 HTTP/1.1" 200 1306 64773
0:0:0:0:0:0:0:1 - - [19/Nov/2025:17:42:19 +0700] "OPTIONS /api/v1/showtime?movieId=45 HTTP/1.1" 200 - 1913
0:0:0:0:0:0:0:1 - - [19/Nov/2025:17:42:19 +0700] "GET /api/v1/showtime?movieId=45 HTTP/1.1" 200 1305 54200
0:0:0:0:0:0:0:1 - - [19/Nov/2025:17:48:00 +0700] "OPTIONS /api/v1/movies/45 HTTP/1.1" 200 - 1508
0:0:0:0:0:0:0:1 - - [19/Nov/2025:17:48:00 +0700] "GET /api/v1/movies/45 HTTP/1.1" 200 886 30513
0:0:0:0:0:0:0:1 - - [19/Nov/2025:17:48:00 +0700] "GET /api/v1/movies/45 HTTP/1.1" 200 886 16152
0:0:0:0:0:0:0:1 - - [19/Nov/2025:17:48:00 +0700] "OPTIONS /api/v1/showtime?movieId=45 HTTP/1.1" 200 - 1840
0:0:0:0:0:0:0:1 - - [19/Nov/2025:17:48:00 +0700] "GET /api/v1/showtime?movieId=45 HTTP/1.1" 200 1306 70414
0:0:0:0:0:0:0:1 - - [19/Nov/2025:17:48:01 +0700] "GET /api/v1/showtime?movieId=45 HTTP/1.1" 200 1306 46879
0:0:0:0:0:0:0:1 - - [19/Nov/2025:17:48:31 +0700] "GET /api/v1/movies/45 HTTP/1.1" 200 886 27603
0:0:0:0:0:0:0:1 - - [19/Nov/2025:17:48:31 +0700] "OPTIONS /api/v1/movies/45 HTTP/1.1" 200 - 1495
0:0:0:0:0:0:0:1 - - [19/Nov/2025:17:48:31 +0700] "GET /api/v1/movies/45 HTTP/1.1" 200 886 29382
0:0:0:0:0:0:0:1 - - [19/Nov/2025:17:48:31 +0700] "GET /api/v1/showtime?movieId=45 HTTP/1.1" 200 1306 67203
0:0:0:0:0:0:0:1 - - [19/Nov/2025:17:48:31 +0700] "OPTIONS /api/v1/showtime?movieId=45 HTTP/1.1" 200 - 1742
0:0:0:0:0:0:0:1 - - [19/Nov/2025:17:48:31 +0700] "GET /api/v1/showtime?movieId=45 HTTP/1.1" 200 1305 251238
0:0:0:0:0:0:0:1 - - [19/Nov/2025:17:49:18 +0700] "OPTIONS /api/v1/movies/45 HTTP/1.1" 200 - 1689
0:0:0:0:0:0:0:1 - - [19/Nov/2025:17:49:18 +0700] "GET /api/v1/movies/45 HTTP/1.1" 200 886 22604
0:0:0:0:0:0:0:1 - - [19/Nov/2025:17:49:18 +0700] "OPTIONS /api/v1/showtime?movieId=45 HTTP/1.1" 200 - 1267
0:0:0:0:0:0:0:1 - - [19/Nov/2025:17:49:18 +0700] "GET /api/v1/showtime?movieId=45 HTTP/1.1" 200 1306 52427
0:0:0:0:0:0:0:1 - - [19/Nov/2025:17:49:19 +0700] "GET /api/v1/movies/45 HTTP/1.1" 200 886 11650
0:0:0:0:0:0:0:1 - - [19/Nov/2025:17:49:19 +0700] "GET /api/v1/showtime?movieId=45 HTTP/1.1" 200 1306 34191
0:0:0:0:0:0:0:1 - - [19/Nov/2025:17:49:59 +0700] "OPTIONS /api/v1/movies/45 HTTP/1.1" 200 - 1183
0:0:0:0:0:0:0:1 - - [19/Nov/2025:17:49:59 +0700] "GET /api/v1/movies/45 HTTP/1.1" 200 886 24041
0:0:0:0:0:0:0:1 - - [19/Nov/2025:17:49:59 +0700] "OPTIONS /api/v1/showtime?movieId=45 HTTP/1.1" 200 - 784
0:0:0:0:0:0:0:1 - - [19/Nov/2025:17:49:59 +0700] "GET /api/v1/showtime?movieId=45 HTTP/1.1" 200 1306 48355
0:0:0:0:0:0:0:1 - - [19/Nov/2025:17:50:00 +0700] "GET /api/v1/movies/45 HTTP/1.1" 200 886 18346
0:0:0:0:0:0:0:1 - - [19/Nov/2025:17:50:00 +0700] "GET /api/v1/showtime?movieId=45 HTTP/1.1" 200 1306 35059
0:0:0:0:0:0:0:1 - - [19/Nov/2025:17:50:44 +0700] "OPTIONS /api/v1/movies/45 HTTP/1.1" 200 - 1586
0:0:0:0:0:0:0:1 - - [19/Nov/2025:17:50:44 +0700] "GET /api/v1/movies/45 HTTP/1.1" 200 886 22051
0:0:0:0:0:0:0:1 - - [19/Nov/2025:17:50:44 +0700] "OPTIONS /api/v1/showtime?movieId=45 HTTP/1.1" 200 - 1006
0:0:0:0:0:0:0:1 - - [19/Nov/2025:17:50:44 +0700] "GET /api/v1/showtime?movieId=45 HTTP/1.1" 200 1306 44192
0:0:0:0:0:0:0:1 - - [19/Nov/2025:17:50:46 +0700] "GET /api/v1/movies/45 HTTP/1.1" 200 886 10250
0:0:0:0:0:0:0:1 - - [19/Nov/2025:17:50:46 +0700] "GET /api/v1/showtime?movieId=45 HTTP/1.1" 200 1306 34691
0:0:0:0:0:0:0:1 - - [19/Nov/2025:17:52:08 +0700] "OPTIONS /api/v1/movies/45 HTTP/1.1" 200 - 1490
0:0:0:0:0:0:0:1 - - [19/Nov/2025:17:52:08 +0700] "GET /api/v1/movies/45 HTTP/1.1" 200 886 23613
0:0:0:0:0:0:0:1 - - [19/Nov/2025:17:52:08 +0700] "OPTIONS /api/v1/showtime?movieId=45 HTTP/1.1" 200 - 735
0:0:0:0:0:0:0:1 - - [19/Nov/2025:17:52:08 +0700] "GET /api/v1/showtime?movieId=45 HTTP/1.1" 200 1306 48553
0:0:0:0:0:0:0:1 - - [19/Nov/2025:17:52:09 +0700] "GET /api/v1/movies/45 HTTP/1.1" 200 886 8512
0:0:0:0:0:0:0:1 - - [19/Nov/2025:17:52:09 +0700] "GET /api/v1/showtime?movieId=45 HTTP/1.1" 200 1306 24747
0:0:0:0:0:0:0:1 - - [19/Nov/2025:17:53:25 +0700] "OPTIONS /api/v1/movies/45 HTTP/1.1" 200 - 3171
0:0:0:0:0:0:0:1 - - [19/Nov/2025:17:53:25 +0700] "GET /api/v1/movies/45 HTTP/1.1" 200 886 62834
0:0:0:0:0:0:0:1 - - [19/Nov/2025:17:53:25 +0700] "OPTIONS /api/v1/showtime?movieId=45 HTTP/1.1" 200 - 1335
0:0:0:0:0:0:0:1 - - [19/Nov/2025:17:53:25 +0700] "GET /api/v1/showtime?movieId=45 HTTP/1.1" 200 1305 81402
0:0:0:0:0:0:0:1 - - [19/Nov/2025:17:53:26 +0700] "GET /api/v1/movies/45 HTTP/1.1" 200 886 14019
0:0:0:0:0:0:0:1 - - [19/Nov/2025:17:53:26 +0700] "GET /api/v1/showtime?movieId=45 HTTP/1.1" 200 1306 33777
0:0:0:0:0:0:0:1 - - [19/Nov/2025:17:54:43 +0700] "OPTIONS /api/v1/movies/45 HTTP/1.1" 200 - 1720
0:0:0:0:0:0:0:1 - - [19/Nov/2025:17:54:43 +0700] "GET /api/v1/movies/45 HTTP/1.1" 200 886 16810
0:0:0:0:0:0:0:1 - - [19/Nov/2025:17:54:43 +0700] "OPTIONS /api/v1/showtime?movieId=45 HTTP/1.1" 200 - 1146
0:0:0:0:0:0:0:1 - - [19/Nov/2025:17:54:43 +0700] "GET /api/v1/showtime?movieId=45 HTTP/1.1" 200 1306 39426
0:0:0:0:0:0:0:1 - - [19/Nov/2025:17:54:44 +0700] "GET /api/v1/movies/45 HTTP/1.1" 200 886 12241
0:0:0:0:0:0:0:1 - - [19/Nov/2025:17:54:44 +0700] "GET /api/v1/showtime?movieId=45 HTTP/1.1" 200 1306 27708
0:0:0:0:0:0:0:1 - - [19/Nov/2025:18:00:54 +0700] "OPTIONS /api/v1/movies/45 HTTP/1.1" 200 - 1683
0:0:0:0:0:0:0:1 - - [19/Nov/2025:18:00:54 +0700] "GET /api/v1/movies/45 HTTP/1.1" 200 886 26865
0:0:0:0:0:0:0:1 - - [19/Nov/2025:18:00:54 +0700] "OPTIONS /api/v1/showtime?movieId=45 HTTP/1.1" 200 - 975
0:0:0:0:0:0:0:1 - - [19/Nov/2025:18:00:54 +0700] "GET /api/v1/showtime?movieId=45 HTTP/1.1" 200 1306 47283
0:0:0:0:0:0:0:1 - - [19/Nov/2025:18:00:54 +0700] "GET /api/v1/movies/45 HTTP/1.1" 200 886 10020
0:0:0:0:0:0:0:1 - - [19/Nov/2025:18:00:54 +0700] "GET /api/v1/showtime?movieId=45 HTTP/1.1" 200 1305 65092
0:0:0:0:0:0:0:1 - - [19/Nov/2025:18:20:09 +0700] "OPTIONS /api/v1/movies/45 HTTP/1.1" 200 - 3613
0:0:0:0:0:0:0:1 - - [19/Nov/2025:18:20:09 +0700] "GET /api/v1/movies/45 HTTP/1.1" 200 886 34908
0:0:0:0:0:0:0:1 - - [19/Nov/2025:18:20:09 +0700] "OPTIONS /api/v1/showtime?movieId=45 HTTP/1.1" 200 - 1389
0:0:0:0:0:0:0:1 - - [19/Nov/2025:18:20:09 +0700] "GET /api/v1/showtime?movieId=45 HTTP/1.1" 200 1306 54214
0:0:0:0:0:0:0:1 - - [19/Nov/2025:18:20:10 +0700] "GET /api/v1/movies/45 HTTP/1.1" 200 886 16458
0:0:0:0:0:0:0:1 - - [19/Nov/2025:18:20:10 +0700] "GET /api/v1/showtime?movieId=45 HTTP/1.1" 200 1306 29666
0:0:0:0:0:0:0:1 - - [19/Nov/2025:18:24:11 +0700] "OPTIONS /api/v1/cinema-clusters/all HTTP/1.1" 200 - 956
0:0:0:0:0:0:0:1 - - [19/Nov/2025:18:24:11 +0700] "OPTIONS /api/v1/auth/verify HTTP/1.1" 200 - 1149
0:0:0:0:0:0:0:1 - - [19/Nov/2025:18:24:11 +0700] "OPTIONS /api/v1/movies?size=20 HTTP/1.1" 200 - 626
0:0:0:0:0:0:0:1 - - [19/Nov/2025:18:24:11 +0700] "OPTIONS /api/v1/movies/now-showing?size=12 HTTP/1.1" 200 - 452
0:0:0:0:0:0:0:1 - - [19/Nov/2025:18:24:11 +0700] "OPTIONS /api/v1/movies/coming-soon?size=12 HTTP/1.1" 200 - 1148
0:0:0:0:0:0:0:1 - - [19/Nov/2025:18:24:11 +0700] "OPTIONS /api/v1/movies/top-rated?size=10 HTTP/1.1" 200 - 641
0:0:0:0:0:0:0:1 - - [19/Nov/2025:18:24:11 +0700] "OPTIONS /api/v1/movies/coming-soon?size=12 HTTP/1.1" 200 - 1431
0:0:0:0:0:0:0:1 - - [19/Nov/2025:18:24:11 +0700] "OPTIONS /api/v1/movies/top-rated?size=10 HTTP/1.1" 200 - 878
0:0:0:0:0:0:0:1 - - [19/Nov/2025:18:24:11 +0700] "OPTIONS /api/v1/cinema-clusters/all HTTP/1.1" 200 - 783
0:0:0:0:0:0:0:1 - - [19/Nov/2025:18:24:11 +0700] "OPTIONS /api/v1/movies?size=20 HTTP/1.1" 200 - 509
0:0:0:0:0:0:0:1 - - [19/Nov/2025:18:24:11 +0700] "OPTIONS /api/v1/movies/now-showing?size=12 HTTP/1.1" 200 - 526
0:0:0:0:0:0:0:1 - - [19/Nov/2025:18:24:11 +0700] "GET /api/v1/auth/verify HTTP/1.1" 200 262 23273
0:0:0:0:0:0:0:1 - - [19/Nov/2025:18:24:11 +0700] "GET /api/v1/cinema-clusters/all HTTP/1.1" 200 2823 49570
0:0:0:0:0:0:0:1 - - [19/Nov/2025:18:24:11 +0700] "GET /api/v1/movies/coming-soon?size=12 HTTP/1.1" 200 3245 54202
0:0:0:0:0:0:0:1 - - [19/Nov/2025:18:24:11 +0700] "GET /api/v1/cinema-clusters/all HTTP/1.1" 200 2823 18561
0:0:0:0:0:0:0:1 - - [19/Nov/2025:18:24:11 +0700] "GET /api/v1/movies/top-rated?size=10 HTTP/1.1" 200 5702 69340
0:0:0:0:0:0:0:1 - - [19/Nov/2025:18:24:11 +0700] "GET /api/v1/movies/now-showing?size=12 HTTP/1.1" 200 6159 71074
0:0:0:0:0:0:0:1 - - [19/Nov/2025:18:24:11 +0700] "GET /api/v1/movies/coming-soon?size=12 HTTP/1.1" 200 3245 36726
0:0:0:0:0:0:0:1 - - [19/Nov/2025:18:24:11 +0700] "GET /api/v1/movies?size=20 HTTP/1.1" 200 10046 96310
0:0:0:0:0:0:0:1 - - [19/Nov/2025:18:24:11 +0700] "GET /api/v1/movies/top-rated?size=10 HTTP/1.1" 200 5702 41882
0:0:0:0:0:0:0:1 - - [19/Nov/2025:18:24:11 +0700] "GET /api/v1/movies/now-showing?size=12 HTTP/1.1" 200 6159 45413
0:0:0:0:0:0:0:1 - - [19/Nov/2025:18:24:11 +0700] "GET /api/v1/movies?size=20 HTTP/1.1" 200 10046 42650
0:0:0:0:0:0:0:1 - - [19/Nov/2025:18:24:14 +0700] "OPTIONS /api/v1/movies/45 HTTP/1.1" 200 - 1387
0:0:0:0:0:0:0:1 - - [19/Nov/2025:18:24:14 +0700] "OPTIONS /api/v1/movies/45 HTTP/1.1" 200 - 1478
0:0:0:0:0:0:0:1 - - [19/Nov/2025:18:24:14 +0700] "GET /api/v1/movies/45 HTTP/1.1" 200 886 25892
0:0:0:0:0:0:0:1 - - [19/Nov/2025:18:24:14 +0700] "GET /api/v1/movies/45 HTTP/1.1" 200 886 17877
0:0:0:0:0:0:0:1 - - [19/Nov/2025:19:23:47 +0700] "GET /api/v1/cinema-clusters/all HTTP/1.1" 200 2823 14655
0:0:0:0:0:0:0:1 - - [19/Nov/2025:19:23:47 +0700] "GET /api/v1/movies/45 HTTP/1.1" 200 886 15256
0:0:0:0:0:0:0:1 - - [19/Nov/2025:19:23:47 +0700] "GET /api/v1/showtime?movieId=45 HTTP/1.1" 200 1306 45250
0:0:0:0:0:0:0:1 - - [19/Nov/2025:19:24:56 +0700] "OPTIONS /api/v1/auth/verify HTTP/1.1" 200 - 1278
0:0:0:0:0:0:0:1 - - [19/Nov/2025:19:24:56 +0700] "OPTIONS /api/v1/cinema-clusters/all HTTP/1.1" 200 - 885
0:0:0:0:0:0:0:1 - - [19/Nov/2025:19:24:56 +0700] "OPTIONS /api/v1/cinema-clusters/all HTTP/1.1" 200 - 3025
0:0:0:0:0:0:0:1 - - [19/Nov/2025:19:24:56 +0700] "GET /api/v1/auth/verify HTTP/1.1" 200 262 20525
0:0:0:0:0:0:0:1 - - [19/Nov/2025:19:24:56 +0700] "GET /api/v1/cinema-clusters/all HTTP/1.1" 200 2823 24559
0:0:0:0:0:0:0:1 - - [19/Nov/2025:19:24:56 +0700] "GET /api/v1/cinema-clusters/all HTTP/1.1" 200 2823 20065
0:0:0:0:0:0:0:1 - - [19/Nov/2025:19:24:56 +0700] "OPTIONS /api/v1/movies?page=0&size=12&sort=id,desc HTTP/1.1" 200 - 735
0:0:0:0:0:0:0:1 - - [19/Nov/2025:19:24:56 +0700] "OPTIONS /api/v1/movies?page=0&size=12&sort=id,desc HTTP/1.1" 200 - 725
0:0:0:0:0:0:0:1 - - [19/Nov/2025:19:24:56 +0700] "GET /api/v1/movies?page=0&size=12&sort=id,desc HTTP/1.1" 200 6427 45722
0:0:0:0:0:0:0:1 - - [19/Nov/2025:19:24:56 +0700] "GET /api/v1/movies?page=0&size=12&sort=id,desc HTTP/1.1" 200 6427 30439
0:0:0:0:0:0:0:1 - - [19/Nov/2025:19:25:18 +0700] "OPTIONS /api/v1/movies/45 HTTP/1.1" 200 - 1438
0:0:0:0:0:0:0:1 - - [19/Nov/2025:19:25:18 +0700] "OPTIONS /api/v1/movies/45 HTTP/1.1" 200 - 1476
0:0:0:0:0:0:0:1 - - [19/Nov/2025:19:25:18 +0700] "GET /api/v1/movies/45 HTTP/1.1" 200 886 28525
0:0:0:0:0:0:0:1 - - [19/Nov/2025:19:25:18 +0700] "GET /api/v1/movies/45 HTTP/1.1" 200 886 20042
0:0:0:0:0:0:0:1 - - [19/Nov/2025:19:25:18 +0700] "OPTIONS /api/v1/showtime?movieId=45 HTTP/1.1" 200 - 832
0:0:0:0:0:0:0:1 - - [19/Nov/2025:19:25:18 +0700] "GET /api/v1/showtime?movieId=45 HTTP/1.1" 200 1306 47966
0:0:0:0:0:0:0:1 - - [19/Nov/2025:19:25:18 +0700] "GET /api/v1/showtime?movieId=45 HTTP/1.1" 200 1306 58211
0:0:0:0:0:0:0:1 - - [19/Nov/2025:19:25:21 +0700] "GET /api/v1/movies/45 HTTP/1.1" 200 886 22424
0:0:0:0:0:0:0:1 - - [19/Nov/2025:19:25:21 +0700] "GET /api/v1/movies/45 HTTP/1.1" 200 886 9833
0:0:0:0:0:0:0:1 - - [19/Nov/2025:19:25:21 +0700] "GET /api/v1/showtime?movieId=45 HTTP/1.1" 200 1306 54651
0:0:0:0:0:0:0:1 - - [19/Nov/2025:19:25:22 +0700] "GET /api/v1/showtime?movieId=45 HTTP/1.1" 200 1306 75134
0:0:0:0:0:0:0:1 - - [19/Nov/2025:19:25:56 +0700] "OPTIONS /api/v1/movies/45 HTTP/1.1" 200 - 1166
0:0:0:0:0:0:0:1 - - [19/Nov/2025:19:25:56 +0700] "GET /api/v1/movies/45 HTTP/1.1" 200 886 16899
0:0:0:0:0:0:0:1 - - [19/Nov/2025:19:25:56 +0700] "GET /api/v1/movies/45 HTTP/1.1" 200 886 10304
0:0:0:0:0:0:0:1 - - [19/Nov/2025:19:25:56 +0700] "OPTIONS /api/v1/showtime?movieId=45 HTTP/1.1" 200 - 845
0:0:0:0:0:0:0:1 - - [19/Nov/2025:19:25:56 +0700] "GET /api/v1/showtime?movieId=45 HTTP/1.1" 200 1306 52769
0:0:0:0:0:0:0:1 - - [19/Nov/2025:19:25:56 +0700] "GET /api/v1/showtime?movieId=45 HTTP/1.1" 200 1306 59629
0:0:0:0:0:0:0:1 - - [19/Nov/2025:19:27:29 +0700] "OPTIONS /api/v1/movies/45 HTTP/1.1" 200 - 1382
0:0:0:0:0:0:0:1 - - [19/Nov/2025:19:27:29 +0700] "GET /api/v1/movies/45 HTTP/1.1" 200 886 24209
0:0:0:0:0:0:0:1 - - [19/Nov/2025:19:27:29 +0700] "GET /api/v1/movies/45 HTTP/1.1" 200 886 13522
0:0:0:0:0:0:0:1 - - [19/Nov/2025:19:27:29 +0700] "OPTIONS /api/v1/showtime?movieId=45 HTTP/1.1" 200 - 861
0:0:0:0:0:0:0:1 - - [19/Nov/2025:19:27:29 +0700] "GET /api/v1/showtime?movieId=45 HTTP/1.1" 200 1306 44925
0:0:0:0:0:0:0:1 - - [19/Nov/2025:19:27:29 +0700] "GET /api/v1/showtime?movieId=45 HTTP/1.1" 200 1306 69720
0:0:0:0:0:0:0:1 - - [19/Nov/2025:19:28:18 +0700] "OPTIONS /api/v1/movies/45 HTTP/1.1" 200 - 1059
0:0:0:0:0:0:0:1 - - [19/Nov/2025:19:28:18 +0700] "GET /api/v1/movies/45 HTTP/1.1" 200 886 24265
0:0:0:0:0:0:0:1 - - [19/Nov/2025:19:28:18 +0700] "GET /api/v1/movies/45 HTTP/1.1" 200 886 9931
0:0:0:0:0:0:0:1 - - [19/Nov/2025:19:28:18 +0700] "OPTIONS /api/v1/showtime?movieId=45 HTTP/1.1" 200 - 832
0:0:0:0:0:0:0:1 - - [19/Nov/2025:19:28:18 +0700] "GET /api/v1/showtime?movieId=45 HTTP/1.1" 200 1306 56198
0:0:0:0:0:0:0:1 - - [19/Nov/2025:19:28:18 +0700] "GET /api/v1/showtime?movieId=45 HTTP/1.1" 200 1306 62305
0:0:0:0:0:0:0:1 - - [19/Nov/2025:19:28:56 +0700] "OPTIONS /api/v1/movies/45 HTTP/1.1" 200 - 1056
0:0:0:0:0:0:0:1 - - [19/Nov/2025:19:28:56 +0700] "GET /api/v1/movies/45 HTTP/1.1" 200 886 18733
0:0:0:0:0:0:0:1 - - [19/Nov/2025:19:28:56 +0700] "GET /api/v1/movies/45 HTTP/1.1" 200 886 8112
0:0:0:0:0:0:0:1 - - [19/Nov/2025:19:28:56 +0700] "OPTIONS /api/v1/showtime?movieId=45 HTTP/1.1" 200 - 758
0:0:0:0:0:0:0:1 - - [19/Nov/2025:19:28:56 +0700] "GET /api/v1/showtime?movieId=45 HTTP/1.1" 200 1306 49204
0:0:0:0:0:0:0:1 - - [19/Nov/2025:19:28:56 +0700] "GET /api/v1/showtime?movieId=45 HTTP/1.1" 200 1306 75016
0:0:0:0:0:0:0:1 - - [19/Nov/2025:19:29:26 +0700] "OPTIONS /api/v1/movies/45 HTTP/1.1" 200 - 1121
0:0:0:0:0:0:0:1 - - [19/Nov/2025:19:29:26 +0700] "GET /api/v1/movies/45 HTTP/1.1" 200 886 15948
0:0:0:0:0:0:0:1 - - [19/Nov/2025:19:29:26 +0700] "GET /api/v1/movies/45 HTTP/1.1" 200 886 34117
0:0:0:0:0:0:0:1 - - [19/Nov/2025:19:29:26 +0700] "OPTIONS /api/v1/showtime?movieId=45 HTTP/1.1" 200 - 918
0:0:0:0:0:0:0:1 - - [19/Nov/2025:19:29:26 +0700] "GET /api/v1/showtime?movieId=45 HTTP/1.1" 200 1306 56084
0:0:0:0:0:0:0:1 - - [19/Nov/2025:19:29:26 +0700] "GET /api/v1/showtime?movieId=45 HTTP/1.1" 200 1306 64813
0:0:0:0:0:0:0:1 - - [19/Nov/2025:19:30:19 +0700] "OPTIONS /api/v1/movies/45 HTTP/1.1" 200 - 1102
0:0:0:0:0:0:0:1 - - [19/Nov/2025:19:30:19 +0700] "GET /api/v1/movies/45 HTTP/1.1" 200 886 18945
0:0:0:0:0:0:0:1 - - [19/Nov/2025:19:30:19 +0700] "GET /api/v1/movies/45 HTTP/1.1" 200 886 12667
0:0:0:0:0:0:0:1 - - [19/Nov/2025:19:30:19 +0700] "OPTIONS /api/v1/showtime?movieId=45 HTTP/1.1" 200 - 650
0:0:0:0:0:0:0:1 - - [19/Nov/2025:19:30:19 +0700] "GET /api/v1/showtime?movieId=45 HTTP/1.1" 200 1306 45323
0:0:0:0:0:0:0:1 - - [19/Nov/2025:19:30:19 +0700] "GET /api/v1/showtime?movieId=45 HTTP/1.1" 200 1306 48966
0:0:0:0:0:0:0:1 - - [19/Nov/2025:19:32:10 +0700] "OPTIONS /api/v1/movies/45 HTTP/1.1" 200 - 1113
0:0:0:0:0:0:0:1 - - [19/Nov/2025:19:32:10 +0700] "GET /api/v1/movies/45 HTTP/1.1" 200 886 18648
0:0:0:0:0:0:0:1 - - [19/Nov/2025:19:32:10 +0700] "GET /api/v1/movies/45 HTTP/1.1" 200 886 9690
0:0:0:0:0:0:0:1 - - [19/Nov/2025:19:32:10 +0700] "OPTIONS /api/v1/showtime?movieId=45 HTTP/1.1" 200 - 781
0:0:0:0:0:0:0:1 - - [19/Nov/2025:19:32:10 +0700] "GET /api/v1/showtime?movieId=45 HTTP/1.1" 200 1305 37882
0:0:0:0:0:0:0:1 - - [19/Nov/2025:19:32:10 +0700] "GET /api/v1/showtime?movieId=45 HTTP/1.1" 200 1306 97962
0:0:0:0:0:0:0:1 - - [19/Nov/2025:19:32:50 +0700] "OPTIONS /api/v1/movies/45 HTTP/1.1" 200 - 1267
0:0:0:0:0:0:0:1 - - [19/Nov/2025:19:32:50 +0700] "GET /api/v1/movies/45 HTTP/1.1" 200 886 19952
0:0:0:0:0:0:0:1 - - [19/Nov/2025:19:32:50 +0700] "GET /api/v1/movies/45 HTTP/1.1" 200 886 9871
0:0:0:0:0:0:0:1 - - [19/Nov/2025:19:32:50 +0700] "OPTIONS /api/v1/showtime?movieId=45 HTTP/1.1" 200 - 785
0:0:0:0:0:0:0:1 - - [19/Nov/2025:19:32:50 +0700] "GET /api/v1/showtime?movieId=45 HTTP/1.1" 200 1306 53189
0:0:0:0:0:0:0:1 - - [19/Nov/2025:19:32:50 +0700] "GET /api/v1/showtime?movieId=45 HTTP/1.1" 200 1306 56950
0:0:0:0:0:0:0:1 - - [19/Nov/2025:19:33:03 +0700] "OPTIONS /api/v1/movies/45 HTTP/1.1" 200 - 1352
0:0:0:0:0:0:0:1 - - [19/Nov/2025:19:33:03 +0700] "GET /api/v1/movies/45 HTTP/1.1" 200 886 21312
0:0:0:0:0:0:0:1 - - [19/Nov/2025:19:33:03 +0700] "OPTIONS /api/v1/showtime?movieId=45 HTTP/1.1" 200 - 924
0:0:0:0:0:0:0:1 - - [19/Nov/2025:19:33:04 +0700] "GET /api/v1/showtime?movieId=45 HTTP/1.1" 200 1306 58581
0:0:0:0:0:0:0:1 - - [19/Nov/2025:19:33:04 +0700] "GET /api/v1/movies/45 HTTP/1.1" 200 886 8938
0:0:0:0:0:0:0:1 - - [19/Nov/2025:19:33:04 +0700] "GET /api/v1/showtime?movieId=45 HTTP/1.1" 200 1306 36302
0:0:0:0:0:0:0:1 - - [19/Nov/2025:19:39:34 +0700] "OPTIONS /api/v1/movies/45 HTTP/1.1" 200 - 1214
0:0:0:0:0:0:0:1 - - [19/Nov/2025:19:39:34 +0700] "GET /api/v1/movies/45 HTTP/1.1" 200 886 18435
0:0:0:0:0:0:0:1 - - [19/Nov/2025:19:39:34 +0700] "OPTIONS /api/v1/showtime?movieId=45 HTTP/1.1" 200 - 697
0:0:0:0:0:0:0:1 - - [19/Nov/2025:19:39:34 +0700] "GET /api/v1/showtime?movieId=45 HTTP/1.1" 200 1306 38573
0:0:0:0:0:0:0:1 - - [19/Nov/2025:19:39:35 +0700] "GET /api/v1/movies/45 HTTP/1.1" 200 886 13704
0:0:0:0:0:0:0:1 - - [19/Nov/2025:19:39:35 +0700] "GET /api/v1/showtime?movieId=45 HTTP/1.1" 200 1306 38026
0:0:0:0:0:0:0:1 - - [19/Nov/2025:19:39:45 +0700] "OPTIONS /api/v1/movies/45 HTTP/1.1" 200 - 973
0:0:0:0:0:0:0:1 - - [19/Nov/2025:19:39:45 +0700] "GET /api/v1/movies/45 HTTP/1.1" 200 886 15886
0:0:0:0:0:0:0:1 - - [19/Nov/2025:19:39:45 +0700] "OPTIONS /api/v1/showtime?movieId=45 HTTP/1.1" 200 - 997
0:0:0:0:0:0:0:1 - - [19/Nov/2025:19:39:45 +0700] "GET /api/v1/showtime?movieId=45 HTTP/1.1" 200 1306 55391
0:0:0:0:0:0:0:1 - - [19/Nov/2025:19:39:46 +0700] "GET /api/v1/movies/45 HTTP/1.1" 200 886 10380
0:0:0:0:0:0:0:1 - - [19/Nov/2025:19:39:46 +0700] "GET /api/v1/showtime?movieId=45 HTTP/1.1" 200 1306 29833
0:0:0:0:0:0:0:1 - - [19/Nov/2025:19:39:57 +0700] "OPTIONS /api/v1/movies?size=20 HTTP/1.1" 200 - 921
0:0:0:0:0:0:0:1 - - [19/Nov/2025:19:39:57 +0700] "OPTIONS /api/v1/movies/coming-soon?size=12 HTTP/1.1" 200 - 763
0:0:0:0:0:0:0:1 - - [19/Nov/2025:19:39:57 +0700] "OPTIONS /api/v1/movies/now-showing?size=12 HTTP/1.1" 200 - 682
0:0:0:0:0:0:0:1 - - [19/Nov/2025:19:39:57 +0700] "OPTIONS /api/v1/movies?size=20 HTTP/1.1" 200 - 450
0:0:0:0:0:0:0:1 - - [19/Nov/2025:19:39:57 +0700] "OPTIONS /api/v1/movies/top-rated?size=10 HTTP/1.1" 200 - 665
0:0:0:0:0:0:0:1 - - [19/Nov/2025:19:39:57 +0700] "OPTIONS /api/v1/movies/coming-soon?size=12 HTTP/1.1" 200 - 916
0:0:0:0:0:0:0:1 - - [19/Nov/2025:19:39:57 +0700] "OPTIONS /api/v1/movies/now-showing?size=12 HTTP/1.1" 200 - 1412
0:0:0:0:0:0:0:1 - - [19/Nov/2025:19:39:57 +0700] "OPTIONS /api/v1/movies/top-rated?size=10 HTTP/1.1" 200 - 4518
0:0:0:0:0:0:0:1 - - [19/Nov/2025:19:39:57 +0700] "GET /api/v1/movies/coming-soon?size=12 HTTP/1.1" 200 3245 39882
0:0:0:0:0:0:0:1 - - [19/Nov/2025:19:39:57 +0700] "GET /api/v1/movies/top-rated?size=10 HTTP/1.1" 200 5702 45439
0:0:0:0:0:0:0:1 - - [19/Nov/2025:19:39:57 +0700] "GET /api/v1/movies/now-showing?size=12 HTTP/1.1" 200 6159 46845
0:0:0:0:0:0:0:1 - - [19/Nov/2025:19:39:57 +0700] "GET /api/v1/movies?size=20 HTTP/1.1" 200 10046 52496
0:0:0:0:0:0:0:1 - - [19/Nov/2025:19:39:57 +0700] "GET /api/v1/movies/coming-soon?size=12 HTTP/1.1" 200 3245 21279
0:0:0:0:0:0:0:1 - - [19/Nov/2025:19:39:57 +0700] "GET /api/v1/movies/top-rated?size=10 HTTP/1.1" 200 5702 24923
0:0:0:0:0:0:0:1 - - [19/Nov/2025:19:39:57 +0700] "GET /api/v1/movies/now-showing?size=12 HTTP/1.1" 200 6159 27919
0:0:0:0:0:0:0:1 - - [19/Nov/2025:19:39:57 +0700] "GET /api/v1/movies?size=20 HTTP/1.1" 200 10046 42816
0:0:0:0:0:0:0:1 - - [19/Nov/2025:19:40:00 +0700] "OPTIONS /api/v1/movies/48 HTTP/1.1" 200 - 1246
0:0:0:0:0:0:0:1 - - [19/Nov/2025:19:40:00 +0700] "OPTIONS /api/v1/movies/48 HTTP/1.1" 200 - 1317
0:0:0:0:0:0:0:1 - - [19/Nov/2025:19:40:00 +0700] "GET /api/v1/movies/48 HTTP/1.1" 200 1202 42838
0:0:0:0:0:0:0:1 - - [19/Nov/2025:19:40:00 +0700] "GET /api/v1/movies/48 HTTP/1.1" 200 1202 62980
0:0:0:0:0:0:0:1 - - [19/Nov/2025:19:40:00 +0700] "OPTIONS /api/v1/showtime?movieId=48 HTTP/1.1" 200 - 866
0:0:0:0:0:0:0:1 - - [19/Nov/2025:19:40:00 +0700] "GET /api/v1/showtime?movieId=48 HTTP/1.1" 200 1306 114949
0:0:0:0:0:0:0:1 - - [19/Nov/2025:19:40:00 +0700] "GET /api/v1/showtime?movieId=48 HTTP/1.1" 200 1306 55100
0:0:0:0:0:0:0:1 - - [19/Nov/2025:19:40:07 +0700] "OPTIONS /api/v1/movies/48 HTTP/1.1" 200 - 1295
0:0:0:0:0:0:0:1 - - [19/Nov/2025:19:40:07 +0700] "GET /api/v1/movies/48 HTTP/1.1" 200 1202 24172
0:0:0:0:0:0:0:1 - - [19/Nov/2025:19:40:07 +0700] "OPTIONS /api/v1/showtime?movieId=48 HTTP/1.1" 200 - 1008
0:0:0:0:0:0:0:1 - - [19/Nov/2025:19:40:07 +0700] "GET /api/v1/showtime?movieId=48 HTTP/1.1" 200 1306 50968
0:0:0:0:0:0:0:1 - - [19/Nov/2025:19:40:08 +0700] "GET /api/v1/movies/45 HTTP/1.1" 200 886 9573
0:0:0:0:0:0:0:1 - - [19/Nov/2025:19:40:08 +0700] "GET /api/v1/showtime?movieId=45 HTTP/1.1" 200 1306 64253
0:0:0:0:0:0:0:1 - - [19/Nov/2025:19:48:09 +0700] "OPTIONS /api/v1/movies?size=20 HTTP/1.1" 200 - 1130
0:0:0:0:0:0:0:1 - - [19/Nov/2025:19:48:09 +0700] "OPTIONS /api/v1/movies/coming-soon?size=12 HTTP/1.1" 200 - 918
0:0:0:0:0:0:0:1 - - [19/Nov/2025:19:48:09 +0700] "OPTIONS /api/v1/movies/now-showing?size=12 HTTP/1.1" 200 - 930
0:0:0:0:0:0:0:1 - - [19/Nov/2025:19:48:09 +0700] "OPTIONS /api/v1/movies/top-rated?size=10 HTTP/1.1" 200 - 1228
0:0:0:0:0:0:0:1 - - [19/Nov/2025:19:48:09 +0700] "OPTIONS /api/v1/movies?size=20 HTTP/1.1" 200 - 531
0:0:0:0:0:0:0:1 - - [19/Nov/2025:19:48:09 +0700] "OPTIONS /api/v1/movies/coming-soon?size=12 HTTP/1.1" 200 - 430
0:0:0:0:0:0:0:1 - - [19/Nov/2025:19:48:09 +0700] "OPTIONS /api/v1/movies/now-showing?size=12 HTTP/1.1" 200 - 386
0:0:0:0:0:0:0:1 - - [19/Nov/2025:19:48:09 +0700] "OPTIONS /api/v1/movies/top-rated?size=10 HTTP/1.1" 200 - 318
0:0:0:0:0:0:0:1 - - [19/Nov/2025:19:48:09 +0700] "GET /api/v1/movies/coming-soon?size=12 HTTP/1.1" 200 3245 33966
0:0:0:0:0:0:0:1 - - [19/Nov/2025:19:48:09 +0700] "GET /api/v1/movies/top-rated?size=10 HTTP/1.1" 200 5702 41192
0:0:0:0:0:0:0:1 - - [19/Nov/2025:19:48:09 +0700] "GET /api/v1/movies/now-showing?size=12 HTTP/1.1" 200 6159 43982
0:0:0:0:0:0:0:1 - - [19/Nov/2025:19:48:09 +0700] "GET /api/v1/movies/coming-soon?size=12 HTTP/1.1" 200 3245 20919
0:0:0:0:0:0:0:1 - - [19/Nov/2025:19:48:09 +0700] "GET /api/v1/movies?size=20 HTTP/1.1" 200 10046 57541
0:0:0:0:0:0:0:1 - - [19/Nov/2025:19:48:09 +0700] "GET /api/v1/movies/top-rated?size=10 HTTP/1.1" 200 5702 26703
0:0:0:0:0:0:0:1 - - [19/Nov/2025:19:48:09 +0700] "GET /api/v1/movies/now-showing?size=12 HTTP/1.1" 200 6159 28052
0:0:0:0:0:0:0:1 - - [19/Nov/2025:19:48:09 +0700] "GET /api/v1/movies?size=20 HTTP/1.1" 200 10046 33593
0:0:0:0:0:0:0:1 - - [19/Nov/2025:19:48:13 +0700] "OPTIONS /api/v1/movies/42 HTTP/1.1" 200 - 918
0:0:0:0:0:0:0:1 - - [19/Nov/2025:19:48:13 +0700] "OPTIONS /api/v1/movies/42 HTTP/1.1" 200 - 947
0:0:0:0:0:0:0:1 - - [19/Nov/2025:19:48:13 +0700] "GET /api/v1/movies/42 HTTP/1.1" 200 864 17757
0:0:0:0:0:0:0:1 - - [19/Nov/2025:19:48:13 +0700] "GET /api/v1/movies/42 HTTP/1.1" 200 864 13448
0:0:0:0:0:0:0:1 - - [19/Nov/2025:19:48:13 +0700] "OPTIONS /api/v1/showtime?movieId=42 HTTP/1.1" 200 - 487
0:0:0:0:0:0:0:1 - - [19/Nov/2025:19:48:13 +0700] "GET /api/v1/showtime?movieId=42 HTTP/1.1" 200 1306 34780
0:0:0:0:0:0:0:1 - - [19/Nov/2025:19:48:13 +0700] "GET /api/v1/showtime?movieId=42 HTTP/1.1" 200 1306 31183
0:0:0:0:0:0:0:1 - - [19/Nov/2025:19:49:35 +0700] "OPTIONS /api/v1/movies/42 HTTP/1.1" 200 - 1098
0:0:0:0:0:0:0:1 - - [19/Nov/2025:19:49:35 +0700] "OPTIONS /api/v1/movies/42 HTTP/1.1" 200 - 1492
0:0:0:0:0:0:0:1 - - [19/Nov/2025:19:49:35 +0700] "GET /api/v1/movies/42 HTTP/1.1" 200 864 16960
0:0:0:0:0:0:0:1 - - [19/Nov/2025:19:49:35 +0700] "GET /api/v1/movies/42 HTTP/1.1" 200 864 12768
0:0:0:0:0:0:0:1 - - [19/Nov/2025:19:49:35 +0700] "OPTIONS /api/v1/showtime?movieId=42 HTTP/1.1" 200 - 1315
0:0:0:0:0:0:0:1 - - [19/Nov/2025:19:49:35 +0700] "GET /api/v1/showtime?movieId=42 HTTP/1.1" 200 1306 37129
0:0:0:0:0:0:0:1 - - [19/Nov/2025:19:49:35 +0700] "GET /api/v1/showtime?movieId=42 HTTP/1.1" 200 1306 48394
0:0:0:0:0:0:0:1 - - [19/Nov/2025:19:52:02 +0700] "OPTIONS /api/v1/movies?size=20 HTTP/1.1" 200 - 855
0:0:0:0:0:0:0:1 - - [19/Nov/2025:19:52:02 +0700] "OPTIONS /api/v1/movies/now-showing?size=12 HTTP/1.1" 200 - 633
0:0:0:0:0:0:0:1 - - [19/Nov/2025:19:52:02 +0700] "OPTIONS /api/v1/movies/coming-soon?size=12 HTTP/1.1" 200 - 654
0:0:0:0:0:0:0:1 - - [19/Nov/2025:19:52:02 +0700] "OPTIONS /api/v1/movies/top-rated?size=10 HTTP/1.1" 200 - 515
0:0:0:0:0:0:0:1 - - [19/Nov/2025:19:52:02 +0700] "OPTIONS /api/v1/movies?size=20 HTTP/1.1" 200 - 511
0:0:0:0:0:0:0:1 - - [19/Nov/2025:19:52:02 +0700] "OPTIONS /api/v1/movies/coming-soon?size=12 HTTP/1.1" 200 - 500
0:0:0:0:0:0:0:1 - - [19/Nov/2025:19:52:02 +0700] "OPTIONS /api/v1/movies/top-rated?size=10 HTTP/1.1" 200 - 724
0:0:0:0:0:0:0:1 - - [19/Nov/2025:19:52:02 +0700] "OPTIONS /api/v1/movies/now-showing?size=12 HTTP/1.1" 200 - 754
0:0:0:0:0:0:0:1 - - [19/Nov/2025:19:52:02 +0700] "GET /api/v1/movies/coming-soon?size=12 HTTP/1.1" 200 3245 22476
0:0:0:0:0:0:0:1 - - [19/Nov/2025:19:52:02 +0700] "GET /api/v1/movies/top-rated?size=10 HTTP/1.1" 200 5702 42845
0:0:0:0:0:0:0:1 - - [19/Nov/2025:19:52:02 +0700] "GET /api/v1/movies/now-showing?size=12 HTTP/1.1" 200 6159 46930
0:0:0:0:0:0:0:1 - - [19/Nov/2025:19:52:02 +0700] "GET /api/v1/movies/coming-soon?size=12 HTTP/1.1" 200 3245 26275
0:0:0:0:0:0:0:1 - - [19/Nov/2025:19:52:02 +0700] "GET /api/v1/movies?size=20 HTTP/1.1" 200 10046 59152
0:0:0:0:0:0:0:1 - - [19/Nov/2025:19:52:02 +0700] "GET /api/v1/movies/top-rated?size=10 HTTP/1.1" 200 5702 26354
0:0:0:0:0:0:0:1 - - [19/Nov/2025:19:52:02 +0700] "GET /api/v1/movies/now-showing?size=12 HTTP/1.1" 200 6159 26091
0:0:0:0:0:0:0:1 - - [19/Nov/2025:19:52:02 +0700] "GET /api/v1/movies?size=20 HTTP/1.1" 200 10046 36125
0:0:0:0:0:0:0:1 - - [19/Nov/2025:19:52:05 +0700] "OPTIONS /api/v1/movies/43 HTTP/1.1" 200 - 812
0:0:0:0:0:0:0:1 - - [19/Nov/2025:19:52:05 +0700] "OPTIONS /api/v1/movies/43 HTTP/1.1" 200 - 513
0:0:0:0:0:0:0:1 - - [19/Nov/2025:19:52:05 +0700] "GET /api/v1/movies/43 HTTP/1.1" 200 849 14230
0:0:0:0:0:0:0:1 - - [19/Nov/2025:19:52:05 +0700] "GET /api/v1/movies/43 HTTP/1.1" 200 849 13269
0:0:0:0:0:0:0:1 - - [19/Nov/2025:19:52:05 +0700] "OPTIONS /api/v1/showtime?movieId=43 HTTP/1.1" 200 - 844
0:0:0:0:0:0:0:1 - - [19/Nov/2025:19:52:05 +0700] "GET /api/v1/showtime?movieId=43 HTTP/1.1" 200 1306 35376
0:0:0:0:0:0:0:1 - - [19/Nov/2025:19:52:05 +0700] "GET /api/v1/showtime?movieId=43 HTTP/1.1" 200 1306 40516
0:0:0:0:0:0:0:1 - - [19/Nov/2025:19:52:11 +0700] "OPTIONS /api/v1/movies/now-showing?size=12 HTTP/1.1" 200 - 780
0:0:0:0:0:0:0:1 - - [19/Nov/2025:19:52:11 +0700] "OPTIONS /api/v1/movies/coming-soon?size=12 HTTP/1.1" 200 - 825
0:0:0:0:0:0:0:1 - - [19/Nov/2025:19:52:11 +0700] "OPTIONS /api/v1/movies/top-rated?size=10 HTTP/1.1" 200 - 1080
0:0:0:0:0:0:0:1 - - [19/Nov/2025:19:52:11 +0700] "OPTIONS /api/v1/movies?size=20 HTTP/1.1" 200 - 1323
0:0:0:0:0:0:0:1 - - [19/Nov/2025:19:52:11 +0700] "OPTIONS /api/v1/movies/coming-soon?size=12 HTTP/1.1" 200 - 637
0:0:0:0:0:0:0:1 - - [19/Nov/2025:19:52:11 +0700] "OPTIONS /api/v1/movies?size=20 HTTP/1.1" 200 - 1043
0:0:0:0:0:0:0:1 - - [19/Nov/2025:19:52:11 +0700] "OPTIONS /api/v1/movies/top-rated?size=10 HTTP/1.1" 200 - 518
0:0:0:0:0:0:0:1 - - [19/Nov/2025:19:52:11 +0700] "OPTIONS /api/v1/movies/now-showing?size=12 HTTP/1.1" 200 - 619
0:0:0:0:0:0:0:1 - - [19/Nov/2025:19:52:11 +0700] "GET /api/v1/movies/coming-soon?size=12 HTTP/1.1" 200 3245 25879
0:0:0:0:0:0:0:1 - - [19/Nov/2025:19:52:11 +0700] "GET /api/v1/movies/top-rated?size=10 HTTP/1.1" 200 5702 37540
0:0:0:0:0:0:0:1 - - [19/Nov/2025:19:52:11 +0700] "GET /api/v1/movies/now-showing?size=12 HTTP/1.1" 200 6159 39833
0:0:0:0:0:0:0:1 - - [19/Nov/2025:19:52:11 +0700] "GET /api/v1/movies/coming-soon?size=12 HTTP/1.1" 200 3245 22734
0:0:0:0:0:0:0:1 - - [19/Nov/2025:19:52:11 +0700] "GET /api/v1/movies?size=20 HTTP/1.1" 200 10046 54398
0:0:0:0:0:0:0:1 - - [19/Nov/2025:19:52:11 +0700] "GET /api/v1/movies/top-rated?size=10 HTTP/1.1" 200 5702 29883
0:0:0:0:0:0:0:1 - - [19/Nov/2025:19:52:11 +0700] "GET /api/v1/movies/now-showing?size=12 HTTP/1.1" 200 6159 32983
0:0:0:0:0:0:0:1 - - [19/Nov/2025:19:52:11 +0700] "GET /api/v1/movies?size=20 HTTP/1.1" 200 10046 38734
0:0:0:0:0:0:0:1 - - [19/Nov/2025:19:52:13 +0700] "OPTIONS /api/v1/movies/45 HTTP/1.1" 200 - 875
0:0:0:0:0:0:0:1 - - [19/Nov/2025:19:52:13 +0700] "OPTIONS /api/v1/movies/45 HTTP/1.1" 200 - 809
0:0:0:0:0:0:0:1 - - [19/Nov/2025:19:52:13 +0700] "GET /api/v1/movies/45 HTTP/1.1" 200 886 14680
0:0:0:0:0:0:0:1 - - [19/Nov/2025:19:52:13 +0700] "GET /api/v1/movies/45 HTTP/1.1" 200 886 15478
0:0:0:0:0:0:0:1 - - [19/Nov/2025:19:52:13 +0700] "OPTIONS /api/v1/showtime?movieId=45 HTTP/1.1" 200 - 598
0:0:0:0:0:0:0:1 - - [19/Nov/2025:19:52:13 +0700] "GET /api/v1/showtime?movieId=45 HTTP/1.1" 200 1306 48872
0:0:0:0:0:0:0:1 - - [19/Nov/2025:19:52:14 +0700] "GET /api/v1/showtime?movieId=45 HTTP/1.1" 200 1306 49454
0:0:0:0:0:0:0:1 - - [19/Nov/2025:20:05:33 +0700] "GET /api/v1/cinema-clusters/all HTTP/1.1" 200 2823 9630
0:0:0:0:0:0:0:1 - - [19/Nov/2025:20:05:33 +0700] "GET /api/v1/movies/45 HTTP/1.1" 200 886 11713
0:0:0:0:0:0:0:1 - - [19/Nov/2025:20:05:34 +0700] "GET /api/v1/showtime?movieId=45 HTTP/1.1" 200 1306 30740
0:0:0:0:0:0:0:1 - - [19/Nov/2025:20:09:06 +0700] "OPTIONS /api/v1/cinema-clusters/all HTTP/1.1" 200 - 889
0:0:0:0:0:0:0:1 - - [19/Nov/2025:20:09:06 +0700] "OPTIONS /api/v1/cinema-clusters/all HTTP/1.1" 200 - 845
0:0:0:0:0:0:0:1 - - [19/Nov/2025:20:09:06 +0700] "OPTIONS /api/v1/auth/verify HTTP/1.1" 200 - 1576
0:0:0:0:0:0:0:1 - - [19/Nov/2025:20:09:06 +0700] "GET /api/v1/cinema-clusters/all HTTP/1.1" 200 2823 27793
0:0:0:0:0:0:0:1 - - [19/Nov/2025:20:09:06 +0700] "GET /api/v1/auth/verify HTTP/1.1" 200 262 33292
0:0:0:0:0:0:0:1 - - [19/Nov/2025:20:09:06 +0700] "GET /api/v1/cinema-clusters/all HTTP/1.1" 200 2823 28458
0:0:0:0:0:0:0:1 - - [19/Nov/2025:20:09:06 +0700] "OPTIONS /api/v1/movies?page=0&size=12&sort=id,desc HTTP/1.1" 200 - 1412
0:0:0:0:0:0:0:1 - - [19/Nov/2025:20:09:06 +0700] "OPTIONS /api/v1/movies?page=0&size=12&sort=id,desc HTTP/1.1" 200 - 1470
0:0:0:0:0:0:0:1 - - [19/Nov/2025:20:09:06 +0700] "GET /api/v1/movies?page=0&size=12&sort=id,desc HTTP/1.1" 200 6427 78516
0:0:0:0:0:0:0:1 - - [19/Nov/2025:20:09:07 +0700] "GET /api/v1/movies?page=0&size=12&sort=id,desc HTTP/1.1" 200 6427 59848
0:0:0:0:0:0:0:1 - - [19/Nov/2025:20:09:11 +0700] "OPTIONS /api/v1/movies/45 HTTP/1.1" 200 - 1158
0:0:0:0:0:0:0:1 - - [19/Nov/2025:20:09:11 +0700] "OPTIONS /api/v1/movies/45 HTTP/1.1" 200 - 909
0:0:0:0:0:0:0:1 - - [19/Nov/2025:20:09:12 +0700] "GET /api/v1/movies/45 HTTP/1.1" 200 886 29817
0:0:0:0:0:0:0:1 - - [19/Nov/2025:20:09:12 +0700] "GET /api/v1/movies/45 HTTP/1.1" 200 886 20139
0:0:0:0:0:0:0:1 - - [19/Nov/2025:20:09:12 +0700] "OPTIONS /api/v1/showtime?movieId=45 HTTP/1.1" 200 - 627
0:0:0:0:0:0:0:1 - - [19/Nov/2025:20:09:12 +0700] "GET /api/v1/showtime?movieId=45 HTTP/1.1" 200 1306 64880
0:0:0:0:0:0:0:1 - - [19/Nov/2025:20:09:12 +0700] "GET /api/v1/showtime?movieId=45 HTTP/1.1" 200 1306 81787
0:0:0:0:0:0:0:1 - - [19/Nov/2025:20:44:11 +0700] "OPTIONS /api/v1/movies?size=20 HTTP/1.1" 200 - 7943
0:0:0:0:0:0:0:1 - - [19/Nov/2025:20:44:11 +0700] "OPTIONS /api/v1/movies/now-showing?size=12 HTTP/1.1" 200 - 8636
0:0:0:0:0:0:0:1 - - [19/Nov/2025:20:44:11 +0700] "OPTIONS /api/v1/movies/coming-soon?size=12 HTTP/1.1" 200 - 7726
0:0:0:0:0:0:0:1 - - [19/Nov/2025:20:44:11 +0700] "OPTIONS /api/v1/movies?size=20 HTTP/1.1" 200 - 8686
0:0:0:0:0:0:0:1 - - [19/Nov/2025:20:44:11 +0700] "OPTIONS /api/v1/movies/coming-soon?size=12 HTTP/1.1" 200 - 8879
0:0:0:0:0:0:0:1 - - [19/Nov/2025:20:44:11 +0700] "OPTIONS /api/v1/movies/top-rated?size=10 HTTP/1.1" 200 - 8761
0:0:0:0:0:0:0:1 - - [19/Nov/2025:20:44:11 +0700] "OPTIONS /api/v1/movies/now-showing?size=12 HTTP/1.1" 200 - 1069
0:0:0:0:0:0:0:1 - - [19/Nov/2025:20:44:11 +0700] "OPTIONS /api/v1/movies/top-rated?size=10 HTTP/1.1" 200 - 1379
0:0:0:0:0:0:0:1 - - [19/Nov/2025:20:44:11 +0700] "GET /api/v1/movies/coming-soon?size=12 HTTP/1.1" 200 3245 97049
0:0:0:0:0:0:0:1 - - [19/Nov/2025:20:44:11 +0700] "GET /api/v1/movies/top-rated?size=10 HTTP/1.1" 200 5702 104096
0:0:0:0:0:0:0:1 - - [19/Nov/2025:20:44:11 +0700] "GET /api/v1/movies/now-showing?size=12 HTTP/1.1" 200 6159 108207
0:0:0:0:0:0:0:1 - - [19/Nov/2025:20:44:11 +0700] "GET /api/v1/movies?size=20 HTTP/1.1" 200 10046 118826
0:0:0:0:0:0:0:1 - - [19/Nov/2025:20:44:11 +0700] "GET /api/v1/movies/coming-soon?size=12 HTTP/1.1" 200 3245 27716
0:0:0:0:0:0:0:1 - - [19/Nov/2025:20:44:11 +0700] "GET /api/v1/movies/top-rated?size=10 HTTP/1.1" 200 5702 33053
0:0:0:0:0:0:0:1 - - [19/Nov/2025:20:44:11 +0700] "GET /api/v1/movies/now-showing?size=12 HTTP/1.1" 200 6159 37432
0:0:0:0:0:0:0:1 - - [19/Nov/2025:20:44:11 +0700] "GET /api/v1/movies?size=20 HTTP/1.1" 200 10046 50158
0:0:0:0:0:0:0:1 - - [19/Nov/2025:20:45:15 +0700] "OPTIONS /api/v1/movies?size=20 HTTP/1.1" 200 - 1001
0:0:0:0:0:0:0:1 - - [19/Nov/2025:20:45:15 +0700] "OPTIONS /api/v1/movies/coming-soon?size=12 HTTP/1.1" 200 - 1867
0:0:0:0:0:0:0:1 - - [19/Nov/2025:20:45:15 +0700] "OPTIONS /api/v1/movies/now-showing?size=12 HTTP/1.1" 200 - 1006
0:0:0:0:0:0:0:1 - - [19/Nov/2025:20:45:15 +0700] "OPTIONS /api/v1/movies/now-showing?size=12 HTTP/1.1" 200 - 1050
0:0:0:0:0:0:0:1 - - [19/Nov/2025:20:45:15 +0700] "OPTIONS /api/v1/movies/top-rated?size=10 HTTP/1.1" 200 - 1877
0:0:0:0:0:0:0:1 - - [19/Nov/2025:20:45:15 +0700] "OPTIONS /api/v1/movies?size=20 HTTP/1.1" 200 - 1809
0:0:0:0:0:0:0:1 - - [19/Nov/2025:20:45:15 +0700] "OPTIONS /api/v1/movies/coming-soon?size=12 HTTP/1.1" 200 - 1637
0:0:0:0:0:0:0:1 - - [19/Nov/2025:20:45:15 +0700] "OPTIONS /api/v1/movies/top-rated?size=10 HTTP/1.1" 200 - 965
0:0:0:0:0:0:0:1 - - [19/Nov/2025:20:45:15 +0700] "GET /api/v1/movies/top-rated?size=10 HTTP/1.1" 200 5702 35906
0:0:0:0:0:0:0:1 - - [19/Nov/2025:20:45:15 +0700] "GET /api/v1/movies/coming-soon?size=12 HTTP/1.1" 200 3245 38097
0:0:0:0:0:0:0:1 - - [19/Nov/2025:20:45:16 +0700] "GET /api/v1/movies/now-showing?size=12 HTTP/1.1" 200 6159 41848
0:0:0:0:0:0:0:1 - - [19/Nov/2025:20:45:16 +0700] "GET /api/v1/movies?size=20 HTTP/1.1" 200 10046 53647
0:0:0:0:0:0:0:1 - - [19/Nov/2025:20:45:16 +0700] "GET /api/v1/movies/coming-soon?size=12 HTTP/1.1" 200 3245 23333
0:0:0:0:0:0:0:1 - - [19/Nov/2025:20:45:16 +0700] "GET /api/v1/movies/top-rated?size=10 HTTP/1.1" 200 5702 28981
0:0:0:0:0:0:0:1 - - [19/Nov/2025:20:45:16 +0700] "GET /api/v1/movies/now-showing?size=12 HTTP/1.1" 200 6159 33866
0:0:0:0:0:0:0:1 - - [19/Nov/2025:20:45:16 +0700] "GET /api/v1/movies?size=20 HTTP/1.1" 200 10046 45197
0:0:0:0:0:0:0:1 - - [19/Nov/2025:20:45:16 +0700] "OPTIONS /api/v1/movies?page=0&size=12&sort=id,desc HTTP/1.1" 200 - 831
0:0:0:0:0:0:0:1 - - [19/Nov/2025:20:45:16 +0700] "OPTIONS /api/v1/movies?page=0&size=12&sort=id,desc HTTP/1.1" 200 - 659
0:0:0:0:0:0:0:1 - - [19/Nov/2025:20:45:16 +0700] "GET /api/v1/movies?page=0&size=12&sort=id,desc HTTP/1.1" 200 6427 39649
0:0:0:0:0:0:0:1 - - [19/Nov/2025:20:45:16 +0700] "GET /api/v1/movies?page=0&size=12&sort=id,desc HTTP/1.1" 200 6427 31969
0:0:0:0:0:0:0:1 - - [19/Nov/2025:20:45:28 +0700] "OPTIONS /api/v1/cities/active HTTP/1.1" 200 - 585
0:0:0:0:0:0:0:1 - - [19/Nov/2025:20:45:28 +0700] "OPTIONS /api/v1/cities/active HTTP/1.1" 200 - 613
0:0:0:0:0:0:0:1 - - [19/Nov/2025:20:45:28 +0700] "GET /api/v1/cities/active HTTP/1.1" 200 1029 190230
0:0:0:0:0:0:0:1 - - [19/Nov/2025:20:45:28 +0700] "OPTIONS /api/v1/cinema-clusters/all HTTP/1.1" 200 - 541
0:0:0:0:0:0:0:1 - - [19/Nov/2025:20:45:28 +0700] "GET /api/v1/cities/active HTTP/1.1" 200 1029 13261
0:0:0:0:0:0:0:1 - - [19/Nov/2025:20:45:28 +0700] "GET /api/v1/cinema-clusters/all HTTP/1.1" 200 2823 15997
0:0:0:0:0:0:0:1 - - [19/Nov/2025:20:45:28 +0700] "OPTIONS /api/v1/cinemas?cityId=1&page=0&size=20 HTTP/1.1" 200 - 846
0:0:0:0:0:0:0:1 - - [19/Nov/2025:20:45:28 +0700] "OPTIONS /api/v1/cinemas?cityId=1&page=0&size=20 HTTP/1.1" 200 - 579
0:0:0:0:0:0:0:1 - - [19/Nov/2025:20:45:28 +0700] "GET /api/v1/cinema-clusters/all HTTP/1.1" 200 2822 30970
0:0:0:0:0:0:0:1 - - [19/Nov/2025:20:45:28 +0700] "GET /api/v1/cinemas?cityId=1&page=0&size=20 HTTP/1.1" 200 5903 114158
0:0:0:0:0:0:0:1 - - [19/Nov/2025:20:45:28 +0700] "OPTIONS /api/v1/showtime?date=2025-11-19&cinemaId=1 HTTP/1.1" 200 - 1263
0:0:0:0:0:0:0:1 - - [19/Nov/2025:20:45:28 +0700] "OPTIONS /api/v1/showtime?date=2025-11-19&cinemaId=1 HTTP/1.1" 200 - 558
0:0:0:0:0:0:0:1 - - [19/Nov/2025:20:45:28 +0700] "GET /api/v1/showtime?date=2025-11-19&cinemaId=1 HTTP/1.1" 200 1306 34214
0:0:0:0:0:0:0:1 - - [19/Nov/2025:20:45:28 +0700] "GET /api/v1/cinemas?cityId=1&page=0&size=20 HTTP/1.1" 200 5903 54654
0:0:0:0:0:0:0:1 - - [19/Nov/2025:20:45:28 +0700] "GET /api/v1/showtime?date=2025-11-19&cinemaId=1 HTTP/1.1" 200 1306 30317
0:0:0:0:0:0:0:1 - - [19/Nov/2025:20:45:29 +0700] "GET /api/v1/showtime?date=2025-11-19&cinemaId=1 HTTP/1.1" 200 1306 31249
0:0:0:0:0:0:0:1 - - [19/Nov/2025:20:45:29 +0700] "GET /api/v1/cinemas?cityId=1&page=0&size=20 HTTP/1.1" 200 5903 59209
0:0:0:0:0:0:0:1 - - [19/Nov/2025:20:45:29 +0700] "GET /api/v1/showtime?date=2025-11-19&cinemaId=1 HTTP/1.1" 200 1306 36808
0:0:0:0:0:0:0:1 - - [19/Nov/2025:22:03:27 +0700] "OPTIONS /api/v1/auth/refresh HTTP/1.1" 200 - 11370
0:0:0:0:0:0:0:1 - - [19/Nov/2025:22:03:27 +0700] "POST /api/v1/auth/refresh HTTP/1.1" 500 130 67871
0:0:0:0:0:0:0:1 - - [19/Nov/2025:22:03:45 +0700] "GET /api/v1/cinemas/1 HTTP/1.1" 200 389 96110
0:0:0:0:0:0:0:1 - - [19/Nov/2025:22:03:45 +0700] "GET /api/v1/cinemas/1 HTTP/1.1" 200 391 16997
0:0:0:0:0:0:0:1 - - [19/Nov/2025:22:03:56 +0700] "GET /api/v1/movies/coming-soon?size=12 HTTP/1.1" 200 3245 38312
0:0:0:0:0:0:0:1 - - [19/Nov/2025:22:03:56 +0700] "GET /api/v1/movies/top-rated?size=10 HTTP/1.1" 200 5702 47830
0:0:0:0:0:0:0:1 - - [19/Nov/2025:22:03:56 +0700] "GET /api/v1/movies/now-showing?size=12 HTTP/1.1" 200 6159 50217
0:0:0:0:0:0:0:1 - - [19/Nov/2025:22:03:56 +0700] "GET /api/v1/movies/coming-soon?size=12 HTTP/1.1" 200 3245 15532
0:0:0:0:0:0:0:1 - - [19/Nov/2025:22:03:56 +0700] "GET /api/v1/movies?size=20 HTTP/1.1" 200 10046 63645
0:0:0:0:0:0:0:1 - - [19/Nov/2025:22:03:56 +0700] "GET /api/v1/movies/top-rated?size=10 HTTP/1.1" 200 5702 23923
0:0:0:0:0:0:0:1 - - [19/Nov/2025:22:03:56 +0700] "GET /api/v1/movies/now-showing?size=12 HTTP/1.1" 200 6159 27499
0:0:0:0:0:0:0:1 - - [19/Nov/2025:22:03:56 +0700] "GET /api/v1/movies?size=20 HTTP/1.1" 200 10046 33826
0:0:0:0:0:0:0:1 - - [19/Nov/2025:22:04:00 +0700] "GET /api/v1/cinemas/1 HTTP/1.1" 200 391 16556
0:0:0:0:0:0:0:1 - - [19/Nov/2025:22:04:00 +0700] "GET /api/v1/cinemas/1 HTTP/1.1" 200 391 13422
0:0:0:0:0:0:0:1 - - [19/Nov/2025:22:31:20 +0700] "GET /api/v1/cinemas/1 HTTP/1.1" 200 391 42967
0:0:0:0:0:0:0:1 - - [19/Nov/2025:22:31:20 +0700] "GET /api/v1/cinemas/1 HTTP/1.1" 200 391 10550
0:0:0:0:0:0:0:1 - - [19/Nov/2025:22:31:20 +0700] "GET /api/v1/cinemas/1 HTTP/1.1" 200 391 10070
0:0:0:0:0:0:0:1 - - [19/Nov/2025:22:31:21 +0700] "GET /api/v1/cinemas/1 HTTP/1.1" 200 391 14173
0:0:0:0:0:0:0:1 - - [19/Nov/2025:22:31:21 +0700] "GET /api/v1/cinemas/1 HTTP/1.1" 200 391 10757
0:0:0:0:0:0:0:1 - - [19/Nov/2025:22:31:21 +0700] "GET /api/v1/cinemas/1 HTTP/1.1" 200 389 13199
0:0:0:0:0:0:0:1 - - [19/Nov/2025:23:21:24 +0700] "GET /api/v1/cinemas/1 HTTP/1.1" 200 391 45108
0:0:0:0:0:0:0:1 - - [19/Nov/2025:23:21:24 +0700] "GET /api/v1/cinemas/1 HTTP/1.1" 200 391 10712
0:0:0:0:0:0:0:1 - - [19/Nov/2025:23:21:24 +0700] "GET /api/v1/cinemas/1 HTTP/1.1" 200 391 11747
0:0:0:0:0:0:0:1 - - [19/Nov/2025:23:52:17 +0700] "GET /api/v1/movies?page=0&size=12&sort=id,desc HTTP/1.1" 200 6427 64693
0:0:0:0:0:0:0:1 - - [19/Nov/2025:23:52:17 +0700] "GET /api/v1/movies?page=0&size=12&sort=id,desc HTTP/1.1" 200 6427 24117
0:0:0:0:0:0:0:1 - - [19/Nov/2025:23:52:18 +0700] "GET /api/v1/cities/active HTTP/1.1" 200 1029 19839
0:0:0:0:0:0:0:1 - - [19/Nov/2025:23:52:18 +0700] "GET /api/v1/cities/active HTTP/1.1" 200 1029 4756
0:0:0:0:0:0:0:1 - - [19/Nov/2025:23:52:18 +0700] "GET /api/v1/cinema-clusters/all HTTP/1.1" 200 2822 13404
0:0:0:0:0:0:0:1 - - [19/Nov/2025:23:52:18 +0700] "GET /api/v1/cinema-clusters/all HTTP/1.1" 200 2823 5024
0:0:0:0:0:0:0:1 - - [19/Nov/2025:23:52:18 +0700] "GET /api/v1/cinemas?cityId=1&page=0&size=20 HTTP/1.1" 200 5903 64614
0:0:0:0:0:0:0:1 - - [19/Nov/2025:23:52:18 +0700] "GET /api/v1/showtime?date=2025-11-19&cinemaId=1 HTTP/1.1" 200 1306 38923
0:0:0:0:0:0:0:1 - - [19/Nov/2025:23:52:18 +0700] "GET /api/v1/cinemas?cityId=1&page=0&size=20 HTTP/1.1" 200 5903 42104
0:0:0:0:0:0:0:1 - - [19/Nov/2025:23:52:19 +0700] "GET /api/v1/showtime?date=2025-11-19&cinemaId=1 HTTP/1.1" 200 1306 24276
0:0:0:0:0:0:0:1 - - [19/Nov/2025:23:52:19 +0700] "GET /api/v1/showtime?date=2025-11-19&cinemaId=1 HTTP/1.1" 200 1306 24970
0:0:0:0:0:0:0:1 - - [19/Nov/2025:23:52:19 +0700] "GET /api/v1/cinemas?cityId=1&page=0&size=20 HTTP/1.1" 200 5903 55880
0:0:0:0:0:0:0:1 - - [19/Nov/2025:23:52:19 +0700] "GET /api/v1/showtime?date=2025-11-19&cinemaId=1 HTTP/1.1" 200 1305 31208
