0:0:0:0:0:0:0:1 - - [07/Oct/2025:00:19:02 +0700] "GET /api/v1/movies HTTP/1.1" 200 7054 510184
0:0:0:0:0:0:0:1 - - [07/Oct/2025:00:19:03 +0700] "GET /api/v1/movies HTTP/1.1" 200 7054 102743
0:0:0:0:0:0:0:1 - - [07/Oct/2025:00:32:20 +0700] "GET /api/v1/movies HTTP/1.1" 200 7054 77549
0:0:0:0:0:0:0:1 - - [07/Oct/2025:00:32:20 +0700] "GET /api/v1/movies HTTP/1.1" 200 7054 57771
0:0:0:0:0:0:0:1 - - [07/Oct/2025:11:18:11 +0700] "GET /swagger-ui/index.html HTTP/1.1" 200 734 175851
0:0:0:0:0:0:0:1 - - [07/Oct/2025:11:18:11 +0700] "GET /swagger-ui/index.css HTTP/1.1" 200 202 13784
0:0:0:0:0:0:0:1 - - [07/Oct/2025:11:18:11 +0700] "GET /swagger-ui/swagger-ui.css HTTP/1.1" 200 154986 23595
0:0:0:0:0:0:0:1 - - [07/Oct/2025:11:18:11 +0700] "GET /swagger-ui/swagger-ui-standalone-preset.js HTTP/1.1" 200 229223 23250
0:0:0:0:0:0:0:1 - - [07/Oct/2025:11:18:12 +0700] "GET /swagger-ui/swagger-ui-bundle.js HTTP/1.1" 200 1468326 43055
0:0:0:0:0:0:0:1 - - [07/Oct/2025:11:18:12 +0700] "GET /swagger-ui/swagger-initializer.js HTTP/1.1" 200 612 58648
0:0:0:0:0:0:0:1 - - [07/Oct/2025:11:18:12 +0700] "GET /swagger-ui/favicon-32x32.png HTTP/1.1" 200 628 7459
0:0:0:0:0:0:0:1 - - [07/Oct/2025:11:18:12 +0700] "GET /api-docs/swagger-config HTTP/1.1" 200 163 71446
0:0:0:0:0:0:0:1 - - [07/Oct/2025:11:18:14 +0700] "GET /api-docs HTTP/1.1" 200 95329 2655433
0:0:0:0:0:0:0:1 - - [07/Oct/2025:11:20:28 +0700] "GET /swagger-ui/index.html HTTP/1.1" 200 734 182188
0:0:0:0:0:0:0:1 - - [07/Oct/2025:11:20:29 +0700] "GET /swagger-ui/index.css HTTP/1.1" 200 202 6851
0:0:0:0:0:0:0:1 - - [07/Oct/2025:11:20:29 +0700] "GET /swagger-ui/swagger-ui.css HTTP/1.1" 200 154986 10620
0:0:0:0:0:0:0:1 - - [07/Oct/2025:11:20:29 +0700] "GET /swagger-ui/swagger-ui-standalone-preset.js HTTP/1.1" 200 229223 12513
0:0:0:0:0:0:0:1 - - [07/Oct/2025:11:20:29 +0700] "GET /swagger-ui/swagger-ui-bundle.js HTTP/1.1" 200 1468326 32064
0:0:0:0:0:0:0:1 - - [07/Oct/2025:11:20:29 +0700] "GET /swagger-ui/swagger-initializer.js HTTP/1.1" 200 612 55441
0:0:0:0:0:0:0:1 - - [07/Oct/2025:11:20:29 +0700] "GET /swagger-ui/favicon-32x32.png HTTP/1.1" 200 628 12259
0:0:0:0:0:0:0:1 - - [07/Oct/2025:11:20:29 +0700] "GET /api-docs/swagger-config HTTP/1.1" 200 163 69643
0:0:0:0:0:0:0:1 - - [07/Oct/2025:11:20:32 +0700] "GET /api-docs HTTP/1.1" 200 95606 2949144
0:0:0:0:0:0:0:1 - - [07/Oct/2025:11:21:11 +0700] "GET /swagger-ui/index.html HTTP/1.1" 200 734 6794
0:0:0:0:0:0:0:1 - - [07/Oct/2025:11:21:11 +0700] "GET /swagger-ui/swagger-initializer.js HTTP/1.1" 200 612 5731
0:0:0:0:0:0:0:1 - - [07/Oct/2025:11:21:12 +0700] "GET /swagger-ui/index.css HTTP/1.1" 200 202 9756
0:0:0:0:0:0:0:1 - - [07/Oct/2025:11:21:12 +0700] "GET /swagger-ui/swagger-ui.css HTTP/1.1" 200 154986 11354
0:0:0:0:0:0:0:1 - - [07/Oct/2025:11:21:12 +0700] "GET /swagger-ui/swagger-ui-standalone-preset.js HTTP/1.1" 200 229223 11217
0:0:0:0:0:0:0:1 - - [07/Oct/2025:11:21:12 +0700] "GET /swagger-ui/swagger-ui-bundle.js HTTP/1.1" 200 1468326 25817
0:0:0:0:0:0:0:1 - - [07/Oct/2025:11:21:12 +0700] "GET /api-docs/swagger-config HTTP/1.1" 200 163 3289
0:0:0:0:0:0:0:1 - - [07/Oct/2025:11:21:12 +0700] "GET /swagger-ui/favicon-32x32.png HTTP/1.1" 200 628 4998
0:0:0:0:0:0:0:1 - - [07/Oct/2025:11:21:12 +0700] "GET /api-docs HTTP/1.1" 200 95606 26444
0:0:0:0:0:0:0:1 - - [07/Oct/2025:11:23:50 +0700] "POST /api/v1/rooms/cinema/1 HTTP/1.1" 201 173 200557
0:0:0:0:0:0:0:1 - - [07/Oct/2025:11:34:36 +0700] "POST /api/v1/rooms/cinema/1 HTTP/1.1" 201 173 191500
0:0:0:0:0:0:0:1 - - [07/Oct/2025:12:49:18 +0700] "GET /api/v1/seats/room/2 HTTP/1.1" 200 4448 182811
0:0:0:0:0:0:0:1 - - [07/Oct/2025:12:50:41 +0700] "GET /api/v1/seats/room/2 HTTP/1.1" 200 4728 146606
0:0:0:0:0:0:0:1 - - [07/Oct/2025:13:06:42 +0700] "GET /api/v1/movies/coming-soon?page=0&size=10 HTTP/1.1" 200 1539 116326
0:0:0:0:0:0:0:1 - - [07/Oct/2025:13:08:39 +0700] "GET /api/v1/movies/coming-soon?page=0&size=10 HTTP/1.1" 200 1838 166004
0:0:0:0:0:0:0:1 - - [07/Oct/2025:13:09:12 +0700] "GET /api/v1/movies/top-rated?page=0&size=10 HTTP/1.1" 200 5079 56173
0:0:0:0:0:0:0:1 - - [07/Oct/2025:13:09:45 +0700] "GET /api/v1/movies/now-showing?page=0&size=10 HTTP/1.1" 200 4352 46910
0:0:0:0:0:0:0:1 - - [07/Oct/2025:22:38:03 +0700] "POST /api/v1/showtimes HTTP/1.1" 500 128 303707
0:0:0:0:0:0:0:1 - - [07/Oct/2025:22:38:20 +0700] "GET /swagger-ui/index.html HTTP/1.1" 200 734 16439
0:0:0:0:0:0:0:1 - - [07/Oct/2025:22:38:20 +0700] "GET /swagger-ui/index.css HTTP/1.1" 200 202 6231
0:0:0:0:0:0:0:1 - - [07/Oct/2025:22:38:20 +0700] "GET /swagger-ui/swagger-ui.css HTTP/1.1" 200 154986 15498
0:0:0:0:0:0:0:1 - - [07/Oct/2025:22:38:20 +0700] "GET /swagger-ui/swagger-ui-standalone-preset.js HTTP/1.1" 200 229223 15791
0:0:0:0:0:0:0:1 - - [07/Oct/2025:22:38:20 +0700] "GET /swagger-ui/swagger-initializer.js HTTP/1.1" 200 612 22897
0:0:0:0:0:0:0:1 - - [07/Oct/2025:22:38:20 +0700] "GET /swagger-ui/swagger-ui-bundle.js HTTP/1.1" 200 1468326 31034
0:0:0:0:0:0:0:1 - - [07/Oct/2025:22:38:21 +0700] "GET /swagger-ui/favicon-32x32.png HTTP/1.1" 200 628 6367
0:0:0:0:0:0:0:1 - - [07/Oct/2025:22:38:21 +0700] "GET /api-docs/swagger-config HTTP/1.1" 200 163 21922
0:0:0:0:0:0:0:1 - - [07/Oct/2025:22:38:22 +0700] "GET /api-docs HTTP/1.1" 200 95253 1194494
0:0:0:0:0:0:0:1 - - [07/Oct/2025:22:38:57 +0700] "POST /api/v1/showtime HTTP/1.1" 400 530 202349
0:0:0:0:0:0:0:1 - - [07/Oct/2025:23:03:56 +0700] "POST /api/v1/showtime HTTP/1.1" 201 335 579363
0:0:0:0:0:0:0:1 - - [07/Oct/2025:23:11:23 +0700] "OPTIONS /api/v1/movies HTTP/1.1" 200 - 6655
0:0:0:0:0:0:0:1 - - [07/Oct/2025:23:11:23 +0700] "OPTIONS /api/v1/movies HTTP/1.1" 200 - 6626
0:0:0:0:0:0:0:1 - - [07/Oct/2025:23:11:24 +0700] "GET /api/v1/movies HTTP/1.1" 200 - 516460
0:0:0:0:0:0:0:1 - - [07/Oct/2025:23:11:24 +0700] "GET /api/v1/movies HTTP/1.1" 200 - 7023
0:0:0:0:0:0:0:1 - - [07/Oct/2025:23:11:42 +0700] "GET /swagger-ui/index.html HTTP/1.1" 200 734 206912
0:0:0:0:0:0:0:1 - - [07/Oct/2025:23:11:42 +0700] "GET /swagger-ui/index.css HTTP/1.1" 200 202 8740
0:0:0:0:0:0:0:1 - - [07/Oct/2025:23:11:42 +0700] "GET /swagger-ui/swagger-ui.css HTTP/1.1" 200 154986 15301
0:0:0:0:0:0:0:1 - - [07/Oct/2025:23:11:42 +0700] "GET /swagger-ui/swagger-ui-standalone-preset.js HTTP/1.1" 200 229223 19200
0:0:0:0:0:0:0:1 - - [07/Oct/2025:23:11:42 +0700] "GET /swagger-ui/swagger-ui-bundle.js HTTP/1.1" 200 1468326 29291
0:0:0:0:0:0:0:1 - - [07/Oct/2025:23:11:42 +0700] "GET /swagger-ui/swagger-initializer.js HTTP/1.1" 200 612 35368
0:0:0:0:0:0:0:1 - - [07/Oct/2025:23:11:42 +0700] "GET /api-docs/swagger-config HTTP/1.1" 200 163 17298
0:0:0:0:0:0:0:1 - - [07/Oct/2025:23:11:44 +0700] "GET /api-docs HTTP/1.1" 200 8192 1454238
0:0:0:0:0:0:0:1 - - [07/Oct/2025:23:11:56 +0700] "OPTIONS /api/v1/auth/login HTTP/1.1" 200 - 2120
0:0:0:0:0:0:0:1 - - [07/Oct/2025:23:11:56 +0700] "POST /api/v1/auth/login HTTP/1.1" 200 877 606097
0:0:0:0:0:0:0:1 - - [07/Oct/2025:23:12:01 +0700] "OPTIONS /api/v1/auth/verify HTTP/1.1" 200 - 1142
0:0:0:0:0:0:0:1 - - [07/Oct/2025:23:12:01 +0700] "OPTIONS /api/v1/movies HTTP/1.1" 200 - 1047
0:0:0:0:0:0:0:1 - - [07/Oct/2025:23:12:01 +0700] "OPTIONS /api/v1/movies HTTP/1.1" 200 - 1012
0:0:0:0:0:0:0:1 - - [07/Oct/2025:23:12:01 +0700] "GET /api/v1/auth/verify HTTP/1.1" 200 - 19796
0:0:0:0:0:0:0:1 - - [07/Oct/2025:23:12:01 +0700] "GET /api/v1/movies HTTP/1.1" 200 - 29505
0:0:0:0:0:0:0:1 - - [07/Oct/2025:23:12:01 +0700] "GET /api/v1/movies HTTP/1.1" 200 - 16755
0:0:0:0:0:0:0:1 - - [07/Oct/2025:23:12:16 +0700] "POST /api/v1/auth/logout HTTP/1.1" 500 130 7609
0:0:0:0:0:0:0:1 - - [07/Oct/2025:23:19:59 +0700] "GET /api/v1/movies HTTP/1.1" 200 9057 164514
0:0:0:0:0:0:0:1 - - [07/Oct/2025:23:19:59 +0700] "GET /api/v1/movies HTTP/1.1" 200 9057 112024
0:0:0:0:0:0:0:1 - - [07/Oct/2025:23:20:04 +0700] "OPTIONS /api/v1/auth/login HTTP/1.1" 200 - 1132
0:0:0:0:0:0:0:1 - - [07/Oct/2025:23:20:04 +0700] "POST /api/v1/auth/login HTTP/1.1" 200 877 124721
0:0:0:0:0:0:0:1 - - [07/Oct/2025:23:20:09 +0700] "POST /api/v1/auth/logout HTTP/1.1" 500 130 5535
0:0:0:0:0:0:0:1 - - [07/Oct/2025:23:27:59 +0700] "GET /api/v1/movies/coming-soon HTTP/1.1" 200 2086 23502
0:0:0:0:0:0:0:1 - - [07/Oct/2025:23:27:59 +0700] "GET /api/v1/movies/coming-soon HTTP/1.1" 200 2086 11949
0:0:0:0:0:0:0:1 - - [07/Oct/2025:23:28:01 +0700] "GET /api/v1/movies/coming-soon HTTP/1.1" 200 2086 41744
0:0:0:0:0:0:0:1 - - [07/Oct/2025:23:28:01 +0700] "GET /api/v1/movies/coming-soon HTTP/1.1" 200 2086 24527
0:0:0:0:0:0:0:1 - - [07/Oct/2025:23:28:15 +0700] "GET /api/v1/movies/coming-soon HTTP/1.1" 200 2086 19507
0:0:0:0:0:0:0:1 - - [07/Oct/2025:23:28:15 +0700] "GET /api/v1/movies/coming-soon HTTP/1.1" 200 2086 17203
0:0:0:0:0:0:0:1 - - [07/Oct/2025:23:28:15 +0700] "GET /api/v1/movies/now-showing HTTP/1.1" 200 4930 43156
0:0:0:0:0:0:0:1 - - [07/Oct/2025:23:28:15 +0700] "GET /api/v1/movies/now-showing HTTP/1.1" 200 4930 23209
0:0:0:0:0:0:0:1 - - [07/Oct/2025:23:28:16 +0700] "GET /api/v1/movies/coming-soon HTTP/1.1" 200 2086 17873
0:0:0:0:0:0:0:1 - - [07/Oct/2025:23:28:16 +0700] "GET /api/v1/movies/coming-soon HTTP/1.1" 200 2086 29430
0:0:0:0:0:0:0:1 - - [07/Oct/2025:23:28:16 +0700] "GET /api/v1/movies/now-showing HTTP/1.1" 200 4930 52863
0:0:0:0:0:0:0:1 - - [07/Oct/2025:23:28:16 +0700] "GET /api/v1/movies/now-showing HTTP/1.1" 200 4930 27088
0:0:0:0:0:0:0:1 - - [07/Oct/2025:23:28:24 +0700] "GET /api/v1/movies/coming-soon HTTP/1.1" 200 2086 17727
0:0:0:0:0:0:0:1 - - [07/Oct/2025:23:28:24 +0700] "GET /api/v1/movies/now-showing HTTP/1.1" 200 4930 37770
0:0:0:0:0:0:0:1 - - [07/Oct/2025:23:28:24 +0700] "GET /api/v1/movies/coming-soon HTTP/1.1" 200 2086 42426
0:0:0:0:0:0:0:1 - - [07/Oct/2025:23:28:24 +0700] "GET /api/v1/movies/top-rated HTTP/1.1" 200 5327 64452
0:0:0:0:0:0:0:1 - - [07/Oct/2025:23:28:24 +0700] "GET /api/v1/movies/now-showing HTTP/1.1" 200 4930 60930
0:0:0:0:0:0:0:1 - - [07/Oct/2025:23:28:24 +0700] "GET /api/v1/movies HTTP/1.1" 200 9057 97492
0:0:0:0:0:0:0:1 - - [07/Oct/2025:23:28:24 +0700] "GET /api/v1/movies/top-rated HTTP/1.1" 200 5327 43863
0:0:0:0:0:0:0:1 - - [07/Oct/2025:23:28:24 +0700] "GET /api/v1/movies/coming-soon HTTP/1.1" 200 2086 19617
0:0:0:0:0:0:0:1 - - [07/Oct/2025:23:28:24 +0700] "GET /api/v1/movies/now-showing HTTP/1.1" 200 4930 28155
0:0:0:0:0:0:0:1 - - [07/Oct/2025:23:28:24 +0700] "GET /api/v1/movies/coming-soon HTTP/1.1" 200 2086 9513
0:0:0:0:0:0:0:1 - - [07/Oct/2025:23:28:24 +0700] "GET /api/v1/movies/top-rated HTTP/1.1" 200 5327 29049
0:0:0:0:0:0:0:1 - - [07/Oct/2025:23:28:24 +0700] "GET /api/v1/movies/coming-soon HTTP/1.1" 200 2086 13802
0:0:0:0:0:0:0:1 - - [07/Oct/2025:23:28:24 +0700] "GET /api/v1/movies/coming-soon HTTP/1.1" 200 2086 8995
0:0:0:0:0:0:0:1 - - [07/Oct/2025:23:28:24 +0700] "GET /api/v1/movies/top-rated HTTP/1.1" 200 5327 21340
0:0:0:0:0:0:0:1 - - [07/Oct/2025:23:28:24 +0700] "GET /api/v1/movies/now-showing HTTP/1.1" 200 4930 24108
0:0:0:0:0:0:0:1 - - [07/Oct/2025:23:28:24 +0700] "GET /api/v1/movies/now-showing HTTP/1.1" 200 4930 16165
0:0:0:0:0:0:0:1 - - [07/Oct/2025:23:28:24 +0700] "GET /api/v1/movies/top-rated HTTP/1.1" 200 5327 16606
0:0:0:0:0:0:0:1 - - [07/Oct/2025:23:28:24 +0700] "GET /api/v1/movies/top-rated HTTP/1.1" 200 5327 25195
0:0:0:0:0:0:0:1 - - [07/Oct/2025:23:28:24 +0700] "GET /api/v1/movies/now-showing HTTP/1.1" 200 4930 25943
0:0:0:0:0:0:0:1 - - [07/Oct/2025:23:28:25 +0700] "GET /api/v1/movies/coming-soon HTTP/1.1" 200 2086 33951
0:0:0:0:0:0:0:1 - - [07/Oct/2025:23:28:25 +0700] "GET /api/v1/movies/coming-soon HTTP/1.1" 200 2086 15059
0:0:0:0:0:0:0:1 - - [07/Oct/2025:23:28:25 +0700] "GET /api/v1/movies/top-rated HTTP/1.1" 200 5327 50443
0:0:0:0:0:0:0:1 - - [07/Oct/2025:23:28:25 +0700] "GET /api/v1/movies/now-showing HTTP/1.1" 200 4930 50998
0:0:0:0:0:0:0:1 - - [07/Oct/2025:23:28:25 +0700] "GET /api/v1/movies HTTP/1.1" 200 9057 67894
0:0:0:0:0:0:0:1 - - [07/Oct/2025:23:28:25 +0700] "GET /api/v1/movies/top-rated HTTP/1.1" 200 5327 30248
0:0:0:0:0:0:0:1 - - [07/Oct/2025:23:28:25 +0700] "GET /api/v1/movies/now-showing HTTP/1.1" 200 4930 31440
0:0:0:0:0:0:0:1 - - [07/Oct/2025:23:28:25 +0700] "GET /api/v1/movies/coming-soon HTTP/1.1" 200 2086 18693
0:0:0:0:0:0:0:1 - - [07/Oct/2025:23:28:25 +0700] "GET /api/v1/movies/coming-soon HTTP/1.1" 200 2086 13462
0:0:0:0:0:0:0:1 - - [07/Oct/2025:23:28:25 +0700] "GET /api/v1/movies/now-showing HTTP/1.1" 200 4930 35111
0:0:0:0:0:0:0:1 - - [07/Oct/2025:23:28:25 +0700] "GET /api/v1/movies/top-rated HTTP/1.1" 200 5327 34433
0:0:0:0:0:0:0:1 - - [07/Oct/2025:23:28:25 +0700] "GET /api/v1/movies/coming-soon HTTP/1.1" 200 2086 16210
0:0:0:0:0:0:0:1 - - [07/Oct/2025:23:28:25 +0700] "GET /api/v1/movies/coming-soon HTTP/1.1" 200 2086 15252
0:0:0:0:0:0:0:1 - - [07/Oct/2025:23:28:25 +0700] "GET /api/v1/movies/now-showing HTTP/1.1" 200 4930 32251
0:0:0:0:0:0:0:1 - - [07/Oct/2025:23:28:25 +0700] "GET /api/v1/movies/top-rated HTTP/1.1" 200 5327 30843
0:0:0:0:0:0:0:1 - - [07/Oct/2025:23:28:25 +0700] "GET /api/v1/movies/top-rated HTTP/1.1" 200 5327 19366
0:0:0:0:0:0:0:1 - - [07/Oct/2025:23:28:25 +0700] "GET /api/v1/movies/now-showing HTTP/1.1" 200 4930 21418
0:0:0:0:0:0:0:1 - - [07/Oct/2025:23:28:25 +0700] "GET /api/v1/movies/top-rated HTTP/1.1" 200 5327 24703
0:0:0:0:0:0:0:1 - - [07/Oct/2025:23:28:25 +0700] "GET /api/v1/movies/now-showing HTTP/1.1" 200 4930 25999
0:0:0:0:0:0:0:1 - - [07/Oct/2025:23:29:21 +0700] "GET /api/v1/movies/coming-soon HTTP/1.1" 200 2086 17721
0:0:0:0:0:0:0:1 - - [07/Oct/2025:23:29:21 +0700] "GET /api/v1/movies/now-showing HTTP/1.1" 200 4930 28897
0:0:0:0:0:0:0:1 - - [07/Oct/2025:23:29:21 +0700] "GET /api/v1/movies/top-rated HTTP/1.1" 200 5327 28416
0:0:0:0:0:0:0:1 - - [07/Oct/2025:23:29:21 +0700] "GET /api/v1/movies HTTP/1.1" 200 9057 43084
0:0:0:0:0:0:0:1 - - [07/Oct/2025:23:29:22 +0700] "GET /api/v1/movies/coming-soon HTTP/1.1" 200 2086 22168
0:0:0:0:0:0:0:1 - - [07/Oct/2025:23:29:22 +0700] "GET /api/v1/movies/now-showing HTTP/1.1" 200 4930 35610
0:0:0:0:0:0:0:1 - - [07/Oct/2025:23:29:22 +0700] "GET /api/v1/movies/top-rated HTTP/1.1" 200 5327 33935
0:0:0:0:0:0:0:1 - - [07/Oct/2025:23:29:22 +0700] "GET /api/v1/movies HTTP/1.1" 200 9057 63460
0:0:0:0:0:0:0:1 - - [07/Oct/2025:23:32:58 +0700] "GET /api/v1/movies/coming-soon HTTP/1.1" 200 2086 32001
0:0:0:0:0:0:0:1 - - [07/Oct/2025:23:32:58 +0700] "GET /api/v1/movies/top-rated HTTP/1.1" 200 5327 56295
0:0:0:0:0:0:0:1 - - [07/Oct/2025:23:32:58 +0700] "GET /api/v1/movies/coming-soon HTTP/1.1" 200 2086 26018
0:0:0:0:0:0:0:1 - - [07/Oct/2025:23:32:58 +0700] "GET /api/v1/movies/now-showing HTTP/1.1" 200 4930 67708
0:0:0:0:0:0:0:1 - - [07/Oct/2025:23:32:58 +0700] "GET /api/v1/movies HTTP/1.1" 200 9057 97306
0:0:0:0:0:0:0:1 - - [07/Oct/2025:23:32:58 +0700] "GET /api/v1/movies/top-rated HTTP/1.1" 200 5327 54831
0:0:0:0:0:0:0:1 - - [07/Oct/2025:23:32:58 +0700] "GET /api/v1/movies/now-showing HTTP/1.1" 200 4930 53829
0:0:0:0:0:0:0:1 - - [07/Oct/2025:23:32:59 +0700] "GET /api/v1/movies HTTP/1.1" 200 9057 77949
0:0:0:0:0:0:0:1 - - [07/Oct/2025:23:42:12 +0700] "GET /api/v1/movies/coming-soon?size=12 HTTP/1.1" 200 2086 24838
0:0:0:0:0:0:0:1 - - [07/Oct/2025:23:42:12 +0700] "GET /api/v1/movies/top-rated?size=8 HTTP/1.1" 200 4494 42396
0:0:0:0:0:0:0:1 - - [07/Oct/2025:23:42:12 +0700] "GET /api/v1/movies/coming-soon?size=12 HTTP/1.1" 200 2086 18296
0:0:0:0:0:0:0:1 - - [07/Oct/2025:23:42:12 +0700] "GET /api/v1/movies/now-showing?size=12 HTTP/1.1" 200 5691 51518
0:0:0:0:0:0:0:1 - - [07/Oct/2025:23:42:12 +0700] "GET /api/v1/movies?size=20 HTTP/1.1" 200 9057 71865
0:0:0:0:0:0:0:1 - - [07/Oct/2025:23:42:12 +0700] "GET /api/v1/movies/top-rated?size=8 HTTP/1.1" 200 4494 34926
0:0:0:0:0:0:0:1 - - [07/Oct/2025:23:42:12 +0700] "GET /api/v1/movies/now-showing?size=12 HTTP/1.1" 200 5691 43071
0:0:0:0:0:0:0:1 - - [07/Oct/2025:23:42:12 +0700] "GET /api/v1/movies?size=20 HTTP/1.1" 200 9057 48980
0:0:0:0:0:0:0:1 - - [07/Oct/2025:23:43:08 +0700] "GET /swagger-ui/index.html HTTP/1.1" 200 734 9488
0:0:0:0:0:0:0:1 - - [07/Oct/2025:23:43:09 +0700] "GET /swagger-ui/index.css HTTP/1.1" 200 202 5822
0:0:0:0:0:0:0:1 - - [07/Oct/2025:23:43:09 +0700] "GET /swagger-ui/swagger-initializer.js HTTP/1.1" 200 612 6421
0:0:0:0:0:0:0:1 - - [07/Oct/2025:23:43:09 +0700] "GET /swagger-ui/swagger-ui.css HTTP/1.1" 200 154986 9748
0:0:0:0:0:0:0:1 - - [07/Oct/2025:23:43:09 +0700] "GET /swagger-ui/swagger-ui-standalone-preset.js HTTP/1.1" 200 229223 10575
0:0:0:0:0:0:0:1 - - [07/Oct/2025:23:43:09 +0700] "GET /swagger-ui/swagger-ui-bundle.js HTTP/1.1" 200 1468326 21749
0:0:0:0:0:0:0:1 - - [07/Oct/2025:23:43:09 +0700] "GET /api-docs/swagger-config HTTP/1.1" 200 163 3143
0:0:0:0:0:0:0:1 - - [07/Oct/2025:23:43:09 +0700] "GET /swagger-ui/favicon-32x32.png HTTP/1.1" 200 628 4968
0:0:0:0:0:0:0:1 - - [07/Oct/2025:23:43:09 +0700] "GET /swagger-ui/favicon-32x32.png HTTP/1.1" 200 628 5276
0:0:0:0:0:0:0:1 - - [07/Oct/2025:23:43:09 +0700] "GET /api-docs HTTP/1.1" 200 95840 42687
0:0:0:0:0:0:0:1 - - [07/Oct/2025:23:43:22 +0700] "GET /api/v1/movies/top-rated?size=10 HTTP/1.1" 200 5327 22332
0:0:0:0:0:0:0:1 - - [07/Oct/2025:23:44:16 +0700] "GET /api/v1/movies/coming-soon?size=12 HTTP/1.1" 200 2086 14516
0:0:0:0:0:0:0:1 - - [07/Oct/2025:23:44:16 +0700] "GET /api/v1/movies/top-rated?size=8 HTTP/1.1" 200 4494 23008
0:0:0:0:0:0:0:1 - - [07/Oct/2025:23:44:16 +0700] "GET /api/v1/movies/coming-soon?size=12 HTTP/1.1" 200 2086 13687
0:0:0:0:0:0:0:1 - - [07/Oct/2025:23:44:16 +0700] "GET /api/v1/movies/now-showing?size=12 HTTP/1.1" 200 5691 32884
0:0:0:0:0:0:0:1 - - [07/Oct/2025:23:44:16 +0700] "GET /api/v1/movies/top-rated?size=8 HTTP/1.1" 200 4494 27635
0:0:0:0:0:0:0:1 - - [07/Oct/2025:23:44:16 +0700] "GET /api/v1/movies?size=20 HTTP/1.1" 200 9057 52092
0:0:0:0:0:0:0:1 - - [07/Oct/2025:23:44:16 +0700] "GET /api/v1/movies/now-showing?size=12 HTTP/1.1" 200 5691 31539
0:0:0:0:0:0:0:1 - - [07/Oct/2025:23:44:16 +0700] "GET /api/v1/movies?size=20 HTTP/1.1" 200 9057 34356
0:0:0:0:0:0:0:1 - - [07/Oct/2025:23:45:56 +0700] "GET /api/v1/movies/coming-soon?size=12 HTTP/1.1" 200 2086 18522
0:0:0:0:0:0:0:1 - - [07/Oct/2025:23:45:56 +0700] "GET /api/v1/movies/top-rated?size=10 HTTP/1.1" 200 5327 33591
0:0:0:0:0:0:0:1 - - [07/Oct/2025:23:45:56 +0700] "GET /api/v1/movies/coming-soon?size=12 HTTP/1.1" 200 2086 16003
0:0:0:0:0:0:0:1 - - [07/Oct/2025:23:45:56 +0700] "GET /api/v1/movies/now-showing?size=12 HTTP/1.1" 200 5691 36822
0:0:0:0:0:0:0:1 - - [07/Oct/2025:23:45:56 +0700] "GET /api/v1/movies?size=20 HTTP/1.1" 200 9057 66281
0:0:0:0:0:0:0:1 - - [07/Oct/2025:23:45:56 +0700] "GET /api/v1/movies/top-rated?size=10 HTTP/1.1" 200 5327 34423
0:0:0:0:0:0:0:1 - - [07/Oct/2025:23:45:56 +0700] "GET /api/v1/movies/now-showing?size=12 HTTP/1.1" 200 5691 46380
0:0:0:0:0:0:0:1 - - [07/Oct/2025:23:45:56 +0700] "GET /api/v1/movies?size=20 HTTP/1.1" 200 9057 53046
0:0:0:0:0:0:0:1 - - [07/Oct/2025:23:46:21 +0700] "GET /api/v1/movies/coming-soon?size=12 HTTP/1.1" 200 2086 23326
0:0:0:0:0:0:0:1 - - [07/Oct/2025:23:46:21 +0700] "GET /api/v1/movies/coming-soon?size=12 HTTP/1.1" 200 2086 12031
0:0:0:0:0:0:0:1 - - [07/Oct/2025:23:46:21 +0700] "GET /api/v1/movies/top-rated?size=10 HTTP/1.1" 200 5327 36048
0:0:0:0:0:0:0:1 - - [07/Oct/2025:23:46:21 +0700] "GET /api/v1/movies/now-showing?size=12 HTTP/1.1" 200 5691 42446
0:0:0:0:0:0:0:1 - - [07/Oct/2025:23:46:21 +0700] "GET /api/v1/movies?size=20 HTTP/1.1" 200 9057 66263
0:0:0:0:0:0:0:1 - - [07/Oct/2025:23:46:21 +0700] "GET /api/v1/movies/top-rated?size=10 HTTP/1.1" 200 5327 35267
0:0:0:0:0:0:0:1 - - [07/Oct/2025:23:46:21 +0700] "GET /api/v1/movies/now-showing?size=12 HTTP/1.1" 200 5691 38060
0:0:0:0:0:0:0:1 - - [07/Oct/2025:23:46:21 +0700] "GET /api/v1/movies?size=20 HTTP/1.1" 200 9057 52526
