0:0:0:0:0:0:0:1 - - [20/Nov/2025:13:10:16 +0700] "GET /api/v1/cinema-clusters/all HTTP/1.1" 200 2823 281679
0:0:0:0:0:0:0:1 - - [20/Nov/2025:13:10:16 +0700] "GET /api/v1/cinema-clusters/all HTTP/1.1" 200 2822 25992
0:0:0:0:0:0:0:1 - - [20/Nov/2025:13:10:16 +0700] "GET /api/v1/movies?page=0&size=12&sort=id,desc HTTP/1.1" 200 6427 155939
0:0:0:0:0:0:0:1 - - [20/Nov/2025:13:10:17 +0700] "GET /api/v1/movies?page=0&size=12&sort=id,desc HTTP/1.1" 200 6427 52995
0:0:0:0:0:0:0:1 - - [20/Nov/2025:13:10:20 +0700] "GET /api/v1/movies/45 HTTP/1.1" 200 886 39241
0:0:0:0:0:0:0:1 - - [20/Nov/2025:13:10:20 +0700] "GET /api/v1/movies/45 HTTP/1.1" 200 886 15577
0:0:0:0:0:0:0:1 - - [20/Nov/2025:13:10:20 +0700] "GET /api/v1/showtime?movieId=45 HTTP/1.1" 200 1305 114282
0:0:0:0:0:0:0:1 - - [20/Nov/2025:13:10:20 +0700] "GET /api/v1/showtime?movieId=45 HTTP/1.1" 200 1306 68824
0:0:0:0:0:0:0:1 - - [20/Nov/2025:13:10:38 +0700] "GET /swagger-ui/index.html HTTP/1.1" 200 734 159579
0:0:0:0:0:0:0:1 - - [20/Nov/2025:13:10:38 +0700] "GET /swagger-ui/index.css HTTP/1.1" 200 202 9214
0:0:0:0:0:0:0:1 - - [20/Nov/2025:13:10:38 +0700] "GET /swagger-ui/swagger-ui.css HTTP/1.1" 200 154986 18520
0:0:0:0:0:0:0:1 - - [20/Nov/2025:13:10:38 +0700] "GET /swagger-ui/swagger-ui-standalone-preset.js HTTP/1.1" 200 229223 16923
0:0:0:0:0:0:0:1 - - [20/Nov/2025:13:10:38 +0700] "GET /swagger-ui/swagger-initializer.js HTTP/1.1" 200 612 32943
0:0:0:0:0:0:0:1 - - [20/Nov/2025:13:10:38 +0700] "GET /swagger-ui/swagger-ui-bundle.js HTTP/1.1" 200 1468326 36259
0:0:0:0:0:0:0:1 - - [20/Nov/2025:13:10:38 +0700] "GET /swagger-ui/favicon-32x32.png HTTP/1.1" 200 628 6682
0:0:0:0:0:0:0:1 - - [20/Nov/2025:13:10:38 +0700] "GET /api-docs/swagger-config HTTP/1.1" 200 163 9713
0:0:0:0:0:0:0:1 - - [20/Nov/2025:13:10:40 +0700] "GET /api/v1/cinema-clusters/all HTTP/1.1" 200 2823 18384
0:0:0:0:0:0:0:1 - - [20/Nov/2025:13:10:40 +0700] "GET /api/v1/cinema-clusters/all HTTP/1.1" 200 2823 14687
0:0:0:0:0:0:0:1 - - [20/Nov/2025:13:10:40 +0700] "GET /api/v1/cinemas/1 HTTP/1.1" 200 390 32496
0:0:0:0:0:0:0:1 - - [20/Nov/2025:13:10:40 +0700] "GET /api/v1/cinemas/1 HTTP/1.1" 200 390 23628
0:0:0:0:0:0:0:1 - - [20/Nov/2025:13:10:42 +0700] "GET /api-docs HTTP/1.1" 200 121231 3292007
0:0:0:0:0:0:0:1 - - [20/Nov/2025:16:39:10 +0700] "OPTIONS /api/v1/auth/login HTTP/1.1" 200 - 126098
0:0:0:0:0:0:0:1 - - [20/Nov/2025:16:39:11 +0700] "POST /api/v1/auth/login HTTP/1.1" 200 877 891304
0:0:0:0:0:0:0:1 - - [20/Nov/2025:16:39:18 +0700] "OPTIONS /api/v1/showtime HTTP/1.1" 200 - 3885
0:0:0:0:0:0:0:1 - - [20/Nov/2025:16:39:18 +0700] "OPTIONS /api/v1/movies/now-showing HTTP/1.1" 200 - 3207
0:0:0:0:0:0:0:1 - - [20/Nov/2025:16:39:18 +0700] "OPTIONS /api/v1/showtime HTTP/1.1" 200 - 2281
0:0:0:0:0:0:0:1 - - [20/Nov/2025:16:39:18 +0700] "OPTIONS /api/v1/showtime HTTP/1.1" 200 - 2446
0:0:0:0:0:0:0:1 - - [20/Nov/2025:16:39:18 +0700] "OPTIONS /api/v1/movies/now-showing HTTP/1.1" 200 - 2437
0:0:0:0:0:0:0:1 - - [20/Nov/2025:16:39:18 +0700] "OPTIONS /api/v1/cinemas HTTP/1.1" 200 - 3245
0:0:0:0:0:0:0:1 - - [20/Nov/2025:16:39:18 +0700] "OPTIONS /api/v1/cinemas HTTP/1.1" 200 - 3685
0:0:0:0:0:0:0:1 - - [20/Nov/2025:16:39:18 +0700] "OPTIONS /api/v1/showtime HTTP/1.1" 200 - 3214
0:0:0:0:0:0:0:1 - - [20/Nov/2025:16:39:19 +0700] "GET /api/v1/showtime HTTP/1.1" 500 432 913672
0:0:0:0:0:0:0:1 - - [20/Nov/2025:16:39:19 +0700] "GET /api/v1/showtime HTTP/1.1" 500 433 28129
0:0:0:0:0:0:0:1 - - [20/Nov/2025:16:39:19 +0700] "GET /api/v1/showtime HTTP/1.1" 500 433 30686
0:0:0:0:0:0:0:1 - - [20/Nov/2025:16:39:19 +0700] "GET /api/v1/showtime HTTP/1.1" 500 433 23697
0:0:0:0:0:0:0:1 - - [20/Nov/2025:16:39:19 +0700] "GET /api/v1/movies/now-showing HTTP/1.1" 200 5320 1000405
0:0:0:0:0:0:0:1 - - [20/Nov/2025:16:39:19 +0700] "GET /api/v1/cinemas HTTP/1.1" 200 5902 1021962
0:0:0:0:0:0:0:1 - - [20/Nov/2025:16:39:19 +0700] "GET /api/v1/movies/now-showing HTTP/1.1" 200 5320 63612
0:0:0:0:0:0:0:1 - - [20/Nov/2025:16:39:19 +0700] "GET /api/v1/cinemas HTTP/1.1" 200 5903 120264
0:0:0:0:0:0:0:1 - - [20/Nov/2025:18:52:14 +0700] "OPTIONS /api/v1/rooms/cinema/1 HTTP/1.1" 200 - 226542
0:0:0:0:0:0:0:1 - - [20/Nov/2025:18:52:16 +0700] "GET /api/v1/rooms/cinema/1 HTTP/1.1" 200 345 1325744
0:0:0:0:0:0:0:1 - - [20/Nov/2025:18:52:42 +0700] "OPTIONS /api/v1/showtime HTTP/1.1" 200 - 2321
0:0:0:0:0:0:0:1 - - [20/Nov/2025:18:52:43 +0700] "POST /api/v1/showtime HTTP/1.1" 400 656 225597
0:0:0:0:0:0:0:1 - - [20/Nov/2025:18:52:46 +0700] "POST /api/v1/showtime HTTP/1.1" 400 656 42964
0:0:0:0:0:0:0:1 - - [20/Nov/2025:18:55:52 +0700] "OPTIONS /api/v1/showtime HTTP/1.1" 200 - 2487
0:0:0:0:0:0:0:1 - - [20/Nov/2025:18:55:52 +0700] "POST /api/v1/showtime HTTP/1.1" 400 656 47204
0:0:0:0:0:0:0:1 - - [20/Nov/2025:18:56:10 +0700] "OPTIONS /api/v1/auth/login HTTP/1.1" 200 - 2726
0:0:0:0:0:0:0:1 - - [20/Nov/2025:18:56:10 +0700] "POST /api/v1/auth/login HTTP/1.1" 200 877 475337
0:0:0:0:0:0:0:1 - - [20/Nov/2025:18:56:19 +0700] "OPTIONS /api/v1/showtime HTTP/1.1" 200 - 2822
0:0:0:0:0:0:0:1 - - [20/Nov/2025:18:56:19 +0700] "OPTIONS /api/v1/cinemas HTTP/1.1" 200 - 2642
0:0:0:0:0:0:0:1 - - [20/Nov/2025:18:56:19 +0700] "OPTIONS /api/v1/showtime HTTP/1.1" 200 - 2401
0:0:0:0:0:0:0:1 - - [20/Nov/2025:18:56:19 +0700] "OPTIONS /api/v1/showtime HTTP/1.1" 200 - 2340
0:0:0:0:0:0:0:1 - - [20/Nov/2025:18:56:19 +0700] "OPTIONS /api/v1/movies/now-showing HTTP/1.1" 200 - 1595
0:0:0:0:0:0:0:1 - - [20/Nov/2025:18:56:19 +0700] "OPTIONS /api/v1/movies/now-showing HTTP/1.1" 200 - 3050
0:0:0:0:0:0:0:1 - - [20/Nov/2025:18:56:19 +0700] "OPTIONS /api/v1/showtime HTTP/1.1" 200 - 3802
0:0:0:0:0:0:0:1 - - [20/Nov/2025:18:56:19 +0700] "OPTIONS /api/v1/cinemas HTTP/1.1" 200 - 5282
0:0:0:0:0:0:0:1 - - [20/Nov/2025:18:56:19 +0700] "GET /api/v1/showtime HTTP/1.1" 200 706 94345
0:0:0:0:0:0:0:1 - - [20/Nov/2025:18:56:19 +0700] "GET /api/v1/showtime HTTP/1.1" 200 706 43851
0:0:0:0:0:0:0:1 - - [20/Nov/2025:18:56:19 +0700] "GET /api/v1/movies/now-showing HTTP/1.1" 200 5320 142616
0:0:0:0:0:0:0:1 - - [20/Nov/2025:18:56:19 +0700] "GET /api/v1/showtime HTTP/1.1" 200 706 32677
0:0:0:0:0:0:0:1 - - [20/Nov/2025:18:56:19 +0700] "GET /api/v1/cinemas HTTP/1.1" 200 5901 189766
0:0:0:0:0:0:0:1 - - [20/Nov/2025:18:56:19 +0700] "GET /api/v1/showtime HTTP/1.1" 200 706 24824
0:0:0:0:0:0:0:1 - - [20/Nov/2025:18:56:19 +0700] "GET /api/v1/movies/now-showing HTTP/1.1" 200 5320 58513
0:0:0:0:0:0:0:1 - - [20/Nov/2025:18:56:19 +0700] "GET /api/v1/cinemas HTTP/1.1" 200 5903 121433
0:0:0:0:0:0:0:1 - - [20/Nov/2025:18:56:29 +0700] "OPTIONS /api/v1/rooms/cinema/1 HTTP/1.1" 200 - 6907
0:0:0:0:0:0:0:1 - - [20/Nov/2025:18:56:29 +0700] "GET /api/v1/rooms/cinema/1 HTTP/1.1" 200 345 31870
0:0:0:0:0:0:0:1 - - [20/Nov/2025:18:56:43 +0700] "OPTIONS /api/v1/showtime HTTP/1.1" 200 - 1502
0:0:0:0:0:0:0:1 - - [20/Nov/2025:18:56:43 +0700] "POST /api/v1/showtime HTTP/1.1" 400 655 58866
0:0:0:0:0:0:0:1 - - [20/Nov/2025:18:59:28 +0700] "OPTIONS /api/v1/showtime HTTP/1.1" 200 - 100329
0:0:0:0:0:0:0:1 - - [20/Nov/2025:18:59:30 +0700] "POST /api/v1/showtime HTTP/1.1" 201 477 2174880
0:0:0:0:0:0:0:1 - - [20/Nov/2025:18:59:30 +0700] "GET /api/v1/showtime HTTP/1.1" 200 1067 138726
0:0:0:0:0:0:0:1 - - [20/Nov/2025:19:00:00 +0700] "OPTIONS /api/v1/movies/now-showing HTTP/1.1" 200 - 2041
0:0:0:0:0:0:0:1 - - [20/Nov/2025:19:00:00 +0700] "OPTIONS /api/v1/cinemas HTTP/1.1" 200 - 4613
0:0:0:0:0:0:0:1 - - [20/Nov/2025:19:00:00 +0700] "OPTIONS /api/v1/showtime HTTP/1.1" 200 - 3854
0:0:0:0:0:0:0:1 - - [20/Nov/2025:19:00:00 +0700] "OPTIONS /api/v1/showtime HTTP/1.1" 200 - 3879
0:0:0:0:0:0:0:1 - - [20/Nov/2025:19:00:00 +0700] "OPTIONS /api/v1/showtime HTTP/1.1" 200 - 4161
0:0:0:0:0:0:0:1 - - [20/Nov/2025:19:00:00 +0700] "OPTIONS /api/v1/movies/now-showing HTTP/1.1" 200 - 4326
0:0:0:0:0:0:0:1 - - [20/Nov/2025:19:00:00 +0700] "OPTIONS /api/v1/cinemas HTTP/1.1" 200 - 4064
0:0:0:0:0:0:0:1 - - [20/Nov/2025:19:00:00 +0700] "OPTIONS /api/v1/showtime HTTP/1.1" 200 - 8019
0:0:0:0:0:0:0:1 - - [20/Nov/2025:19:00:00 +0700] "GET /api/v1/showtime HTTP/1.1" 200 1067 57843
0:0:0:0:0:0:0:1 - - [20/Nov/2025:19:00:00 +0700] "GET /api/v1/movies/now-showing HTTP/1.1" 200 5320 98511
0:0:0:0:0:0:0:1 - - [20/Nov/2025:19:00:00 +0700] "GET /api/v1/showtime HTTP/1.1" 200 1066 53476
0:0:0:0:0:0:0:1 - - [20/Nov/2025:19:00:00 +0700] "GET /api/v1/cinemas HTTP/1.1" 200 5903 136674
0:0:0:0:0:0:0:1 - - [20/Nov/2025:19:00:00 +0700] "GET /api/v1/movies/now-showing HTTP/1.1" 200 5320 47447
0:0:0:0:0:0:0:1 - - [20/Nov/2025:19:00:00 +0700] "GET /api/v1/showtime HTTP/1.1" 200 1067 38129
0:0:0:0:0:0:0:1 - - [20/Nov/2025:19:00:00 +0700] "GET /api/v1/showtime HTTP/1.1" 200 1067 32186
0:0:0:0:0:0:0:1 - - [20/Nov/2025:19:00:00 +0700] "GET /api/v1/cinemas HTTP/1.1" 200 5903 94687
0:0:0:0:0:0:0:1 - - [20/Nov/2025:19:02:38 +0700] "OPTIONS /api/v1/showtime-seats/showtime/5 HTTP/1.1" 200 - 3034
0:0:0:0:0:0:0:1 - - [20/Nov/2025:19:02:39 +0700] "GET /api/v1/showtime-seats/showtime/5 HTTP/1.1" 200 21311 231052
0:0:0:0:0:0:0:1 - - [20/Nov/2025:19:02:39 +0700] "GET /api/v1/showtime-seats/showtime/5 HTTP/1.1" 200 21312 275443
0:0:0:0:0:0:0:1 - - [20/Nov/2025:19:02:39 +0700] "GET /api/v1/showtime-seats/showtime/5 HTTP/1.1" 200 21312 210764
0:0:0:0:0:0:0:1 - - [20/Nov/2025:19:05:11 +0700] "OPTIONS /api/v1/rooms/cinema/1 HTTP/1.1" 200 - 2579
0:0:0:0:0:0:0:1 - - [20/Nov/2025:19:05:11 +0700] "GET /api/v1/rooms/cinema/1 HTTP/1.1" 200 345 36429
0:0:0:0:0:0:0:1 - - [20/Nov/2025:19:05:14 +0700] "GET /api/v1/rooms/cinema/1 HTTP/1.1" 200 345 21563
0:0:0:0:0:0:0:1 - - [20/Nov/2025:19:06:50 +0700] "GET /api/v1/promotions?page=0&size=10&sort=id,desc HTTP/1.1" 200 3478 32642
0:0:0:0:0:0:0:1 - - [20/Nov/2025:19:06:50 +0700] "OPTIONS /api/v1/movies HTTP/1.1" 200 - 1071
0:0:0:0:0:0:0:1 - - [20/Nov/2025:19:06:50 +0700] "OPTIONS /api/v1/cinemas HTTP/1.1" 200 - 969
0:0:0:0:0:0:0:1 - - [20/Nov/2025:19:06:50 +0700] "GET /api/v1/promotions?page=0&size=10&sort=id,desc HTTP/1.1" 200 3478 11694
0:0:0:0:0:0:0:1 - - [20/Nov/2025:19:06:51 +0700] "GET /api/v1/movies HTTP/1.1" 200 5526 37256
0:0:0:0:0:0:0:1 - - [20/Nov/2025:19:06:51 +0700] "GET /api/v1/cinemas HTTP/1.1" 200 5903 64160
0:0:0:0:0:0:0:1 - - [20/Nov/2025:19:06:51 +0700] "GET /api/v1/movies HTTP/1.1" 200 5526 31432
0:0:0:0:0:0:0:1 - - [20/Nov/2025:19:06:51 +0700] "GET /api/v1/cinemas HTTP/1.1" 200 5903 86150
0:0:0:0:0:0:0:1 - - [20/Nov/2025:19:06:59 +0700] "OPTIONS /api/v1/users?page=0&size=10&sortBy=createdAt&sortDir=desc HTTP/1.1" 200 - 1297
0:0:0:0:0:0:0:1 - - [20/Nov/2025:19:06:59 +0700] "OPTIONS /api/v1/users?page=0&size=10&sortBy=createdAt&sortDir=desc HTTP/1.1" 200 - 1280
0:0:0:0:0:0:0:1 - - [20/Nov/2025:19:07:00 +0700] "GET /api/v1/users?page=0&size=10&sortBy=createdAt&sortDir=desc HTTP/1.1" 200 1657 55018
0:0:0:0:0:0:0:1 - - [20/Nov/2025:19:07:00 +0700] "GET /api/v1/users?page=0&size=10&sortBy=createdAt&sortDir=desc HTTP/1.1" 200 1657 27852
0:0:0:0:0:0:0:1 - - [20/Nov/2025:19:07:01 +0700] "OPTIONS /api/v1/showtime HTTP/1.1" 200 - 1282
0:0:0:0:0:0:0:1 - - [20/Nov/2025:19:07:01 +0700] "OPTIONS /api/v1/movies/now-showing HTTP/1.1" 200 - 1384
0:0:0:0:0:0:0:1 - - [20/Nov/2025:19:07:01 +0700] "OPTIONS /api/v1/cinemas HTTP/1.1" 200 - 1555
0:0:0:0:0:0:0:1 - - [20/Nov/2025:19:07:01 +0700] "OPTIONS /api/v1/showtime HTTP/1.1" 200 - 1306
0:0:0:0:0:0:0:1 - - [20/Nov/2025:19:07:01 +0700] "OPTIONS /api/v1/showtime HTTP/1.1" 200 - 1054
0:0:0:0:0:0:0:1 - - [20/Nov/2025:19:07:01 +0700] "OPTIONS /api/v1/movies/now-showing HTTP/1.1" 200 - 1277
0:0:0:0:0:0:0:1 - - [20/Nov/2025:19:07:01 +0700] "OPTIONS /api/v1/cinemas HTTP/1.1" 200 - 1313
0:0:0:0:0:0:0:1 - - [20/Nov/2025:19:07:01 +0700] "OPTIONS /api/v1/showtime HTTP/1.1" 200 - 1463
0:0:0:0:0:0:0:1 - - [20/Nov/2025:19:07:01 +0700] "GET /api/v1/showtime HTTP/1.1" 200 1067 48997
0:0:0:0:0:0:0:1 - - [20/Nov/2025:19:07:01 +0700] "GET /api/v1/movies/now-showing HTTP/1.1" 200 5320 61437
0:0:0:0:0:0:0:1 - - [20/Nov/2025:19:07:01 +0700] "GET /api/v1/showtime HTTP/1.1" 200 1067 44994
0:0:0:0:0:0:0:1 - - [20/Nov/2025:19:07:01 +0700] "GET /api/v1/cinemas HTTP/1.1" 200 5903 106041
0:0:0:0:0:0:0:1 - - [20/Nov/2025:19:07:01 +0700] "GET /api/v1/movies/now-showing HTTP/1.1" 200 5320 46957
0:0:0:0:0:0:0:1 - - [20/Nov/2025:19:07:01 +0700] "GET /api/v1/showtime HTTP/1.1" 200 1067 30469
0:0:0:0:0:0:0:1 - - [20/Nov/2025:19:07:01 +0700] "GET /api/v1/showtime HTTP/1.1" 200 1067 39085
0:0:0:0:0:0:0:1 - - [20/Nov/2025:19:07:01 +0700] "GET /api/v1/cinemas HTTP/1.1" 200 5903 91693
0:0:0:0:0:0:0:1 - - [20/Nov/2025:19:07:03 +0700] "GET /api/v1/users?page=0&size=10&sortBy=createdAt&sortDir=desc HTTP/1.1" 200 1657 28886
0:0:0:0:0:0:0:1 - - [20/Nov/2025:19:07:03 +0700] "GET /api/v1/users?page=0&size=10&sortBy=createdAt&sortDir=desc HTTP/1.1" 200 1657 27241
0:0:0:0:0:0:0:1 - - [20/Nov/2025:19:27:37 +0700] "OPTIONS /api/v1/auth/verify HTTP/1.1" 200 - 1599
0:0:0:0:0:0:0:1 - - [20/Nov/2025:19:27:37 +0700] "OPTIONS /api/v1/cinema-clusters/all HTTP/1.1" 200 - 1004
0:0:0:0:0:0:0:1 - - [20/Nov/2025:19:27:37 +0700] "OPTIONS /api/v1/cinema-clusters/all HTTP/1.1" 200 - 766
0:0:0:0:0:0:0:1 - - [20/Nov/2025:19:27:37 +0700] "GET /api/v1/cinema-clusters/all HTTP/1.1" 200 2823 33645
0:0:0:0:0:0:0:1 - - [20/Nov/2025:19:27:37 +0700] "GET /api/v1/auth/verify HTTP/1.1" 200 262 43907
0:0:0:0:0:0:0:1 - - [20/Nov/2025:19:27:37 +0700] "GET /api/v1/cinema-clusters/all HTTP/1.1" 200 2823 20095
0:0:0:0:0:0:0:1 - - [20/Nov/2025:19:27:37 +0700] "OPTIONS /api/v1/movies?page=0&size=12&sort=id,desc HTTP/1.1" 200 - 1230
0:0:0:0:0:0:0:1 - - [20/Nov/2025:19:27:37 +0700] "OPTIONS /api/v1/movies?page=0&size=12&sort=id,desc HTTP/1.1" 200 - 1206
0:0:0:0:0:0:0:1 - - [20/Nov/2025:19:27:37 +0700] "GET /api/v1/movies?page=0&size=12&sort=id,desc HTTP/1.1" 200 6427 59363
0:0:0:0:0:0:0:1 - - [20/Nov/2025:19:27:37 +0700] "GET /api/v1/movies?page=0&size=12&sort=id,desc HTTP/1.1" 200 6427 41175
0:0:0:0:0:0:0:1 - - [20/Nov/2025:19:31:38 +0700] "OPTIONS /api/v1/movies/45 HTTP/1.1" 200 - 1749
0:0:0:0:0:0:0:1 - - [20/Nov/2025:19:31:38 +0700] "OPTIONS /api/v1/movies/45 HTTP/1.1" 200 - 1750
0:0:0:0:0:0:0:1 - - [20/Nov/2025:19:31:38 +0700] "GET /api/v1/movies/45 HTTP/1.1" 200 886 44667
0:0:0:0:0:0:0:1 - - [20/Nov/2025:19:31:38 +0700] "GET /api/v1/movies/45 HTTP/1.1" 200 886 18826
0:0:0:0:0:0:0:1 - - [20/Nov/2025:19:31:38 +0700] "OPTIONS /api/v1/showtime?movieId=45 HTTP/1.1" 200 - 1238
0:0:0:0:0:0:0:1 - - [20/Nov/2025:19:31:38 +0700] "GET /api/v1/showtime?movieId=45 HTTP/1.1" 200 1067 44596
0:0:0:0:0:0:0:1 - - [20/Nov/2025:19:31:38 +0700] "GET /api/v1/showtime?movieId=45 HTTP/1.1" 200 1067 47604
0:0:0:0:0:0:0:1 - - [20/Nov/2025:19:32:03 +0700] "OPTIONS /api/v1/movies?size=20 HTTP/1.1" 200 - 1710
0:0:0:0:0:0:0:1 - - [20/Nov/2025:19:32:03 +0700] "OPTIONS /api/v1/movies/coming-soon?size=12 HTTP/1.1" 200 - 1680
0:0:0:0:0:0:0:1 - - [20/Nov/2025:19:32:03 +0700] "OPTIONS /api/v1/movies/now-showing?size=12 HTTP/1.1" 200 - 1310
0:0:0:0:0:0:0:1 - - [20/Nov/2025:19:32:03 +0700] "OPTIONS /api/v1/movies/top-rated?size=10 HTTP/1.1" 200 - 1392
0:0:0:0:0:0:0:1 - - [20/Nov/2025:19:32:03 +0700] "OPTIONS /api/v1/movies/coming-soon?size=12 HTTP/1.1" 200 - 1012
0:0:0:0:0:0:0:1 - - [20/Nov/2025:19:32:03 +0700] "OPTIONS /api/v1/movies?size=20 HTTP/1.1" 200 - 1492
0:0:0:0:0:0:0:1 - - [20/Nov/2025:19:32:03 +0700] "OPTIONS /api/v1/movies/now-showing?size=12 HTTP/1.1" 200 - 2050
0:0:0:0:0:0:0:1 - - [20/Nov/2025:19:32:03 +0700] "OPTIONS /api/v1/movies/top-rated?size=10 HTTP/1.1" 200 - 1312
0:0:0:0:0:0:0:1 - - [20/Nov/2025:19:32:03 +0700] "GET /api/v1/movies/coming-soon?size=12 HTTP/1.1" 200 3245 60359
0:0:0:0:0:0:0:1 - - [20/Nov/2025:19:32:03 +0700] "GET /api/v1/movies/now-showing?size=12 HTTP/1.1" 200 6159 67761
0:0:0:0:0:0:0:1 - - [20/Nov/2025:19:32:03 +0700] "GET /api/v1/movies/coming-soon?size=12 HTTP/1.1" 200 3245 33914
0:0:0:0:0:0:0:1 - - [20/Nov/2025:19:32:03 +0700] "GET /api/v1/movies?size=20 HTTP/1.1" 200 10046 98641
0:0:0:0:0:0:0:1 - - [20/Nov/2025:19:32:03 +0700] "GET /api/v1/movies/top-rated?size=10 HTTP/1.1" 200 5702 122047
0:0:0:0:0:0:0:1 - - [20/Nov/2025:19:32:03 +0700] "GET /api/v1/movies/now-showing?size=12 HTTP/1.1" 200 6159 54719
0:0:0:0:0:0:0:1 - - [20/Nov/2025:19:32:03 +0700] "GET /api/v1/movies/top-rated?size=10 HTTP/1.1" 200 5702 44879
0:0:0:0:0:0:0:1 - - [20/Nov/2025:19:32:03 +0700] "GET /api/v1/movies?size=20 HTTP/1.1" 200 10046 74490
0:0:0:0:0:0:0:1 - - [20/Nov/2025:19:32:06 +0700] "OPTIONS /api/v1/movies/42 HTTP/1.1" 200 - 1260
0:0:0:0:0:0:0:1 - - [20/Nov/2025:19:32:06 +0700] "OPTIONS /api/v1/movies/42 HTTP/1.1" 200 - 1370
0:0:0:0:0:0:0:1 - - [20/Nov/2025:19:32:06 +0700] "GET /api/v1/movies/42 HTTP/1.1" 200 864 25891
0:0:0:0:0:0:0:1 - - [20/Nov/2025:19:32:06 +0700] "GET /api/v1/movies/42 HTTP/1.1" 200 864 20420
0:0:0:0:0:0:0:1 - - [20/Nov/2025:19:32:06 +0700] "OPTIONS /api/v1/showtime?movieId=42 HTTP/1.1" 200 - 1146
0:0:0:0:0:0:0:1 - - [20/Nov/2025:19:32:06 +0700] "GET /api/v1/showtime?movieId=42 HTTP/1.1" 200 1067 41067
0:0:0:0:0:0:0:1 - - [20/Nov/2025:19:32:06 +0700] "GET /api/v1/showtime?movieId=42 HTTP/1.1" 200 1065 38814
0:0:0:0:0:0:0:1 - - [20/Nov/2025:19:32:11 +0700] "GET /api/v1/showtime?movieId=42 HTTP/1.1" 200 1067 33514
0:0:0:0:0:0:0:1 - - [20/Nov/2025:19:32:11 +0700] "OPTIONS /api/v1/showtime?movieId=42 HTTP/1.1" 200 - 2153
0:0:0:0:0:0:0:1 - - [20/Nov/2025:19:32:11 +0700] "GET /api/v1/showtime?movieId=42 HTTP/1.1" 200 1067 32987
0:0:0:0:0:0:0:1 - - [20/Nov/2025:19:32:12 +0700] "GET /api/v1/showtime?movieId=42 HTTP/1.1" 200 1067 27557
0:0:0:0:0:0:0:1 - - [20/Nov/2025:19:32:12 +0700] "GET /api/v1/showtime?movieId=42 HTTP/1.1" 200 1067 29640
0:0:0:0:0:0:0:1 - - [20/Nov/2025:19:32:12 +0700] "GET /api/v1/showtime?movieId=42 HTTP/1.1" 200 1067 33538
0:0:0:0:0:0:0:1 - - [20/Nov/2025:19:32:13 +0700] "GET /api/v1/showtime?movieId=42 HTTP/1.1" 200 1067 39984
0:0:0:0:0:0:0:1 - - [20/Nov/2025:19:32:13 +0700] "GET /api/v1/showtime?movieId=42 HTTP/1.1" 200 1067 33694
0:0:0:0:0:0:0:1 - - [20/Nov/2025:19:32:13 +0700] "GET /api/v1/showtime?movieId=42 HTTP/1.1" 200 1067 34999
0:0:0:0:0:0:0:1 - - [20/Nov/2025:19:32:14 +0700] "GET /api/v1/showtime?movieId=42 HTTP/1.1" 200 1067 29664
0:0:0:0:0:0:0:1 - - [20/Nov/2025:19:32:44 +0700] "OPTIONS /api/v1/showtime HTTP/1.1" 200 - 1265
0:0:0:0:0:0:0:1 - - [20/Nov/2025:19:32:44 +0700] "OPTIONS /api/v1/movies/now-showing HTTP/1.1" 200 - 1265
0:0:0:0:0:0:0:1 - - [20/Nov/2025:19:32:44 +0700] "OPTIONS /api/v1/showtime HTTP/1.1" 200 - 1095
0:0:0:0:0:0:0:1 - - [20/Nov/2025:19:32:44 +0700] "OPTIONS /api/v1/showtime HTTP/1.1" 200 - 1104
0:0:0:0:0:0:0:1 - - [20/Nov/2025:19:32:44 +0700] "OPTIONS /api/v1/cinemas HTTP/1.1" 200 - 1253
0:0:0:0:0:0:0:1 - - [20/Nov/2025:19:32:44 +0700] "OPTIONS /api/v1/movies/now-showing HTTP/1.1" 200 - 1060
0:0:0:0:0:0:0:1 - - [20/Nov/2025:19:32:44 +0700] "OPTIONS /api/v1/cinemas HTTP/1.1" 200 - 3215
0:0:0:0:0:0:0:1 - - [20/Nov/2025:19:32:44 +0700] "OPTIONS /api/v1/showtime HTTP/1.1" 200 - 1369
0:0:0:0:0:0:0:1 - - [20/Nov/2025:19:32:44 +0700] "GET /api/v1/showtime HTTP/1.1" 200 1067 37172
0:0:0:0:0:0:0:1 - - [20/Nov/2025:19:32:44 +0700] "GET /api/v1/movies/now-showing HTTP/1.1" 200 5320 45788
0:0:0:0:0:0:0:1 - - [20/Nov/2025:19:32:44 +0700] "GET /api/v1/showtime HTTP/1.1" 200 1067 46755
0:0:0:0:0:0:0:1 - - [20/Nov/2025:19:32:44 +0700] "GET /api/v1/movies/now-showing HTTP/1.1" 200 5320 53526
0:0:0:0:0:0:0:1 - - [20/Nov/2025:19:32:44 +0700] "GET /api/v1/cinemas HTTP/1.1" 200 5903 104177
0:0:0:0:0:0:0:1 - - [20/Nov/2025:19:32:44 +0700] "GET /api/v1/showtime HTTP/1.1" 200 1067 48669
0:0:0:0:0:0:0:1 - - [20/Nov/2025:19:32:44 +0700] "GET /api/v1/showtime HTTP/1.1" 200 1067 25381
0:0:0:0:0:0:0:1 - - [20/Nov/2025:19:32:44 +0700] "GET /api/v1/cinemas HTTP/1.1" 200 5903 74044
0:0:0:0:0:0:0:1 - - [20/Nov/2025:19:32:54 +0700] "OPTIONS /api/v1/rooms/cinema/1 HTTP/1.1" 200 - 1754
0:0:0:0:0:0:0:1 - - [20/Nov/2025:19:32:54 +0700] "GET /api/v1/rooms/cinema/1 HTTP/1.1" 200 345 33864
0:0:0:0:0:0:0:1 - - [20/Nov/2025:19:33:07 +0700] "OPTIONS /api/v1/rooms/cinema/1 HTTP/1.1" 200 - 1397
0:0:0:0:0:0:0:1 - - [20/Nov/2025:19:33:07 +0700] "GET /api/v1/rooms/cinema/1 HTTP/1.1" 200 345 22395
0:0:0:0:0:0:0:1 - - [20/Nov/2025:19:33:26 +0700] "OPTIONS /api/v1/showtime HTTP/1.1" 200 - 3318
0:0:0:0:0:0:0:1 - - [20/Nov/2025:19:33:27 +0700] "POST /api/v1/showtime HTTP/1.1" 201 477 915815
0:0:0:0:0:0:0:1 - - [20/Nov/2025:19:33:27 +0700] "GET /api/v1/showtime HTTP/1.1" 200 1428 53726
0:0:0:0:0:0:0:1 - - [20/Nov/2025:19:33:35 +0700] "OPTIONS /api/v1/rooms/cinema/1 HTTP/1.1" 200 - 10277
0:0:0:0:0:0:0:1 - - [20/Nov/2025:19:33:35 +0700] "GET /api/v1/rooms/cinema/1 HTTP/1.1" 200 345 18135
0:0:0:0:0:0:0:1 - - [20/Nov/2025:19:33:48 +0700] "OPTIONS /api/v1/showtime HTTP/1.1" 200 - 2133
0:0:0:0:0:0:0:1 - - [20/Nov/2025:19:33:48 +0700] "POST /api/v1/showtime HTTP/1.1" 201 440 708683
0:0:0:0:0:0:0:1 - - [20/Nov/2025:19:33:49 +0700] "GET /api/v1/showtime HTTP/1.1" 200 1752 52251
0:0:0:0:0:0:0:1 - - [20/Nov/2025:19:33:55 +0700] "OPTIONS /api/v1/rooms/cinema/1 HTTP/1.1" 200 - 1520
0:0:0:0:0:0:0:1 - - [20/Nov/2025:19:33:55 +0700] "GET /api/v1/rooms/cinema/1 HTTP/1.1" 200 345 18443
0:0:0:0:0:0:0:1 - - [20/Nov/2025:19:34:08 +0700] "OPTIONS /api/v1/showtime HTTP/1.1" 200 - 1555
0:0:0:0:0:0:0:1 - - [20/Nov/2025:19:34:09 +0700] "POST /api/v1/showtime HTTP/1.1" 201 477 717149
0:0:0:0:0:0:0:1 - - [20/Nov/2025:19:34:09 +0700] "GET /api/v1/showtime HTTP/1.1" 200 2113 67223
0:0:0:0:0:0:0:1 - - [20/Nov/2025:19:34:13 +0700] "OPTIONS /api/v1/rooms/cinema/1 HTTP/1.1" 200 - 1079
0:0:0:0:0:0:0:1 - - [20/Nov/2025:19:34:13 +0700] "GET /api/v1/rooms/cinema/1 HTTP/1.1" 200 345 18694
0:0:0:0:0:0:0:1 - - [20/Nov/2025:19:34:26 +0700] "OPTIONS /api/v1/showtime HTTP/1.1" 200 - 1747
0:0:0:0:0:0:0:1 - - [20/Nov/2025:19:34:27 +0700] "POST /api/v1/showtime HTTP/1.1" 201 477 751896
0:0:0:0:0:0:0:1 - - [20/Nov/2025:19:34:27 +0700] "GET /api/v1/showtime HTTP/1.1" 200 2473 67356
0:0:0:0:0:0:0:1 - - [20/Nov/2025:19:34:32 +0700] "OPTIONS /api/v1/rooms/cinema/1 HTTP/1.1" 200 - 1757
0:0:0:0:0:0:0:1 - - [20/Nov/2025:19:34:32 +0700] "GET /api/v1/rooms/cinema/1 HTTP/1.1" 200 345 19901
0:0:0:0:0:0:0:1 - - [20/Nov/2025:19:34:47 +0700] "OPTIONS /api/v1/showtime HTTP/1.1" 200 - 1506
0:0:0:0:0:0:0:1 - - [20/Nov/2025:19:34:48 +0700] "POST /api/v1/showtime HTTP/1.1" 201 479 671557
0:0:0:0:0:0:0:1 - - [20/Nov/2025:19:34:48 +0700] "GET /api/v1/showtime HTTP/1.1" 200 2837 60329
0:0:0:0:0:0:0:1 - - [20/Nov/2025:19:34:52 +0700] "GET /api/v1/showtime HTTP/1.1" 200 2836 71925
0:0:0:0:0:0:0:1 - - [20/Nov/2025:19:34:55 +0700] "OPTIONS /api/v1/showtime HTTP/1.1" 200 - 1285
0:0:0:0:0:0:0:1 - - [20/Nov/2025:19:34:55 +0700] "GET /api/v1/showtime HTTP/1.1" 200 2837 69119
0:0:0:0:0:0:0:1 - - [20/Nov/2025:19:35:16 +0700] "OPTIONS /api/v1/showtime HTTP/1.1" 200 - 2567
0:0:0:0:0:0:0:1 - - [20/Nov/2025:19:35:16 +0700] "OPTIONS /api/v1/movies/now-showing HTTP/1.1" 200 - 1520
0:0:0:0:0:0:0:1 - - [20/Nov/2025:19:35:16 +0700] "OPTIONS /api/v1/cinemas HTTP/1.1" 200 - 474
0:0:0:0:0:0:0:1 - - [20/Nov/2025:19:35:16 +0700] "OPTIONS /api/v1/showtime HTTP/1.1" 200 - 1019
0:0:0:0:0:0:0:1 - - [20/Nov/2025:19:35:16 +0700] "OPTIONS /api/v1/showtime HTTP/1.1" 200 - 784
0:0:0:0:0:0:0:1 - - [20/Nov/2025:19:35:16 +0700] "OPTIONS /api/v1/movies/now-showing HTTP/1.1" 200 - 789
0:0:0:0:0:0:0:1 - - [20/Nov/2025:19:35:16 +0700] "OPTIONS /api/v1/cinemas HTTP/1.1" 200 - 862
0:0:0:0:0:0:0:1 - - [20/Nov/2025:19:35:16 +0700] "OPTIONS /api/v1/showtime HTTP/1.1" 200 - 974
0:0:0:0:0:0:0:1 - - [20/Nov/2025:19:35:16 +0700] "GET /api/v1/movies/now-showing HTTP/1.1" 200 5320 58255
0:0:0:0:0:0:0:1 - - [20/Nov/2025:19:35:16 +0700] "GET /api/v1/showtime HTTP/1.1" 200 2837 97696
0:0:0:0:0:0:0:1 - - [20/Nov/2025:19:35:16 +0700] "GET /api/v1/cinemas HTTP/1.1" 200 5903 108201
0:0:0:0:0:0:0:1 - - [20/Nov/2025:19:35:16 +0700] "GET /api/v1/movies/now-showing HTTP/1.1" 200 5320 54409
0:0:0:0:0:0:0:1 - - [20/Nov/2025:19:35:17 +0700] "GET /api/v1/showtime HTTP/1.1" 200 2837 64021
0:0:0:0:0:0:0:1 - - [20/Nov/2025:19:35:17 +0700] "GET /api/v1/cinemas HTTP/1.1" 200 5903 62420
0:0:0:0:0:0:0:1 - - [20/Nov/2025:19:35:17 +0700] "GET /api/v1/showtime HTTP/1.1" 200 2837 68237
0:0:0:0:0:0:0:1 - - [20/Nov/2025:19:35:17 +0700] "GET /api/v1/showtime HTTP/1.1" 200 2837 72909
0:0:0:0:0:0:0:1 - - [20/Nov/2025:19:35:28 +0700] "OPTIONS /api/v1/cinema-clusters/all HTTP/1.1" 200 - 1533
0:0:0:0:0:0:0:1 - - [20/Nov/2025:19:35:28 +0700] "OPTIONS /api/v1/auth/verify HTTP/1.1" 200 - 1587
0:0:0:0:0:0:0:1 - - [20/Nov/2025:19:35:28 +0700] "OPTIONS /api/v1/movies?size=20 HTTP/1.1" 200 - 1083
0:0:0:0:0:0:0:1 - - [20/Nov/2025:19:35:28 +0700] "OPTIONS /api/v1/movies/now-showing?size=12 HTTP/1.1" 200 - 1275
0:0:0:0:0:0:0:1 - - [20/Nov/2025:19:35:28 +0700] "OPTIONS /api/v1/movies/top-rated?size=10 HTTP/1.1" 200 - 1194
0:0:0:0:0:0:0:1 - - [20/Nov/2025:19:35:28 +0700] "OPTIONS /api/v1/movies/coming-soon?size=12 HTTP/1.1" 200 - 1567
0:0:0:0:0:0:0:1 - - [20/Nov/2025:19:35:28 +0700] "OPTIONS /api/v1/cinema-clusters/all HTTP/1.1" 200 - 1555
0:0:0:0:0:0:0:1 - - [20/Nov/2025:19:35:28 +0700] "OPTIONS /api/v1/movies?size=20 HTTP/1.1" 200 - 1245
0:0:0:0:0:0:0:1 - - [20/Nov/2025:19:35:28 +0700] "OPTIONS /api/v1/movies/coming-soon?size=12 HTTP/1.1" 200 - 950
0:0:0:0:0:0:0:1 - - [20/Nov/2025:19:35:28 +0700] "OPTIONS /api/v1/movies/now-showing?size=12 HTTP/1.1" 200 - 2113
0:0:0:0:0:0:0:1 - - [20/Nov/2025:19:35:28 +0700] "OPTIONS /api/v1/movies/top-rated?size=10 HTTP/1.1" 200 - 1263
0:0:0:0:0:0:0:1 - - [20/Nov/2025:19:35:28 +0700] "GET /api/v1/auth/verify HTTP/1.1" 200 262 21186
0:0:0:0:0:0:0:1 - - [20/Nov/2025:19:35:28 +0700] "GET /api/v1/cinema-clusters/all HTTP/1.1" 200 2823 28172
0:0:0:0:0:0:0:1 - - [20/Nov/2025:19:35:28 +0700] "GET /api/v1/movies/coming-soon?size=12 HTTP/1.1" 200 3245 38083
0:0:0:0:0:0:0:1 - - [20/Nov/2025:19:35:28 +0700] "GET /api/v1/cinema-clusters/all HTTP/1.1" 200 2823 22240
0:0:0:0:0:0:0:1 - - [20/Nov/2025:19:35:28 +0700] "GET /api/v1/movies/top-rated?size=10 HTTP/1.1" 200 5702 52021
0:0:0:0:0:0:0:1 - - [20/Nov/2025:19:35:28 +0700] "GET /api/v1/movies/now-showing?size=12 HTTP/1.1" 200 6159 56764
0:0:0:0:0:0:0:1 - - [20/Nov/2025:19:35:28 +0700] "GET /api/v1/movies/coming-soon?size=12 HTTP/1.1" 200 3245 29894
0:0:0:0:0:0:0:1 - - [20/Nov/2025:19:35:28 +0700] "GET /api/v1/movies?size=20 HTTP/1.1" 200 10046 80517
0:0:0:0:0:0:0:1 - - [20/Nov/2025:19:35:28 +0700] "GET /api/v1/movies/top-rated?size=10 HTTP/1.1" 200 5702 39386
0:0:0:0:0:0:0:1 - - [20/Nov/2025:19:35:28 +0700] "GET /api/v1/movies/now-showing?size=12 HTTP/1.1" 200 6159 42279
0:0:0:0:0:0:0:1 - - [20/Nov/2025:19:35:28 +0700] "GET /api/v1/movies?size=20 HTTP/1.1" 200 10046 70012
0:0:0:0:0:0:0:1 - - [20/Nov/2025:19:42:55 +0700] "GET /swagger-ui/index.html HTTP/1.1" 200 734 33772
0:0:0:0:0:0:0:1 - - [20/Nov/2025:19:42:55 +0700] "GET /swagger-ui/index.css HTTP/1.1" 200 202 7585
0:0:0:0:0:0:0:1 - - [20/Nov/2025:19:42:55 +0700] "GET /swagger-ui/swagger-ui.css HTTP/1.1" 200 154986 10444
0:0:0:0:0:0:0:1 - - [20/Nov/2025:19:42:55 +0700] "GET /swagger-ui/swagger-ui-standalone-preset.js HTTP/1.1" 200 229223 13489
0:0:0:0:0:0:0:1 - - [20/Nov/2025:19:42:55 +0700] "GET /swagger-ui/swagger-initializer.js HTTP/1.1" 200 612 24390
0:0:0:0:0:0:0:1 - - [20/Nov/2025:19:42:55 +0700] "GET /swagger-ui/swagger-ui-bundle.js HTTP/1.1" 200 1468326 29993
0:0:0:0:0:0:0:1 - - [20/Nov/2025:19:42:55 +0700] "GET /swagger-ui/favicon-32x32.png HTTP/1.1" 200 628 5507
0:0:0:0:0:0:0:1 - - [20/Nov/2025:19:42:55 +0700] "GET /api-docs/swagger-config HTTP/1.1" 200 163 10040
0:0:0:0:0:0:0:1 - - [20/Nov/2025:19:42:58 +0700] "GET /api-docs HTTP/1.1" 200 121487 3542441
0:0:0:0:0:0:0:1 - - [20/Nov/2025:19:50:18 +0700] "GET /api/v1/movies?page=0&size=10 HTTP/1.1" 200 5526 33792
0:0:0:0:0:0:0:1 - - [20/Nov/2025:21:00:36 +0700] "OPTIONS /api/v1/movies/42 HTTP/1.1" 200 - 12540
0:0:0:0:0:0:0:1 - - [20/Nov/2025:21:00:36 +0700] "OPTIONS /api/v1/movies/42 HTTP/1.1" 200 - 12400
0:0:0:0:0:0:0:1 - - [20/Nov/2025:21:00:36 +0700] "GET /api/v1/movies/42 HTTP/1.1" 200 864 89599
0:0:0:0:0:0:0:1 - - [20/Nov/2025:21:00:36 +0700] "GET /api/v1/movies/42 HTTP/1.1" 200 864 18776
0:0:0:0:0:0:0:1 - - [20/Nov/2025:21:00:36 +0700] "OPTIONS /api/v1/showtime?movieId=42 HTTP/1.1" 200 - 1238
0:0:0:0:0:0:0:1 - - [20/Nov/2025:21:00:37 +0700] "GET /api/v1/showtime?movieId=42 HTTP/1.1" 200 2837 131061
0:0:0:0:0:0:0:1 - - [20/Nov/2025:21:00:37 +0700] "GET /api/v1/showtime?movieId=42 HTTP/1.1" 200 2837 89250
0:0:0:0:0:0:0:1 - - [20/Nov/2025:21:01:37 +0700] "OPTIONS /api/v1/movies/coming-soon?size=12 HTTP/1.1" 200 - 953
0:0:0:0:0:0:0:1 - - [20/Nov/2025:21:01:37 +0700] "OPTIONS /api/v1/movies/now-showing?size=12 HTTP/1.1" 200 - 1704
0:0:0:0:0:0:0:1 - - [20/Nov/2025:21:01:37 +0700] "OPTIONS /api/v1/movies/coming-soon?size=12 HTTP/1.1" 200 - 3511
0:0:0:0:0:0:0:1 - - [20/Nov/2025:21:01:37 +0700] "OPTIONS /api/v1/movies?size=20 HTTP/1.1" 200 - 7547
0:0:0:0:0:0:0:1 - - [20/Nov/2025:21:01:37 +0700] "OPTIONS /api/v1/movies/top-rated?size=10 HTTP/1.1" 200 - 4221
0:0:0:0:0:0:0:1 - - [20/Nov/2025:21:01:37 +0700] "OPTIONS /api/v1/movies?size=20 HTTP/1.1" 200 - 2948
0:0:0:0:0:0:0:1 - - [20/Nov/2025:21:01:37 +0700] "OPTIONS /api/v1/movies/now-showing?size=12 HTTP/1.1" 200 - 3156
0:0:0:0:0:0:0:1 - - [20/Nov/2025:21:01:37 +0700] "OPTIONS /api/v1/movies/top-rated?size=10 HTTP/1.1" 200 - 2960
0:0:0:0:0:0:0:1 - - [20/Nov/2025:21:01:37 +0700] "GET /api/v1/movies/coming-soon?size=12 HTTP/1.1" 200 3245 65549
0:0:0:0:0:0:0:1 - - [20/Nov/2025:21:01:37 +0700] "GET /api/v1/movies/now-showing?size=12 HTTP/1.1" 200 6159 81122
0:0:0:0:0:0:0:1 - - [20/Nov/2025:21:01:37 +0700] "GET /api/v1/movies/top-rated?size=10 HTTP/1.1" 200 5702 81040
0:0:0:0:0:0:0:1 - - [20/Nov/2025:21:01:37 +0700] "GET /api/v1/movies/coming-soon?size=12 HTTP/1.1" 200 3245 39966
0:0:0:0:0:0:0:1 - - [20/Nov/2025:21:01:37 +0700] "GET /api/v1/movies?size=20 HTTP/1.1" 200 10046 114357
0:0:0:0:0:0:0:1 - - [20/Nov/2025:21:01:37 +0700] "GET /api/v1/movies/top-rated?size=10 HTTP/1.1" 200 5702 52315
0:0:0:0:0:0:0:1 - - [20/Nov/2025:21:01:37 +0700] "GET /api/v1/movies/now-showing?size=12 HTTP/1.1" 200 6159 56067
0:0:0:0:0:0:0:1 - - [20/Nov/2025:21:01:37 +0700] "GET /api/v1/movies?size=20 HTTP/1.1" 200 10046 55815
0:0:0:0:0:0:0:1 - - [20/Nov/2025:21:01:54 +0700] "OPTIONS /api/v1/movies?page=0&size=12&sort=id,desc HTTP/1.1" 200 - 1292
0:0:0:0:0:0:0:1 - - [20/Nov/2025:21:01:54 +0700] "OPTIONS /api/v1/movies?page=0&size=12&sort=id,desc HTTP/1.1" 200 - 1308
0:0:0:0:0:0:0:1 - - [20/Nov/2025:21:01:54 +0700] "GET /api/v1/movies?page=0&size=12&sort=id,desc HTTP/1.1" 200 6427 44142
0:0:0:0:0:0:0:1 - - [20/Nov/2025:21:01:54 +0700] "GET /api/v1/movies?page=0&size=12&sort=id,desc HTTP/1.1" 200 6427 36704
0:0:0:0:0:0:0:1 - - [20/Nov/2025:21:02:17 +0700] "OPTIONS /api/v1/cities/active HTTP/1.1" 200 - 1113
0:0:0:0:0:0:0:1 - - [20/Nov/2025:21:02:17 +0700] "OPTIONS /api/v1/cities/active HTTP/1.1" 200 - 1010
0:0:0:0:0:0:0:1 - - [20/Nov/2025:21:02:17 +0700] "GET /api/v1/cities/active HTTP/1.1" 200 1029 70657
0:0:0:0:0:0:0:1 - - [20/Nov/2025:21:02:17 +0700] "OPTIONS /api/v1/cinema-clusters/all HTTP/1.1" 200 - 1210
0:0:0:0:0:0:0:1 - - [20/Nov/2025:21:02:17 +0700] "GET /api/v1/cities/active HTTP/1.1" 200 1029 18521
0:0:0:0:0:0:0:1 - - [20/Nov/2025:21:02:17 +0700] "GET /api/v1/cinema-clusters/all HTTP/1.1" 200 2823 19449
0:0:0:0:0:0:0:1 - - [20/Nov/2025:21:02:17 +0700] "OPTIONS /api/v1/cinemas?cityId=1&page=0&size=20 HTTP/1.1" 200 - 1682
0:0:0:0:0:0:0:1 - - [20/Nov/2025:21:02:17 +0700] "OPTIONS /api/v1/cinemas?cityId=1&page=0&size=20 HTTP/1.1" 200 - 1190
0:0:0:0:0:0:0:1 - - [20/Nov/2025:21:02:17 +0700] "GET /api/v1/cinema-clusters/all HTTP/1.1" 200 2823 27190
0:0:0:0:0:0:0:1 - - [20/Nov/2025:21:02:17 +0700] "GET /api/v1/cinemas?cityId=1&page=0&size=20 HTTP/1.1" 200 5903 69907
0:0:0:0:0:0:0:1 - - [20/Nov/2025:21:02:17 +0700] "OPTIONS /api/v1/showtime?date=2025-11-20&cinemaId=1 HTTP/1.1" 200 - 1882
0:0:0:0:0:0:0:1 - - [20/Nov/2025:21:02:17 +0700] "OPTIONS /api/v1/showtime?date=2025-11-20&cinemaId=1 HTTP/1.1" 200 - 1371
0:0:0:0:0:0:0:1 - - [20/Nov/2025:21:02:17 +0700] "GET /api/v1/cinemas?cityId=1&page=0&size=20 HTTP/1.1" 200 5903 81881
0:0:0:0:0:0:0:1 - - [20/Nov/2025:21:02:17 +0700] "GET /api/v1/showtime?date=2025-11-20&cinemaId=1 HTTP/1.1" 200 2837 90295
0:0:0:0:0:0:0:1 - - [20/Nov/2025:21:02:17 +0700] "GET /api/v1/cinemas?cityId=1&page=0&size=20 HTTP/1.1" 200 5903 68964
0:0:0:0:0:0:0:1 - - [20/Nov/2025:21:02:17 +0700] "GET /api/v1/showtime?date=2025-11-20&cinemaId=1 HTTP/1.1" 200 2837 79708
0:0:0:0:0:0:0:1 - - [20/Nov/2025:21:02:17 +0700] "GET /api/v1/showtime?date=2025-11-20&cinemaId=1 HTTP/1.1" 200 2837 83287
0:0:0:0:0:0:0:1 - - [20/Nov/2025:21:02:18 +0700] "GET /api/v1/showtime?date=2025-11-20&cinemaId=1 HTTP/1.1" 200 2837 79820
0:0:0:0:0:0:0:1 - - [20/Nov/2025:21:02:22 +0700] "OPTIONS /api/v1/cinemas?cityId=1&page=1&size=20 HTTP/1.1" 200 - 2194
0:0:0:0:0:0:0:1 - - [20/Nov/2025:21:02:22 +0700] "GET /api/v1/cinemas?cityId=1&page=1&size=20 HTTP/1.1" 200 5869 69714
0:0:0:0:0:0:0:1 - - [20/Nov/2025:21:02:24 +0700] "OPTIONS /api/v1/cinemas?cityId=1&page=2&size=20 HTTP/1.1" 200 - 1014
0:0:0:0:0:0:0:1 - - [20/Nov/2025:21:02:24 +0700] "GET /api/v1/cinemas?cityId=1&page=2&size=20 HTTP/1.1" 200 5845 62862
0:0:0:0:0:0:0:1 - - [20/Nov/2025:21:02:27 +0700] "OPTIONS /api/v1/cinemas/cluster/1 HTTP/1.1" 200 - 1560
0:0:0:0:0:0:0:1 - - [20/Nov/2025:21:02:27 +0700] "GET /api/v1/cinemas/cluster/1 HTTP/1.1" 200 3412 60789
0:0:0:0:0:0:0:1 - - [20/Nov/2025:21:02:27 +0700] "OPTIONS /api/v1/showtime?date=2025-11-20&cinemaId=1 HTTP/1.1" 200 - 1032
0:0:0:0:0:0:0:1 - - [20/Nov/2025:21:02:28 +0700] "GET /api/v1/showtime?date=2025-11-20&cinemaId=1 HTTP/1.1" 200 2837 113893
0:0:0:0:0:0:0:1 - - [20/Nov/2025:21:02:28 +0700] "GET /api/v1/showtime?date=2025-11-20&cinemaId=1 HTTP/1.1" 200 2836 80769
0:0:0:0:0:0:0:1 - - [20/Nov/2025:21:02:32 +0700] "OPTIONS /api/v1/cinemas/cluster/2 HTTP/1.1" 200 - 1260
0:0:0:0:0:0:0:1 - - [20/Nov/2025:21:02:32 +0700] "GET /api/v1/cinemas/cluster/2 HTTP/1.1" 200 3344 77158
0:0:0:0:0:0:0:1 - - [20/Nov/2025:21:02:32 +0700] "OPTIONS /api/v1/showtime?date=2025-11-20&cinemaId=13 HTTP/1.1" 200 - 1359
0:0:0:0:0:0:0:1 - - [20/Nov/2025:21:02:32 +0700] "GET /api/v1/showtime?date=2025-11-20&cinemaId=13 HTTP/1.1" 200 2837 73991
0:0:0:0:0:0:0:1 - - [20/Nov/2025:21:02:32 +0700] "GET /api/v1/showtime?date=2025-11-20&cinemaId=13 HTTP/1.1" 200 2837 89753
0:0:0:0:0:0:0:1 - - [20/Nov/2025:21:02:41 +0700] "OPTIONS /api/v1/cinemas/cluster/3 HTTP/1.1" 200 - 1670
0:0:0:0:0:0:0:1 - - [20/Nov/2025:21:02:41 +0700] "GET /api/v1/cinemas/cluster/3 HTTP/1.1" 200 3404 79538
0:0:0:0:0:0:0:1 - - [20/Nov/2025:21:02:41 +0700] "OPTIONS /api/v1/showtime?date=2025-11-20&cinemaId=25 HTTP/1.1" 200 - 1463
0:0:0:0:0:0:0:1 - - [20/Nov/2025:21:02:41 +0700] "GET /api/v1/showtime?date=2025-11-20&cinemaId=25 HTTP/1.1" 200 2837 74080
0:0:0:0:0:0:0:1 - - [20/Nov/2025:21:02:41 +0700] "GET /api/v1/showtime?date=2025-11-20&cinemaId=25 HTTP/1.1" 200 2837 79358
0:0:0:0:0:0:0:1 - - [20/Nov/2025:21:02:42 +0700] "OPTIONS /api/v1/cinemas/cluster/4 HTTP/1.1" 200 - 1892
0:0:0:0:0:0:0:1 - - [20/Nov/2025:21:02:42 +0700] "GET /api/v1/cinemas/cluster/4 HTTP/1.1" 200 3272 53728
0:0:0:0:0:0:0:1 - - [20/Nov/2025:21:02:42 +0700] "OPTIONS /api/v1/showtime?date=2025-11-20&cinemaId=37 HTTP/1.1" 200 - 938
0:0:0:0:0:0:0:1 - - [20/Nov/2025:21:02:42 +0700] "GET /api/v1/showtime?date=2025-11-20&cinemaId=37 HTTP/1.1" 200 2836 78354
0:0:0:0:0:0:0:1 - - [20/Nov/2025:21:02:42 +0700] "GET /api/v1/showtime?date=2025-11-20&cinemaId=37 HTTP/1.1" 200 2837 82735
0:0:0:0:0:0:0:1 - - [20/Nov/2025:21:02:42 +0700] "OPTIONS /api/v1/cinemas/cluster/5 HTTP/1.1" 200 - 1338
0:0:0:0:0:0:0:1 - - [20/Nov/2025:21:02:42 +0700] "GET /api/v1/cinemas/cluster/5 HTTP/1.1" 200 3427 42298
0:0:0:0:0:0:0:1 - - [20/Nov/2025:21:02:42 +0700] "OPTIONS /api/v1/showtime?date=2025-11-20&cinemaId=49 HTTP/1.1" 200 - 1135
0:0:0:0:0:0:0:1 - - [20/Nov/2025:21:02:42 +0700] "GET /api/v1/showtime?date=2025-11-20&cinemaId=49 HTTP/1.1" 200 2837 62816
0:0:0:0:0:0:0:1 - - [20/Nov/2025:21:02:42 +0700] "GET /api/v1/showtime?date=2025-11-20&cinemaId=49 HTTP/1.1" 200 2837 66957
0:0:0:0:0:0:0:1 - - [20/Nov/2025:21:02:42 +0700] "OPTIONS /api/v1/cinemas/cluster/6 HTTP/1.1" 200 - 1398
0:0:0:0:0:0:0:1 - - [20/Nov/2025:21:02:42 +0700] "GET /api/v1/cinemas/cluster/6 HTTP/1.1" 200 3352 41991
0:0:0:0:0:0:0:1 - - [20/Nov/2025:21:02:42 +0700] "OPTIONS /api/v1/showtime?date=2025-11-20&cinemaId=61 HTTP/1.1" 200 - 836
0:0:0:0:0:0:0:1 - - [20/Nov/2025:21:02:42 +0700] "GET /api/v1/showtime?date=2025-11-20&cinemaId=61 HTTP/1.1" 200 2837 112202
0:0:0:0:0:0:0:1 - - [20/Nov/2025:21:02:43 +0700] "GET /api/v1/showtime?date=2025-11-20&cinemaId=61 HTTP/1.1" 200 2837 144949
0:0:0:0:0:0:0:1 - - [20/Nov/2025:21:02:43 +0700] "OPTIONS /api/v1/cinemas/cluster/8 HTTP/1.1" 200 - 1735
0:0:0:0:0:0:0:1 - - [20/Nov/2025:21:02:43 +0700] "GET /api/v1/cinemas/cluster/8 HTTP/1.1" 200 3323 45388
0:0:0:0:0:0:0:1 - - [20/Nov/2025:21:02:43 +0700] "OPTIONS /api/v1/showtime?date=2025-11-20&cinemaId=85 HTTP/1.1" 200 - 773
0:0:0:0:0:0:0:1 - - [20/Nov/2025:21:02:43 +0700] "GET /api/v1/showtime?date=2025-11-20&cinemaId=85 HTTP/1.1" 200 2836 61227
0:0:0:0:0:0:0:1 - - [20/Nov/2025:21:02:43 +0700] "GET /api/v1/showtime?date=2025-11-20&cinemaId=85 HTTP/1.1" 200 2836 61563
0:0:0:0:0:0:0:1 - - [20/Nov/2025:21:02:44 +0700] "OPTIONS /api/v1/cinemas/cluster/7 HTTP/1.1" 200 - 2236
0:0:0:0:0:0:0:1 - - [20/Nov/2025:21:02:44 +0700] "GET /api/v1/cinemas/cluster/7 HTTP/1.1" 200 3366 55662
0:0:0:0:0:0:0:1 - - [20/Nov/2025:21:02:44 +0700] "OPTIONS /api/v1/showtime?date=2025-11-20&cinemaId=73 HTTP/1.1" 200 - 1136
0:0:0:0:0:0:0:1 - - [20/Nov/2025:21:02:44 +0700] "GET /api/v1/showtime?date=2025-11-20&cinemaId=73 HTTP/1.1" 200 2837 71484
0:0:0:0:0:0:0:1 - - [20/Nov/2025:21:02:44 +0700] "GET /api/v1/showtime?date=2025-11-20&cinemaId=73 HTTP/1.1" 200 2837 65733
0:0:0:0:0:0:0:1 - - [20/Nov/2025:21:03:21 +0700] "OPTIONS /api/v1/movies?page=0&size=12&sort=id,desc HTTP/1.1" 200 - 664
0:0:0:0:0:0:0:1 - - [20/Nov/2025:21:03:21 +0700] "OPTIONS /api/v1/movies?page=0&size=12&sort=id,desc HTTP/1.1" 200 - 788
0:0:0:0:0:0:0:1 - - [20/Nov/2025:21:03:21 +0700] "GET /api/v1/movies?page=0&size=12&sort=id,desc HTTP/1.1" 200 6427 43714
0:0:0:0:0:0:0:1 - - [20/Nov/2025:21:03:21 +0700] "GET /api/v1/movies?page=0&size=12&sort=id,desc HTTP/1.1" 200 6427 32931
0:0:0:0:0:0:0:1 - - [20/Nov/2025:21:03:22 +0700] "OPTIONS /api/v1/movies/coming-soon?size=12 HTTP/1.1" 200 - 1286
0:0:0:0:0:0:0:1 - - [20/Nov/2025:21:03:22 +0700] "OPTIONS /api/v1/movies?size=20 HTTP/1.1" 200 - 1919
0:0:0:0:0:0:0:1 - - [20/Nov/2025:21:03:22 +0700] "OPTIONS /api/v1/movies/top-rated?size=10 HTTP/1.1" 200 - 910
0:0:0:0:0:0:0:1 - - [20/Nov/2025:21:03:22 +0700] "OPTIONS /api/v1/movies/now-showing?size=12 HTTP/1.1" 200 - 1041
0:0:0:0:0:0:0:1 - - [20/Nov/2025:21:03:22 +0700] "OPTIONS /api/v1/movies/coming-soon?size=12 HTTP/1.1" 200 - 837
0:0:0:0:0:0:0:1 - - [20/Nov/2025:21:03:22 +0700] "OPTIONS /api/v1/movies?size=20 HTTP/1.1" 200 - 1084
0:0:0:0:0:0:0:1 - - [20/Nov/2025:21:03:22 +0700] "OPTIONS /api/v1/movies/now-showing?size=12 HTTP/1.1" 200 - 920
0:0:0:0:0:0:0:1 - - [20/Nov/2025:21:03:22 +0700] "OPTIONS /api/v1/movies/top-rated?size=10 HTTP/1.1" 200 - 518
0:0:0:0:0:0:0:1 - - [20/Nov/2025:21:03:22 +0700] "GET /api/v1/movies/coming-soon?size=12 HTTP/1.1" 200 3245 44511
0:0:0:0:0:0:0:1 - - [20/Nov/2025:21:03:22 +0700] "GET /api/v1/movies/top-rated?size=10 HTTP/1.1" 200 5702 59087
0:0:0:0:0:0:0:1 - - [20/Nov/2025:21:03:22 +0700] "GET /api/v1/movies/now-showing?size=12 HTTP/1.1" 200 6159 63886
0:0:0:0:0:0:0:1 - - [20/Nov/2025:21:03:23 +0700] "GET /api/v1/movies/coming-soon?size=12 HTTP/1.1" 200 3245 31948
0:0:0:0:0:0:0:1 - - [20/Nov/2025:21:03:23 +0700] "GET /api/v1/movies?size=20 HTTP/1.1" 200 10046 83602
0:0:0:0:0:0:0:1 - - [20/Nov/2025:21:03:23 +0700] "GET /api/v1/movies/top-rated?size=10 HTTP/1.1" 200 5702 45577
0:0:0:0:0:0:0:1 - - [20/Nov/2025:21:03:23 +0700] "GET /api/v1/movies/now-showing?size=12 HTTP/1.1" 200 6159 54382
0:0:0:0:0:0:0:1 - - [20/Nov/2025:21:03:23 +0700] "GET /api/v1/movies?size=20 HTTP/1.1" 200 10046 53532
0:0:0:0:0:0:0:1 - - [20/Nov/2025:21:03:28 +0700] "OPTIONS /api/v1/auth/verify HTTP/1.1" 200 - 1097
0:0:0:0:0:0:0:1 - - [20/Nov/2025:21:03:28 +0700] "OPTIONS /api/v1/cinema-clusters/all HTTP/1.1" 200 - 1096
0:0:0:0:0:0:0:1 - - [20/Nov/2025:21:03:28 +0700] "OPTIONS /api/v1/movies?size=20 HTTP/1.1" 200 - 818
0:0:0:0:0:0:0:1 - - [20/Nov/2025:21:03:28 +0700] "OPTIONS /api/v1/movies/coming-soon?size=12 HTTP/1.1" 200 - 866
0:0:0:0:0:0:0:1 - - [20/Nov/2025:21:03:28 +0700] "OPTIONS /api/v1/movies/now-showing?size=12 HTTP/1.1" 200 - 967
0:0:0:0:0:0:0:1 - - [20/Nov/2025:21:03:28 +0700] "OPTIONS /api/v1/movies/top-rated?size=10 HTTP/1.1" 200 - 786
0:0:0:0:0:0:0:1 - - [20/Nov/2025:21:03:28 +0700] "OPTIONS /api/v1/cinema-clusters/all HTTP/1.1" 200 - 1036
0:0:0:0:0:0:0:1 - - [20/Nov/2025:21:03:28 +0700] "OPTIONS /api/v1/movies?size=20 HTTP/1.1" 200 - 999
0:0:0:0:0:0:0:1 - - [20/Nov/2025:21:03:28 +0700] "OPTIONS /api/v1/movies/coming-soon?size=12 HTTP/1.1" 200 - 1217
0:0:0:0:0:0:0:1 - - [20/Nov/2025:21:03:28 +0700] "OPTIONS /api/v1/movies/now-showing?size=12 HTTP/1.1" 200 - 1559
0:0:0:0:0:0:0:1 - - [20/Nov/2025:21:03:28 +0700] "OPTIONS /api/v1/movies/top-rated?size=10 HTTP/1.1" 200 - 1623
0:0:0:0:0:0:0:1 - - [20/Nov/2025:21:03:28 +0700] "GET /api/v1/auth/verify HTTP/1.1" 200 262 15334
0:0:0:0:0:0:0:1 - - [20/Nov/2025:21:03:28 +0700] "GET /api/v1/cinema-clusters/all HTTP/1.1" 200 2823 21980
0:0:0:0:0:0:0:1 - - [20/Nov/2025:21:03:28 +0700] "GET /api/v1/movies/coming-soon?size=12 HTTP/1.1" 200 3245 30491
0:0:0:0:0:0:0:1 - - [20/Nov/2025:21:03:28 +0700] "GET /api/v1/cinema-clusters/all HTTP/1.1" 200 2823 17115
0:0:0:0:0:0:0:1 - - [20/Nov/2025:21:03:28 +0700] "GET /api/v1/movies/top-rated?size=10 HTTP/1.1" 200 5702 43737
0:0:0:0:0:0:0:1 - - [20/Nov/2025:21:03:28 +0700] "GET /api/v1/movies/coming-soon?size=12 HTTP/1.1" 200 3245 32632
0:0:0:0:0:0:0:1 - - [20/Nov/2025:21:03:28 +0700] "GET /api/v1/movies/now-showing?size=12 HTTP/1.1" 200 6159 65591
0:0:0:0:0:0:0:1 - - [20/Nov/2025:21:03:28 +0700] "GET /api/v1/movies?size=20 HTTP/1.1" 200 10046 73898
0:0:0:0:0:0:0:1 - - [20/Nov/2025:21:03:28 +0700] "GET /api/v1/movies/top-rated?size=10 HTTP/1.1" 200 5702 52152
0:0:0:0:0:0:0:1 - - [20/Nov/2025:21:03:28 +0700] "GET /api/v1/movies/now-showing?size=12 HTTP/1.1" 200 6159 63287
0:0:0:0:0:0:0:1 - - [20/Nov/2025:21:03:28 +0700] "GET /api/v1/movies?size=20 HTTP/1.1" 200 10046 86792
0:0:0:0:0:0:0:1 - - [20/Nov/2025:21:03:33 +0700] "OPTIONS /api/v1/movies/42 HTTP/1.1" 200 - 996
0:0:0:0:0:0:0:1 - - [20/Nov/2025:21:03:33 +0700] "OPTIONS /api/v1/movies/42 HTTP/1.1" 200 - 917
0:0:0:0:0:0:0:1 - - [20/Nov/2025:21:03:33 +0700] "GET /api/v1/movies/42 HTTP/1.1" 200 864 30376
0:0:0:0:0:0:0:1 - - [20/Nov/2025:21:03:33 +0700] "GET /api/v1/movies/42 HTTP/1.1" 200 864 29553
0:0:0:0:0:0:0:1 - - [20/Nov/2025:21:03:34 +0700] "OPTIONS /api/v1/showtime?movieId=42 HTTP/1.1" 200 - 1088
0:0:0:0:0:0:0:1 - - [20/Nov/2025:21:03:34 +0700] "GET /api/v1/showtime?movieId=42 HTTP/1.1" 200 2837 165679
0:0:0:0:0:0:0:1 - - [20/Nov/2025:21:03:34 +0700] "GET /api/v1/showtime?movieId=42 HTTP/1.1" 200 2837 92049
0:0:0:0:0:0:0:1 - - [20/Nov/2025:21:04:50 +0700] "OPTIONS /api/v1/showtime?movieId=42 HTTP/1.1" 200 - 795
0:0:0:0:0:0:0:1 - - [20/Nov/2025:21:04:50 +0700] "GET /api/v1/showtime?movieId=42 HTTP/1.1" 200 2837 92794
0:0:0:0:0:0:0:1 - - [20/Nov/2025:21:04:51 +0700] "GET /api/v1/showtime?movieId=42 HTTP/1.1" 200 2837 69057
0:0:0:0:0:0:0:1 - - [20/Nov/2025:21:04:51 +0700] "GET /api/v1/showtime?movieId=42 HTTP/1.1" 200 2837 69110
0:0:0:0:0:0:0:1 - - [20/Nov/2025:21:04:51 +0700] "GET /api/v1/showtime?movieId=42 HTTP/1.1" 200 2837 84010
0:0:0:0:0:0:0:1 - - [20/Nov/2025:21:04:52 +0700] "GET /api/v1/showtime?movieId=42 HTTP/1.1" 200 2837 83736
0:0:0:0:0:0:0:1 - - [20/Nov/2025:21:04:52 +0700] "GET /api/v1/showtime?movieId=42 HTTP/1.1" 200 2837 75306
0:0:0:0:0:0:0:1 - - [20/Nov/2025:21:04:53 +0700] "GET /api/v1/showtime?movieId=42 HTTP/1.1" 200 2837 66127
0:0:0:0:0:0:0:1 - - [20/Nov/2025:21:05:40 +0700] "OPTIONS /api/v1/cinemas/1 HTTP/1.1" 200 - 2563
0:0:0:0:0:0:0:1 - - [20/Nov/2025:21:05:40 +0700] "OPTIONS /api/v1/cinemas/1 HTTP/1.1" 200 - 1781
0:0:0:0:0:0:0:1 - - [20/Nov/2025:21:05:40 +0700] "GET /api/v1/cinemas/1 HTTP/1.1" 200 391 50900
0:0:0:0:0:0:0:1 - - [20/Nov/2025:21:05:40 +0700] "GET /api/v1/cinemas/1 HTTP/1.1" 200 391 31269
0:0:0:0:0:0:0:1 - - [20/Nov/2025:21:06:05 +0700] "OPTIONS /api/v1/movies/coming-soon?size=12 HTTP/1.1" 200 - 828
0:0:0:0:0:0:0:1 - - [20/Nov/2025:21:06:05 +0700] "OPTIONS /api/v1/movies?size=20 HTTP/1.1" 200 - 1064
0:0:0:0:0:0:0:1 - - [20/Nov/2025:21:06:05 +0700] "OPTIONS /api/v1/movies?size=20 HTTP/1.1" 200 - 947
0:0:0:0:0:0:0:1 - - [20/Nov/2025:21:06:05 +0700] "OPTIONS /api/v1/movies/now-showing?size=12 HTTP/1.1" 200 - 1033
0:0:0:0:0:0:0:1 - - [20/Nov/2025:21:06:05 +0700] "OPTIONS /api/v1/movies/top-rated?size=10 HTTP/1.1" 200 - 1121
0:0:0:0:0:0:0:1 - - [20/Nov/2025:21:06:05 +0700] "OPTIONS /api/v1/movies/coming-soon?size=12 HTTP/1.1" 200 - 783
0:0:0:0:0:0:0:1 - - [20/Nov/2025:21:06:05 +0700] "OPTIONS /api/v1/movies/now-showing?size=12 HTTP/1.1" 200 - 2612
0:0:0:0:0:0:0:1 - - [20/Nov/2025:21:06:05 +0700] "OPTIONS /api/v1/movies/top-rated?size=10 HTTP/1.1" 200 - 2050
0:0:0:0:0:0:0:1 - - [20/Nov/2025:21:06:05 +0700] "GET /api/v1/movies/coming-soon?size=12 HTTP/1.1" 200 3245 28672
0:0:0:0:0:0:0:1 - - [20/Nov/2025:21:06:05 +0700] "GET /api/v1/movies/now-showing?size=12 HTTP/1.1" 200 6159 48666
0:0:0:0:0:0:0:1 - - [20/Nov/2025:21:06:05 +0700] "GET /api/v1/movies/top-rated?size=10 HTTP/1.1" 200 5702 52380
0:0:0:0:0:0:0:1 - - [20/Nov/2025:21:06:05 +0700] "GET /api/v1/movies/coming-soon?size=12 HTTP/1.1" 200 3245 26364
0:0:0:0:0:0:0:1 - - [20/Nov/2025:21:06:05 +0700] "GET /api/v1/movies?size=20 HTTP/1.1" 200 10046 65509
0:0:0:0:0:0:0:1 - - [20/Nov/2025:21:06:05 +0700] "GET /api/v1/movies/top-rated?size=10 HTTP/1.1" 200 5702 33864
0:0:0:0:0:0:0:1 - - [20/Nov/2025:21:06:05 +0700] "GET /api/v1/movies/now-showing?size=12 HTTP/1.1" 200 6159 38293
0:0:0:0:0:0:0:1 - - [20/Nov/2025:21:06:05 +0700] "GET /api/v1/movies?size=20 HTTP/1.1" 200 10046 83308
